[1.135s] Invoking command in '/home/tomo/Documents/ae7785-intro-to-robo/my_first_node_ws/src/my_py_pkg': PYTHONPATH=/home/tomo/Documents/ae7785-intro-to-robo/my_first_node_ws/build/my_py_pkg/prefix_override:/home/tomo/Documents/ae7785-intro-to-robo/my_first_node_ws/install/my_py_pkg/lib/python3.8/site-packages:${PYTHONPATH} /usr/bin/python3 setup.py egg_info --egg-base ../../build/my_py_pkg build --build-base /home/tomo/Documents/ae7785-intro-to-robo/my_first_node_ws/build/my_py_pkg/build install --record /home/tomo/Documents/ae7785-intro-to-robo/my_first_node_ws/build/my_py_pkg/install.log --single-version-externally-managed
[1.495s] running egg_info
[1.497s] writing ../../build/my_py_pkg/my_py_pkg.egg-info/PKG-INFO
[1.498s] writing dependency_links to ../../build/my_py_pkg/my_py_pkg.egg-info/dependency_links.txt
[1.498s] writing entry points to ../../build/my_py_pkg/my_py_pkg.egg-info/entry_points.txt
[1.499s] writing requirements to ../../build/my_py_pkg/my_py_pkg.egg-info/requires.txt
[1.500s] writing top-level names to ../../build/my_py_pkg/my_py_pkg.egg-info/top_level.txt
[1.550s] reading manifest file '../../build/my_py_pkg/my_py_pkg.egg-info/SOURCES.txt'
[1.551s] writing manifest file '../../build/my_py_pkg/my_py_pkg.egg-info/SOURCES.txt'
[1.551s] running build
[1.551s] running build_py
[1.552s] running install
[1.553s] running install_lib
[1.556s] running install_data
[1.556s] running install_egg_info
[1.563s] removing '/home/tomo/Documents/ae7785-intro-to-robo/my_first_node_ws/install/my_py_pkg/lib/python3.8/site-packages/my_py_pkg-0.0.0-py3.8.egg-info' (and everything under it)
[1.579s] Copying ../../build/my_py_pkg/my_py_pkg.egg-info to /home/tomo/Documents/ae7785-intro-to-robo/my_first_node_ws/install/my_py_pkg/lib/python3.8/site-packages/my_py_pkg-0.0.0-py3.8.egg-info
[1.582s] running install_scripts
[1.606s] Installing py_node script to /home/tomo/Documents/ae7785-intro-to-robo/my_first_node_ws/install/my_py_pkg/lib/my_py_pkg
[1.607s] writing list of installed files to '/home/tomo/Documents/ae7785-intro-to-robo/my_first_node_ws/build/my_py_pkg/install.log'
[1.632s] Invoked command in '/home/tomo/Documents/ae7785-intro-to-robo/my_first_node_ws/src/my_py_pkg' returned '0': PYTHONPATH=/home/tomo/Documents/ae7785-intro-to-robo/my_first_node_ws/build/my_py_pkg/prefix_override:/home/tomo/Documents/ae7785-intro-to-robo/my_first_node_ws/install/my_py_pkg/lib/python3.8/site-packages:${PYTHONPATH} /usr/bin/python3 setup.py egg_info --egg-base ../../build/my_py_pkg build --build-base /home/tomo/Documents/ae7785-intro-to-robo/my_first_node_ws/build/my_py_pkg/build install --record /home/tomo/Documents/ae7785-intro-to-robo/my_first_node_ws/build/my_py_pkg/install.log --single-version-externally-managed
