[1.662s] Invoking command in '/home/tom/Documents/github_projects/ros-ws/src/my_py_pkg': PYTHONPATH=/home/tom/Documents/github_projects/ros-ws/install/my_py_pkg/lib/python3.10/site-packages:${PYTHONPATH} /usr/bin/python3 setup.py egg_info --egg-base ../../build/my_py_pkg build --build-base /home/tom/Documents/github_projects/ros-ws/build/my_py_pkg/build install --prefix /home/tom/Documents/github_projects/ros-ws/install/my_py_pkg --record /home/tom/Documents/github_projects/ros-ws/build/my_py_pkg/install.log --single-version-externally-managed
[2.390s] running egg_info
[2.391s] creating ../../build/my_py_pkg/my_py_pkg.egg-info
[2.392s] writing ../../build/my_py_pkg/my_py_pkg.egg-info/PKG-INFO
[2.392s] writing dependency_links to ../../build/my_py_pkg/my_py_pkg.egg-info/dependency_links.txt
[2.392s] writing entry points to ../../build/my_py_pkg/my_py_pkg.egg-info/entry_points.txt
[2.394s] writing requirements to ../../build/my_py_pkg/my_py_pkg.egg-info/requires.txt
[2.394s] writing top-level names to ../../build/my_py_pkg/my_py_pkg.egg-info/top_level.txt
[2.395s] writing manifest file '../../build/my_py_pkg/my_py_pkg.egg-info/SOURCES.txt'
[2.399s] reading manifest file '../../build/my_py_pkg/my_py_pkg.egg-info/SOURCES.txt'
[2.403s] writing manifest file '../../build/my_py_pkg/my_py_pkg.egg-info/SOURCES.txt'
[2.423s] running build
[2.423s] running build_py
[2.423s] creating /home/tom/Documents/github_projects/ros-ws/build/my_py_pkg/build
[2.424s] creating /home/tom/Documents/github_projects/ros-ws/build/my_py_pkg/build/lib
[2.424s] creating /home/tom/Documents/github_projects/ros-ws/build/my_py_pkg/build/lib/my_py_pkg
[2.424s] copying my_py_pkg/__init__.py -> /home/tom/Documents/github_projects/ros-ws/build/my_py_pkg/build/lib/my_py_pkg
[2.424s] copying my_py_pkg/my_first_node.py -> /home/tom/Documents/github_projects/ros-ws/build/my_py_pkg/build/lib/my_py_pkg
[2.425s] running install
[2.425s] /usr/lib/python3/dist-packages/setuptools/command/install.py:34: SetuptoolsDeprecationWarning: setup.py install is deprecated. Use build and pip and other standards-based tools.
[2.425s]   warnings.warn(
[2.425s] running install_lib
[2.428s] creating /home/tom/Documents/github_projects/ros-ws/install/my_py_pkg/lib/python3.10/site-packages/my_py_pkg
[2.430s] copying /home/tom/Documents/github_projects/ros-ws/build/my_py_pkg/build/lib/my_py_pkg/__init__.py -> /home/tom/Documents/github_projects/ros-ws/install/my_py_pkg/lib/python3.10/site-packages/my_py_pkg
[2.435s] copying /home/tom/Documents/github_projects/ros-ws/build/my_py_pkg/build/lib/my_py_pkg/my_first_node.py -> /home/tom/Documents/github_projects/ros-ws/install/my_py_pkg/lib/python3.10/site-packages/my_py_pkg
[2.436s] byte-compiling /home/tom/Documents/github_projects/ros-ws/install/my_py_pkg/lib/python3.10/site-packages/my_py_pkg/__init__.py to __init__.cpython-310.pyc
[2.436s] byte-compiling /home/tom/Documents/github_projects/ros-ws/install/my_py_pkg/lib/python3.10/site-packages/my_py_pkg/my_first_node.py to my_first_node.cpython-310.pyc
[2.436s] running install_data
[2.437s] creating /home/tom/Documents/github_projects/ros-ws/install/my_py_pkg/share/ament_index
[2.445s] creating /home/tom/Documents/github_projects/ros-ws/install/my_py_pkg/share/ament_index/resource_index
[2.445s] creating /home/tom/Documents/github_projects/ros-ws/install/my_py_pkg/share/ament_index/resource_index/packages
[2.446s] copying resource/my_py_pkg -> /home/tom/Documents/github_projects/ros-ws/install/my_py_pkg/share/ament_index/resource_index/packages
[2.446s] copying package.xml -> /home/tom/Documents/github_projects/ros-ws/install/my_py_pkg/share/my_py_pkg
[2.446s] running install_egg_info
[2.449s] Copying ../../build/my_py_pkg/my_py_pkg.egg-info to /home/tom/Documents/github_projects/ros-ws/install/my_py_pkg/lib/python3.10/site-packages/my_py_pkg-0.0.0-py3.10.egg-info
[2.465s] running install_scripts
[2.581s] Installing py_node script to /home/tom/Documents/github_projects/ros-ws/install/my_py_pkg/lib/my_py_pkg
[2.582s] writing list of installed files to '/home/tom/Documents/github_projects/ros-ws/build/my_py_pkg/install.log'
[2.733s] Invoked command in '/home/tom/Documents/github_projects/ros-ws/src/my_py_pkg' returned '0': PYTHONPATH=/home/tom/Documents/github_projects/ros-ws/install/my_py_pkg/lib/python3.10/site-packages:${PYTHONPATH} /usr/bin/python3 setup.py egg_info --egg-base ../../build/my_py_pkg build --build-base /home/tom/Documents/github_projects/ros-ws/build/my_py_pkg/build install --prefix /home/tom/Documents/github_projects/ros-ws/install/my_py_pkg --record /home/tom/Documents/github_projects/ros-ws/build/my_py_pkg/install.log --single-version-externally-managed
