[0.801s] Invoking command in '/home/tom/Documents/github_projects/ros-ws/src/my_py_pkg': PYTHONPATH=/home/tom/Documents/github_projects/ros-ws/install/my_py_pkg/lib/python3.10/site-packages:${PYTHONPATH} /usr/bin/python3 setup.py egg_info --egg-base ../../build/my_py_pkg build --build-base /home/tom/Documents/github_projects/ros-ws/build/my_py_pkg/build install --prefix /home/tom/Documents/github_projects/ros-ws/install/my_py_pkg --record /home/tom/Documents/github_projects/ros-ws/build/my_py_pkg/install.log --single-version-externally-managed
[1.086s] running egg_info
[1.087s] writing ../../build/my_py_pkg/my_py_pkg.egg-info/PKG-INFO
[1.088s] writing dependency_links to ../../build/my_py_pkg/my_py_pkg.egg-info/dependency_links.txt
[1.088s] writing entry points to ../../build/my_py_pkg/my_py_pkg.egg-info/entry_points.txt
[1.089s] writing requirements to ../../build/my_py_pkg/my_py_pkg.egg-info/requires.txt
[1.089s] writing top-level names to ../../build/my_py_pkg/my_py_pkg.egg-info/top_level.txt
[1.091s] reading manifest file '../../build/my_py_pkg/my_py_pkg.egg-info/SOURCES.txt'
[1.093s] writing manifest file '../../build/my_py_pkg/my_py_pkg.egg-info/SOURCES.txt'
[1.094s] running build
[1.094s] running build_py
[1.095s] copying my_py_pkg/__init__.py -> /home/tom/Documents/github_projects/ros-ws/build/my_py_pkg/build/lib/my_py_pkg
[1.095s] running install
[1.096s] /usr/lib/python3/dist-packages/setuptools/command/install.py:34: SetuptoolsDeprecationWarning: setup.py install is deprecated. Use build and pip and other standards-based tools.
[1.096s]   warnings.warn(
[1.097s] running install_lib
[1.097s] copying /home/tom/Documents/github_projects/ros-ws/build/my_py_pkg/build/lib/my_py_pkg/__init__.py -> /home/tom/Documents/github_projects/ros-ws/install/my_py_pkg/lib/python3.10/site-packages/my_py_pkg
[1.098s] byte-compiling /home/tom/Documents/github_projects/ros-ws/install/my_py_pkg/lib/python3.10/site-packages/my_py_pkg/__init__.py to __init__.cpython-310.pyc
[1.099s] running install_data
[1.099s] running install_egg_info
[1.101s] removing '/home/tom/Documents/github_projects/ros-ws/install/my_py_pkg/lib/python3.10/site-packages/my_py_pkg-0.0.0-py3.10.egg-info' (and everything under it)
[1.101s] Copying ../../build/my_py_pkg/my_py_pkg.egg-info to /home/tom/Documents/github_projects/ros-ws/install/my_py_pkg/lib/python3.10/site-packages/my_py_pkg-0.0.0-py3.10.egg-info
[1.104s] running install_scripts
[1.126s] Installing py_node script to /home/tom/Documents/github_projects/ros-ws/install/my_py_pkg/lib/my_py_pkg
[1.127s] writing list of installed files to '/home/tom/Documents/github_projects/ros-ws/build/my_py_pkg/install.log'
[1.161s] Invoked command in '/home/tom/Documents/github_projects/ros-ws/src/my_py_pkg' returned '0': PYTHONPATH=/home/tom/Documents/github_projects/ros-ws/install/my_py_pkg/lib/python3.10/site-packages:${PYTHONPATH} /usr/bin/python3 setup.py egg_info --egg-base ../../build/my_py_pkg build --build-base /home/tom/Documents/github_projects/ros-ws/build/my_py_pkg/build install --prefix /home/tom/Documents/github_projects/ros-ws/install/my_py_pkg --record /home/tom/Documents/github_projects/ros-ws/build/my_py_pkg/install.log --single-version-externally-managed
