[1.431s] Invoking command in '/home/tomo/Documents/ae7785-intro-to-robo/ros2_demo_ws/build/my_py_pkg': AMENT_PREFIX_PATH=/home/tomo/Documents/ae7785-intro-to-robo/ros2_demo_ws/install/my_robot_interfaces:${AMENT_PREFIX_PATH} CMAKE_PREFIX_PATH=/home/tomo/Documents/ae7785-intro-to-robo/ros2_demo_ws/install/my_robot_interfaces:${CMAKE_PREFIX_PATH} LD_LIBRARY_PATH=/home/tomo/Documents/ae7785-intro-to-robo/ros2_demo_ws/install/my_robot_interfaces/lib:${LD_LIBRARY_PATH} PYTHONPATH=/home/tomo/Documents/ae7785-intro-to-robo/ros2_demo_ws/build/my_py_pkg/prefix_override:/home/tomo/Documents/ae7785-intro-to-robo/ros2_demo_ws/install/my_py_pkg/lib/python3.8/site-packages:/home/tomo/Documents/ae7785-intro-to-robo/ros2_demo_ws/install/my_robot_interfaces/lib/python3.8/site-packages:${PYTHONPATH} /usr/bin/python3 setup.py develop --editable --build-directory /home/tomo/Documents/ae7785-intro-to-robo/ros2_demo_ws/build/my_py_pkg/build --no-deps install_data
[1.918s] running develop
[2.195s] running egg_info
[2.196s] writing my_py_pkg.egg-info/PKG-INFO
[2.197s] writing dependency_links to my_py_pkg.egg-info/dependency_links.txt
[2.198s] writing entry points to my_py_pkg.egg-info/entry_points.txt
[2.198s] writing requirements to my_py_pkg.egg-info/requires.txt
[2.199s] writing top-level names to my_py_pkg.egg-info/top_level.txt
[2.256s] reading manifest file 'my_py_pkg.egg-info/SOURCES.txt'
[2.259s] writing manifest file 'my_py_pkg.egg-info/SOURCES.txt'
[2.329s] running build_ext
[2.330s] Creating /home/tomo/Documents/ae7785-intro-to-robo/ros2_demo_ws/install/my_py_pkg/lib/python3.8/site-packages/my-py-pkg.egg-link (link to .)
[2.332s] Installing add_two_ints_client script to /home/tomo/Documents/ae7785-intro-to-robo/ros2_demo_ws/install/my_py_pkg/lib/my_py_pkg
[2.332s] Installing add_two_ints_client_no_oop script to /home/tomo/Documents/ae7785-intro-to-robo/ros2_demo_ws/install/my_py_pkg/lib/my_py_pkg
[2.333s] Installing add_two_ints_server script to /home/tomo/Documents/ae7785-intro-to-robo/ros2_demo_ws/install/my_py_pkg/lib/my_py_pkg
[2.333s] Installing hw_status_publisher script to /home/tomo/Documents/ae7785-intro-to-robo/ros2_demo_ws/install/my_py_pkg/lib/my_py_pkg
[2.334s] Installing number_counter script to /home/tomo/Documents/ae7785-intro-to-robo/ros2_demo_ws/install/my_py_pkg/lib/my_py_pkg
[2.334s] Installing number_publisher script to /home/tomo/Documents/ae7785-intro-to-robo/ros2_demo_ws/install/my_py_pkg/lib/my_py_pkg
[2.335s] Installing py_node script to /home/tomo/Documents/ae7785-intro-to-robo/ros2_demo_ws/install/my_py_pkg/lib/my_py_pkg
[2.335s] Installing robot_news_station script to /home/tomo/Documents/ae7785-intro-to-robo/ros2_demo_ws/install/my_py_pkg/lib/my_py_pkg
[2.335s] Installing smartphone script to /home/tomo/Documents/ae7785-intro-to-robo/ros2_demo_ws/install/my_py_pkg/lib/my_py_pkg
[2.336s] 
[2.336s] Installed /home/tomo/Documents/ae7785-intro-to-robo/ros2_demo_ws/build/my_py_pkg
[2.336s] running install_data
[2.394s] Invoked command in '/home/tomo/Documents/ae7785-intro-to-robo/ros2_demo_ws/build/my_py_pkg' returned '0': AMENT_PREFIX_PATH=/home/tomo/Documents/ae7785-intro-to-robo/ros2_demo_ws/install/my_robot_interfaces:${AMENT_PREFIX_PATH} CMAKE_PREFIX_PATH=/home/tomo/Documents/ae7785-intro-to-robo/ros2_demo_ws/install/my_robot_interfaces:${CMAKE_PREFIX_PATH} LD_LIBRARY_PATH=/home/tomo/Documents/ae7785-intro-to-robo/ros2_demo_ws/install/my_robot_interfaces/lib:${LD_LIBRARY_PATH} PYTHONPATH=/home/tomo/Documents/ae7785-intro-to-robo/ros2_demo_ws/build/my_py_pkg/prefix_override:/home/tomo/Documents/ae7785-intro-to-robo/ros2_demo_ws/install/my_py_pkg/lib/python3.8/site-packages:/home/tomo/Documents/ae7785-intro-to-robo/ros2_demo_ws/install/my_robot_interfaces/lib/python3.8/site-packages:${PYTHONPATH} /usr/bin/python3 setup.py develop --editable --build-directory /home/tomo/Documents/ae7785-intro-to-robo/ros2_demo_ws/build/my_py_pkg/build --no-deps install_data
