[0.525s] Invoking command in '/home/tomo/ae7785-intro-to-robo/ros2_ws/build/turtlebot3_gazebo': CMAKE_PREFIX_PATH=${CMAKE_PREFIX_PATH}:/home/tomo/ae7785-intro-to-robo/turtlesim_ws/install/turtlesim_chaser:/home/tomo/Documents/turtlebot3_ws/install/turtlebot3_teleop:/home/tomo/Documents/turtlebot3_ws/install/turtlebot3_example:/opt/ros/foxy /usr/bin/cmake --build /home/tomo/ae7785-intro-to-robo/ros2_ws/build/turtlebot3_gazebo -- -j6 -l6
[0.675s] [ 25%] Built target obstacle2
[0.683s] [ 62%] Built target turtlebot3_drive
[0.685s] [ 75%] Built target obstacle1
[0.702s] [100%] Built target obstacles
[0.742s] Invoked command in '/home/tomo/ae7785-intro-to-robo/ros2_ws/build/turtlebot3_gazebo' returned '0': CMAKE_PREFIX_PATH=${CMAKE_PREFIX_PATH}:/home/tomo/ae7785-intro-to-robo/turtlesim_ws/install/turtlesim_chaser:/home/tomo/Documents/turtlebot3_ws/install/turtlebot3_teleop:/home/tomo/Documents/turtlebot3_ws/install/turtlebot3_example:/opt/ros/foxy /usr/bin/cmake --build /home/tomo/ae7785-intro-to-robo/ros2_ws/build/turtlebot3_gazebo -- -j6 -l6
[0.847s] Invoking command in '/home/tomo/ae7785-intro-to-robo/ros2_ws/build/turtlebot3_gazebo': CMAKE_PREFIX_PATH=${CMAKE_PREFIX_PATH}:/home/tomo/ae7785-intro-to-robo/turtlesim_ws/install/turtlesim_chaser:/home/tomo/Documents/turtlebot3_ws/install/turtlebot3_teleop:/home/tomo/Documents/turtlebot3_ws/install/turtlebot3_example:/opt/ros/foxy /usr/bin/cmake --install /home/tomo/ae7785-intro-to-robo/ros2_ws/build/turtlebot3_gazebo
[0.860s] -- Install configuration: ""
[0.860s] -- Up-to-date: /home/tomo/ae7785-intro-to-robo/ros2_ws/install/turtlebot3_gazebo/lib/turtlebot3_gazebo/turtlebot3_drive
[0.861s] -- Up-to-date: /home/tomo/ae7785-intro-to-robo/ros2_ws/install/turtlebot3_gazebo/share/turtlebot3_gazebo//launch
[0.861s] -- Up-to-date: /home/tomo/ae7785-intro-to-robo/ros2_ws/install/turtlebot3_gazebo/share/turtlebot3_gazebo//launch/turtlebot3_dqn_stage4.launch.py
[0.862s] -- Up-to-date: /home/tomo/ae7785-intro-to-robo/ros2_ws/install/turtlebot3_gazebo/share/turtlebot3_gazebo//launch/turtlebot3_dqn_stage3.launch.py
[0.862s] -- Up-to-date: /home/tomo/ae7785-intro-to-robo/ros2_ws/install/turtlebot3_gazebo/share/turtlebot3_gazebo//launch/empty_world.launch.py
[0.862s] -- Up-to-date: /home/tomo/ae7785-intro-to-robo/ros2_ws/install/turtlebot3_gazebo/share/turtlebot3_gazebo//launch/turtlebot3_autorace.launch.py
[0.862s] -- Up-to-date: /home/tomo/ae7785-intro-to-robo/ros2_ws/install/turtlebot3_gazebo/share/turtlebot3_gazebo//launch/turtlebot3_dqn_stage1.launch.py
[0.862s] -- Up-to-date: /home/tomo/ae7785-intro-to-robo/ros2_ws/install/turtlebot3_gazebo/share/turtlebot3_gazebo//launch/robot_state_publisher.launch.py
[0.863s] -- Up-to-date: /home/tomo/ae7785-intro-to-robo/ros2_ws/install/turtlebot3_gazebo/share/turtlebot3_gazebo//launch/lab2_world.launch.py
[0.863s] -- Up-to-date: /home/tomo/ae7785-intro-to-robo/ros2_ws/install/turtlebot3_gazebo/share/turtlebot3_gazebo//launch/turtlebot3_house.launch.py
[0.863s] -- Up-to-date: /home/tomo/ae7785-intro-to-robo/ros2_ws/install/turtlebot3_gazebo/share/turtlebot3_gazebo//launch/turtlebot3_world.launch.py
[0.863s] -- Up-to-date: /home/tomo/ae7785-intro-to-robo/ros2_ws/install/turtlebot3_gazebo/share/turtlebot3_gazebo//launch/turtlebot3_dqn_stage2.launch.py
[0.864s] -- Up-to-date: /home/tomo/ae7785-intro-to-robo/ros2_ws/install/turtlebot3_gazebo/share/turtlebot3_gazebo//models
[0.864s] -- Up-to-date: /home/tomo/ae7785-intro-to-robo/ros2_ws/install/turtlebot3_gazebo/share/turtlebot3_gazebo//models/turtlebot3_waffle
[0.864s] -- Up-to-date: /home/tomo/ae7785-intro-to-robo/ros2_ws/install/turtlebot3_gazebo/share/turtlebot3_gazebo//models/turtlebot3_waffle/model.config
[0.864s] -- Up-to-date: /home/tomo/ae7785-intro-to-robo/ros2_ws/install/turtlebot3_gazebo/share/turtlebot3_gazebo//models/turtlebot3_waffle/model.sdf
[0.864s] -- Up-to-date: /home/tomo/ae7785-intro-to-robo/ros2_ws/install/turtlebot3_gazebo/share/turtlebot3_gazebo//models/turtlebot3_waffle/meshes
[0.864s] -- Up-to-date: /home/tomo/ae7785-intro-to-robo/ros2_ws/install/turtlebot3_gazebo/share/turtlebot3_gazebo//models/turtlebot3_waffle/meshes/lds.dae
[0.864s] -- Up-to-date: /home/tomo/ae7785-intro-to-robo/ros2_ws/install/turtlebot3_gazebo/share/turtlebot3_gazebo//models/turtlebot3_waffle/meshes/tire.dae
[0.865s] -- Up-to-date: /home/tomo/ae7785-intro-to-robo/ros2_ws/install/turtlebot3_gazebo/share/turtlebot3_gazebo//models/turtlebot3_waffle/meshes/waffle_base.dae
[0.865s] -- Up-to-date: /home/tomo/ae7785-intro-to-robo/ros2_ws/install/turtlebot3_gazebo/share/turtlebot3_gazebo//models/turtlebot3_waffle/meshes/r200.dae
[0.865s] -- Up-to-date: /home/tomo/ae7785-intro-to-robo/ros2_ws/install/turtlebot3_gazebo/share/turtlebot3_gazebo//models/turtlebot3_waffle/model-1_4.sdf
[0.865s] -- Up-to-date: /home/tomo/ae7785-intro-to-robo/ros2_ws/install/turtlebot3_gazebo/share/turtlebot3_gazebo//models/turtlebot3_autorace
[0.865s] -- Up-to-date: /home/tomo/ae7785-intro-to-robo/ros2_ws/install/turtlebot3_gazebo/share/turtlebot3_gazebo//models/turtlebot3_autorace/lights
[0.866s] -- Up-to-date: /home/tomo/ae7785-intro-to-robo/ros2_ws/install/turtlebot3_gazebo/share/turtlebot3_gazebo//models/turtlebot3_autorace/lights/model.config
[0.866s] -- Up-to-date: /home/tomo/ae7785-intro-to-robo/ros2_ws/install/turtlebot3_gazebo/share/turtlebot3_gazebo//models/turtlebot3_autorace/lights/model.sdf
[0.866s] -- Up-to-date: /home/tomo/ae7785-intro-to-robo/ros2_ws/install/turtlebot3_gazebo/share/turtlebot3_gazebo//models/turtlebot3_autorace/traffic_light_green
[0.866s] -- Up-to-date: /home/tomo/ae7785-intro-to-robo/ros2_ws/install/turtlebot3_gazebo/share/turtlebot3_gazebo//models/turtlebot3_autorace/traffic_light_green/model.config
[0.866s] -- Up-to-date: /home/tomo/ae7785-intro-to-robo/ros2_ws/install/turtlebot3_gazebo/share/turtlebot3_gazebo//models/turtlebot3_autorace/traffic_light_green/model.sdf
[0.867s] -- Up-to-date: /home/tomo/ae7785-intro-to-robo/ros2_ws/install/turtlebot3_gazebo/share/turtlebot3_gazebo//models/turtlebot3_autorace/model.config
[0.868s] -- Up-to-date: /home/tomo/ae7785-intro-to-robo/ros2_ws/install/turtlebot3_gazebo/share/turtlebot3_gazebo//models/turtlebot3_autorace/traffic_light_yellow
[0.868s] -- Up-to-date: /home/tomo/ae7785-intro-to-robo/ros2_ws/install/turtlebot3_gazebo/share/turtlebot3_gazebo//models/turtlebot3_autorace/traffic_light_yellow/model.config
[0.869s] -- Up-to-date: /home/tomo/ae7785-intro-to-robo/ros2_ws/install/turtlebot3_gazebo/share/turtlebot3_gazebo//models/turtlebot3_autorace/traffic_light_yellow/model.sdf
[0.869s] -- Up-to-date: /home/tomo/ae7785-intro-to-robo/ros2_ws/install/turtlebot3_gazebo/share/turtlebot3_gazebo//models/turtlebot3_autorace/traffic_stop
[0.870s] -- Up-to-date: /home/tomo/ae7785-intro-to-robo/ros2_ws/install/turtlebot3_gazebo/share/turtlebot3_gazebo//models/turtlebot3_autorace/traffic_stop/model.config
[0.870s] -- Up-to-date: /home/tomo/ae7785-intro-to-robo/ros2_ws/install/turtlebot3_gazebo/share/turtlebot3_gazebo//models/turtlebot3_autorace/traffic_stop/model.sdf
[0.871s] -- Up-to-date: /home/tomo/ae7785-intro-to-robo/ros2_ws/install/turtlebot3_gazebo/share/turtlebot3_gazebo//models/turtlebot3_autorace/traffic_stop/materials
[0.872s] -- Up-to-date: /home/tomo/ae7785-intro-to-robo/ros2_ws/install/turtlebot3_gazebo/share/turtlebot3_gazebo//models/turtlebot3_autorace/traffic_stop/materials/textures
[0.872s] -- Up-to-date: /home/tomo/ae7785-intro-to-robo/ros2_ws/install/turtlebot3_gazebo/share/turtlebot3_gazebo//models/turtlebot3_autorace/traffic_stop/materials/textures/traffic_stop.png
[0.873s] -- Up-to-date: /home/tomo/ae7785-intro-to-robo/ros2_ws/install/turtlebot3_gazebo/share/turtlebot3_gazebo//models/turtlebot3_autorace/traffic_stop/materials/scripts
[0.873s] -- Up-to-date: /home/tomo/ae7785-intro-to-robo/ros2_ws/install/turtlebot3_gazebo/share/turtlebot3_gazebo//models/turtlebot3_autorace/traffic_stop/materials/scripts/traffic_stop.material
[0.874s] -- Up-to-date: /home/tomo/ae7785-intro-to-robo/ros2_ws/install/turtlebot3_gazebo/share/turtlebot3_gazebo//models/turtlebot3_autorace/traffic_bar_up
[0.875s] -- Up-to-date: /home/tomo/ae7785-intro-to-robo/ros2_ws/install/turtlebot3_gazebo/share/turtlebot3_gazebo//models/turtlebot3_autorace/traffic_bar_up/model.config
[0.876s] -- Up-to-date: /home/tomo/ae7785-intro-to-robo/ros2_ws/install/turtlebot3_gazebo/share/turtlebot3_gazebo//models/turtlebot3_autorace/traffic_bar_up/model.sdf
[0.876s] -- Up-to-date: /home/tomo/ae7785-intro-to-robo/ros2_ws/install/turtlebot3_gazebo/share/turtlebot3_gazebo//models/turtlebot3_autorace/traffic_bar_up/materials
[0.877s] -- Up-to-date: /home/tomo/ae7785-intro-to-robo/ros2_ws/install/turtlebot3_gazebo/share/turtlebot3_gazebo//models/turtlebot3_autorace/traffic_bar_up/materials/textures
[0.877s] -- Up-to-date: /home/tomo/ae7785-intro-to-robo/ros2_ws/install/turtlebot3_gazebo/share/turtlebot3_gazebo//models/turtlebot3_autorace/traffic_bar_up/materials/textures/traffic_bar.png
[0.877s] -- Up-to-date: /home/tomo/ae7785-intro-to-robo/ros2_ws/install/turtlebot3_gazebo/share/turtlebot3_gazebo//models/turtlebot3_autorace/traffic_bar_up/materials/scripts
[0.878s] -- Up-to-date: /home/tomo/ae7785-intro-to-robo/ros2_ws/install/turtlebot3_gazebo/share/turtlebot3_gazebo//models/turtlebot3_autorace/traffic_bar_up/materials/scripts/traffic_bar.material
[0.878s] -- Up-to-date: /home/tomo/ae7785-intro-to-robo/ros2_ws/install/turtlebot3_gazebo/share/turtlebot3_gazebo//models/turtlebot3_autorace/traffic_tunnel
[0.879s] -- Up-to-date: /home/tomo/ae7785-intro-to-robo/ros2_ws/install/turtlebot3_gazebo/share/turtlebot3_gazebo//models/turtlebot3_autorace/traffic_tunnel/model.config
[0.879s] -- Up-to-date: /home/tomo/ae7785-intro-to-robo/ros2_ws/install/turtlebot3_gazebo/share/turtlebot3_gazebo//models/turtlebot3_autorace/traffic_tunnel/model.sdf
[0.879s] -- Up-to-date: /home/tomo/ae7785-intro-to-robo/ros2_ws/install/turtlebot3_gazebo/share/turtlebot3_gazebo//models/turtlebot3_autorace/traffic_tunnel/materials
[0.879s] -- Up-to-date: /home/tomo/ae7785-intro-to-robo/ros2_ws/install/turtlebot3_gazebo/share/turtlebot3_gazebo//models/turtlebot3_autorace/traffic_tunnel/materials/textures
[0.880s] -- Up-to-date: /home/tomo/ae7785-intro-to-robo/ros2_ws/install/turtlebot3_gazebo/share/turtlebot3_gazebo//models/turtlebot3_autorace/traffic_tunnel/materials/textures/tunnel.png
[0.880s] -- Up-to-date: /home/tomo/ae7785-intro-to-robo/ros2_ws/install/turtlebot3_gazebo/share/turtlebot3_gazebo//models/turtlebot3_autorace/traffic_tunnel/materials/scripts
[0.880s] -- Up-to-date: /home/tomo/ae7785-intro-to-robo/ros2_ws/install/turtlebot3_gazebo/share/turtlebot3_gazebo//models/turtlebot3_autorace/traffic_tunnel/materials/scripts/tunnel.material
[0.880s] -- Up-to-date: /home/tomo/ae7785-intro-to-robo/ros2_ws/install/turtlebot3_gazebo/share/turtlebot3_gazebo//models/turtlebot3_autorace/tunnel_wall
[0.880s] -- Up-to-date: /home/tomo/ae7785-intro-to-robo/ros2_ws/install/turtlebot3_gazebo/share/turtlebot3_gazebo//models/turtlebot3_autorace/tunnel_wall/model.config
[0.880s] -- Up-to-date: /home/tomo/ae7785-intro-to-robo/ros2_ws/install/turtlebot3_gazebo/share/turtlebot3_gazebo//models/turtlebot3_autorace/tunnel_wall/model.sdf
[0.880s] -- Up-to-date: /home/tomo/ae7785-intro-to-robo/ros2_ws/install/turtlebot3_gazebo/share/turtlebot3_gazebo//models/turtlebot3_autorace/traffic_bar_down
[0.880s] -- Up-to-date: /home/tomo/ae7785-intro-to-robo/ros2_ws/install/turtlebot3_gazebo/share/turtlebot3_gazebo//models/turtlebot3_autorace/traffic_bar_down/model.config
[0.880s] -- Up-to-date: /home/tomo/ae7785-intro-to-robo/ros2_ws/install/turtlebot3_gazebo/share/turtlebot3_gazebo//models/turtlebot3_autorace/traffic_bar_down/model.sdf
[0.881s] -- Up-to-date: /home/tomo/ae7785-intro-to-robo/ros2_ws/install/turtlebot3_gazebo/share/turtlebot3_gazebo//models/turtlebot3_autorace/traffic_bar_down/materials
[0.887s] -- Up-to-date: /home/tomo/ae7785-intro-to-robo/ros2_ws/install/turtlebot3_gazebo/share/turtlebot3_gazebo//models/turtlebot3_autorace/traffic_bar_down/materials/textures
[0.888s] -- Up-to-date: /home/tomo/ae7785-intro-to-robo/ros2_ws/install/turtlebot3_gazebo/share/turtlebot3_gazebo//models/turtlebot3_autorace/traffic_bar_down/materials/textures/traffic_bar.png
[0.889s] -- Up-to-date: /home/tomo/ae7785-intro-to-robo/ros2_ws/install/turtlebot3_gazebo/share/turtlebot3_gazebo//models/turtlebot3_autorace/traffic_bar_down/materials/scripts
[0.890s] -- Up-to-date: /home/tomo/ae7785-intro-to-robo/ros2_ws/install/turtlebot3_gazebo/share/turtlebot3_gazebo//models/turtlebot3_autorace/traffic_bar_down/materials/scripts/traffic_bar.material
[0.891s] -- Up-to-date: /home/tomo/ae7785-intro-to-robo/ros2_ws/install/turtlebot3_gazebo/share/turtlebot3_gazebo//models/turtlebot3_autorace/traffic_parking
[0.891s] -- Up-to-date: /home/tomo/ae7785-intro-to-robo/ros2_ws/install/turtlebot3_gazebo/share/turtlebot3_gazebo//models/turtlebot3_autorace/traffic_parking/model.config
[0.892s] -- Up-to-date: /home/tomo/ae7785-intro-to-robo/ros2_ws/install/turtlebot3_gazebo/share/turtlebot3_gazebo//models/turtlebot3_autorace/traffic_parking/model.sdf
[0.893s] -- Up-to-date: /home/tomo/ae7785-intro-to-robo/ros2_ws/install/turtlebot3_gazebo/share/turtlebot3_gazebo//models/turtlebot3_autorace/traffic_parking/materials
[0.893s] -- Up-to-date: /home/tomo/ae7785-intro-to-robo/ros2_ws/install/turtlebot3_gazebo/share/turtlebot3_gazebo//models/turtlebot3_autorace/traffic_parking/materials/textures
[0.893s] -- Up-to-date: /home/tomo/ae7785-intro-to-robo/ros2_ws/install/turtlebot3_gazebo/share/turtlebot3_gazebo//models/turtlebot3_autorace/traffic_parking/materials/textures/traffic_parking.png
[0.895s] -- Up-to-date: /home/tomo/ae7785-intro-to-robo/ros2_ws/install/turtlebot3_gazebo/share/turtlebot3_gazebo//models/turtlebot3_autorace/traffic_parking/materials/scripts
[0.895s] -- Up-to-date: /home/tomo/ae7785-intro-to-robo/ros2_ws/install/turtlebot3_gazebo/share/turtlebot3_gazebo//models/turtlebot3_autorace/traffic_parking/materials/scripts/traffic_parking.material
[0.895s] -- Up-to-date: /home/tomo/ae7785-intro-to-robo/ros2_ws/install/turtlebot3_gazebo/share/turtlebot3_gazebo//models/turtlebot3_autorace/traffic_light_red
[0.896s] -- Up-to-date: /home/tomo/ae7785-intro-to-robo/ros2_ws/install/turtlebot3_gazebo/share/turtlebot3_gazebo//models/turtlebot3_autorace/traffic_light_red/model.config
[0.897s] -- Up-to-date: /home/tomo/ae7785-intro-to-robo/ros2_ws/install/turtlebot3_gazebo/share/turtlebot3_gazebo//models/turtlebot3_autorace/traffic_light_red/model.sdf
[0.897s] -- Up-to-date: /home/tomo/ae7785-intro-to-robo/ros2_ws/install/turtlebot3_gazebo/share/turtlebot3_gazebo//models/turtlebot3_autorace/ground
[0.898s] -- Up-to-date: /home/tomo/ae7785-intro-to-robo/ros2_ws/install/turtlebot3_gazebo/share/turtlebot3_gazebo//models/turtlebot3_autorace/ground/model.config
[0.899s] -- Up-to-date: /home/tomo/ae7785-intro-to-robo/ros2_ws/install/turtlebot3_gazebo/share/turtlebot3_gazebo//models/turtlebot3_autorace/ground/model.sdf
[0.899s] -- Up-to-date: /home/tomo/ae7785-intro-to-robo/ros2_ws/install/turtlebot3_gazebo/share/turtlebot3_gazebo//models/turtlebot3_autorace/tunnel_obstacles
[0.900s] -- Up-to-date: /home/tomo/ae7785-intro-to-robo/ros2_ws/install/turtlebot3_gazebo/share/turtlebot3_gazebo//models/turtlebot3_autorace/tunnel_obstacles/model.config
[0.900s] -- Up-to-date: /home/tomo/ae7785-intro-to-robo/ros2_ws/install/turtlebot3_gazebo/share/turtlebot3_gazebo//models/turtlebot3_autorace/tunnel_obstacles/model.sdf
[0.901s] -- Up-to-date: /home/tomo/ae7785-intro-to-robo/ros2_ws/install/turtlebot3_gazebo/share/turtlebot3_gazebo//models/turtlebot3_autorace/course
[0.901s] -- Up-to-date: /home/tomo/ae7785-intro-to-robo/ros2_ws/install/turtlebot3_gazebo/share/turtlebot3_gazebo//models/turtlebot3_autorace/course/model.config
[0.902s] -- Up-to-date: /home/tomo/ae7785-intro-to-robo/ros2_ws/install/turtlebot3_gazebo/share/turtlebot3_gazebo//models/turtlebot3_autorace/course/model.sdf
[0.902s] -- Up-to-date: /home/tomo/ae7785-intro-to-robo/ros2_ws/install/turtlebot3_gazebo/share/turtlebot3_gazebo//models/turtlebot3_autorace/course/materials
[0.903s] -- Up-to-date: /home/tomo/ae7785-intro-to-robo/ros2_ws/install/turtlebot3_gazebo/share/turtlebot3_gazebo//models/turtlebot3_autorace/course/materials/textures
[0.903s] -- Up-to-date: /home/tomo/ae7785-intro-to-robo/ros2_ws/install/turtlebot3_gazebo/share/turtlebot3_gazebo//models/turtlebot3_autorace/course/materials/textures/course.png
[0.904s] -- Up-to-date: /home/tomo/ae7785-intro-to-robo/ros2_ws/install/turtlebot3_gazebo/share/turtlebot3_gazebo//models/turtlebot3_autorace/course/materials/scripts
[0.904s] -- Up-to-date: /home/tomo/ae7785-intro-to-robo/ros2_ws/install/turtlebot3_gazebo/share/turtlebot3_gazebo//models/turtlebot3_autorace/course/materials/scripts/course.material
[0.905s] -- Up-to-date: /home/tomo/ae7785-intro-to-robo/ros2_ws/install/turtlebot3_gazebo/share/turtlebot3_gazebo//models/turtlebot3_burger
[0.905s] -- Up-to-date: /home/tomo/ae7785-intro-to-robo/ros2_ws/install/turtlebot3_gazebo/share/turtlebot3_gazebo//models/turtlebot3_burger/model.config
[0.905s] -- Up-to-date: /home/tomo/ae7785-intro-to-robo/ros2_ws/install/turtlebot3_gazebo/share/turtlebot3_gazebo//models/turtlebot3_burger/model.sdf
[0.905s] -- Up-to-date: /home/tomo/ae7785-intro-to-robo/ros2_ws/install/turtlebot3_gazebo/share/turtlebot3_gazebo//models/turtlebot3_burger/meshes
[0.905s] -- Up-to-date: /home/tomo/ae7785-intro-to-robo/ros2_ws/install/turtlebot3_gazebo/share/turtlebot3_gazebo//models/turtlebot3_burger/meshes/burger_base.dae
[0.905s] -- Up-to-date: /home/tomo/ae7785-intro-to-robo/ros2_ws/install/turtlebot3_gazebo/share/turtlebot3_gazebo//models/turtlebot3_burger/meshes/lds.dae
[0.906s] -- Up-to-date: /home/tomo/ae7785-intro-to-robo/ros2_ws/install/turtlebot3_gazebo/share/turtlebot3_gazebo//models/turtlebot3_burger/meshes/tire.dae
[0.906s] -- Up-to-date: /home/tomo/ae7785-intro-to-robo/ros2_ws/install/turtlebot3_gazebo/share/turtlebot3_gazebo//models/turtlebot3_burger/model-1_4.sdf
[0.906s] -- Up-to-date: /home/tomo/ae7785-intro-to-robo/ros2_ws/install/turtlebot3_gazebo/share/turtlebot3_gazebo//models/turtlebot3_waffle_pi
[0.906s] -- Up-to-date: /home/tomo/ae7785-intro-to-robo/ros2_ws/install/turtlebot3_gazebo/share/turtlebot3_gazebo//models/turtlebot3_waffle_pi/model.config
[0.906s] -- Up-to-date: /home/tomo/ae7785-intro-to-robo/ros2_ws/install/turtlebot3_gazebo/share/turtlebot3_gazebo//models/turtlebot3_waffle_pi/model.sdf
[0.906s] -- Up-to-date: /home/tomo/ae7785-intro-to-robo/ros2_ws/install/turtlebot3_gazebo/share/turtlebot3_gazebo//models/turtlebot3_waffle_pi/meshes
[0.906s] -- Up-to-date: /home/tomo/ae7785-intro-to-robo/ros2_ws/install/turtlebot3_gazebo/share/turtlebot3_gazebo//models/turtlebot3_waffle_pi/meshes/lds.dae
[0.907s] -- Up-to-date: /home/tomo/ae7785-intro-to-robo/ros2_ws/install/turtlebot3_gazebo/share/turtlebot3_gazebo//models/turtlebot3_waffle_pi/meshes/waffle_pi_base.dae
[0.907s] -- Up-to-date: /home/tomo/ae7785-intro-to-robo/ros2_ws/install/turtlebot3_gazebo/share/turtlebot3_gazebo//models/turtlebot3_waffle_pi/meshes/tire.dae
[0.908s] -- Up-to-date: /home/tomo/ae7785-intro-to-robo/ros2_ws/install/turtlebot3_gazebo/share/turtlebot3_gazebo//models/turtlebot3_waffle_pi/model-1_4_.sdf
[0.909s] -- Up-to-date: /home/tomo/ae7785-intro-to-robo/ros2_ws/install/turtlebot3_gazebo/share/turtlebot3_gazebo//models/turtlebot3_house
[0.910s] -- Up-to-date: /home/tomo/ae7785-intro-to-robo/ros2_ws/install/turtlebot3_gazebo/share/turtlebot3_gazebo//models/turtlebot3_house/model.config
[0.910s] -- Up-to-date: /home/tomo/ae7785-intro-to-robo/ros2_ws/install/turtlebot3_gazebo/share/turtlebot3_gazebo//models/turtlebot3_house/model.sdf
[0.911s] -- Up-to-date: /home/tomo/ae7785-intro-to-robo/ros2_ws/install/turtlebot3_gazebo/share/turtlebot3_gazebo//models/turtlebot3_dqn_world
[0.911s] -- Up-to-date: /home/tomo/ae7785-intro-to-robo/ros2_ws/install/turtlebot3_gazebo/share/turtlebot3_gazebo//models/turtlebot3_dqn_world/model.config
[0.911s] -- Up-to-date: /home/tomo/ae7785-intro-to-robo/ros2_ws/install/turtlebot3_gazebo/share/turtlebot3_gazebo//models/turtlebot3_dqn_world/model.sdf
[0.913s] -- Up-to-date: /home/tomo/ae7785-intro-to-robo/ros2_ws/install/turtlebot3_gazebo/share/turtlebot3_gazebo//models/turtlebot3_dqn_world/obstacle_plugin
[0.913s] -- Up-to-date: /home/tomo/ae7785-intro-to-robo/ros2_ws/install/turtlebot3_gazebo/share/turtlebot3_gazebo//models/turtlebot3_dqn_world/obstacle_plugin/obstacle2.cc
[0.914s] -- Up-to-date: /home/tomo/ae7785-intro-to-robo/ros2_ws/install/turtlebot3_gazebo/share/turtlebot3_gazebo//models/turtlebot3_dqn_world/obstacle_plugin/obstacle1.cc
[0.914s] -- Up-to-date: /home/tomo/ae7785-intro-to-robo/ros2_ws/install/turtlebot3_gazebo/share/turtlebot3_gazebo//models/turtlebot3_dqn_world/obstacle_plugin/CMakeLists.txt
[0.915s] -- Up-to-date: /home/tomo/ae7785-intro-to-robo/ros2_ws/install/turtlebot3_gazebo/share/turtlebot3_gazebo//models/turtlebot3_dqn_world/obstacle_plugin/obstacles.cc
[0.915s] -- Up-to-date: /home/tomo/ae7785-intro-to-robo/ros2_ws/install/turtlebot3_gazebo/share/turtlebot3_gazebo//models/turtlebot3_dqn_world/inner_walls
[0.915s] -- Up-to-date: /home/tomo/ae7785-intro-to-robo/ros2_ws/install/turtlebot3_gazebo/share/turtlebot3_gazebo//models/turtlebot3_dqn_world/inner_walls/model.config
[0.916s] -- Up-to-date: /home/tomo/ae7785-intro-to-robo/ros2_ws/install/turtlebot3_gazebo/share/turtlebot3_gazebo//models/turtlebot3_dqn_world/inner_walls/model.sdf
[0.916s] -- Up-to-date: /home/tomo/ae7785-intro-to-robo/ros2_ws/install/turtlebot3_gazebo/share/turtlebot3_gazebo//models/turtlebot3_dqn_world/obstacle1
[0.918s] -- Up-to-date: /home/tomo/ae7785-intro-to-robo/ros2_ws/install/turtlebot3_gazebo/share/turtlebot3_gazebo//models/turtlebot3_dqn_world/obstacle1/model.config
[0.918s] -- Up-to-date: /home/tomo/ae7785-intro-to-robo/ros2_ws/install/turtlebot3_gazebo/share/turtlebot3_gazebo//models/turtlebot3_dqn_world/obstacle1/model.sdf
[0.918s] -- Up-to-date: /home/tomo/ae7785-intro-to-robo/ros2_ws/install/turtlebot3_gazebo/share/turtlebot3_gazebo//models/turtlebot3_dqn_world/goal_box
[0.919s] -- Up-to-date: /home/tomo/ae7785-intro-to-robo/ros2_ws/install/turtlebot3_gazebo/share/turtlebot3_gazebo//models/turtlebot3_dqn_world/goal_box/model.config
[0.919s] -- Up-to-date: /home/tomo/ae7785-intro-to-robo/ros2_ws/install/turtlebot3_gazebo/share/turtlebot3_gazebo//models/turtlebot3_dqn_world/goal_box/model.sdf
[0.920s] -- Up-to-date: /home/tomo/ae7785-intro-to-robo/ros2_ws/install/turtlebot3_gazebo/share/turtlebot3_gazebo//models/turtlebot3_dqn_world/obstacle2
[0.920s] -- Up-to-date: /home/tomo/ae7785-intro-to-robo/ros2_ws/install/turtlebot3_gazebo/share/turtlebot3_gazebo//models/turtlebot3_dqn_world/obstacle2/model.config
[0.920s] -- Up-to-date: /home/tomo/ae7785-intro-to-robo/ros2_ws/install/turtlebot3_gazebo/share/turtlebot3_gazebo//models/turtlebot3_dqn_world/obstacle2/model.sdf
[0.921s] -- Up-to-date: /home/tomo/ae7785-intro-to-robo/ros2_ws/install/turtlebot3_gazebo/share/turtlebot3_gazebo//models/turtlebot3_dqn_world/obstacles
[0.921s] -- Up-to-date: /home/tomo/ae7785-intro-to-robo/ros2_ws/install/turtlebot3_gazebo/share/turtlebot3_gazebo//models/turtlebot3_dqn_world/obstacles/model.config
[0.922s] -- Up-to-date: /home/tomo/ae7785-intro-to-robo/ros2_ws/install/turtlebot3_gazebo/share/turtlebot3_gazebo//models/turtlebot3_dqn_world/obstacles/model.sdf
[0.923s] -- Up-to-date: /home/tomo/ae7785-intro-to-robo/ros2_ws/install/turtlebot3_gazebo/share/turtlebot3_gazebo//models/turtlebot3_world
[0.923s] -- Up-to-date: /home/tomo/ae7785-intro-to-robo/ros2_ws/install/turtlebot3_gazebo/share/turtlebot3_gazebo//models/turtlebot3_world/model.config
[0.924s] -- Up-to-date: /home/tomo/ae7785-intro-to-robo/ros2_ws/install/turtlebot3_gazebo/share/turtlebot3_gazebo//models/turtlebot3_world/model.sdf
[0.924s] -- Up-to-date: /home/tomo/ae7785-intro-to-robo/ros2_ws/install/turtlebot3_gazebo/share/turtlebot3_gazebo//models/turtlebot3_world/meshes
[0.924s] -- Up-to-date: /home/tomo/ae7785-intro-to-robo/ros2_ws/install/turtlebot3_gazebo/share/turtlebot3_gazebo//models/turtlebot3_world/meshes/wall.dae
[0.924s] -- Up-to-date: /home/tomo/ae7785-intro-to-robo/ros2_ws/install/turtlebot3_gazebo/share/turtlebot3_gazebo//models/turtlebot3_world/meshes/hexagon.dae
[0.925s] -- Up-to-date: /home/tomo/ae7785-intro-to-robo/ros2_ws/install/turtlebot3_gazebo/share/turtlebot3_gazebo//models/turtlebot3_world/model-1_4.sdf
[0.925s] -- Up-to-date: /home/tomo/ae7785-intro-to-robo/ros2_ws/install/turtlebot3_gazebo/share/turtlebot3_gazebo//rviz
[0.925s] -- Up-to-date: /home/tomo/ae7785-intro-to-robo/ros2_ws/install/turtlebot3_gazebo/share/turtlebot3_gazebo//rviz/tb3_gazebo.rviz
[0.933s] -- Up-to-date: /home/tomo/ae7785-intro-to-robo/ros2_ws/install/turtlebot3_gazebo/share/turtlebot3_gazebo//worlds
[0.933s] -- Up-to-date: /home/tomo/ae7785-intro-to-robo/ros2_ws/install/turtlebot3_gazebo/share/turtlebot3_gazebo//worlds/lab2_worlds
[0.933s] -- Up-to-date: /home/tomo/ae7785-intro-to-robo/ros2_ws/install/turtlebot3_gazebo/share/turtlebot3_gazebo//worlds/lab2_worlds/burger.model
[0.934s] -- Up-to-date: /home/tomo/ae7785-intro-to-robo/ros2_ws/install/turtlebot3_gazebo/share/turtlebot3_gazebo//worlds/turtlebot3_worlds
[0.936s] -- Up-to-date: /home/tomo/ae7785-intro-to-robo/ros2_ws/install/turtlebot3_gazebo/share/turtlebot3_gazebo//worlds/turtlebot3_worlds/burger.model
[0.936s] -- Up-to-date: /home/tomo/ae7785-intro-to-robo/ros2_ws/install/turtlebot3_gazebo/share/turtlebot3_gazebo//worlds/turtlebot3_worlds/waffle.model
[0.938s] -- Up-to-date: /home/tomo/ae7785-intro-to-robo/ros2_ws/install/turtlebot3_gazebo/share/turtlebot3_gazebo//worlds/turtlebot3_worlds/waffle_pi.model
[0.939s] -- Up-to-date: /home/tomo/ae7785-intro-to-robo/ros2_ws/install/turtlebot3_gazebo/share/turtlebot3_gazebo//worlds/turtlebot3_dqn_stage3
[0.939s] -- Up-to-date: /home/tomo/ae7785-intro-to-robo/ros2_ws/install/turtlebot3_gazebo/share/turtlebot3_gazebo//worlds/turtlebot3_dqn_stage3/burger.model
[0.939s] -- Up-to-date: /home/tomo/ae7785-intro-to-robo/ros2_ws/install/turtlebot3_gazebo/share/turtlebot3_gazebo//worlds/turtlebot3_dqn_stage3/waffle.model
[0.940s] -- Up-to-date: /home/tomo/ae7785-intro-to-robo/ros2_ws/install/turtlebot3_gazebo/share/turtlebot3_gazebo//worlds/turtlebot3_dqn_stage3/waffle_pi.model
[0.940s] -- Up-to-date: /home/tomo/ae7785-intro-to-robo/ros2_ws/install/turtlebot3_gazebo/share/turtlebot3_gazebo//worlds/turtlebot3_autoraces
[0.940s] -- Up-to-date: /home/tomo/ae7785-intro-to-robo/ros2_ws/install/turtlebot3_gazebo/share/turtlebot3_gazebo//worlds/turtlebot3_autoraces/burger.model
[0.945s] -- Up-to-date: /home/tomo/ae7785-intro-to-robo/ros2_ws/install/turtlebot3_gazebo/share/turtlebot3_gazebo//worlds/turtlebot3_autoraces/waffle.model
[0.946s] -- Up-to-date: /home/tomo/ae7785-intro-to-robo/ros2_ws/install/turtlebot3_gazebo/share/turtlebot3_gazebo//worlds/turtlebot3_autoraces/waffle_pi.model
[0.946s] -- Up-to-date: /home/tomo/ae7785-intro-to-robo/ros2_ws/install/turtlebot3_gazebo/share/turtlebot3_gazebo//worlds/turtlebot3_houses
[0.950s] -- Up-to-date: /home/tomo/ae7785-intro-to-robo/ros2_ws/install/turtlebot3_gazebo/share/turtlebot3_gazebo//worlds/turtlebot3_houses/burger.model
[0.951s] -- Up-to-date: /home/tomo/ae7785-intro-to-robo/ros2_ws/install/turtlebot3_gazebo/share/turtlebot3_gazebo//worlds/turtlebot3_houses/waffle.model
[0.954s] -- Up-to-date: /home/tomo/ae7785-intro-to-robo/ros2_ws/install/turtlebot3_gazebo/share/turtlebot3_gazebo//worlds/turtlebot3_houses/waffle_pi.model
[0.955s] -- Up-to-date: /home/tomo/ae7785-intro-to-robo/ros2_ws/install/turtlebot3_gazebo/share/turtlebot3_gazebo//worlds/turtlebot3_dqn_stage1
[0.956s] -- Up-to-date: /home/tomo/ae7785-intro-to-robo/ros2_ws/install/turtlebot3_gazebo/share/turtlebot3_gazebo//worlds/turtlebot3_dqn_stage1/burger.model
[0.956s] -- Up-to-date: /home/tomo/ae7785-intro-to-robo/ros2_ws/install/turtlebot3_gazebo/share/turtlebot3_gazebo//worlds/turtlebot3_dqn_stage1/waffle.model
[0.958s] -- Up-to-date: /home/tomo/ae7785-intro-to-robo/ros2_ws/install/turtlebot3_gazebo/share/turtlebot3_gazebo//worlds/turtlebot3_dqn_stage1/waffle_pi.model
[0.958s] -- Up-to-date: /home/tomo/ae7785-intro-to-robo/ros2_ws/install/turtlebot3_gazebo/share/turtlebot3_gazebo//worlds/empty_worlds
[0.959s] -- Up-to-date: /home/tomo/ae7785-intro-to-robo/ros2_ws/install/turtlebot3_gazebo/share/turtlebot3_gazebo//worlds/empty_worlds/burger.model
[0.959s] -- Up-to-date: /home/tomo/ae7785-intro-to-robo/ros2_ws/install/turtlebot3_gazebo/share/turtlebot3_gazebo//worlds/empty_worlds/waffle.model
[0.960s] -- Up-to-date: /home/tomo/ae7785-intro-to-robo/ros2_ws/install/turtlebot3_gazebo/share/turtlebot3_gazebo//worlds/empty_worlds/waffle_pi.model
[0.961s] -- Up-to-date: /home/tomo/ae7785-intro-to-robo/ros2_ws/install/turtlebot3_gazebo/share/turtlebot3_gazebo//worlds/turtlebot3_dqn_stage4
[0.962s] -- Up-to-date: /home/tomo/ae7785-intro-to-robo/ros2_ws/install/turtlebot3_gazebo/share/turtlebot3_gazebo//worlds/turtlebot3_dqn_stage4/burger.model
[0.962s] -- Up-to-date: /home/tomo/ae7785-intro-to-robo/ros2_ws/install/turtlebot3_gazebo/share/turtlebot3_gazebo//worlds/turtlebot3_dqn_stage4/waffle.model
[0.963s] -- Up-to-date: /home/tomo/ae7785-intro-to-robo/ros2_ws/install/turtlebot3_gazebo/share/turtlebot3_gazebo//worlds/turtlebot3_dqn_stage4/waffle_pi.model
[0.966s] -- Up-to-date: /home/tomo/ae7785-intro-to-robo/ros2_ws/install/turtlebot3_gazebo/share/turtlebot3_gazebo//worlds/turtlebot3_dqn_stage2
[0.967s] -- Up-to-date: /home/tomo/ae7785-intro-to-robo/ros2_ws/install/turtlebot3_gazebo/share/turtlebot3_gazebo//worlds/turtlebot3_dqn_stage2/burger.model
[0.968s] -- Up-to-date: /home/tomo/ae7785-intro-to-robo/ros2_ws/install/turtlebot3_gazebo/share/turtlebot3_gazebo//worlds/turtlebot3_dqn_stage2/waffle.model
[0.968s] -- Up-to-date: /home/tomo/ae7785-intro-to-robo/ros2_ws/install/turtlebot3_gazebo/share/turtlebot3_gazebo//worlds/turtlebot3_dqn_stage2/waffle_pi.model
[0.968s] -- Up-to-date: /home/tomo/ae7785-intro-to-robo/ros2_ws/install/turtlebot3_gazebo/include/
[0.970s] -- Up-to-date: /home/tomo/ae7785-intro-to-robo/ros2_ws/install/turtlebot3_gazebo/include//turtlebot3_gazebo
[0.970s] -- Up-to-date: /home/tomo/ae7785-intro-to-robo/ros2_ws/install/turtlebot3_gazebo/include//turtlebot3_gazebo/turtlebot3_drive.hpp
[0.970s] -- Up-to-date: /home/tomo/ae7785-intro-to-robo/ros2_ws/install/turtlebot3_gazebo/share/ament_index/resource_index/package_run_dependencies/turtlebot3_gazebo
[0.970s] -- Up-to-date: /home/tomo/ae7785-intro-to-robo/ros2_ws/install/turtlebot3_gazebo/share/ament_index/resource_index/parent_prefix_path/turtlebot3_gazebo
[0.971s] -- Up-to-date: /home/tomo/ae7785-intro-to-robo/ros2_ws/install/turtlebot3_gazebo/share/turtlebot3_gazebo/environment/ament_prefix_path.sh
[0.971s] -- Up-to-date: /home/tomo/ae7785-intro-to-robo/ros2_ws/install/turtlebot3_gazebo/share/turtlebot3_gazebo/environment/ament_prefix_path.dsv
[0.971s] -- Up-to-date: /home/tomo/ae7785-intro-to-robo/ros2_ws/install/turtlebot3_gazebo/share/turtlebot3_gazebo/environment/path.sh
[0.971s] -- Up-to-date: /home/tomo/ae7785-intro-to-robo/ros2_ws/install/turtlebot3_gazebo/share/turtlebot3_gazebo/environment/path.dsv
[0.971s] -- Up-to-date: /home/tomo/ae7785-intro-to-robo/ros2_ws/install/turtlebot3_gazebo/share/turtlebot3_gazebo/local_setup.bash
[0.971s] -- Up-to-date: /home/tomo/ae7785-intro-to-robo/ros2_ws/install/turtlebot3_gazebo/share/turtlebot3_gazebo/local_setup.sh
[0.971s] -- Up-to-date: /home/tomo/ae7785-intro-to-robo/ros2_ws/install/turtlebot3_gazebo/share/turtlebot3_gazebo/local_setup.zsh
[0.971s] -- Up-to-date: /home/tomo/ae7785-intro-to-robo/ros2_ws/install/turtlebot3_gazebo/share/turtlebot3_gazebo/local_setup.dsv
[0.972s] -- Installing: /home/tomo/ae7785-intro-to-robo/ros2_ws/install/turtlebot3_gazebo/share/turtlebot3_gazebo/package.dsv
[0.972s] -- Up-to-date: /home/tomo/ae7785-intro-to-robo/ros2_ws/install/turtlebot3_gazebo/share/ament_index/resource_index/packages/turtlebot3_gazebo
[0.972s] -- Up-to-date: /home/tomo/ae7785-intro-to-robo/ros2_ws/install/turtlebot3_gazebo/share/turtlebot3_gazebo/cmake/ament_cmake_export_include_directories-extras.cmake
[0.972s] -- Up-to-date: /home/tomo/ae7785-intro-to-robo/ros2_ws/install/turtlebot3_gazebo/share/turtlebot3_gazebo/cmake/ament_cmake_export_dependencies-extras.cmake
[0.972s] -- Up-to-date: /home/tomo/ae7785-intro-to-robo/ros2_ws/install/turtlebot3_gazebo/share/turtlebot3_gazebo/cmake/turtlebot3_gazeboConfig.cmake
[0.972s] -- Up-to-date: /home/tomo/ae7785-intro-to-robo/ros2_ws/install/turtlebot3_gazebo/share/turtlebot3_gazebo/cmake/turtlebot3_gazeboConfig-version.cmake
[0.972s] -- Up-to-date: /home/tomo/ae7785-intro-to-robo/ros2_ws/install/turtlebot3_gazebo/share/turtlebot3_gazebo/package.xml
[0.973s] Invoked command in '/home/tomo/ae7785-intro-to-robo/ros2_ws/build/turtlebot3_gazebo' returned '0': CMAKE_PREFIX_PATH=${CMAKE_PREFIX_PATH}:/home/tomo/ae7785-intro-to-robo/turtlesim_ws/install/turtlesim_chaser:/home/tomo/Documents/turtlebot3_ws/install/turtlebot3_teleop:/home/tomo/Documents/turtlebot3_ws/install/turtlebot3_example:/opt/ros/foxy /usr/bin/cmake --install /home/tomo/ae7785-intro-to-robo/ros2_ws/build/turtlebot3_gazebo
