[0.133s] Invoking command in '/home/tomo/Documents/ae7785-intro-to-robo/ros2_demo_ws/build/my_cpp_pkg': AMENT_PREFIX_PATH=/home/tomo/Documents/ae7785-intro-to-robo/ros2_demo_ws/install/my_robot_interfaces:${AMENT_PREFIX_PATH} CMAKE_PREFIX_PATH=/home/tomo/Documents/ae7785-intro-to-robo/ros2_demo_ws/install/my_robot_interfaces:/home/tomo/Documents/ae7785-intro-to-robo/ros2_demo_ws/install/my_cpp_pkg:/home/tomo/Documents/turtlebot3_ws/install/turtlebot3:/home/tomo/Documents/turtlebot3_ws/install/turtlebot3_simulations:/home/tomo/Documents/turtlebot3_ws/install/turtlebot3_bringup:/home/tomo/Documents/turtlebot3_ws/install/turtlebot3_node:/home/tomo/Documents/turtlebot3_ws/install/turtlebot3_navigation2:/home/tomo/Documents/turtlebot3_ws/install/turtlebot3_fake_node:/home/tomo/Documents/turtlebot3_ws/install/turtlebot3_msgs:/home/tomo/Documents/turtlebot3_ws/install/turtlebot3_gazebo:/home/tomo/Documents/turtlebot3_ws/install/turtlebot3_description:/home/tomo/Documents/turtlebot3_ws/install/turtlebot3_cartographer:/home/tomo/Documents/turtlebot3_ws/install/dynamixel_sdk_examples:/home/tomo/Documents/turtlebot3_ws/install/dynamixel_sdk_custom_interfaces:/home/tomo/Documents/turtlebot3_ws/install/dynamixel_sdk:/home/tomo/Documents/ae7785-intro-to-robo/ros2_demo_ws/install/my_py_pkg:/home/tomo/Documents/turtlebot3_ws/install/turtlebot3_teleop:/home/tomo/Documents/turtlebot3_ws/install/turtlebot3_example:/opt/ros/foxy LD_LIBRARY_PATH=/home/tomo/Documents/ae7785-intro-to-robo/ros2_demo_ws/install/my_robot_interfaces/lib:${LD_LIBRARY_PATH} PYTHONPATH=/home/tomo/Documents/ae7785-intro-to-robo/ros2_demo_ws/install/my_robot_interfaces/lib/python3.8/site-packages:${PYTHONPATH} /usr/bin/cmake --build /home/tomo/Documents/ae7785-intro-to-robo/ros2_demo_ws/build/my_cpp_pkg -- -j6 -l6
[0.198s] -- Found ament_cmake: 0.9.11 (/opt/ros/foxy/share/ament_cmake/cmake)
[0.247s] -- Using PYTHON_EXECUTABLE: /usr/bin/python3
[0.494s] -- Override CMake install command with custom implementation using symlinks instead of copying resources
[0.506s] -- Found rclcpp: 2.4.2 (/opt/ros/foxy/share/rclcpp/cmake)
[0.557s] -- Using all available rosidl_typesupport_c: rosidl_typesupport_fastrtps_c;rosidl_typesupport_introspection_c
[0.564s] -- Found rosidl_adapter: 1.3.0 (/opt/ros/foxy/share/rosidl_adapter/cmake)
[0.746s] -- Using all available rosidl_typesupport_cpp: rosidl_typesupport_fastrtps_cpp;rosidl_typesupport_introspection_cpp
[0.811s] -- Found rmw_implementation_cmake: 1.0.3 (/opt/ros/foxy/share/rmw_implementation_cmake/cmake)
[0.814s] -- Using RMW implementation 'rmw_fastrtps_cpp' as default
[1.058s] -- Found example_interfaces: 0.9.1 (/opt/ros/foxy/share/example_interfaces/cmake)
[1.275s] -- Found my_robot_interfaces: 0.0.0 (/home/tomo/Documents/ae7785-intro-to-robo/ros2_demo_ws/install/my_robot_interfaces/share/my_robot_interfaces/cmake)
[1.439s] -- Configuring done
[1.647s] -- Generating done
[1.655s] -- Build files have been written to: /home/tomo/Documents/ae7785-intro-to-robo/ros2_demo_ws/build/my_cpp_pkg
[1.742s] [  9%] Built target robot_news_station
[1.750s] [ 18%] Built target number_publisher
[1.751s] [ 27%] Built target number_counter
[1.757s] [ 36%] Built target cpp_node
[1.757s] [ 40%] [32mBuilding CXX object CMakeFiles/battery.dir/src/battery.cpp.o[0m
[1.773s] [ 50%] Built target smartphone
[1.784s] [35m[1mScanning dependencies of target hardware_status_publisher[0m
[1.820s] [ 59%] Built target add_two_ints_client
[1.824s] [ 68%] Built target add_two_ints_server
[1.829s] [ 77%] Built target add_two_ints_client_no_oop
[1.835s] [35m[1mScanning dependencies of target led_panel[0m
[1.879s] [ 81%] [32mBuilding CXX object CMakeFiles/hardware_status_publisher.dir/src/hw_status_publisher.cpp.o[0m
[1.902s] [ 86%] [32mBuilding CXX object CMakeFiles/led_panel.dir/src/led_panel.cpp.o[0m
[2.020s] [01m[K/home/tomo/Documents/ae7785-intro-to-robo/ros2_demo_ws/src/my_cpp_pkg/src/battery.cpp:2:10:[m[K [01;31m[Kfatal error: [m[Kmy_robot_interfaces/srv/set_led.hpp: No such file or directory
[2.021s]     2 | #include [01;31m[K"my_robot_interfaces/srv/set_led.hpp"[m[K
[2.021s]       |          [01;31m[K^~~~~~~~~~~~~~~~~~~~~~~~~~~~~~~~~~~~~[m[K
[2.023s] compilation terminated.
[2.026s] make[2]: *** [CMakeFiles/battery.dir/build.make:63: CMakeFiles/battery.dir/src/battery.cpp.o] Error 1
[2.026s] make[1]: *** [CMakeFiles/Makefile2:260: CMakeFiles/battery.dir/all] Error 2
[2.027s] make[1]: *** Waiting for unfinished jobs....
[2.045s] [01m[K/home/tomo/Documents/ae7785-intro-to-robo/ros2_demo_ws/src/my_cpp_pkg/src/led_panel.cpp:2:10:[m[K [01;31m[Kfatal error: [m[Kmy_robot_interfaces/msg/led_state_array.hpp: No such file or directory
[2.046s]     2 | #include [01;31m[K"my_robot_interfaces/msg/led_state_array.hpp"[m[K
[2.046s]       |          [01;31m[K^~~~~~~~~~~~~~~~~~~~~~~~~~~~~~~~~~~~~~~~~~~~~[m[K
[2.046s] compilation terminated.
[2.048s] make[2]: *** [CMakeFiles/led_panel.dir/build.make:63: CMakeFiles/led_panel.dir/src/led_panel.cpp.o] Error 1
[2.049s] make[1]: *** [CMakeFiles/Makefile2:422: CMakeFiles/led_panel.dir/all] Error 2
[5.610s] [ 90%] [32m[1mLinking CXX executable hardware_status_publisher[0m
[5.980s] [ 90%] Built target hardware_status_publisher
[5.982s] make: *** [Makefile:141: all] Error 2
[5.988s] Invoked command in '/home/tomo/Documents/ae7785-intro-to-robo/ros2_demo_ws/build/my_cpp_pkg' returned '2': AMENT_PREFIX_PATH=/home/tomo/Documents/ae7785-intro-to-robo/ros2_demo_ws/install/my_robot_interfaces:${AMENT_PREFIX_PATH} CMAKE_PREFIX_PATH=/home/tomo/Documents/ae7785-intro-to-robo/ros2_demo_ws/install/my_robot_interfaces:/home/tomo/Documents/ae7785-intro-to-robo/ros2_demo_ws/install/my_cpp_pkg:/home/tomo/Documents/turtlebot3_ws/install/turtlebot3:/home/tomo/Documents/turtlebot3_ws/install/turtlebot3_simulations:/home/tomo/Documents/turtlebot3_ws/install/turtlebot3_bringup:/home/tomo/Documents/turtlebot3_ws/install/turtlebot3_node:/home/tomo/Documents/turtlebot3_ws/install/turtlebot3_navigation2:/home/tomo/Documents/turtlebot3_ws/install/turtlebot3_fake_node:/home/tomo/Documents/turtlebot3_ws/install/turtlebot3_msgs:/home/tomo/Documents/turtlebot3_ws/install/turtlebot3_gazebo:/home/tomo/Documents/turtlebot3_ws/install/turtlebot3_description:/home/tomo/Documents/turtlebot3_ws/install/turtlebot3_cartographer:/home/tomo/Documents/turtlebot3_ws/install/dynamixel_sdk_examples:/home/tomo/Documents/turtlebot3_ws/install/dynamixel_sdk_custom_interfaces:/home/tomo/Documents/turtlebot3_ws/install/dynamixel_sdk:/home/tomo/Documents/ae7785-intro-to-robo/ros2_demo_ws/install/my_py_pkg:/home/tomo/Documents/turtlebot3_ws/install/turtlebot3_teleop:/home/tomo/Documents/turtlebot3_ws/install/turtlebot3_example:/opt/ros/foxy LD_LIBRARY_PATH=/home/tomo/Documents/ae7785-intro-to-robo/ros2_demo_ws/install/my_robot_interfaces/lib:${LD_LIBRARY_PATH} PYTHONPATH=/home/tomo/Documents/ae7785-intro-to-robo/ros2_demo_ws/install/my_robot_interfaces/lib/python3.8/site-packages:${PYTHONPATH} /usr/bin/cmake --build /home/tomo/Documents/ae7785-intro-to-robo/ros2_demo_ws/build/my_cpp_pkg -- -j6 -l6
