[0.027s] Invoking command in '/home/tomo/Documents/ae7785-intro-to-robo/ros2_demo_ws/build/my_robot_interfaces': CMAKE_PREFIX_PATH=${CMAKE_PREFIX_PATH}:/home/tomo/Documents/ae7785-intro-to-robo/ros2_demo_ws/install/my_py_pkg:/home/tomo/Documents/turtlebot3_ws/install/turtlebot3_teleop:/home/tomo/Documents/turtlebot3_ws/install/turtlebot3_example:/opt/ros/foxy /usr/bin/cmake --build /home/tomo/Documents/ae7785-intro-to-robo/ros2_demo_ws/build/my_robot_interfaces -- -j6 -l6
[0.077s] -- Found ament_cmake: 0.9.11 (/opt/ros/foxy/share/ament_cmake/cmake)
[0.126s] -- Using PYTHON_EXECUTABLE: /usr/bin/python3
[0.384s] -- Found rosidl_default_generators: 1.0.1 (/opt/ros/foxy/share/rosidl_default_generators/cmake)
[0.394s] -- Using all available rosidl_typesupport_c: rosidl_typesupport_fastrtps_c;rosidl_typesupport_introspection_c
[0.399s] -- Found rosidl_adapter: 1.3.0 (/opt/ros/foxy/share/rosidl_adapter/cmake)
[0.658s] -- Using all available rosidl_typesupport_cpp: rosidl_typesupport_fastrtps_cpp;rosidl_typesupport_introspection_cpp
[0.866s] -- Found PythonInterp: /usr/bin/python3 (found version "3.8.10") 
[1.200s] CMake Error at /opt/ros/foxy/share/rosidl_adapter/cmake/rosidl_adapt_interfaces.cmake:60 (message):
[1.200s]   execute_process(/usr/bin/python3 -m rosidl_adapter --package-name
[1.200s]   my_robot_interfaces --arguments-file
[1.201s]   /home/tomo/Documents/ae7785-intro-to-robo/ros2_demo_ws/build/my_robot_interfaces/rosidl_adapter__arguments__my_robot_interfaces.json
[1.201s]   --output-dir
[1.201s]   /home/tomo/Documents/ae7785-intro-to-robo/ros2_demo_ws/build/my_robot_interfaces/rosidl_adapter/my_robot_interfaces
[1.202s]   --output-file
[1.202s]   /home/tomo/Documents/ae7785-intro-to-robo/ros2_demo_ws/build/my_robot_interfaces/rosidl_adapter/my_robot_interfaces.idls)
[1.202s]   returned error code 1:
[1.202s] 
[1.203s]   Traceback (most recent call last):
[1.203s] 
[1.204s]     File "/usr/lib/python3.8/runpy.py", line 194, in _run_module_as_main
[1.204s]       return _run_code(code, main_globals, None,
[1.204s]     File "/usr/lib/python3.8/runpy.py", line 87, in _run_code
[1.204s]       exec(code, run_globals)
[1.205s]     File "/opt/ros/foxy/lib/python3.8/site-packages/rosidl_adapter/__main__.py", line 19, in <module>
[1.205s]       sys.exit(main())
[1.205s]     File "/opt/ros/foxy/lib/python3.8/site-packages/rosidl_adapter/main.py", line 53, in main
[1.205s]       abs_idl_file = convert_to_idl(
[1.206s]     File "/opt/ros/foxy/lib/python3.8/site-packages/rosidl_adapter/__init__.py", line 24, in convert_to_idl
[1.206s]       return convert_srv_to_idl(
[1.206s]     File "/opt/ros/foxy/lib/python3.8/site-packages/rosidl_adapter/srv/__init__.py", line 28, in convert_srv_to_idl
[1.207s]       srv = parse_service_string(package_name, input_file.stem, content)
[1.207s]     File "/opt/ros/foxy/lib/python3.8/site-packages/rosidl_adapter/parser.py", line 843, in parse_service_string
[1.207s]       raise InvalidServiceSpecification(
[1.207s] 
[1.207s]   rosidl_adapter.parser.InvalidServiceSpecification: Could not find separator
[1.208s]   '---' between request and response
[1.208s] 
[1.208s] Call Stack (most recent call first):
[1.208s]   /opt/ros/foxy/share/rosidl_cmake/cmake/rosidl_generate_interfaces.cmake:130 (rosidl_adapt_interfaces)
[1.208s]   CMakeLists.txt:20 (rosidl_generate_interfaces)
[1.208s] 
[1.208s] 
[1.209s] -- Configuring incomplete, errors occurred!
[1.209s] See also "/home/tomo/Documents/ae7785-intro-to-robo/ros2_demo_ws/build/my_robot_interfaces/CMakeFiles/CMakeOutput.log".
[1.215s] make: *** [Makefile:988: cmake_check_build_system] Error 1
[1.218s] Invoked command in '/home/tomo/Documents/ae7785-intro-to-robo/ros2_demo_ws/build/my_robot_interfaces' returned '2': CMAKE_PREFIX_PATH=${CMAKE_PREFIX_PATH}:/home/tomo/Documents/ae7785-intro-to-robo/ros2_demo_ws/install/my_py_pkg:/home/tomo/Documents/turtlebot3_ws/install/turtlebot3_teleop:/home/tomo/Documents/turtlebot3_ws/install/turtlebot3_example:/opt/ros/foxy /usr/bin/cmake --build /home/tomo/Documents/ae7785-intro-to-robo/ros2_demo_ws/build/my_robot_interfaces -- -j6 -l6
