[1.172s] Invoking command in '/home/tomo/ae7785-intro-to-robo/turtlesim_ws/src/turtlesim_chaser': PYTHONPATH=/home/tomo/ae7785-intro-to-robo/turtlesim_ws/build/turtlesim_chaser/prefix_override:/home/tomo/ae7785-intro-to-robo/turtlesim_ws/install/turtlesim_chaser/lib/python3.8/site-packages:${PYTHONPATH} /usr/bin/python3 setup.py egg_info --egg-base ../../build/turtlesim_chaser build --build-base /home/tomo/ae7785-intro-to-robo/turtlesim_ws/build/turtlesim_chaser/build install --record /home/tomo/ae7785-intro-to-robo/turtlesim_ws/build/turtlesim_chaser/install.log --install-scripts $base/lib/turtlesim_chaser --single-version-externally-managed
[1.513s] running egg_info
[1.514s] writing ../../build/turtlesim_chaser/turtlesim_chaser.egg-info/PKG-INFO
[1.515s] writing dependency_links to ../../build/turtlesim_chaser/turtlesim_chaser.egg-info/dependency_links.txt
[1.516s] writing entry points to ../../build/turtlesim_chaser/turtlesim_chaser.egg-info/entry_points.txt
[1.516s] writing requirements to ../../build/turtlesim_chaser/turtlesim_chaser.egg-info/requires.txt
[1.517s] writing top-level names to ../../build/turtlesim_chaser/turtlesim_chaser.egg-info/top_level.txt
[1.572s] reading manifest file '../../build/turtlesim_chaser/turtlesim_chaser.egg-info/SOURCES.txt'
[1.575s] writing manifest file '../../build/turtlesim_chaser/turtlesim_chaser.egg-info/SOURCES.txt'
[1.576s] running build
[1.578s] running build_py
[1.578s] running install
[1.579s] running install_lib
[1.581s] running install_data
[1.582s] copying package.xml -> /home/tomo/ae7785-intro-to-robo/turtlesim_ws/install/turtlesim_chaser/share/turtlesim_chaser
[1.582s] running install_egg_info
[1.585s] removing '/home/tomo/ae7785-intro-to-robo/turtlesim_ws/install/turtlesim_chaser/lib/python3.8/site-packages/turtlesim_chaser-0.0.0-py3.8.egg-info' (and everything under it)
[1.585s] Copying ../../build/turtlesim_chaser/turtlesim_chaser.egg-info to /home/tomo/ae7785-intro-to-robo/turtlesim_ws/install/turtlesim_chaser/lib/python3.8/site-packages/turtlesim_chaser-0.0.0-py3.8.egg-info
[1.587s] running install_scripts
[1.611s] Installing turtle_controller script to /home/tomo/ae7785-intro-to-robo/turtlesim_ws/install/turtlesim_chaser/lib/turtlesim_chaser
[1.612s] writing list of installed files to '/home/tomo/ae7785-intro-to-robo/turtlesim_ws/build/turtlesim_chaser/install.log'
[1.638s] Invoked command in '/home/tomo/ae7785-intro-to-robo/turtlesim_ws/src/turtlesim_chaser' returned '0': PYTHONPATH=/home/tomo/ae7785-intro-to-robo/turtlesim_ws/build/turtlesim_chaser/prefix_override:/home/tomo/ae7785-intro-to-robo/turtlesim_ws/install/turtlesim_chaser/lib/python3.8/site-packages:${PYTHONPATH} /usr/bin/python3 setup.py egg_info --egg-base ../../build/turtlesim_chaser build --build-base /home/tomo/ae7785-intro-to-robo/turtlesim_ws/build/turtlesim_chaser/build install --record /home/tomo/ae7785-intro-to-robo/turtlesim_ws/build/turtlesim_chaser/install.log --install-scripts $base/lib/turtlesim_chaser --single-version-externally-managed
