[0.093s] Invoking command in '/home/tomo/ae7785-intro-to-robo/turtlesim_cpp_ws/build/turtlesim_cpp_bringup': CMAKE_PREFIX_PATH=${CMAKE_PREFIX_PATH}:/home/tomo/ae7785-intro-to-robo/turtlesim_ws/install/turtlesim_chaser:/home/tomo/Documents/turtlebot3_ws/install/turtlebot3_teleop:/home/tomo/Documents/turtlebot3_ws/install/turtlebot3_example:/opt/ros/foxy /usr/bin/cmake --build /home/tomo/ae7785-intro-to-robo/turtlesim_cpp_ws/build/turtlesim_cpp_bringup -- -j6 -l6
[0.261s] Invoked command in '/home/tomo/ae7785-intro-to-robo/turtlesim_cpp_ws/build/turtlesim_cpp_bringup' returned '0': CMAKE_PREFIX_PATH=${CMAKE_PREFIX_PATH}:/home/tomo/ae7785-intro-to-robo/turtlesim_ws/install/turtlesim_chaser:/home/tomo/Documents/turtlebot3_ws/install/turtlebot3_teleop:/home/tomo/Documents/turtlebot3_ws/install/turtlebot3_example:/opt/ros/foxy /usr/bin/cmake --build /home/tomo/ae7785-intro-to-robo/turtlesim_cpp_ws/build/turtlesim_cpp_bringup -- -j6 -l6
[0.423s] Invoking command in '/home/tomo/ae7785-intro-to-robo/turtlesim_cpp_ws/build/turtlesim_cpp_bringup': CMAKE_PREFIX_PATH=${CMAKE_PREFIX_PATH}:/home/tomo/ae7785-intro-to-robo/turtlesim_ws/install/turtlesim_chaser:/home/tomo/Documents/turtlebot3_ws/install/turtlebot3_teleop:/home/tomo/Documents/turtlebot3_ws/install/turtlebot3_example:/opt/ros/foxy /usr/bin/cmake --install /home/tomo/ae7785-intro-to-robo/turtlesim_cpp_ws/build/turtlesim_cpp_bringup
[0.453s] -- Install configuration: ""
[0.453s] -- Up-to-date: /home/tomo/ae7785-intro-to-robo/turtlesim_cpp_ws/install/turtlesim_cpp_bringup/share/ament_index/resource_index/package_run_dependencies/turtlesim_cpp_bringup
[0.454s] -- Up-to-date: /home/tomo/ae7785-intro-to-robo/turtlesim_cpp_ws/install/turtlesim_cpp_bringup/share/ament_index/resource_index/parent_prefix_path/turtlesim_cpp_bringup
[0.454s] -- Up-to-date: /home/tomo/ae7785-intro-to-robo/turtlesim_cpp_ws/install/turtlesim_cpp_bringup/share/turtlesim_cpp_bringup/environment/ament_prefix_path.sh
[0.454s] -- Up-to-date: /home/tomo/ae7785-intro-to-robo/turtlesim_cpp_ws/install/turtlesim_cpp_bringup/share/turtlesim_cpp_bringup/environment/ament_prefix_path.dsv
[0.455s] -- Up-to-date: /home/tomo/ae7785-intro-to-robo/turtlesim_cpp_ws/install/turtlesim_cpp_bringup/share/turtlesim_cpp_bringup/environment/path.sh
[0.456s] -- Up-to-date: /home/tomo/ae7785-intro-to-robo/turtlesim_cpp_ws/install/turtlesim_cpp_bringup/share/turtlesim_cpp_bringup/environment/path.dsv
[0.456s] -- Up-to-date: /home/tomo/ae7785-intro-to-robo/turtlesim_cpp_ws/install/turtlesim_cpp_bringup/share/turtlesim_cpp_bringup/local_setup.bash
[0.457s] -- Up-to-date: /home/tomo/ae7785-intro-to-robo/turtlesim_cpp_ws/install/turtlesim_cpp_bringup/share/turtlesim_cpp_bringup/local_setup.sh
[0.457s] -- Up-to-date: /home/tomo/ae7785-intro-to-robo/turtlesim_cpp_ws/install/turtlesim_cpp_bringup/share/turtlesim_cpp_bringup/local_setup.zsh
[0.457s] -- Up-to-date: /home/tomo/ae7785-intro-to-robo/turtlesim_cpp_ws/install/turtlesim_cpp_bringup/share/turtlesim_cpp_bringup/local_setup.dsv
[0.458s] -- Installing: /home/tomo/ae7785-intro-to-robo/turtlesim_cpp_ws/install/turtlesim_cpp_bringup/share/turtlesim_cpp_bringup/package.dsv
[0.458s] -- Up-to-date: /home/tomo/ae7785-intro-to-robo/turtlesim_cpp_ws/install/turtlesim_cpp_bringup/share/ament_index/resource_index/packages/turtlesim_cpp_bringup
[0.459s] -- Up-to-date: /home/tomo/ae7785-intro-to-robo/turtlesim_cpp_ws/install/turtlesim_cpp_bringup/share/turtlesim_cpp_bringup/cmake/turtlesim_cpp_bringupConfig.cmake
[0.459s] -- Up-to-date: /home/tomo/ae7785-intro-to-robo/turtlesim_cpp_ws/install/turtlesim_cpp_bringup/share/turtlesim_cpp_bringup/cmake/turtlesim_cpp_bringupConfig-version.cmake
[0.459s] -- Up-to-date: /home/tomo/ae7785-intro-to-robo/turtlesim_cpp_ws/install/turtlesim_cpp_bringup/share/turtlesim_cpp_bringup/package.xml
[0.472s] Invoked command in '/home/tomo/ae7785-intro-to-robo/turtlesim_cpp_ws/build/turtlesim_cpp_bringup' returned '0': CMAKE_PREFIX_PATH=${CMAKE_PREFIX_PATH}:/home/tomo/ae7785-intro-to-robo/turtlesim_ws/install/turtlesim_chaser:/home/tomo/Documents/turtlebot3_ws/install/turtlebot3_teleop:/home/tomo/Documents/turtlebot3_ws/install/turtlebot3_example:/opt/ros/foxy /usr/bin/cmake --install /home/tomo/ae7785-intro-to-robo/turtlesim_cpp_ws/build/turtlesim_cpp_bringup
