[0.077s] Invoking command in '/home/tomo/ae7785-intro-to-robo/turtlesim_cpp_ws/build/turtlesim_cpp_chaser': AMENT_PREFIX_PATH=/home/tomo/ae7785-intro-to-robo/turtlesim_cpp_ws/install/turtlesim_cpp_interfaces:${AMENT_PREFIX_PATH} CMAKE_PREFIX_PATH=/home/tomo/ae7785-intro-to-robo/turtlesim_cpp_ws/install/turtlesim_cpp_interfaces:/home/tomo/ae7785-intro-to-robo/turtlesim_cpp_ws/install/turtlesim_cpp_chaser:/home/tomo/ae7785-intro-to-robo/turtlesim_ws/install/turtlesim_bringup:/home/tomo/ae7785-intro-to-robo/turtlesim_ws/install/turtlesim_interfaces:/home/tomo/ae7785-intro-to-robo/turtlesim_ws/install/my_robot_interfaces:/home/tomo/Documents/turtlebot3_ws/install/turtlebot3:/home/tomo/Documents/turtlebot3_ws/install/turtlebot3_simulations:/home/tomo/Documents/turtlebot3_ws/install/turtlebot3_bringup:/home/tomo/Documents/turtlebot3_ws/install/turtlebot3_node:/home/tomo/Documents/turtlebot3_ws/install/turtlebot3_navigation2:/home/tomo/Documents/turtlebot3_ws/install/turtlebot3_fake_node:/home/tomo/Documents/turtlebot3_ws/install/turtlebot3_msgs:/home/tomo/Documents/turtlebot3_ws/install/turtlebot3_gazebo:/home/tomo/Documents/turtlebot3_ws/install/turtlebot3_description:/home/tomo/Documents/turtlebot3_ws/install/turtlebot3_cartographer:/home/tomo/Documents/turtlebot3_ws/install/dynamixel_sdk_examples:/home/tomo/Documents/turtlebot3_ws/install/dynamixel_sdk_custom_interfaces:/home/tomo/Documents/turtlebot3_ws/install/dynamixel_sdk:/home/tomo/ae7785-intro-to-robo/turtlesim_ws/install/turtlesim_chaser:/home/tomo/Documents/turtlebot3_ws/install/turtlebot3_teleop:/home/tomo/Documents/turtlebot3_ws/install/turtlebot3_example:/opt/ros/foxy /usr/bin/cmake --build /home/tomo/ae7785-intro-to-robo/turtlesim_cpp_ws/build/turtlesim_cpp_chaser -- -j6 -l6
[0.129s] -- Found ament_cmake: 0.9.11 (/opt/ros/foxy/share/ament_cmake/cmake)
[0.185s] -- Using PYTHON_EXECUTABLE: /usr/bin/python3
[0.730s] -- Found rclcpp: 2.4.2 (/opt/ros/foxy/share/rclcpp/cmake)
[0.926s] -- Using all available rosidl_typesupport_c: rosidl_typesupport_fastrtps_c;rosidl_typesupport_introspection_c
[1.022s] -- Found rosidl_adapter: 1.3.0 (/opt/ros/foxy/share/rosidl_adapter/cmake)
[1.367s] -- Using all available rosidl_typesupport_cpp: rosidl_typesupport_fastrtps_cpp;rosidl_typesupport_introspection_cpp
[1.527s] -- Found rmw_implementation_cmake: 1.0.3 (/opt/ros/foxy/share/rmw_implementation_cmake/cmake)
[1.533s] -- Using RMW implementation 'rmw_fastrtps_cpp' as default
[1.889s] CMake Error at /opt/ros/foxy/share/ament_cmake_target_dependencies/cmake/ament_target_dependencies.cmake:77 (message):
[1.889s]   ament_target_dependencies() the passed package name 'turtlesim' was not
[1.890s]   found before
[1.890s] Call Stack (most recent call first):
[1.890s]   CMakeLists.txt:18 (ament_target_dependencies)
[1.890s] 
[1.890s] 
[1.890s] -- Configuring incomplete, errors occurred!
[1.890s] See also "/home/tomo/ae7785-intro-to-robo/turtlesim_cpp_ws/build/turtlesim_cpp_chaser/CMakeFiles/CMakeOutput.log".
[1.890s] See also "/home/tomo/ae7785-intro-to-robo/turtlesim_cpp_ws/build/turtlesim_cpp_chaser/CMakeFiles/CMakeError.log".
[1.897s] make: *** [Makefile:222: cmake_check_build_system] Error 1
[1.904s] Invoked command in '/home/tomo/ae7785-intro-to-robo/turtlesim_cpp_ws/build/turtlesim_cpp_chaser' returned '2': AMENT_PREFIX_PATH=/home/tomo/ae7785-intro-to-robo/turtlesim_cpp_ws/install/turtlesim_cpp_interfaces:${AMENT_PREFIX_PATH} CMAKE_PREFIX_PATH=/home/tomo/ae7785-intro-to-robo/turtlesim_cpp_ws/install/turtlesim_cpp_interfaces:/home/tomo/ae7785-intro-to-robo/turtlesim_cpp_ws/install/turtlesim_cpp_chaser:/home/tomo/ae7785-intro-to-robo/turtlesim_ws/install/turtlesim_bringup:/home/tomo/ae7785-intro-to-robo/turtlesim_ws/install/turtlesim_interfaces:/home/tomo/ae7785-intro-to-robo/turtlesim_ws/install/my_robot_interfaces:/home/tomo/Documents/turtlebot3_ws/install/turtlebot3:/home/tomo/Documents/turtlebot3_ws/install/turtlebot3_simulations:/home/tomo/Documents/turtlebot3_ws/install/turtlebot3_bringup:/home/tomo/Documents/turtlebot3_ws/install/turtlebot3_node:/home/tomo/Documents/turtlebot3_ws/install/turtlebot3_navigation2:/home/tomo/Documents/turtlebot3_ws/install/turtlebot3_fake_node:/home/tomo/Documents/turtlebot3_ws/install/turtlebot3_msgs:/home/tomo/Documents/turtlebot3_ws/install/turtlebot3_gazebo:/home/tomo/Documents/turtlebot3_ws/install/turtlebot3_description:/home/tomo/Documents/turtlebot3_ws/install/turtlebot3_cartographer:/home/tomo/Documents/turtlebot3_ws/install/dynamixel_sdk_examples:/home/tomo/Documents/turtlebot3_ws/install/dynamixel_sdk_custom_interfaces:/home/tomo/Documents/turtlebot3_ws/install/dynamixel_sdk:/home/tomo/ae7785-intro-to-robo/turtlesim_ws/install/turtlesim_chaser:/home/tomo/Documents/turtlebot3_ws/install/turtlebot3_teleop:/home/tomo/Documents/turtlebot3_ws/install/turtlebot3_example:/opt/ros/foxy /usr/bin/cmake --build /home/tomo/ae7785-intro-to-robo/turtlesim_cpp_ws/build/turtlesim_cpp_chaser -- -j6 -l6
