[0.571s] Invoking command in '/home/tomo/ae7785-intro-to-robo/ros2_ws/build/object_follower_bringup': CMAKE_PREFIX_PATH=${CMAKE_PREFIX_PATH}:/home/tomo/ae7785-intro-to-robo/ros2_ws/install/team99_object_follower:/opt/ros/foxy /usr/bin/cmake --build /home/tomo/ae7785-intro-to-robo/ros2_ws/build/object_follower_bringup -- -j6 -l6
[0.654s] Invoked command in '/home/tomo/ae7785-intro-to-robo/ros2_ws/build/object_follower_bringup' returned '0': CMAKE_PREFIX_PATH=${CMAKE_PREFIX_PATH}:/home/tomo/ae7785-intro-to-robo/ros2_ws/install/team99_object_follower:/opt/ros/foxy /usr/bin/cmake --build /home/tomo/ae7785-intro-to-robo/ros2_ws/build/object_follower_bringup -- -j6 -l6
[0.741s] Invoking command in '/home/tomo/ae7785-intro-to-robo/ros2_ws/build/object_follower_bringup': CMAKE_PREFIX_PATH=${CMAKE_PREFIX_PATH}:/home/tomo/ae7785-intro-to-robo/ros2_ws/install/team99_object_follower:/opt/ros/foxy /usr/bin/cmake --install /home/tomo/ae7785-intro-to-robo/ros2_ws/build/object_follower_bringup
[0.753s] -- Install configuration: ""
[0.755s] -- Up-to-date: /home/tomo/ae7785-intro-to-robo/ros2_ws/install/object_follower_bringup/share/object_follower_bringup/launch
[0.756s] -- Installing: /home/tomo/ae7785-intro-to-robo/ros2_ws/install/object_follower_bringup/share/object_follower_bringup/launch/object_follower.launch.py
[0.758s] -- Up-to-date: /home/tomo/ae7785-intro-to-robo/ros2_ws/install/object_follower_bringup/share/ament_index/resource_index/package_run_dependencies/object_follower_bringup
[0.759s] -- Up-to-date: /home/tomo/ae7785-intro-to-robo/ros2_ws/install/object_follower_bringup/share/ament_index/resource_index/parent_prefix_path/object_follower_bringup
[0.761s] -- Up-to-date: /home/tomo/ae7785-intro-to-robo/ros2_ws/install/object_follower_bringup/share/object_follower_bringup/environment/ament_prefix_path.sh
[0.762s] -- Up-to-date: /home/tomo/ae7785-intro-to-robo/ros2_ws/install/object_follower_bringup/share/object_follower_bringup/environment/ament_prefix_path.dsv
[0.774s] -- Up-to-date: /home/tomo/ae7785-intro-to-robo/ros2_ws/install/object_follower_bringup/share/object_follower_bringup/environment/path.sh
[0.775s] -- Up-to-date: /home/tomo/ae7785-intro-to-robo/ros2_ws/install/object_follower_bringup/share/object_follower_bringup/environment/path.dsv
[0.777s] -- Up-to-date: /home/tomo/ae7785-intro-to-robo/ros2_ws/install/object_follower_bringup/share/object_follower_bringup/local_setup.bash
[0.778s] -- Up-to-date: /home/tomo/ae7785-intro-to-robo/ros2_ws/install/object_follower_bringup/share/object_follower_bringup/local_setup.sh
[0.779s] -- Up-to-date: /home/tomo/ae7785-intro-to-robo/ros2_ws/install/object_follower_bringup/share/object_follower_bringup/local_setup.zsh
[0.779s] -- Up-to-date: /home/tomo/ae7785-intro-to-robo/ros2_ws/install/object_follower_bringup/share/object_follower_bringup/local_setup.dsv
[0.780s] -- Installing: /home/tomo/ae7785-intro-to-robo/ros2_ws/install/object_follower_bringup/share/object_follower_bringup/package.dsv
[0.780s] -- Up-to-date: /home/tomo/ae7785-intro-to-robo/ros2_ws/install/object_follower_bringup/share/ament_index/resource_index/packages/object_follower_bringup
[0.780s] -- Up-to-date: /home/tomo/ae7785-intro-to-robo/ros2_ws/install/object_follower_bringup/share/object_follower_bringup/cmake/object_follower_bringupConfig.cmake
[0.780s] -- Up-to-date: /home/tomo/ae7785-intro-to-robo/ros2_ws/install/object_follower_bringup/share/object_follower_bringup/cmake/object_follower_bringupConfig-version.cmake
[0.780s] -- Up-to-date: /home/tomo/ae7785-intro-to-robo/ros2_ws/install/object_follower_bringup/share/object_follower_bringup/package.xml
[0.784s] Invoked command in '/home/tomo/ae7785-intro-to-robo/ros2_ws/build/object_follower_bringup' returned '0': CMAKE_PREFIX_PATH=${CMAKE_PREFIX_PATH}:/home/tomo/ae7785-intro-to-robo/ros2_ws/install/team99_object_follower:/opt/ros/foxy /usr/bin/cmake --install /home/tomo/ae7785-intro-to-robo/ros2_ws/build/object_follower_bringup
