[0.044s] Invoking command in '/home/tomo/Documents/ae7785-intro-to-robo/ros2_demo_ws/build/my_cpp_pkg': AMENT_PREFIX_PATH=/home/tomo/Documents/ae7785-intro-to-robo/ros2_demo_ws/install/my_robot_interfaces:${AMENT_PREFIX_PATH} CMAKE_PREFIX_PATH=/home/tomo/Documents/ae7785-intro-to-robo/ros2_demo_ws/install/my_robot_interfaces:/home/tomo/Documents/ae7785-intro-to-robo/ros2_demo_ws/install/my_cpp_pkg:/home/tomo/Documents/turtlebot3_ws/install/turtlebot3:/home/tomo/Documents/turtlebot3_ws/install/turtlebot3_simulations:/home/tomo/Documents/turtlebot3_ws/install/turtlebot3_bringup:/home/tomo/Documents/turtlebot3_ws/install/turtlebot3_node:/home/tomo/Documents/turtlebot3_ws/install/turtlebot3_navigation2:/home/tomo/Documents/turtlebot3_ws/install/turtlebot3_fake_node:/home/tomo/Documents/turtlebot3_ws/install/turtlebot3_msgs:/home/tomo/Documents/turtlebot3_ws/install/turtlebot3_gazebo:/home/tomo/Documents/turtlebot3_ws/install/turtlebot3_description:/home/tomo/Documents/turtlebot3_ws/install/turtlebot3_cartographer:/home/tomo/Documents/turtlebot3_ws/install/dynamixel_sdk_examples:/home/tomo/Documents/turtlebot3_ws/install/dynamixel_sdk_custom_interfaces:/home/tomo/Documents/turtlebot3_ws/install/dynamixel_sdk:/home/tomo/Documents/ae7785-intro-to-robo/ros2_demo_ws/install/my_py_pkg:/home/tomo/Documents/turtlebot3_ws/install/turtlebot3_teleop:/home/tomo/Documents/turtlebot3_ws/install/turtlebot3_example:/opt/ros/foxy LD_LIBRARY_PATH=/home/tomo/Documents/ae7785-intro-to-robo/ros2_demo_ws/install/my_robot_interfaces/lib:${LD_LIBRARY_PATH} PYTHONPATH=/home/tomo/Documents/ae7785-intro-to-robo/ros2_demo_ws/install/my_robot_interfaces/lib/python3.8/site-packages:${PYTHONPATH} /usr/bin/cmake --build /home/tomo/Documents/ae7785-intro-to-robo/ros2_demo_ws/build/my_cpp_pkg -- -j6 -l6
[0.224s] [  9%] Built target number_counter
[0.231s] [ 13%] [32mBuilding CXX object CMakeFiles/battery.dir/src/battery.cpp.o[0m
[0.250s] [ 22%] Built target cpp_node
[0.251s] [ 31%] Built target number_publisher
[0.263s] [ 40%] Built target smartphone
[0.268s] [ 50%] Built target robot_news_station
[0.327s] [ 59%] Built target add_two_ints_server
[0.348s] [ 68%] Built target add_two_ints_client
[0.362s] [ 72%] [32mBuilding CXX object CMakeFiles/led_panel.dir/src/led_panel.cpp.o[0m
[0.372s] [ 81%] Built target add_two_ints_client_no_oop
[0.378s] [ 90%] Built target hardware_status_publisher
[0.510s] [01m[K/home/tomo/Documents/ae7785-intro-to-robo/ros2_demo_ws/src/my_cpp_pkg/src/battery.cpp:2:10:[m[K [01;31m[Kfatal error: [m[Kmy_robot_interfaces/srv/set_led.hpp: No such file or directory
[0.510s]     2 | #include [01;31m[K"my_robot_interfaces/srv/set_led.hpp"[m[K
[0.510s]       |          [01;31m[K^~~~~~~~~~~~~~~~~~~~~~~~~~~~~~~~~~~~~[m[K
[0.510s] compilation terminated.
[0.517s] make[2]: *** [CMakeFiles/battery.dir/build.make:63: CMakeFiles/battery.dir/src/battery.cpp.o] Error 1
[0.518s] make[1]: *** [CMakeFiles/Makefile2:260: CMakeFiles/battery.dir/all] Error 2
[0.519s] make[1]: *** Waiting for unfinished jobs....
[0.578s] [01m[K/home/tomo/Documents/ae7785-intro-to-robo/ros2_demo_ws/src/my_cpp_pkg/src/led_panel.cpp:2:10:[m[K [01;31m[Kfatal error: [m[Kmy_robot_interfaces/msg/led_state_array.hpp: No such file or directory
[0.578s]     2 | #include [01;31m[K"my_robot_interfaces/msg/led_state_array.hpp"[m[K
[0.578s]       |          [01;31m[K^~~~~~~~~~~~~~~~~~~~~~~~~~~~~~~~~~~~~~~~~~~~~[m[K
[0.579s] compilation terminated.
[0.581s] make[2]: *** [CMakeFiles/led_panel.dir/build.make:63: CMakeFiles/led_panel.dir/src/led_panel.cpp.o] Error 1
[0.582s] make[1]: *** [CMakeFiles/Makefile2:422: CMakeFiles/led_panel.dir/all] Error 2
[0.587s] make: *** [Makefile:141: all] Error 2
[0.589s] Invoked command in '/home/tomo/Documents/ae7785-intro-to-robo/ros2_demo_ws/build/my_cpp_pkg' returned '2': AMENT_PREFIX_PATH=/home/tomo/Documents/ae7785-intro-to-robo/ros2_demo_ws/install/my_robot_interfaces:${AMENT_PREFIX_PATH} CMAKE_PREFIX_PATH=/home/tomo/Documents/ae7785-intro-to-robo/ros2_demo_ws/install/my_robot_interfaces:/home/tomo/Documents/ae7785-intro-to-robo/ros2_demo_ws/install/my_cpp_pkg:/home/tomo/Documents/turtlebot3_ws/install/turtlebot3:/home/tomo/Documents/turtlebot3_ws/install/turtlebot3_simulations:/home/tomo/Documents/turtlebot3_ws/install/turtlebot3_bringup:/home/tomo/Documents/turtlebot3_ws/install/turtlebot3_node:/home/tomo/Documents/turtlebot3_ws/install/turtlebot3_navigation2:/home/tomo/Documents/turtlebot3_ws/install/turtlebot3_fake_node:/home/tomo/Documents/turtlebot3_ws/install/turtlebot3_msgs:/home/tomo/Documents/turtlebot3_ws/install/turtlebot3_gazebo:/home/tomo/Documents/turtlebot3_ws/install/turtlebot3_description:/home/tomo/Documents/turtlebot3_ws/install/turtlebot3_cartographer:/home/tomo/Documents/turtlebot3_ws/install/dynamixel_sdk_examples:/home/tomo/Documents/turtlebot3_ws/install/dynamixel_sdk_custom_interfaces:/home/tomo/Documents/turtlebot3_ws/install/dynamixel_sdk:/home/tomo/Documents/ae7785-intro-to-robo/ros2_demo_ws/install/my_py_pkg:/home/tomo/Documents/turtlebot3_ws/install/turtlebot3_teleop:/home/tomo/Documents/turtlebot3_ws/install/turtlebot3_example:/opt/ros/foxy LD_LIBRARY_PATH=/home/tomo/Documents/ae7785-intro-to-robo/ros2_demo_ws/install/my_robot_interfaces/lib:${LD_LIBRARY_PATH} PYTHONPATH=/home/tomo/Documents/ae7785-intro-to-robo/ros2_demo_ws/install/my_robot_interfaces/lib/python3.8/site-packages:${PYTHONPATH} /usr/bin/cmake --build /home/tomo/Documents/ae7785-intro-to-robo/ros2_demo_ws/build/my_cpp_pkg -- -j6 -l6
