[0.058s] Invoking command in '/home/tomo/ae7785-intro-to-robo/turtlesim_cpp_ws/build/turtlesim_cpp_interfaces': CMAKE_PREFIX_PATH=${CMAKE_PREFIX_PATH}:/home/tomo/ae7785-intro-to-robo/turtlesim_ws/install/turtlesim_chaser:/home/tomo/Documents/turtlebot3_ws/install/turtlebot3_teleop:/home/tomo/Documents/turtlebot3_ws/install/turtlebot3_example:/opt/ros/foxy /usr/bin/cmake --build /home/tomo/ae7785-intro-to-robo/turtlesim_cpp_ws/build/turtlesim_cpp_interfaces -- -j6 -l6
[0.174s] [  2%] Built target turtlesim_cpp_interfaces__cpp
[0.174s] [ 12%] Built target turtlesim_cpp_interfaces__rosidl_generator_c
[0.219s] [ 23%] Built target turtlesim_cpp_interfaces__rosidl_typesupport_cpp
[0.220s] [ 34%] Built target turtlesim_cpp_interfaces__rosidl_typesupport_introspection_cpp
[0.237s] [ 44%] Built target turtlesim_cpp_interfaces__rosidl_typesupport_c
[0.246s] [ 55%] Built target turtlesim_cpp_interfaces__rosidl_typesupport_introspection_c
[0.257s] [ 65%] Built target turtlesim_cpp_interfaces__rosidl_typesupport_fastrtps_cpp
[0.315s] [ 76%] Built target turtlesim_cpp_interfaces__rosidl_typesupport_fastrtps_c
[0.371s] [ 76%] Built target turtlesim_cpp_interfaces
[0.431s] [ 78%] Built target turtlesim_cpp_interfaces__py
[0.484s] [ 87%] Built target turtlesim_cpp_interfaces__python
[0.541s] [ 91%] Built target turtlesim_cpp_interfaces__rosidl_typesupport_introspection_c__pyext
[0.545s] [ 95%] Built target turtlesim_cpp_interfaces__rosidl_typesupport_fastrtps_c__pyext
[0.546s] [100%] Built target turtlesim_cpp_interfaces__rosidl_typesupport_c__pyext
[0.589s] Invoked command in '/home/tomo/ae7785-intro-to-robo/turtlesim_cpp_ws/build/turtlesim_cpp_interfaces' returned '0': CMAKE_PREFIX_PATH=${CMAKE_PREFIX_PATH}:/home/tomo/ae7785-intro-to-robo/turtlesim_ws/install/turtlesim_chaser:/home/tomo/Documents/turtlebot3_ws/install/turtlebot3_teleop:/home/tomo/Documents/turtlebot3_ws/install/turtlebot3_example:/opt/ros/foxy /usr/bin/cmake --build /home/tomo/ae7785-intro-to-robo/turtlesim_cpp_ws/build/turtlesim_cpp_interfaces -- -j6 -l6
[0.827s] Invoking command in '/home/tomo/ae7785-intro-to-robo/turtlesim_cpp_ws/build/turtlesim_cpp_interfaces': CMAKE_PREFIX_PATH=${CMAKE_PREFIX_PATH}:/home/tomo/ae7785-intro-to-robo/turtlesim_ws/install/turtlesim_chaser:/home/tomo/Documents/turtlebot3_ws/install/turtlebot3_teleop:/home/tomo/Documents/turtlebot3_ws/install/turtlebot3_example:/opt/ros/foxy /usr/bin/cmake --install /home/tomo/ae7785-intro-to-robo/turtlesim_cpp_ws/build/turtlesim_cpp_interfaces
[0.847s] -- Install configuration: ""
[0.848s] -- Up-to-date: /home/tomo/ae7785-intro-to-robo/turtlesim_cpp_ws/install/turtlesim_cpp_interfaces/share/ament_index/resource_index/rosidl_interfaces/turtlesim_cpp_interfaces
[0.849s] -- Up-to-date: /home/tomo/ae7785-intro-to-robo/turtlesim_cpp_ws/install/turtlesim_cpp_interfaces/include/turtlesim_cpp_interfaces
[0.849s] -- Up-to-date: /home/tomo/ae7785-intro-to-robo/turtlesim_cpp_ws/install/turtlesim_cpp_interfaces/include/turtlesim_cpp_interfaces/srv
[0.850s] -- Up-to-date: /home/tomo/ae7785-intro-to-robo/turtlesim_cpp_ws/install/turtlesim_cpp_interfaces/include/turtlesim_cpp_interfaces/srv/catch_turtle.h
[0.850s] -- Up-to-date: /home/tomo/ae7785-intro-to-robo/turtlesim_cpp_ws/install/turtlesim_cpp_interfaces/include/turtlesim_cpp_interfaces/srv/detail
[0.851s] -- Up-to-date: /home/tomo/ae7785-intro-to-robo/turtlesim_cpp_ws/install/turtlesim_cpp_interfaces/include/turtlesim_cpp_interfaces/srv/detail/catch_turtle__functions.h
[0.851s] -- Up-to-date: /home/tomo/ae7785-intro-to-robo/turtlesim_cpp_ws/install/turtlesim_cpp_interfaces/include/turtlesim_cpp_interfaces/srv/detail/catch_turtle__struct.h
[0.851s] -- Up-to-date: /home/tomo/ae7785-intro-to-robo/turtlesim_cpp_ws/install/turtlesim_cpp_interfaces/include/turtlesim_cpp_interfaces/srv/detail/catch_turtle__type_support.h
[0.852s] -- Up-to-date: /home/tomo/ae7785-intro-to-robo/turtlesim_cpp_ws/install/turtlesim_cpp_interfaces/include/turtlesim_cpp_interfaces/srv/detail/catch_turtle__functions.c
[0.852s] -- Up-to-date: /home/tomo/ae7785-intro-to-robo/turtlesim_cpp_ws/install/turtlesim_cpp_interfaces/include/turtlesim_cpp_interfaces/msg
[0.852s] -- Up-to-date: /home/tomo/ae7785-intro-to-robo/turtlesim_cpp_ws/install/turtlesim_cpp_interfaces/include/turtlesim_cpp_interfaces/msg/rosidl_generator_c__visibility_control.h
[0.853s] -- Up-to-date: /home/tomo/ae7785-intro-to-robo/turtlesim_cpp_ws/install/turtlesim_cpp_interfaces/include/turtlesim_cpp_interfaces/msg/turtle.h
[0.853s] -- Up-to-date: /home/tomo/ae7785-intro-to-robo/turtlesim_cpp_ws/install/turtlesim_cpp_interfaces/include/turtlesim_cpp_interfaces/msg/turtle_array.h
[0.853s] -- Up-to-date: /home/tomo/ae7785-intro-to-robo/turtlesim_cpp_ws/install/turtlesim_cpp_interfaces/include/turtlesim_cpp_interfaces/msg/detail
[0.854s] -- Up-to-date: /home/tomo/ae7785-intro-to-robo/turtlesim_cpp_ws/install/turtlesim_cpp_interfaces/include/turtlesim_cpp_interfaces/msg/detail/turtle_array__functions.c
[0.854s] -- Up-to-date: /home/tomo/ae7785-intro-to-robo/turtlesim_cpp_ws/install/turtlesim_cpp_interfaces/include/turtlesim_cpp_interfaces/msg/detail/turtle__functions.h
[0.855s] -- Up-to-date: /home/tomo/ae7785-intro-to-robo/turtlesim_cpp_ws/install/turtlesim_cpp_interfaces/include/turtlesim_cpp_interfaces/msg/detail/turtle__type_support.h
[0.855s] -- Up-to-date: /home/tomo/ae7785-intro-to-robo/turtlesim_cpp_ws/install/turtlesim_cpp_interfaces/include/turtlesim_cpp_interfaces/msg/detail/turtle_array__struct.h
[0.855s] -- Up-to-date: /home/tomo/ae7785-intro-to-robo/turtlesim_cpp_ws/install/turtlesim_cpp_interfaces/include/turtlesim_cpp_interfaces/msg/detail/turtle__struct.h
[0.856s] -- Up-to-date: /home/tomo/ae7785-intro-to-robo/turtlesim_cpp_ws/install/turtlesim_cpp_interfaces/include/turtlesim_cpp_interfaces/msg/detail/turtle_array__type_support.h
[0.856s] -- Up-to-date: /home/tomo/ae7785-intro-to-robo/turtlesim_cpp_ws/install/turtlesim_cpp_interfaces/include/turtlesim_cpp_interfaces/msg/detail/turtle__functions.c
[0.856s] -- Up-to-date: /home/tomo/ae7785-intro-to-robo/turtlesim_cpp_ws/install/turtlesim_cpp_interfaces/include/turtlesim_cpp_interfaces/msg/detail/turtle_array__functions.h
[0.857s] -- Up-to-date: /home/tomo/ae7785-intro-to-robo/turtlesim_cpp_ws/install/turtlesim_cpp_interfaces/share/turtlesim_cpp_interfaces/environment/library_path.sh
[0.857s] -- Up-to-date: /home/tomo/ae7785-intro-to-robo/turtlesim_cpp_ws/install/turtlesim_cpp_interfaces/share/turtlesim_cpp_interfaces/environment/library_path.dsv
[0.857s] -- Up-to-date: /home/tomo/ae7785-intro-to-robo/turtlesim_cpp_ws/install/turtlesim_cpp_interfaces/lib/libturtlesim_cpp_interfaces__rosidl_generator_c.so
[0.858s] -- Up-to-date: /home/tomo/ae7785-intro-to-robo/turtlesim_cpp_ws/install/turtlesim_cpp_interfaces/include/turtlesim_cpp_interfaces
[0.858s] -- Up-to-date: /home/tomo/ae7785-intro-to-robo/turtlesim_cpp_ws/install/turtlesim_cpp_interfaces/include/turtlesim_cpp_interfaces/srv
[0.858s] -- Up-to-date: /home/tomo/ae7785-intro-to-robo/turtlesim_cpp_ws/install/turtlesim_cpp_interfaces/include/turtlesim_cpp_interfaces/srv/detail
[0.858s] -- Up-to-date: /home/tomo/ae7785-intro-to-robo/turtlesim_cpp_ws/install/turtlesim_cpp_interfaces/include/turtlesim_cpp_interfaces/srv/detail/catch_turtle__rosidl_typesupport_fastrtps_c.h
[0.858s] -- Up-to-date: /home/tomo/ae7785-intro-to-robo/turtlesim_cpp_ws/install/turtlesim_cpp_interfaces/include/turtlesim_cpp_interfaces/msg
[0.859s] -- Up-to-date: /home/tomo/ae7785-intro-to-robo/turtlesim_cpp_ws/install/turtlesim_cpp_interfaces/include/turtlesim_cpp_interfaces/msg/detail
[0.859s] -- Up-to-date: /home/tomo/ae7785-intro-to-robo/turtlesim_cpp_ws/install/turtlesim_cpp_interfaces/include/turtlesim_cpp_interfaces/msg/detail/turtle__rosidl_typesupport_fastrtps_c.h
[0.859s] -- Up-to-date: /home/tomo/ae7785-intro-to-robo/turtlesim_cpp_ws/install/turtlesim_cpp_interfaces/include/turtlesim_cpp_interfaces/msg/detail/turtle_array__rosidl_typesupport_fastrtps_c.h
[0.860s] -- Up-to-date: /home/tomo/ae7785-intro-to-robo/turtlesim_cpp_ws/install/turtlesim_cpp_interfaces/include/turtlesim_cpp_interfaces/msg/rosidl_typesupport_fastrtps_c__visibility_control.h
[0.860s] -- Up-to-date: /home/tomo/ae7785-intro-to-robo/turtlesim_cpp_ws/install/turtlesim_cpp_interfaces/lib/libturtlesim_cpp_interfaces__rosidl_typesupport_fastrtps_c.so
[0.860s] -- Up-to-date: /home/tomo/ae7785-intro-to-robo/turtlesim_cpp_ws/install/turtlesim_cpp_interfaces/include/turtlesim_cpp_interfaces
[0.861s] -- Up-to-date: /home/tomo/ae7785-intro-to-robo/turtlesim_cpp_ws/install/turtlesim_cpp_interfaces/include/turtlesim_cpp_interfaces/srv
[0.861s] -- Up-to-date: /home/tomo/ae7785-intro-to-robo/turtlesim_cpp_ws/install/turtlesim_cpp_interfaces/include/turtlesim_cpp_interfaces/srv/detail
[0.861s] -- Up-to-date: /home/tomo/ae7785-intro-to-robo/turtlesim_cpp_ws/install/turtlesim_cpp_interfaces/include/turtlesim_cpp_interfaces/srv/detail/catch_turtle__rosidl_typesupport_fastrtps_cpp.hpp
[0.861s] -- Up-to-date: /home/tomo/ae7785-intro-to-robo/turtlesim_cpp_ws/install/turtlesim_cpp_interfaces/include/turtlesim_cpp_interfaces/srv/detail/dds_fastrtps
[0.861s] -- Up-to-date: /home/tomo/ae7785-intro-to-robo/turtlesim_cpp_ws/install/turtlesim_cpp_interfaces/include/turtlesim_cpp_interfaces/msg
[0.862s] -- Up-to-date: /home/tomo/ae7785-intro-to-robo/turtlesim_cpp_ws/install/turtlesim_cpp_interfaces/include/turtlesim_cpp_interfaces/msg/rosidl_typesupport_fastrtps_cpp__visibility_control.h
[0.862s] -- Up-to-date: /home/tomo/ae7785-intro-to-robo/turtlesim_cpp_ws/install/turtlesim_cpp_interfaces/include/turtlesim_cpp_interfaces/msg/detail
[0.862s] -- Up-to-date: /home/tomo/ae7785-intro-to-robo/turtlesim_cpp_ws/install/turtlesim_cpp_interfaces/include/turtlesim_cpp_interfaces/msg/detail/turtle__rosidl_typesupport_fastrtps_cpp.hpp
[0.863s] -- Up-to-date: /home/tomo/ae7785-intro-to-robo/turtlesim_cpp_ws/install/turtlesim_cpp_interfaces/include/turtlesim_cpp_interfaces/msg/detail/turtle_array__rosidl_typesupport_fastrtps_cpp.hpp
[0.863s] -- Up-to-date: /home/tomo/ae7785-intro-to-robo/turtlesim_cpp_ws/install/turtlesim_cpp_interfaces/include/turtlesim_cpp_interfaces/msg/detail/dds_fastrtps
[0.863s] -- Up-to-date: /home/tomo/ae7785-intro-to-robo/turtlesim_cpp_ws/install/turtlesim_cpp_interfaces/lib/libturtlesim_cpp_interfaces__rosidl_typesupport_fastrtps_cpp.so
[0.864s] -- Up-to-date: /home/tomo/ae7785-intro-to-robo/turtlesim_cpp_ws/install/turtlesim_cpp_interfaces/include/turtlesim_cpp_interfaces
[0.864s] -- Up-to-date: /home/tomo/ae7785-intro-to-robo/turtlesim_cpp_ws/install/turtlesim_cpp_interfaces/include/turtlesim_cpp_interfaces/srv
[0.864s] -- Up-to-date: /home/tomo/ae7785-intro-to-robo/turtlesim_cpp_ws/install/turtlesim_cpp_interfaces/include/turtlesim_cpp_interfaces/srv/detail
[0.865s] -- Up-to-date: /home/tomo/ae7785-intro-to-robo/turtlesim_cpp_ws/install/turtlesim_cpp_interfaces/include/turtlesim_cpp_interfaces/srv/detail/catch_turtle__rosidl_typesupport_introspection_c.h
[0.865s] -- Up-to-date: /home/tomo/ae7785-intro-to-robo/turtlesim_cpp_ws/install/turtlesim_cpp_interfaces/include/turtlesim_cpp_interfaces/srv/detail/catch_turtle__type_support.c
[0.865s] -- Up-to-date: /home/tomo/ae7785-intro-to-robo/turtlesim_cpp_ws/install/turtlesim_cpp_interfaces/include/turtlesim_cpp_interfaces/msg
[0.866s] -- Up-to-date: /home/tomo/ae7785-intro-to-robo/turtlesim_cpp_ws/install/turtlesim_cpp_interfaces/include/turtlesim_cpp_interfaces/msg/rosidl_typesupport_introspection_c__visibility_control.h
[0.866s] -- Up-to-date: /home/tomo/ae7785-intro-to-robo/turtlesim_cpp_ws/install/turtlesim_cpp_interfaces/include/turtlesim_cpp_interfaces/msg/detail
[0.866s] -- Up-to-date: /home/tomo/ae7785-intro-to-robo/turtlesim_cpp_ws/install/turtlesim_cpp_interfaces/include/turtlesim_cpp_interfaces/msg/detail/turtle_array__type_support.c
[0.867s] -- Up-to-date: /home/tomo/ae7785-intro-to-robo/turtlesim_cpp_ws/install/turtlesim_cpp_interfaces/include/turtlesim_cpp_interfaces/msg/detail/turtle__rosidl_typesupport_introspection_c.h
[0.867s] -- Up-to-date: /home/tomo/ae7785-intro-to-robo/turtlesim_cpp_ws/install/turtlesim_cpp_interfaces/include/turtlesim_cpp_interfaces/msg/detail/turtle_array__rosidl_typesupport_introspection_c.h
[0.867s] -- Up-to-date: /home/tomo/ae7785-intro-to-robo/turtlesim_cpp_ws/install/turtlesim_cpp_interfaces/include/turtlesim_cpp_interfaces/msg/detail/turtle__type_support.c
[0.867s] -- Up-to-date: /home/tomo/ae7785-intro-to-robo/turtlesim_cpp_ws/install/turtlesim_cpp_interfaces/lib/libturtlesim_cpp_interfaces__rosidl_typesupport_introspection_c.so
[0.868s] -- Up-to-date: /home/tomo/ae7785-intro-to-robo/turtlesim_cpp_ws/install/turtlesim_cpp_interfaces/lib/libturtlesim_cpp_interfaces__rosidl_typesupport_c.so
[0.868s] -- Up-to-date: /home/tomo/ae7785-intro-to-robo/turtlesim_cpp_ws/install/turtlesim_cpp_interfaces/include/turtlesim_cpp_interfaces
[0.869s] -- Up-to-date: /home/tomo/ae7785-intro-to-robo/turtlesim_cpp_ws/install/turtlesim_cpp_interfaces/include/turtlesim_cpp_interfaces/srv
[0.869s] -- Up-to-date: /home/tomo/ae7785-intro-to-robo/turtlesim_cpp_ws/install/turtlesim_cpp_interfaces/include/turtlesim_cpp_interfaces/srv/detail
[0.869s] -- Up-to-date: /home/tomo/ae7785-intro-to-robo/turtlesim_cpp_ws/install/turtlesim_cpp_interfaces/include/turtlesim_cpp_interfaces/srv/detail/catch_turtle__builder.hpp
[0.870s] -- Up-to-date: /home/tomo/ae7785-intro-to-robo/turtlesim_cpp_ws/install/turtlesim_cpp_interfaces/include/turtlesim_cpp_interfaces/srv/detail/catch_turtle__traits.hpp
[0.870s] -- Up-to-date: /home/tomo/ae7785-intro-to-robo/turtlesim_cpp_ws/install/turtlesim_cpp_interfaces/include/turtlesim_cpp_interfaces/srv/detail/catch_turtle__struct.hpp
[0.870s] -- Up-to-date: /home/tomo/ae7785-intro-to-robo/turtlesim_cpp_ws/install/turtlesim_cpp_interfaces/include/turtlesim_cpp_interfaces/srv/catch_turtle.hpp
[0.871s] -- Up-to-date: /home/tomo/ae7785-intro-to-robo/turtlesim_cpp_ws/install/turtlesim_cpp_interfaces/include/turtlesim_cpp_interfaces/msg
[0.871s] -- Up-to-date: /home/tomo/ae7785-intro-to-robo/turtlesim_cpp_ws/install/turtlesim_cpp_interfaces/include/turtlesim_cpp_interfaces/msg/turtle.hpp
[0.872s] -- Up-to-date: /home/tomo/ae7785-intro-to-robo/turtlesim_cpp_ws/install/turtlesim_cpp_interfaces/include/turtlesim_cpp_interfaces/msg/turtle_array.hpp
[0.872s] -- Up-to-date: /home/tomo/ae7785-intro-to-robo/turtlesim_cpp_ws/install/turtlesim_cpp_interfaces/include/turtlesim_cpp_interfaces/msg/detail
[0.872s] -- Up-to-date: /home/tomo/ae7785-intro-to-robo/turtlesim_cpp_ws/install/turtlesim_cpp_interfaces/include/turtlesim_cpp_interfaces/msg/detail/turtle__builder.hpp
[0.873s] -- Up-to-date: /home/tomo/ae7785-intro-to-robo/turtlesim_cpp_ws/install/turtlesim_cpp_interfaces/include/turtlesim_cpp_interfaces/msg/detail/turtle__struct.hpp
[0.873s] -- Up-to-date: /home/tomo/ae7785-intro-to-robo/turtlesim_cpp_ws/install/turtlesim_cpp_interfaces/include/turtlesim_cpp_interfaces/msg/detail/turtle_array__traits.hpp
[0.873s] -- Up-to-date: /home/tomo/ae7785-intro-to-robo/turtlesim_cpp_ws/install/turtlesim_cpp_interfaces/include/turtlesim_cpp_interfaces/msg/detail/turtle_array__builder.hpp
[0.874s] -- Up-to-date: /home/tomo/ae7785-intro-to-robo/turtlesim_cpp_ws/install/turtlesim_cpp_interfaces/include/turtlesim_cpp_interfaces/msg/detail/turtle__traits.hpp
[0.874s] -- Up-to-date: /home/tomo/ae7785-intro-to-robo/turtlesim_cpp_ws/install/turtlesim_cpp_interfaces/include/turtlesim_cpp_interfaces/msg/detail/turtle_array__struct.hpp
[0.874s] -- Up-to-date: /home/tomo/ae7785-intro-to-robo/turtlesim_cpp_ws/install/turtlesim_cpp_interfaces/include/turtlesim_cpp_interfaces
[0.874s] -- Up-to-date: /home/tomo/ae7785-intro-to-robo/turtlesim_cpp_ws/install/turtlesim_cpp_interfaces/include/turtlesim_cpp_interfaces/srv
[0.875s] -- Up-to-date: /home/tomo/ae7785-intro-to-robo/turtlesim_cpp_ws/install/turtlesim_cpp_interfaces/include/turtlesim_cpp_interfaces/srv/detail
[0.875s] -- Up-to-date: /home/tomo/ae7785-intro-to-robo/turtlesim_cpp_ws/install/turtlesim_cpp_interfaces/include/turtlesim_cpp_interfaces/srv/detail/catch_turtle__type_support.cpp
[0.875s] -- Up-to-date: /home/tomo/ae7785-intro-to-robo/turtlesim_cpp_ws/install/turtlesim_cpp_interfaces/include/turtlesim_cpp_interfaces/srv/detail/catch_turtle__rosidl_typesupport_introspection_cpp.hpp
[0.875s] -- Up-to-date: /home/tomo/ae7785-intro-to-robo/turtlesim_cpp_ws/install/turtlesim_cpp_interfaces/include/turtlesim_cpp_interfaces/msg
[0.875s] -- Up-to-date: /home/tomo/ae7785-intro-to-robo/turtlesim_cpp_ws/install/turtlesim_cpp_interfaces/include/turtlesim_cpp_interfaces/msg/detail
[0.876s] -- Up-to-date: /home/tomo/ae7785-intro-to-robo/turtlesim_cpp_ws/install/turtlesim_cpp_interfaces/include/turtlesim_cpp_interfaces/msg/detail/turtle__rosidl_typesupport_introspection_cpp.hpp
[0.876s] -- Up-to-date: /home/tomo/ae7785-intro-to-robo/turtlesim_cpp_ws/install/turtlesim_cpp_interfaces/include/turtlesim_cpp_interfaces/msg/detail/turtle_array__type_support.cpp
[0.876s] -- Up-to-date: /home/tomo/ae7785-intro-to-robo/turtlesim_cpp_ws/install/turtlesim_cpp_interfaces/include/turtlesim_cpp_interfaces/msg/detail/turtle_array__rosidl_typesupport_introspection_cpp.hpp
[0.877s] -- Up-to-date: /home/tomo/ae7785-intro-to-robo/turtlesim_cpp_ws/install/turtlesim_cpp_interfaces/include/turtlesim_cpp_interfaces/msg/detail/turtle__type_support.cpp
[0.877s] -- Up-to-date: /home/tomo/ae7785-intro-to-robo/turtlesim_cpp_ws/install/turtlesim_cpp_interfaces/lib/libturtlesim_cpp_interfaces__rosidl_typesupport_introspection_cpp.so
[0.877s] -- Up-to-date: /home/tomo/ae7785-intro-to-robo/turtlesim_cpp_ws/install/turtlesim_cpp_interfaces/lib/libturtlesim_cpp_interfaces__rosidl_typesupport_cpp.so
[0.878s] -- Up-to-date: /home/tomo/ae7785-intro-to-robo/turtlesim_cpp_ws/install/turtlesim_cpp_interfaces/share/turtlesim_cpp_interfaces/environment/pythonpath.sh
[0.878s] -- Up-to-date: /home/tomo/ae7785-intro-to-robo/turtlesim_cpp_ws/install/turtlesim_cpp_interfaces/share/turtlesim_cpp_interfaces/environment/pythonpath.dsv
[0.878s] -- Up-to-date: /home/tomo/ae7785-intro-to-robo/turtlesim_cpp_ws/install/turtlesim_cpp_interfaces/lib/python3.8/site-packages/turtlesim_cpp_interfaces/__init__.py
[0.945s] -- Up-to-date: /home/tomo/ae7785-intro-to-robo/turtlesim_cpp_ws/install/turtlesim_cpp_interfaces/lib/python3.8/site-packages/turtlesim_cpp_interfaces/msg
[0.945s] -- Up-to-date: /home/tomo/ae7785-intro-to-robo/turtlesim_cpp_ws/install/turtlesim_cpp_interfaces/lib/python3.8/site-packages/turtlesim_cpp_interfaces/msg/_turtle.py
[0.946s] -- Up-to-date: /home/tomo/ae7785-intro-to-robo/turtlesim_cpp_ws/install/turtlesim_cpp_interfaces/lib/python3.8/site-packages/turtlesim_cpp_interfaces/msg/_turtle_array_s.c
[0.947s] -- Up-to-date: /home/tomo/ae7785-intro-to-robo/turtlesim_cpp_ws/install/turtlesim_cpp_interfaces/lib/python3.8/site-packages/turtlesim_cpp_interfaces/msg/__init__.py
[0.947s] -- Up-to-date: /home/tomo/ae7785-intro-to-robo/turtlesim_cpp_ws/install/turtlesim_cpp_interfaces/lib/python3.8/site-packages/turtlesim_cpp_interfaces/msg/_turtle_array.py
[0.947s] -- Up-to-date: /home/tomo/ae7785-intro-to-robo/turtlesim_cpp_ws/install/turtlesim_cpp_interfaces/lib/python3.8/site-packages/turtlesim_cpp_interfaces/msg/_turtle_s.c
[0.948s] -- Up-to-date: /home/tomo/ae7785-intro-to-robo/turtlesim_cpp_ws/install/turtlesim_cpp_interfaces/lib/python3.8/site-packages/turtlesim_cpp_interfaces/srv
[0.948s] -- Up-to-date: /home/tomo/ae7785-intro-to-robo/turtlesim_cpp_ws/install/turtlesim_cpp_interfaces/lib/python3.8/site-packages/turtlesim_cpp_interfaces/srv/__init__.py
[0.949s] -- Up-to-date: /home/tomo/ae7785-intro-to-robo/turtlesim_cpp_ws/install/turtlesim_cpp_interfaces/lib/python3.8/site-packages/turtlesim_cpp_interfaces/srv/_catch_turtle.py
[0.949s] -- Up-to-date: /home/tomo/ae7785-intro-to-robo/turtlesim_cpp_ws/install/turtlesim_cpp_interfaces/lib/python3.8/site-packages/turtlesim_cpp_interfaces/srv/_catch_turtle_s.c
[0.950s] -- Up-to-date: /home/tomo/ae7785-intro-to-robo/turtlesim_cpp_ws/install/turtlesim_cpp_interfaces/lib/python3.8/site-packages/turtlesim_cpp_interfaces/turtlesim_cpp_interfaces_s__rosidl_typesupport_fastrtps_c.cpython-38-x86_64-linux-gnu.so
[0.951s] -- Up-to-date: /home/tomo/ae7785-intro-to-robo/turtlesim_cpp_ws/install/turtlesim_cpp_interfaces/lib/python3.8/site-packages/turtlesim_cpp_interfaces/turtlesim_cpp_interfaces_s__rosidl_typesupport_introspection_c.cpython-38-x86_64-linux-gnu.so
[0.952s] -- Up-to-date: /home/tomo/ae7785-intro-to-robo/turtlesim_cpp_ws/install/turtlesim_cpp_interfaces/lib/python3.8/site-packages/turtlesim_cpp_interfaces/turtlesim_cpp_interfaces_s__rosidl_typesupport_c.cpython-38-x86_64-linux-gnu.so
[0.953s] -- Up-to-date: /home/tomo/ae7785-intro-to-robo/turtlesim_cpp_ws/install/turtlesim_cpp_interfaces/lib/libturtlesim_cpp_interfaces__python.so
[0.954s] -- Up-to-date: /home/tomo/ae7785-intro-to-robo/turtlesim_cpp_ws/install/turtlesim_cpp_interfaces/share/turtlesim_cpp_interfaces/msg/Turtle.idl
[0.954s] -- Up-to-date: /home/tomo/ae7785-intro-to-robo/turtlesim_cpp_ws/install/turtlesim_cpp_interfaces/share/turtlesim_cpp_interfaces/msg/TurtleArray.idl
[0.955s] -- Up-to-date: /home/tomo/ae7785-intro-to-robo/turtlesim_cpp_ws/install/turtlesim_cpp_interfaces/share/turtlesim_cpp_interfaces/srv/CatchTurtle.idl
[0.955s] -- Up-to-date: /home/tomo/ae7785-intro-to-robo/turtlesim_cpp_ws/install/turtlesim_cpp_interfaces/share/turtlesim_cpp_interfaces/msg/Turtle.msg
[0.956s] -- Up-to-date: /home/tomo/ae7785-intro-to-robo/turtlesim_cpp_ws/install/turtlesim_cpp_interfaces/share/turtlesim_cpp_interfaces/msg/TurtleArray.msg
[0.956s] -- Up-to-date: /home/tomo/ae7785-intro-to-robo/turtlesim_cpp_ws/install/turtlesim_cpp_interfaces/share/turtlesim_cpp_interfaces/srv/CatchTurtle.srv
[0.957s] -- Up-to-date: /home/tomo/ae7785-intro-to-robo/turtlesim_cpp_ws/install/turtlesim_cpp_interfaces/share/turtlesim_cpp_interfaces/srv/CatchTurtle_Request.msg
[0.957s] -- Up-to-date: /home/tomo/ae7785-intro-to-robo/turtlesim_cpp_ws/install/turtlesim_cpp_interfaces/share/turtlesim_cpp_interfaces/srv/CatchTurtle_Response.msg
[0.958s] -- Up-to-date: /home/tomo/ae7785-intro-to-robo/turtlesim_cpp_ws/install/turtlesim_cpp_interfaces/share/ament_index/resource_index/package_run_dependencies/turtlesim_cpp_interfaces
[0.958s] -- Up-to-date: /home/tomo/ae7785-intro-to-robo/turtlesim_cpp_ws/install/turtlesim_cpp_interfaces/share/ament_index/resource_index/parent_prefix_path/turtlesim_cpp_interfaces
[0.959s] -- Up-to-date: /home/tomo/ae7785-intro-to-robo/turtlesim_cpp_ws/install/turtlesim_cpp_interfaces/share/turtlesim_cpp_interfaces/environment/ament_prefix_path.sh
[0.959s] -- Up-to-date: /home/tomo/ae7785-intro-to-robo/turtlesim_cpp_ws/install/turtlesim_cpp_interfaces/share/turtlesim_cpp_interfaces/environment/ament_prefix_path.dsv
[0.960s] -- Up-to-date: /home/tomo/ae7785-intro-to-robo/turtlesim_cpp_ws/install/turtlesim_cpp_interfaces/share/turtlesim_cpp_interfaces/environment/path.sh
[0.960s] -- Up-to-date: /home/tomo/ae7785-intro-to-robo/turtlesim_cpp_ws/install/turtlesim_cpp_interfaces/share/turtlesim_cpp_interfaces/environment/path.dsv
[0.960s] -- Up-to-date: /home/tomo/ae7785-intro-to-robo/turtlesim_cpp_ws/install/turtlesim_cpp_interfaces/share/turtlesim_cpp_interfaces/local_setup.bash
[0.961s] -- Up-to-date: /home/tomo/ae7785-intro-to-robo/turtlesim_cpp_ws/install/turtlesim_cpp_interfaces/share/turtlesim_cpp_interfaces/local_setup.sh
[0.961s] -- Up-to-date: /home/tomo/ae7785-intro-to-robo/turtlesim_cpp_ws/install/turtlesim_cpp_interfaces/share/turtlesim_cpp_interfaces/local_setup.zsh
[0.961s] -- Up-to-date: /home/tomo/ae7785-intro-to-robo/turtlesim_cpp_ws/install/turtlesim_cpp_interfaces/share/turtlesim_cpp_interfaces/local_setup.dsv
[0.961s] -- Installing: /home/tomo/ae7785-intro-to-robo/turtlesim_cpp_ws/install/turtlesim_cpp_interfaces/share/turtlesim_cpp_interfaces/package.dsv
[0.962s] -- Up-to-date: /home/tomo/ae7785-intro-to-robo/turtlesim_cpp_ws/install/turtlesim_cpp_interfaces/share/ament_index/resource_index/packages/turtlesim_cpp_interfaces
[0.962s] -- Up-to-date: /home/tomo/ae7785-intro-to-robo/turtlesim_cpp_ws/install/turtlesim_cpp_interfaces/share/turtlesim_cpp_interfaces/cmake/turtlesim_cpp_interfaces__rosidl_generator_cExport.cmake
[0.963s] -- Up-to-date: /home/tomo/ae7785-intro-to-robo/turtlesim_cpp_ws/install/turtlesim_cpp_interfaces/share/turtlesim_cpp_interfaces/cmake/turtlesim_cpp_interfaces__rosidl_generator_cExport-noconfig.cmake
[0.963s] -- Up-to-date: /home/tomo/ae7785-intro-to-robo/turtlesim_cpp_ws/install/turtlesim_cpp_interfaces/share/turtlesim_cpp_interfaces/cmake/turtlesim_cpp_interfaces__rosidl_typesupport_introspection_cExport.cmake
[0.963s] -- Up-to-date: /home/tomo/ae7785-intro-to-robo/turtlesim_cpp_ws/install/turtlesim_cpp_interfaces/share/turtlesim_cpp_interfaces/cmake/turtlesim_cpp_interfaces__rosidl_typesupport_introspection_cExport-noconfig.cmake
[0.963s] -- Up-to-date: /home/tomo/ae7785-intro-to-robo/turtlesim_cpp_ws/install/turtlesim_cpp_interfaces/share/turtlesim_cpp_interfaces/cmake/turtlesim_cpp_interfaces__rosidl_typesupport_cExport.cmake
[0.964s] -- Up-to-date: /home/tomo/ae7785-intro-to-robo/turtlesim_cpp_ws/install/turtlesim_cpp_interfaces/share/turtlesim_cpp_interfaces/cmake/turtlesim_cpp_interfaces__rosidl_typesupport_cExport-noconfig.cmake
[0.965s] -- Up-to-date: /home/tomo/ae7785-intro-to-robo/turtlesim_cpp_ws/install/turtlesim_cpp_interfaces/share/turtlesim_cpp_interfaces/cmake/turtlesim_cpp_interfaces__rosidl_generator_cppExport.cmake
[0.966s] -- Up-to-date: /home/tomo/ae7785-intro-to-robo/turtlesim_cpp_ws/install/turtlesim_cpp_interfaces/share/turtlesim_cpp_interfaces/cmake/turtlesim_cpp_interfaces__rosidl_typesupport_introspection_cppExport.cmake
[0.966s] -- Up-to-date: /home/tomo/ae7785-intro-to-robo/turtlesim_cpp_ws/install/turtlesim_cpp_interfaces/share/turtlesim_cpp_interfaces/cmake/turtlesim_cpp_interfaces__rosidl_typesupport_introspection_cppExport-noconfig.cmake
[0.967s] -- Up-to-date: /home/tomo/ae7785-intro-to-robo/turtlesim_cpp_ws/install/turtlesim_cpp_interfaces/share/turtlesim_cpp_interfaces/cmake/turtlesim_cpp_interfaces__rosidl_typesupport_cppExport.cmake
[0.968s] -- Up-to-date: /home/tomo/ae7785-intro-to-robo/turtlesim_cpp_ws/install/turtlesim_cpp_interfaces/share/turtlesim_cpp_interfaces/cmake/turtlesim_cpp_interfaces__rosidl_typesupport_cppExport-noconfig.cmake
[0.969s] -- Up-to-date: /home/tomo/ae7785-intro-to-robo/turtlesim_cpp_ws/install/turtlesim_cpp_interfaces/share/turtlesim_cpp_interfaces/cmake/rosidl_cmake-extras.cmake
[0.969s] -- Up-to-date: /home/tomo/ae7785-intro-to-robo/turtlesim_cpp_ws/install/turtlesim_cpp_interfaces/share/turtlesim_cpp_interfaces/cmake/ament_cmake_export_dependencies-extras.cmake
[0.970s] -- Up-to-date: /home/tomo/ae7785-intro-to-robo/turtlesim_cpp_ws/install/turtlesim_cpp_interfaces/share/turtlesim_cpp_interfaces/cmake/ament_cmake_export_libraries-extras.cmake
[0.970s] -- Up-to-date: /home/tomo/ae7785-intro-to-robo/turtlesim_cpp_ws/install/turtlesim_cpp_interfaces/share/turtlesim_cpp_interfaces/cmake/ament_cmake_export_targets-extras.cmake
[0.971s] -- Up-to-date: /home/tomo/ae7785-intro-to-robo/turtlesim_cpp_ws/install/turtlesim_cpp_interfaces/share/turtlesim_cpp_interfaces/cmake/ament_cmake_export_include_directories-extras.cmake
[0.971s] -- Up-to-date: /home/tomo/ae7785-intro-to-robo/turtlesim_cpp_ws/install/turtlesim_cpp_interfaces/share/turtlesim_cpp_interfaces/cmake/rosidl_cmake_export_typesupport_libraries-extras.cmake
[0.972s] -- Up-to-date: /home/tomo/ae7785-intro-to-robo/turtlesim_cpp_ws/install/turtlesim_cpp_interfaces/share/turtlesim_cpp_interfaces/cmake/rosidl_cmake_export_typesupport_targets-extras.cmake
[0.972s] -- Up-to-date: /home/tomo/ae7785-intro-to-robo/turtlesim_cpp_ws/install/turtlesim_cpp_interfaces/share/turtlesim_cpp_interfaces/cmake/turtlesim_cpp_interfacesConfig.cmake
[0.972s] -- Up-to-date: /home/tomo/ae7785-intro-to-robo/turtlesim_cpp_ws/install/turtlesim_cpp_interfaces/share/turtlesim_cpp_interfaces/cmake/turtlesim_cpp_interfacesConfig-version.cmake
[0.973s] -- Up-to-date: /home/tomo/ae7785-intro-to-robo/turtlesim_cpp_ws/install/turtlesim_cpp_interfaces/share/turtlesim_cpp_interfaces/package.xml
[1.002s] Invoked command in '/home/tomo/ae7785-intro-to-robo/turtlesim_cpp_ws/build/turtlesim_cpp_interfaces' returned '0': CMAKE_PREFIX_PATH=${CMAKE_PREFIX_PATH}:/home/tomo/ae7785-intro-to-robo/turtlesim_ws/install/turtlesim_chaser:/home/tomo/Documents/turtlebot3_ws/install/turtlebot3_teleop:/home/tomo/Documents/turtlebot3_ws/install/turtlebot3_example:/opt/ros/foxy /usr/bin/cmake --install /home/tomo/ae7785-intro-to-robo/turtlesim_cpp_ws/build/turtlesim_cpp_interfaces
