[0.033s] Invoking command in '/home/tomo/ae7785-intro-to-robo/ros2_ws/build/object_follower_bringup': AMENT_PREFIX_PATH=/home/tomo/ae7785-intro-to-robo/ros2_ws/install/team99_object_follower:/home/tomo/ae7785-intro-to-robo/ros2_gazebo_ws/install/turtlebot3_gazebo:/home/tomo/ae7785-intro-to-robo/ros2_ws/install/team99_object_follower_bringup:/opt/ros/foxy CMAKE_PREFIX_PATH=${CMAKE_PREFIX_PATH}:/home/tomo/ae7785-intro-to-robo/ros2_ws/install/team99_object_follower:/opt/ros/foxy /usr/bin/cmake /home/tomo/ae7785-intro-to-robo/ros2_ws/src/object_follower_bringup -DCMAKE_INSTALL_PREFIX=/home/tomo/ae7785-intro-to-robo/ros2_ws/install/object_follower_bringup
[1.016s] -- The C compiler identification is GNU 9.4.0
[1.741s] -- The CXX compiler identification is GNU 9.4.0
[1.801s] -- Check for working C compiler: /usr/bin/cc
[1.981s] -- Check for working C compiler: /usr/bin/cc -- works
[1.985s] -- Detecting C compiler ABI info
[2.178s] -- Detecting C compiler ABI info - done
[2.202s] -- Detecting C compile features
[2.205s] -- Detecting C compile features - done
[2.236s] -- Check for working CXX compiler: /usr/bin/c++
[2.417s] -- Check for working CXX compiler: /usr/bin/c++ -- works
[2.417s] -- Detecting CXX compiler ABI info
[2.617s] -- Detecting CXX compiler ABI info - done
[2.638s] -- Detecting CXX compile features
[2.639s] -- Detecting CXX compile features - done
[2.773s] -- Found ament_cmake: 0.9.11 (/opt/ros/foxy/share/ament_cmake/cmake)
[2.924s] -- Found PythonInterp: /usr/bin/python3 (found suitable version "3.8.10", minimum required is "3") 
[2.925s] -- Using PYTHON_EXECUTABLE: /usr/bin/python3
[3.602s] -- Configuring done
[3.604s] -- Generating done
[3.606s] -- Build files have been written to: /home/tomo/ae7785-intro-to-robo/ros2_ws/build/object_follower_bringup
[3.614s] Invoked command in '/home/tomo/ae7785-intro-to-robo/ros2_ws/build/object_follower_bringup' returned '0': AMENT_PREFIX_PATH=/home/tomo/ae7785-intro-to-robo/ros2_ws/install/team99_object_follower:/home/tomo/ae7785-intro-to-robo/ros2_gazebo_ws/install/turtlebot3_gazebo:/home/tomo/ae7785-intro-to-robo/ros2_ws/install/team99_object_follower_bringup:/opt/ros/foxy CMAKE_PREFIX_PATH=${CMAKE_PREFIX_PATH}:/home/tomo/ae7785-intro-to-robo/ros2_ws/install/team99_object_follower:/opt/ros/foxy /usr/bin/cmake /home/tomo/ae7785-intro-to-robo/ros2_ws/src/object_follower_bringup -DCMAKE_INSTALL_PREFIX=/home/tomo/ae7785-intro-to-robo/ros2_ws/install/object_follower_bringup
[3.623s] Invoking command in '/home/tomo/ae7785-intro-to-robo/ros2_ws/build/object_follower_bringup': AMENT_PREFIX_PATH=/home/tomo/ae7785-intro-to-robo/ros2_ws/install/team99_object_follower:/home/tomo/ae7785-intro-to-robo/ros2_gazebo_ws/install/turtlebot3_gazebo:/home/tomo/ae7785-intro-to-robo/ros2_ws/install/team99_object_follower_bringup:/opt/ros/foxy CMAKE_PREFIX_PATH=${CMAKE_PREFIX_PATH}:/home/tomo/ae7785-intro-to-robo/ros2_ws/install/team99_object_follower:/opt/ros/foxy /usr/bin/cmake --build /home/tomo/ae7785-intro-to-robo/ros2_ws/build/object_follower_bringup -- -j6 -l6
[3.689s] Invoked command in '/home/tomo/ae7785-intro-to-robo/ros2_ws/build/object_follower_bringup' returned '0': AMENT_PREFIX_PATH=/home/tomo/ae7785-intro-to-robo/ros2_ws/install/team99_object_follower:/home/tomo/ae7785-intro-to-robo/ros2_gazebo_ws/install/turtlebot3_gazebo:/home/tomo/ae7785-intro-to-robo/ros2_ws/install/team99_object_follower_bringup:/opt/ros/foxy CMAKE_PREFIX_PATH=${CMAKE_PREFIX_PATH}:/home/tomo/ae7785-intro-to-robo/ros2_ws/install/team99_object_follower:/opt/ros/foxy /usr/bin/cmake --build /home/tomo/ae7785-intro-to-robo/ros2_ws/build/object_follower_bringup -- -j6 -l6
[3.750s] Invoking command in '/home/tomo/ae7785-intro-to-robo/ros2_ws/build/object_follower_bringup': AMENT_PREFIX_PATH=/home/tomo/ae7785-intro-to-robo/ros2_ws/install/team99_object_follower:/home/tomo/ae7785-intro-to-robo/ros2_gazebo_ws/install/turtlebot3_gazebo:/home/tomo/ae7785-intro-to-robo/ros2_ws/install/team99_object_follower_bringup:/opt/ros/foxy CMAKE_PREFIX_PATH=${CMAKE_PREFIX_PATH}:/home/tomo/ae7785-intro-to-robo/ros2_ws/install/team99_object_follower:/opt/ros/foxy /usr/bin/cmake --install /home/tomo/ae7785-intro-to-robo/ros2_ws/build/object_follower_bringup
[3.766s] -- Install configuration: ""
[3.767s] -- Installing: /home/tomo/ae7785-intro-to-robo/ros2_ws/install/object_follower_bringup/share/object_follower_bringup/launch
[3.767s] -- Installing: /home/tomo/ae7785-intro-to-robo/ros2_ws/install/object_follower_bringup/share/object_follower_bringup/launch/object_follower.launch.py
[3.768s] -- Installing: /home/tomo/ae7785-intro-to-robo/ros2_ws/install/object_follower_bringup/share/ament_index/resource_index/package_run_dependencies/object_follower_bringup
[3.768s] -- Installing: /home/tomo/ae7785-intro-to-robo/ros2_ws/install/object_follower_bringup/share/ament_index/resource_index/parent_prefix_path/object_follower_bringup
[3.769s] -- Installing: /home/tomo/ae7785-intro-to-robo/ros2_ws/install/object_follower_bringup/share/object_follower_bringup/environment/ament_prefix_path.sh
[3.770s] -- Installing: /home/tomo/ae7785-intro-to-robo/ros2_ws/install/object_follower_bringup/share/object_follower_bringup/environment/ament_prefix_path.dsv
[3.770s] -- Installing: /home/tomo/ae7785-intro-to-robo/ros2_ws/install/object_follower_bringup/share/object_follower_bringup/environment/path.sh
[3.771s] -- Installing: /home/tomo/ae7785-intro-to-robo/ros2_ws/install/object_follower_bringup/share/object_follower_bringup/environment/path.dsv
[3.771s] -- Installing: /home/tomo/ae7785-intro-to-robo/ros2_ws/install/object_follower_bringup/share/object_follower_bringup/local_setup.bash
[3.772s] -- Installing: /home/tomo/ae7785-intro-to-robo/ros2_ws/install/object_follower_bringup/share/object_follower_bringup/local_setup.sh
[3.772s] -- Installing: /home/tomo/ae7785-intro-to-robo/ros2_ws/install/object_follower_bringup/share/object_follower_bringup/local_setup.zsh
[3.773s] -- Installing: /home/tomo/ae7785-intro-to-robo/ros2_ws/install/object_follower_bringup/share/object_follower_bringup/local_setup.dsv
[3.773s] -- Installing: /home/tomo/ae7785-intro-to-robo/ros2_ws/install/object_follower_bringup/share/object_follower_bringup/package.dsv
[3.774s] -- Installing: /home/tomo/ae7785-intro-to-robo/ros2_ws/install/object_follower_bringup/share/ament_index/resource_index/packages/object_follower_bringup
[3.774s] -- Installing: /home/tomo/ae7785-intro-to-robo/ros2_ws/install/object_follower_bringup/share/object_follower_bringup/cmake/object_follower_bringupConfig.cmake
[3.776s] -- Installing: /home/tomo/ae7785-intro-to-robo/ros2_ws/install/object_follower_bringup/share/object_follower_bringup/cmake/object_follower_bringupConfig-version.cmake
[3.776s] -- Installing: /home/tomo/ae7785-intro-to-robo/ros2_ws/install/object_follower_bringup/share/object_follower_bringup/package.xml
[3.779s] Invoked command in '/home/tomo/ae7785-intro-to-robo/ros2_ws/build/object_follower_bringup' returned '0': AMENT_PREFIX_PATH=/home/tomo/ae7785-intro-to-robo/ros2_ws/install/team99_object_follower:/home/tomo/ae7785-intro-to-robo/ros2_gazebo_ws/install/turtlebot3_gazebo:/home/tomo/ae7785-intro-to-robo/ros2_ws/install/team99_object_follower_bringup:/opt/ros/foxy CMAKE_PREFIX_PATH=${CMAKE_PREFIX_PATH}:/home/tomo/ae7785-intro-to-robo/ros2_ws/install/team99_object_follower:/opt/ros/foxy /usr/bin/cmake --install /home/tomo/ae7785-intro-to-robo/ros2_ws/build/object_follower_bringup
