[0.033s] Invoking command in '/home/tomo/ae7785-intro-to-robo/ros2_ws/build/turtlebot3_gazebo': CMAKE_PREFIX_PATH=${CMAKE_PREFIX_PATH}:/home/tomo/ae7785-intro-to-robo/turtlesim_ws/install/turtlesim_chaser:/home/tomo/Documents/turtlebot3_ws/install/turtlebot3_teleop:/home/tomo/Documents/turtlebot3_ws/install/turtlebot3_example:/opt/ros/foxy /usr/bin/cmake /home/tomo/ae7785-intro-to-robo/ros2_ws/src/turtlebot3_gazebo -DCMAKE_INSTALL_PREFIX=/home/tomo/ae7785-intro-to-robo/ros2_ws/install/turtlebot3_gazebo
[0.277s] -- The C compiler identification is GNU 9.4.0
[0.377s] -- The CXX compiler identification is GNU 9.4.0
[0.388s] -- Check for working C compiler: /usr/bin/cc
[0.534s] -- Check for working C compiler: /usr/bin/cc -- works
[0.534s] -- Detecting C compiler ABI info
[0.670s] -- Detecting C compiler ABI info - done
[0.680s] -- Detecting C compile features
[0.681s] -- Detecting C compile features - done
[0.684s] -- Check for working CXX compiler: /usr/bin/c++
[0.815s] -- Check for working CXX compiler: /usr/bin/c++ -- works
[0.817s] -- Detecting CXX compiler ABI info
[0.941s] -- Detecting CXX compiler ABI info - done
[0.960s] -- Detecting CXX compile features
[0.961s] -- Detecting CXX compile features - done
[0.969s] -- Found ament_cmake: 0.9.11 (/opt/ros/foxy/share/ament_cmake/cmake)
[1.027s] -- Found PythonInterp: /usr/bin/python3 (found suitable version "3.8.10", minimum required is "3") 
[1.027s] -- Using PYTHON_EXECUTABLE: /usr/bin/python3
[1.368s] -- Found PkgConfig: /usr/bin/pkg-config (found version "0.29.1") 
[1.380s] -- Checking for module 'bullet>=2.82'
[1.416s] --   Found bullet, version 2.88
[1.649s] -- Found ccd: /usr/include (found suitable version "2.0", minimum required is "2.0") 
[1.761s] -- Found fcl: /usr/include (found suitable version "0.5.0", minimum required is "0.3.2") 
[1.877s] -- Found assimp: /usr/include (found version "5.0.0") 
[1.933s] -- Found DART: /usr/include (Required is at least version "6.6") found components: dart 
[2.475s] -- Found Boost: /usr/lib/x86_64-linux-gnu/cmake/Boost-1.71.0/BoostConfig.cmake (found suitable version "1.71.0", minimum required is "1.40.0") found components: thread system filesystem program_options regex iostreams date_time 
[2.527s] -- Found Protobuf: /usr/lib/x86_64-linux-gnu/libprotobuf.so;-lpthread (found version "3.6.1") 
[2.539s] -- Looking for ignition-math6 -- found version 6.13.0
[2.552s] -- Searching for dependencies of ignition-math6
[2.555s] -- Looking for OGRE...
[2.556s] -- OGRE_PREFIX_WATCH changed.
[2.563s] -- Checking for module 'OGRE'
[2.592s] --   Found OGRE, version 1.9.0
[2.670s] -- Found Ogre Ghadamon (1.9.0)
[2.694s] -- Found OGRE: optimized;/usr/lib/x86_64-linux-gnu/libOgreMain.so;debug;/usr/lib/x86_64-linux-gnu/libOgreMain.so
[2.710s] -- Looking for OGRE_Paging...
[2.730s] -- Found OGRE_Paging: optimized;/usr/lib/x86_64-linux-gnu/libOgrePaging.so;debug;/usr/lib/x86_64-linux-gnu/libOgrePaging.so
[2.730s] -- Looking for OGRE_Terrain...
[2.749s] -- Found OGRE_Terrain: optimized;/usr/lib/x86_64-linux-gnu/libOgreTerrain.so;debug;/usr/lib/x86_64-linux-gnu/libOgreTerrain.so
[2.749s] -- Looking for OGRE_Property...
[2.768s] -- Found OGRE_Property: optimized;/usr/lib/x86_64-linux-gnu/libOgreProperty.so;debug;/usr/lib/x86_64-linux-gnu/libOgreProperty.so
[2.769s] -- Looking for OGRE_RTShaderSystem...
[2.784s] -- Found OGRE_RTShaderSystem: optimized;/usr/lib/x86_64-linux-gnu/libOgreRTShaderSystem.so;debug;/usr/lib/x86_64-linux-gnu/libOgreRTShaderSystem.so
[2.785s] -- Looking for OGRE_Volume...
[2.805s] -- Found OGRE_Volume: optimized;/usr/lib/x86_64-linux-gnu/libOgreVolume.so;debug;/usr/lib/x86_64-linux-gnu/libOgreVolume.so
[2.805s] -- Looking for OGRE_Overlay...
[2.825s] -- Found OGRE_Overlay: optimized;/usr/lib/x86_64-linux-gnu/libOgreOverlay.so;debug;/usr/lib/x86_64-linux-gnu/libOgreOverlay.so
[3.188s] -- Looking for ignition-math6 -- found version 6.13.0
[3.196s] -- Looking for ignition-transport8 -- found version 8.3.0
[3.196s] -- Searching for dependencies of ignition-transport8
[3.229s] -- Found Protobuf: /usr/lib/x86_64-linux-gnu/libprotobuf.so;-lpthread (found suitable version "3.6.1", minimum required is "3") 
[3.246s] -- Config-file not installed for ZeroMQ -- checking for pkg-config
[3.253s] -- Checking for module 'libzmq >= 4'
[3.280s] --   Found libzmq , version 4.3.2
[3.347s] -- Found ZeroMQ: TRUE (Required is at least version "4") 
[3.357s] -- Checking for module 'uuid'
[3.391s] --   Found uuid, version 2.34.0
[3.462s] -- Found UUID: TRUE  
[3.468s] -- Looking for ignition-msgs5 -- found version 5.10.0
[3.471s] -- Searching for dependencies of ignition-msgs5
[3.502s] -- Looking for ignition-math6 -- found version 6.13.0
[3.512s] -- Checking for module 'tinyxml2'
[3.547s] --   Found tinyxml2, version 6.2.0
[3.628s] -- Looking for ignition-msgs5 -- found version 5.10.0
[3.634s] -- Looking for ignition-common3 -- found version 3.14.2
[3.635s] -- Searching for dependencies of ignition-common3
[3.637s] -- Looking for dlfcn.h - found
[3.639s] -- Looking for libdl - found
[3.642s] -- Found DL: TRUE  
[3.658s] -- Searching for <ignition-common3> component [graphics]
[3.667s] -- Looking for ignition-common3-graphics -- found version 3.14.2
[3.668s] -- Searching for dependencies of ignition-common3-graphics
[3.669s] -- Looking for ignition-math6 -- found version 6.13.0
[3.677s] -- Looking for ignition-fuel_tools4 -- found version 4.6.0
[3.678s] -- Searching for dependencies of ignition-fuel_tools4
[3.822s] -- Found CURL: /usr/lib/x86_64-linux-gnu/libcurl.so (found version "7.68.0")  
[3.838s] -- Checking for module 'jsoncpp'
[3.865s] --   Found jsoncpp, version 1.7.4
[3.932s] -- Found JSONCPP: TRUE  
[3.944s] -- Checking for module 'libzip'
[3.973s] --   Found libzip, version 1.5.1
[4.053s] -- Found ZIP: TRUE  
[4.054s] -- Looking for ignition-common3 -- found version 3.14.2
[4.055s] -- Looking for ignition-math6 -- found version 6.13.0
[4.056s] -- Looking for ignition-msgs5 -- found version 5.10.0
[4.063s] -- Found gazebo_ros_pkgs: 3.5.3 (/opt/ros/foxy/share/gazebo_ros_pkgs/cmake)
[4.068s] -- Found geometry_msgs: 2.0.5 (/opt/ros/foxy/share/geometry_msgs/cmake)
[4.130s] -- Using all available rosidl_typesupport_c: rosidl_typesupport_fastrtps_c;rosidl_typesupport_introspection_c
[4.145s] -- Found rosidl_adapter: 1.3.0 (/opt/ros/foxy/share/rosidl_adapter/cmake)
[4.330s] -- Found OpenSSL: /usr/lib/x86_64-linux-gnu/libcrypto.so (found version "1.1.1f")  
[4.379s] -- Found FastRTPS: /opt/ros/foxy/include  
[4.546s] -- Using all available rosidl_typesupport_cpp: rosidl_typesupport_fastrtps_cpp;rosidl_typesupport_introspection_cpp
[4.698s] -- Found nav_msgs: 2.0.5 (/opt/ros/foxy/share/nav_msgs/cmake)
[4.833s] -- Found rclcpp: 2.4.2 (/opt/ros/foxy/share/rclcpp/cmake)
[4.921s] -- Found rmw_implementation_cmake: 1.0.3 (/opt/ros/foxy/share/rmw_implementation_cmake/cmake)
[4.925s] -- Using RMW implementation 'rmw_fastrtps_cpp' as default
[4.927s] -- Found Threads: TRUE  
[5.197s] -- Found sensor_msgs: 2.0.5 (/opt/ros/foxy/share/sensor_msgs/cmake)
[5.344s] -- Found tf2: 0.13.13 (/opt/ros/foxy/share/tf2/cmake)
[5.478s] -- Configuring done
[5.540s] -- Generating done
[5.544s] -- Build files have been written to: /home/tomo/ae7785-intro-to-robo/ros2_ws/build/turtlebot3_gazebo
[5.559s] Invoked command in '/home/tomo/ae7785-intro-to-robo/ros2_ws/build/turtlebot3_gazebo' returned '0': CMAKE_PREFIX_PATH=${CMAKE_PREFIX_PATH}:/home/tomo/ae7785-intro-to-robo/turtlesim_ws/install/turtlesim_chaser:/home/tomo/Documents/turtlebot3_ws/install/turtlebot3_teleop:/home/tomo/Documents/turtlebot3_ws/install/turtlebot3_example:/opt/ros/foxy /usr/bin/cmake /home/tomo/ae7785-intro-to-robo/ros2_ws/src/turtlebot3_gazebo -DCMAKE_INSTALL_PREFIX=/home/tomo/ae7785-intro-to-robo/ros2_ws/install/turtlebot3_gazebo
[5.566s] Invoking command in '/home/tomo/ae7785-intro-to-robo/ros2_ws/build/turtlebot3_gazebo': CMAKE_PREFIX_PATH=${CMAKE_PREFIX_PATH}:/home/tomo/ae7785-intro-to-robo/turtlesim_ws/install/turtlesim_chaser:/home/tomo/Documents/turtlebot3_ws/install/turtlebot3_teleop:/home/tomo/Documents/turtlebot3_ws/install/turtlebot3_example:/opt/ros/foxy /usr/bin/cmake --build /home/tomo/ae7785-intro-to-robo/ros2_ws/build/turtlebot3_gazebo -- -j6 -l6
[5.645s] [35m[1mScanning dependencies of target obstacle1[0m
[5.645s] [35m[1mScanning dependencies of target obstacles[0m
[5.645s] [35m[1mScanning dependencies of target obstacle2[0m
[5.645s] [35m[1mScanning dependencies of target turtlebot3_drive[0m
[5.728s] [ 12%] [32mBuilding CXX object CMakeFiles/turtlebot3_drive.dir/src/turtlebot3_drive.cpp.o[0m
[5.834s] [ 25%] [32mBuilding CXX object CMakeFiles/obstacle2.dir/models/turtlebot3_dqn_world/obstacle_plugin/obstacle2.cc.o[0m
[5.834s] [ 37%] [32mBuilding CXX object CMakeFiles/obstacles.dir/models/turtlebot3_dqn_world/obstacle_plugin/obstacles.cc.o[0m
[5.847s] [ 50%] [32mBuilding CXX object CMakeFiles/obstacle1.dir/models/turtlebot3_dqn_world/obstacle_plugin/obstacle1.cc.o[0m
[20.962s] [ 62%] [32m[1mLinking CXX executable turtlebot3_drive[0m
[21.611s] [ 62%] Built target turtlebot3_drive
[26.105s] [ 75%] [32m[1mLinking CXX shared library libobstacle2.so[0m
[26.120s] [ 87%] [32m[1mLinking CXX shared library libobstacles.so[0m
[26.217s] [100%] [32m[1mLinking CXX shared library libobstacle1.so[0m
[26.611s] [100%] Built target obstacle2
[26.681s] [100%] Built target obstacles
[26.810s] [100%] Built target obstacle1
[26.838s] Invoked command in '/home/tomo/ae7785-intro-to-robo/ros2_ws/build/turtlebot3_gazebo' returned '0': CMAKE_PREFIX_PATH=${CMAKE_PREFIX_PATH}:/home/tomo/ae7785-intro-to-robo/turtlesim_ws/install/turtlesim_chaser:/home/tomo/Documents/turtlebot3_ws/install/turtlebot3_teleop:/home/tomo/Documents/turtlebot3_ws/install/turtlebot3_example:/opt/ros/foxy /usr/bin/cmake --build /home/tomo/ae7785-intro-to-robo/ros2_ws/build/turtlebot3_gazebo -- -j6 -l6
[26.956s] Invoking command in '/home/tomo/ae7785-intro-to-robo/ros2_ws/build/turtlebot3_gazebo': CMAKE_PREFIX_PATH=${CMAKE_PREFIX_PATH}:/home/tomo/ae7785-intro-to-robo/turtlesim_ws/install/turtlesim_chaser:/home/tomo/Documents/turtlebot3_ws/install/turtlebot3_teleop:/home/tomo/Documents/turtlebot3_ws/install/turtlebot3_example:/opt/ros/foxy /usr/bin/cmake --install /home/tomo/ae7785-intro-to-robo/ros2_ws/build/turtlebot3_gazebo
[26.977s] -- Install configuration: ""
[26.978s] -- Installing: /home/tomo/ae7785-intro-to-robo/ros2_ws/install/turtlebot3_gazebo/lib/turtlebot3_gazebo/turtlebot3_drive
[26.984s] -- Set runtime path of "/home/tomo/ae7785-intro-to-robo/ros2_ws/install/turtlebot3_gazebo/lib/turtlebot3_gazebo/turtlebot3_drive" to ""
[26.985s] -- Installing: /home/tomo/ae7785-intro-to-robo/ros2_ws/install/turtlebot3_gazebo/share/turtlebot3_gazebo//launch
[26.986s] -- Installing: /home/tomo/ae7785-intro-to-robo/ros2_ws/install/turtlebot3_gazebo/share/turtlebot3_gazebo//launch/turtlebot3_dqn_stage4.launch.py
[26.987s] -- Installing: /home/tomo/ae7785-intro-to-robo/ros2_ws/install/turtlebot3_gazebo/share/turtlebot3_gazebo//launch/turtlebot3_dqn_stage3.launch.py
[26.987s] -- Installing: /home/tomo/ae7785-intro-to-robo/ros2_ws/install/turtlebot3_gazebo/share/turtlebot3_gazebo//launch/empty_world.launch.py
[26.987s] -- Installing: /home/tomo/ae7785-intro-to-robo/ros2_ws/install/turtlebot3_gazebo/share/turtlebot3_gazebo//launch/turtlebot3_autorace.launch.py
[26.987s] -- Installing: /home/tomo/ae7785-intro-to-robo/ros2_ws/install/turtlebot3_gazebo/share/turtlebot3_gazebo//launch/turtlebot3_dqn_stage1.launch.py
[26.988s] -- Installing: /home/tomo/ae7785-intro-to-robo/ros2_ws/install/turtlebot3_gazebo/share/turtlebot3_gazebo//launch/robot_state_publisher.launch.py
[26.990s] -- Installing: /home/tomo/ae7785-intro-to-robo/ros2_ws/install/turtlebot3_gazebo/share/turtlebot3_gazebo//launch/lab2_world.launch.py
[26.990s] -- Installing: /home/tomo/ae7785-intro-to-robo/ros2_ws/install/turtlebot3_gazebo/share/turtlebot3_gazebo//launch/turtlebot3_house.launch.py
[26.990s] -- Installing: /home/tomo/ae7785-intro-to-robo/ros2_ws/install/turtlebot3_gazebo/share/turtlebot3_gazebo//launch/turtlebot3_world.launch.py
[26.991s] -- Installing: /home/tomo/ae7785-intro-to-robo/ros2_ws/install/turtlebot3_gazebo/share/turtlebot3_gazebo//launch/turtlebot3_dqn_stage2.launch.py
[26.994s] -- Installing: /home/tomo/ae7785-intro-to-robo/ros2_ws/install/turtlebot3_gazebo/share/turtlebot3_gazebo//models
[26.995s] -- Installing: /home/tomo/ae7785-intro-to-robo/ros2_ws/install/turtlebot3_gazebo/share/turtlebot3_gazebo//models/turtlebot3_waffle
[26.995s] -- Installing: /home/tomo/ae7785-intro-to-robo/ros2_ws/install/turtlebot3_gazebo/share/turtlebot3_gazebo//models/turtlebot3_waffle/model.config
[26.996s] -- Installing: /home/tomo/ae7785-intro-to-robo/ros2_ws/install/turtlebot3_gazebo/share/turtlebot3_gazebo//models/turtlebot3_waffle/model.sdf
[26.997s] -- Installing: /home/tomo/ae7785-intro-to-robo/ros2_ws/install/turtlebot3_gazebo/share/turtlebot3_gazebo//models/turtlebot3_waffle/meshes
[26.997s] -- Installing: /home/tomo/ae7785-intro-to-robo/ros2_ws/install/turtlebot3_gazebo/share/turtlebot3_gazebo//models/turtlebot3_waffle/meshes/lds.dae
[27.000s] -- Installing: /home/tomo/ae7785-intro-to-robo/ros2_ws/install/turtlebot3_gazebo/share/turtlebot3_gazebo//models/turtlebot3_waffle/meshes/tire.dae
[27.000s] -- Installing: /home/tomo/ae7785-intro-to-robo/ros2_ws/install/turtlebot3_gazebo/share/turtlebot3_gazebo//models/turtlebot3_waffle/meshes/waffle_base.dae
[27.002s] -- Installing: /home/tomo/ae7785-intro-to-robo/ros2_ws/install/turtlebot3_gazebo/share/turtlebot3_gazebo//models/turtlebot3_waffle/meshes/r200.dae
[27.002s] -- Installing: /home/tomo/ae7785-intro-to-robo/ros2_ws/install/turtlebot3_gazebo/share/turtlebot3_gazebo//models/turtlebot3_waffle/model-1_4.sdf
[27.003s] -- Installing: /home/tomo/ae7785-intro-to-robo/ros2_ws/install/turtlebot3_gazebo/share/turtlebot3_gazebo//models/turtlebot3_autorace
[27.003s] -- Installing: /home/tomo/ae7785-intro-to-robo/ros2_ws/install/turtlebot3_gazebo/share/turtlebot3_gazebo//models/turtlebot3_autorace/lights
[27.003s] -- Installing: /home/tomo/ae7785-intro-to-robo/ros2_ws/install/turtlebot3_gazebo/share/turtlebot3_gazebo//models/turtlebot3_autorace/lights/model.config
[27.004s] -- Installing: /home/tomo/ae7785-intro-to-robo/ros2_ws/install/turtlebot3_gazebo/share/turtlebot3_gazebo//models/turtlebot3_autorace/lights/model.sdf
[27.004s] -- Installing: /home/tomo/ae7785-intro-to-robo/ros2_ws/install/turtlebot3_gazebo/share/turtlebot3_gazebo//models/turtlebot3_autorace/traffic_light_green
[27.005s] -- Installing: /home/tomo/ae7785-intro-to-robo/ros2_ws/install/turtlebot3_gazebo/share/turtlebot3_gazebo//models/turtlebot3_autorace/traffic_light_green/model.config
[27.005s] -- Installing: /home/tomo/ae7785-intro-to-robo/ros2_ws/install/turtlebot3_gazebo/share/turtlebot3_gazebo//models/turtlebot3_autorace/traffic_light_green/model.sdf
[27.007s] -- Installing: /home/tomo/ae7785-intro-to-robo/ros2_ws/install/turtlebot3_gazebo/share/turtlebot3_gazebo//models/turtlebot3_autorace/model.config
[27.008s] -- Installing: /home/tomo/ae7785-intro-to-robo/ros2_ws/install/turtlebot3_gazebo/share/turtlebot3_gazebo//models/turtlebot3_autorace/traffic_light_yellow
[27.009s] -- Installing: /home/tomo/ae7785-intro-to-robo/ros2_ws/install/turtlebot3_gazebo/share/turtlebot3_gazebo//models/turtlebot3_autorace/traffic_light_yellow/model.config
[27.009s] -- Installing: /home/tomo/ae7785-intro-to-robo/ros2_ws/install/turtlebot3_gazebo/share/turtlebot3_gazebo//models/turtlebot3_autorace/traffic_light_yellow/model.sdf
[27.011s] -- Installing: /home/tomo/ae7785-intro-to-robo/ros2_ws/install/turtlebot3_gazebo/share/turtlebot3_gazebo//models/turtlebot3_autorace/traffic_stop
[27.012s] -- Installing: /home/tomo/ae7785-intro-to-robo/ros2_ws/install/turtlebot3_gazebo/share/turtlebot3_gazebo//models/turtlebot3_autorace/traffic_stop/model.config
[27.012s] -- Installing: /home/tomo/ae7785-intro-to-robo/ros2_ws/install/turtlebot3_gazebo/share/turtlebot3_gazebo//models/turtlebot3_autorace/traffic_stop/model.sdf
[27.013s] -- Installing: /home/tomo/ae7785-intro-to-robo/ros2_ws/install/turtlebot3_gazebo/share/turtlebot3_gazebo//models/turtlebot3_autorace/traffic_stop/materials
[27.013s] -- Installing: /home/tomo/ae7785-intro-to-robo/ros2_ws/install/turtlebot3_gazebo/share/turtlebot3_gazebo//models/turtlebot3_autorace/traffic_stop/materials/textures
[27.014s] -- Installing: /home/tomo/ae7785-intro-to-robo/ros2_ws/install/turtlebot3_gazebo/share/turtlebot3_gazebo//models/turtlebot3_autorace/traffic_stop/materials/textures/traffic_stop.png
[27.014s] -- Installing: /home/tomo/ae7785-intro-to-robo/ros2_ws/install/turtlebot3_gazebo/share/turtlebot3_gazebo//models/turtlebot3_autorace/traffic_stop/materials/scripts
[27.014s] -- Installing: /home/tomo/ae7785-intro-to-robo/ros2_ws/install/turtlebot3_gazebo/share/turtlebot3_gazebo//models/turtlebot3_autorace/traffic_stop/materials/scripts/traffic_stop.material
[27.014s] -- Installing: /home/tomo/ae7785-intro-to-robo/ros2_ws/install/turtlebot3_gazebo/share/turtlebot3_gazebo//models/turtlebot3_autorace/traffic_bar_up
[27.016s] -- Installing: /home/tomo/ae7785-intro-to-robo/ros2_ws/install/turtlebot3_gazebo/share/turtlebot3_gazebo//models/turtlebot3_autorace/traffic_bar_up/model.config
[27.016s] -- Installing: /home/tomo/ae7785-intro-to-robo/ros2_ws/install/turtlebot3_gazebo/share/turtlebot3_gazebo//models/turtlebot3_autorace/traffic_bar_up/model.sdf
[27.018s] -- Installing: /home/tomo/ae7785-intro-to-robo/ros2_ws/install/turtlebot3_gazebo/share/turtlebot3_gazebo//models/turtlebot3_autorace/traffic_bar_up/materials
[27.020s] -- Installing: /home/tomo/ae7785-intro-to-robo/ros2_ws/install/turtlebot3_gazebo/share/turtlebot3_gazebo//models/turtlebot3_autorace/traffic_bar_up/materials/textures
[27.020s] -- Installing: /home/tomo/ae7785-intro-to-robo/ros2_ws/install/turtlebot3_gazebo/share/turtlebot3_gazebo//models/turtlebot3_autorace/traffic_bar_up/materials/textures/traffic_bar.png
[27.021s] -- Installing: /home/tomo/ae7785-intro-to-robo/ros2_ws/install/turtlebot3_gazebo/share/turtlebot3_gazebo//models/turtlebot3_autorace/traffic_bar_up/materials/scripts
[27.022s] -- Installing: /home/tomo/ae7785-intro-to-robo/ros2_ws/install/turtlebot3_gazebo/share/turtlebot3_gazebo//models/turtlebot3_autorace/traffic_bar_up/materials/scripts/traffic_bar.material
[27.023s] -- Installing: /home/tomo/ae7785-intro-to-robo/ros2_ws/install/turtlebot3_gazebo/share/turtlebot3_gazebo//models/turtlebot3_autorace/traffic_tunnel
[27.023s] -- Installing: /home/tomo/ae7785-intro-to-robo/ros2_ws/install/turtlebot3_gazebo/share/turtlebot3_gazebo//models/turtlebot3_autorace/traffic_tunnel/model.config
[27.023s] -- Installing: /home/tomo/ae7785-intro-to-robo/ros2_ws/install/turtlebot3_gazebo/share/turtlebot3_gazebo//models/turtlebot3_autorace/traffic_tunnel/model.sdf
[27.024s] -- Installing: /home/tomo/ae7785-intro-to-robo/ros2_ws/install/turtlebot3_gazebo/share/turtlebot3_gazebo//models/turtlebot3_autorace/traffic_tunnel/materials
[27.024s] -- Installing: /home/tomo/ae7785-intro-to-robo/ros2_ws/install/turtlebot3_gazebo/share/turtlebot3_gazebo//models/turtlebot3_autorace/traffic_tunnel/materials/textures
[27.024s] -- Installing: /home/tomo/ae7785-intro-to-robo/ros2_ws/install/turtlebot3_gazebo/share/turtlebot3_gazebo//models/turtlebot3_autorace/traffic_tunnel/materials/textures/tunnel.png
[27.025s] -- Installing: /home/tomo/ae7785-intro-to-robo/ros2_ws/install/turtlebot3_gazebo/share/turtlebot3_gazebo//models/turtlebot3_autorace/traffic_tunnel/materials/scripts
[27.026s] -- Installing: /home/tomo/ae7785-intro-to-robo/ros2_ws/install/turtlebot3_gazebo/share/turtlebot3_gazebo//models/turtlebot3_autorace/traffic_tunnel/materials/scripts/tunnel.material
[27.027s] -- Installing: /home/tomo/ae7785-intro-to-robo/ros2_ws/install/turtlebot3_gazebo/share/turtlebot3_gazebo//models/turtlebot3_autorace/tunnel_wall
[27.027s] -- Installing: /home/tomo/ae7785-intro-to-robo/ros2_ws/install/turtlebot3_gazebo/share/turtlebot3_gazebo//models/turtlebot3_autorace/tunnel_wall/model.config
[27.028s] -- Installing: /home/tomo/ae7785-intro-to-robo/ros2_ws/install/turtlebot3_gazebo/share/turtlebot3_gazebo//models/turtlebot3_autorace/tunnel_wall/model.sdf
[27.028s] -- Installing: /home/tomo/ae7785-intro-to-robo/ros2_ws/install/turtlebot3_gazebo/share/turtlebot3_gazebo//models/turtlebot3_autorace/traffic_bar_down
[27.028s] -- Installing: /home/tomo/ae7785-intro-to-robo/ros2_ws/install/turtlebot3_gazebo/share/turtlebot3_gazebo//models/turtlebot3_autorace/traffic_bar_down/model.config
[27.029s] -- Installing: /home/tomo/ae7785-intro-to-robo/ros2_ws/install/turtlebot3_gazebo/share/turtlebot3_gazebo//models/turtlebot3_autorace/traffic_bar_down/model.sdf
[27.029s] -- Installing: /home/tomo/ae7785-intro-to-robo/ros2_ws/install/turtlebot3_gazebo/share/turtlebot3_gazebo//models/turtlebot3_autorace/traffic_bar_down/materials
[27.030s] -- Installing: /home/tomo/ae7785-intro-to-robo/ros2_ws/install/turtlebot3_gazebo/share/turtlebot3_gazebo//models/turtlebot3_autorace/traffic_bar_down/materials/textures
[27.030s] -- Installing: /home/tomo/ae7785-intro-to-robo/ros2_ws/install/turtlebot3_gazebo/share/turtlebot3_gazebo//models/turtlebot3_autorace/traffic_bar_down/materials/textures/traffic_bar.png
[27.031s] -- Installing: /home/tomo/ae7785-intro-to-robo/ros2_ws/install/turtlebot3_gazebo/share/turtlebot3_gazebo//models/turtlebot3_autorace/traffic_bar_down/materials/scripts
[27.031s] -- Installing: /home/tomo/ae7785-intro-to-robo/ros2_ws/install/turtlebot3_gazebo/share/turtlebot3_gazebo//models/turtlebot3_autorace/traffic_bar_down/materials/scripts/traffic_bar.material
[27.032s] -- Installing: /home/tomo/ae7785-intro-to-robo/ros2_ws/install/turtlebot3_gazebo/share/turtlebot3_gazebo//models/turtlebot3_autorace/traffic_parking
[27.032s] -- Installing: /home/tomo/ae7785-intro-to-robo/ros2_ws/install/turtlebot3_gazebo/share/turtlebot3_gazebo//models/turtlebot3_autorace/traffic_parking/model.config
[27.032s] -- Installing: /home/tomo/ae7785-intro-to-robo/ros2_ws/install/turtlebot3_gazebo/share/turtlebot3_gazebo//models/turtlebot3_autorace/traffic_parking/model.sdf
[27.033s] -- Installing: /home/tomo/ae7785-intro-to-robo/ros2_ws/install/turtlebot3_gazebo/share/turtlebot3_gazebo//models/turtlebot3_autorace/traffic_parking/materials
[27.033s] -- Installing: /home/tomo/ae7785-intro-to-robo/ros2_ws/install/turtlebot3_gazebo/share/turtlebot3_gazebo//models/turtlebot3_autorace/traffic_parking/materials/textures
[27.033s] -- Installing: /home/tomo/ae7785-intro-to-robo/ros2_ws/install/turtlebot3_gazebo/share/turtlebot3_gazebo//models/turtlebot3_autorace/traffic_parking/materials/textures/traffic_parking.png
[27.033s] -- Installing: /home/tomo/ae7785-intro-to-robo/ros2_ws/install/turtlebot3_gazebo/share/turtlebot3_gazebo//models/turtlebot3_autorace/traffic_parking/materials/scripts
[27.034s] -- Installing: /home/tomo/ae7785-intro-to-robo/ros2_ws/install/turtlebot3_gazebo/share/turtlebot3_gazebo//models/turtlebot3_autorace/traffic_parking/materials/scripts/traffic_parking.material
[27.034s] -- Installing: /home/tomo/ae7785-intro-to-robo/ros2_ws/install/turtlebot3_gazebo/share/turtlebot3_gazebo//models/turtlebot3_autorace/traffic_light_red
[27.035s] -- Installing: /home/tomo/ae7785-intro-to-robo/ros2_ws/install/turtlebot3_gazebo/share/turtlebot3_gazebo//models/turtlebot3_autorace/traffic_light_red/model.config
[27.035s] -- Installing: /home/tomo/ae7785-intro-to-robo/ros2_ws/install/turtlebot3_gazebo/share/turtlebot3_gazebo//models/turtlebot3_autorace/traffic_light_red/model.sdf
[27.035s] -- Installing: /home/tomo/ae7785-intro-to-robo/ros2_ws/install/turtlebot3_gazebo/share/turtlebot3_gazebo//models/turtlebot3_autorace/ground
[27.036s] -- Installing: /home/tomo/ae7785-intro-to-robo/ros2_ws/install/turtlebot3_gazebo/share/turtlebot3_gazebo//models/turtlebot3_autorace/ground/model.config
[27.036s] -- Installing: /home/tomo/ae7785-intro-to-robo/ros2_ws/install/turtlebot3_gazebo/share/turtlebot3_gazebo//models/turtlebot3_autorace/ground/model.sdf
[27.037s] -- Installing: /home/tomo/ae7785-intro-to-robo/ros2_ws/install/turtlebot3_gazebo/share/turtlebot3_gazebo//models/turtlebot3_autorace/tunnel_obstacles
[27.037s] -- Installing: /home/tomo/ae7785-intro-to-robo/ros2_ws/install/turtlebot3_gazebo/share/turtlebot3_gazebo//models/turtlebot3_autorace/tunnel_obstacles/model.config
[27.038s] -- Installing: /home/tomo/ae7785-intro-to-robo/ros2_ws/install/turtlebot3_gazebo/share/turtlebot3_gazebo//models/turtlebot3_autorace/tunnel_obstacles/model.sdf
[27.039s] -- Installing: /home/tomo/ae7785-intro-to-robo/ros2_ws/install/turtlebot3_gazebo/share/turtlebot3_gazebo//models/turtlebot3_autorace/course
[27.039s] -- Installing: /home/tomo/ae7785-intro-to-robo/ros2_ws/install/turtlebot3_gazebo/share/turtlebot3_gazebo//models/turtlebot3_autorace/course/model.config
[27.039s] -- Installing: /home/tomo/ae7785-intro-to-robo/ros2_ws/install/turtlebot3_gazebo/share/turtlebot3_gazebo//models/turtlebot3_autorace/course/model.sdf
[27.040s] -- Installing: /home/tomo/ae7785-intro-to-robo/ros2_ws/install/turtlebot3_gazebo/share/turtlebot3_gazebo//models/turtlebot3_autorace/course/materials
[27.040s] -- Installing: /home/tomo/ae7785-intro-to-robo/ros2_ws/install/turtlebot3_gazebo/share/turtlebot3_gazebo//models/turtlebot3_autorace/course/materials/textures
[27.042s] -- Installing: /home/tomo/ae7785-intro-to-robo/ros2_ws/install/turtlebot3_gazebo/share/turtlebot3_gazebo//models/turtlebot3_autorace/course/materials/textures/course.png
[27.042s] -- Installing: /home/tomo/ae7785-intro-to-robo/ros2_ws/install/turtlebot3_gazebo/share/turtlebot3_gazebo//models/turtlebot3_autorace/course/materials/scripts
[27.042s] -- Installing: /home/tomo/ae7785-intro-to-robo/ros2_ws/install/turtlebot3_gazebo/share/turtlebot3_gazebo//models/turtlebot3_autorace/course/materials/scripts/course.material
[27.043s] -- Installing: /home/tomo/ae7785-intro-to-robo/ros2_ws/install/turtlebot3_gazebo/share/turtlebot3_gazebo//models/turtlebot3_burger
[27.043s] -- Installing: /home/tomo/ae7785-intro-to-robo/ros2_ws/install/turtlebot3_gazebo/share/turtlebot3_gazebo//models/turtlebot3_burger/model.config
[27.043s] -- Installing: /home/tomo/ae7785-intro-to-robo/ros2_ws/install/turtlebot3_gazebo/share/turtlebot3_gazebo//models/turtlebot3_burger/model.sdf
[27.044s] -- Installing: /home/tomo/ae7785-intro-to-robo/ros2_ws/install/turtlebot3_gazebo/share/turtlebot3_gazebo//models/turtlebot3_burger/meshes
[27.044s] -- Installing: /home/tomo/ae7785-intro-to-robo/ros2_ws/install/turtlebot3_gazebo/share/turtlebot3_gazebo//models/turtlebot3_burger/meshes/burger_base.dae
[27.045s] -- Installing: /home/tomo/ae7785-intro-to-robo/ros2_ws/install/turtlebot3_gazebo/share/turtlebot3_gazebo//models/turtlebot3_burger/meshes/lds.dae
[27.045s] -- Installing: /home/tomo/ae7785-intro-to-robo/ros2_ws/install/turtlebot3_gazebo/share/turtlebot3_gazebo//models/turtlebot3_burger/meshes/tire.dae
[27.046s] -- Installing: /home/tomo/ae7785-intro-to-robo/ros2_ws/install/turtlebot3_gazebo/share/turtlebot3_gazebo//models/turtlebot3_burger/model-1_4.sdf
[27.049s] -- Installing: /home/tomo/ae7785-intro-to-robo/ros2_ws/install/turtlebot3_gazebo/share/turtlebot3_gazebo//models/turtlebot3_waffle_pi
[27.050s] -- Installing: /home/tomo/ae7785-intro-to-robo/ros2_ws/install/turtlebot3_gazebo/share/turtlebot3_gazebo//models/turtlebot3_waffle_pi/model.config
[27.050s] -- Installing: /home/tomo/ae7785-intro-to-robo/ros2_ws/install/turtlebot3_gazebo/share/turtlebot3_gazebo//models/turtlebot3_waffle_pi/model.sdf
[27.051s] -- Installing: /home/tomo/ae7785-intro-to-robo/ros2_ws/install/turtlebot3_gazebo/share/turtlebot3_gazebo//models/turtlebot3_waffle_pi/meshes
[27.052s] -- Installing: /home/tomo/ae7785-intro-to-robo/ros2_ws/install/turtlebot3_gazebo/share/turtlebot3_gazebo//models/turtlebot3_waffle_pi/meshes/lds.dae
[27.052s] -- Installing: /home/tomo/ae7785-intro-to-robo/ros2_ws/install/turtlebot3_gazebo/share/turtlebot3_gazebo//models/turtlebot3_waffle_pi/meshes/waffle_pi_base.dae
[27.052s] -- Installing: /home/tomo/ae7785-intro-to-robo/ros2_ws/install/turtlebot3_gazebo/share/turtlebot3_gazebo//models/turtlebot3_waffle_pi/meshes/tire.dae
[27.053s] -- Installing: /home/tomo/ae7785-intro-to-robo/ros2_ws/install/turtlebot3_gazebo/share/turtlebot3_gazebo//models/turtlebot3_waffle_pi/model-1_4_.sdf
[27.053s] -- Installing: /home/tomo/ae7785-intro-to-robo/ros2_ws/install/turtlebot3_gazebo/share/turtlebot3_gazebo//models/turtlebot3_house
[27.055s] -- Installing: /home/tomo/ae7785-intro-to-robo/ros2_ws/install/turtlebot3_gazebo/share/turtlebot3_gazebo//models/turtlebot3_house/model.config
[27.056s] -- Installing: /home/tomo/ae7785-intro-to-robo/ros2_ws/install/turtlebot3_gazebo/share/turtlebot3_gazebo//models/turtlebot3_house/model.sdf
[27.056s] -- Installing: /home/tomo/ae7785-intro-to-robo/ros2_ws/install/turtlebot3_gazebo/share/turtlebot3_gazebo//models/turtlebot3_dqn_world
[27.057s] -- Installing: /home/tomo/ae7785-intro-to-robo/ros2_ws/install/turtlebot3_gazebo/share/turtlebot3_gazebo//models/turtlebot3_dqn_world/model.config
[27.058s] -- Installing: /home/tomo/ae7785-intro-to-robo/ros2_ws/install/turtlebot3_gazebo/share/turtlebot3_gazebo//models/turtlebot3_dqn_world/model.sdf
[27.058s] -- Installing: /home/tomo/ae7785-intro-to-robo/ros2_ws/install/turtlebot3_gazebo/share/turtlebot3_gazebo//models/turtlebot3_dqn_world/obstacle_plugin
[27.059s] -- Installing: /home/tomo/ae7785-intro-to-robo/ros2_ws/install/turtlebot3_gazebo/share/turtlebot3_gazebo//models/turtlebot3_dqn_world/obstacle_plugin/obstacle2.cc
[27.059s] -- Installing: /home/tomo/ae7785-intro-to-robo/ros2_ws/install/turtlebot3_gazebo/share/turtlebot3_gazebo//models/turtlebot3_dqn_world/obstacle_plugin/obstacle1.cc
[27.060s] -- Installing: /home/tomo/ae7785-intro-to-robo/ros2_ws/install/turtlebot3_gazebo/share/turtlebot3_gazebo//models/turtlebot3_dqn_world/obstacle_plugin/CMakeLists.txt
[27.061s] -- Installing: /home/tomo/ae7785-intro-to-robo/ros2_ws/install/turtlebot3_gazebo/share/turtlebot3_gazebo//models/turtlebot3_dqn_world/obstacle_plugin/obstacles.cc
[27.061s] -- Installing: /home/tomo/ae7785-intro-to-robo/ros2_ws/install/turtlebot3_gazebo/share/turtlebot3_gazebo//models/turtlebot3_dqn_world/inner_walls
[27.061s] -- Installing: /home/tomo/ae7785-intro-to-robo/ros2_ws/install/turtlebot3_gazebo/share/turtlebot3_gazebo//models/turtlebot3_dqn_world/inner_walls/model.config
[27.061s] -- Installing: /home/tomo/ae7785-intro-to-robo/ros2_ws/install/turtlebot3_gazebo/share/turtlebot3_gazebo//models/turtlebot3_dqn_world/inner_walls/model.sdf
[27.062s] -- Installing: /home/tomo/ae7785-intro-to-robo/ros2_ws/install/turtlebot3_gazebo/share/turtlebot3_gazebo//models/turtlebot3_dqn_world/obstacle1
[27.062s] -- Installing: /home/tomo/ae7785-intro-to-robo/ros2_ws/install/turtlebot3_gazebo/share/turtlebot3_gazebo//models/turtlebot3_dqn_world/obstacle1/model.config
[27.063s] -- Installing: /home/tomo/ae7785-intro-to-robo/ros2_ws/install/turtlebot3_gazebo/share/turtlebot3_gazebo//models/turtlebot3_dqn_world/obstacle1/model.sdf
[27.063s] -- Installing: /home/tomo/ae7785-intro-to-robo/ros2_ws/install/turtlebot3_gazebo/share/turtlebot3_gazebo//models/turtlebot3_dqn_world/goal_box
[27.063s] -- Installing: /home/tomo/ae7785-intro-to-robo/ros2_ws/install/turtlebot3_gazebo/share/turtlebot3_gazebo//models/turtlebot3_dqn_world/goal_box/model.config
[27.064s] -- Installing: /home/tomo/ae7785-intro-to-robo/ros2_ws/install/turtlebot3_gazebo/share/turtlebot3_gazebo//models/turtlebot3_dqn_world/goal_box/model.sdf
[27.064s] -- Installing: /home/tomo/ae7785-intro-to-robo/ros2_ws/install/turtlebot3_gazebo/share/turtlebot3_gazebo//models/turtlebot3_dqn_world/obstacle2
[27.065s] -- Installing: /home/tomo/ae7785-intro-to-robo/ros2_ws/install/turtlebot3_gazebo/share/turtlebot3_gazebo//models/turtlebot3_dqn_world/obstacle2/model.config
[27.065s] -- Installing: /home/tomo/ae7785-intro-to-robo/ros2_ws/install/turtlebot3_gazebo/share/turtlebot3_gazebo//models/turtlebot3_dqn_world/obstacle2/model.sdf
[27.066s] -- Installing: /home/tomo/ae7785-intro-to-robo/ros2_ws/install/turtlebot3_gazebo/share/turtlebot3_gazebo//models/turtlebot3_dqn_world/obstacles
[27.066s] -- Installing: /home/tomo/ae7785-intro-to-robo/ros2_ws/install/turtlebot3_gazebo/share/turtlebot3_gazebo//models/turtlebot3_dqn_world/obstacles/model.config
[27.067s] -- Installing: /home/tomo/ae7785-intro-to-robo/ros2_ws/install/turtlebot3_gazebo/share/turtlebot3_gazebo//models/turtlebot3_dqn_world/obstacles/model.sdf
[27.067s] -- Installing: /home/tomo/ae7785-intro-to-robo/ros2_ws/install/turtlebot3_gazebo/share/turtlebot3_gazebo//models/turtlebot3_world
[27.068s] -- Installing: /home/tomo/ae7785-intro-to-robo/ros2_ws/install/turtlebot3_gazebo/share/turtlebot3_gazebo//models/turtlebot3_world/model.config
[27.069s] -- Installing: /home/tomo/ae7785-intro-to-robo/ros2_ws/install/turtlebot3_gazebo/share/turtlebot3_gazebo//models/turtlebot3_world/model.sdf
[27.069s] -- Installing: /home/tomo/ae7785-intro-to-robo/ros2_ws/install/turtlebot3_gazebo/share/turtlebot3_gazebo//models/turtlebot3_world/meshes
[27.069s] -- Installing: /home/tomo/ae7785-intro-to-robo/ros2_ws/install/turtlebot3_gazebo/share/turtlebot3_gazebo//models/turtlebot3_world/meshes/wall.dae
[27.070s] -- Installing: /home/tomo/ae7785-intro-to-robo/ros2_ws/install/turtlebot3_gazebo/share/turtlebot3_gazebo//models/turtlebot3_world/meshes/hexagon.dae
[27.070s] -- Installing: /home/tomo/ae7785-intro-to-robo/ros2_ws/install/turtlebot3_gazebo/share/turtlebot3_gazebo//models/turtlebot3_world/model-1_4.sdf
[27.071s] -- Installing: /home/tomo/ae7785-intro-to-robo/ros2_ws/install/turtlebot3_gazebo/share/turtlebot3_gazebo//rviz
[27.071s] -- Installing: /home/tomo/ae7785-intro-to-robo/ros2_ws/install/turtlebot3_gazebo/share/turtlebot3_gazebo//rviz/tb3_gazebo.rviz
[27.072s] -- Installing: /home/tomo/ae7785-intro-to-robo/ros2_ws/install/turtlebot3_gazebo/share/turtlebot3_gazebo//worlds
[27.072s] -- Installing: /home/tomo/ae7785-intro-to-robo/ros2_ws/install/turtlebot3_gazebo/share/turtlebot3_gazebo//worlds/lab2_worlds
[27.072s] -- Installing: /home/tomo/ae7785-intro-to-robo/ros2_ws/install/turtlebot3_gazebo/share/turtlebot3_gazebo//worlds/lab2_worlds/burger.model
[27.073s] -- Installing: /home/tomo/ae7785-intro-to-robo/ros2_ws/install/turtlebot3_gazebo/share/turtlebot3_gazebo//worlds/turtlebot3_worlds
[27.073s] -- Installing: /home/tomo/ae7785-intro-to-robo/ros2_ws/install/turtlebot3_gazebo/share/turtlebot3_gazebo//worlds/turtlebot3_worlds/burger.model
[27.074s] -- Installing: /home/tomo/ae7785-intro-to-robo/ros2_ws/install/turtlebot3_gazebo/share/turtlebot3_gazebo//worlds/turtlebot3_worlds/waffle.model
[27.074s] -- Installing: /home/tomo/ae7785-intro-to-robo/ros2_ws/install/turtlebot3_gazebo/share/turtlebot3_gazebo//worlds/turtlebot3_worlds/waffle_pi.model
[27.074s] -- Installing: /home/tomo/ae7785-intro-to-robo/ros2_ws/install/turtlebot3_gazebo/share/turtlebot3_gazebo//worlds/turtlebot3_dqn_stage3
[27.075s] -- Installing: /home/tomo/ae7785-intro-to-robo/ros2_ws/install/turtlebot3_gazebo/share/turtlebot3_gazebo//worlds/turtlebot3_dqn_stage3/burger.model
[27.075s] -- Installing: /home/tomo/ae7785-intro-to-robo/ros2_ws/install/turtlebot3_gazebo/share/turtlebot3_gazebo//worlds/turtlebot3_dqn_stage3/waffle.model
[27.075s] -- Installing: /home/tomo/ae7785-intro-to-robo/ros2_ws/install/turtlebot3_gazebo/share/turtlebot3_gazebo//worlds/turtlebot3_dqn_stage3/waffle_pi.model
[27.075s] -- Installing: /home/tomo/ae7785-intro-to-robo/ros2_ws/install/turtlebot3_gazebo/share/turtlebot3_gazebo//worlds/turtlebot3_autoraces
[27.075s] -- Installing: /home/tomo/ae7785-intro-to-robo/ros2_ws/install/turtlebot3_gazebo/share/turtlebot3_gazebo//worlds/turtlebot3_autoraces/burger.model
[27.076s] -- Installing: /home/tomo/ae7785-intro-to-robo/ros2_ws/install/turtlebot3_gazebo/share/turtlebot3_gazebo//worlds/turtlebot3_autoraces/waffle.model
[27.076s] -- Installing: /home/tomo/ae7785-intro-to-robo/ros2_ws/install/turtlebot3_gazebo/share/turtlebot3_gazebo//worlds/turtlebot3_autoraces/waffle_pi.model
[27.076s] -- Installing: /home/tomo/ae7785-intro-to-robo/ros2_ws/install/turtlebot3_gazebo/share/turtlebot3_gazebo//worlds/turtlebot3_houses
[27.076s] -- Installing: /home/tomo/ae7785-intro-to-robo/ros2_ws/install/turtlebot3_gazebo/share/turtlebot3_gazebo//worlds/turtlebot3_houses/burger.model
[27.076s] -- Installing: /home/tomo/ae7785-intro-to-robo/ros2_ws/install/turtlebot3_gazebo/share/turtlebot3_gazebo//worlds/turtlebot3_houses/waffle.model
[27.076s] -- Installing: /home/tomo/ae7785-intro-to-robo/ros2_ws/install/turtlebot3_gazebo/share/turtlebot3_gazebo//worlds/turtlebot3_houses/waffle_pi.model
[27.077s] -- Installing: /home/tomo/ae7785-intro-to-robo/ros2_ws/install/turtlebot3_gazebo/share/turtlebot3_gazebo//worlds/turtlebot3_dqn_stage1
[27.077s] -- Installing: /home/tomo/ae7785-intro-to-robo/ros2_ws/install/turtlebot3_gazebo/share/turtlebot3_gazebo//worlds/turtlebot3_dqn_stage1/burger.model
[27.078s] -- Installing: /home/tomo/ae7785-intro-to-robo/ros2_ws/install/turtlebot3_gazebo/share/turtlebot3_gazebo//worlds/turtlebot3_dqn_stage1/waffle.model
[27.078s] -- Installing: /home/tomo/ae7785-intro-to-robo/ros2_ws/install/turtlebot3_gazebo/share/turtlebot3_gazebo//worlds/turtlebot3_dqn_stage1/waffle_pi.model
[27.079s] -- Installing: /home/tomo/ae7785-intro-to-robo/ros2_ws/install/turtlebot3_gazebo/share/turtlebot3_gazebo//worlds/empty_worlds
[27.098s] -- Installing: /home/tomo/ae7785-intro-to-robo/ros2_ws/install/turtlebot3_gazebo/share/turtlebot3_gazebo//worlds/empty_worlds/burger.model
[27.098s] -- Installing: /home/tomo/ae7785-intro-to-robo/ros2_ws/install/turtlebot3_gazebo/share/turtlebot3_gazebo//worlds/empty_worlds/waffle.model
[27.099s] -- Installing: /home/tomo/ae7785-intro-to-robo/ros2_ws/install/turtlebot3_gazebo/share/turtlebot3_gazebo//worlds/empty_worlds/waffle_pi.model
[27.099s] -- Installing: /home/tomo/ae7785-intro-to-robo/ros2_ws/install/turtlebot3_gazebo/share/turtlebot3_gazebo//worlds/turtlebot3_dqn_stage4
[27.100s] -- Installing: /home/tomo/ae7785-intro-to-robo/ros2_ws/install/turtlebot3_gazebo/share/turtlebot3_gazebo//worlds/turtlebot3_dqn_stage4/burger.model
[27.100s] -- Installing: /home/tomo/ae7785-intro-to-robo/ros2_ws/install/turtlebot3_gazebo/share/turtlebot3_gazebo//worlds/turtlebot3_dqn_stage4/waffle.model
[27.102s] -- Installing: /home/tomo/ae7785-intro-to-robo/ros2_ws/install/turtlebot3_gazebo/share/turtlebot3_gazebo//worlds/turtlebot3_dqn_stage4/waffle_pi.model
[27.102s] -- Installing: /home/tomo/ae7785-intro-to-robo/ros2_ws/install/turtlebot3_gazebo/share/turtlebot3_gazebo//worlds/turtlebot3_dqn_stage2
[27.103s] -- Installing: /home/tomo/ae7785-intro-to-robo/ros2_ws/install/turtlebot3_gazebo/share/turtlebot3_gazebo//worlds/turtlebot3_dqn_stage2/burger.model
[27.103s] -- Installing: /home/tomo/ae7785-intro-to-robo/ros2_ws/install/turtlebot3_gazebo/share/turtlebot3_gazebo//worlds/turtlebot3_dqn_stage2/waffle.model
[27.105s] -- Installing: /home/tomo/ae7785-intro-to-robo/ros2_ws/install/turtlebot3_gazebo/share/turtlebot3_gazebo//worlds/turtlebot3_dqn_stage2/waffle_pi.model
[27.106s] -- Installing: /home/tomo/ae7785-intro-to-robo/ros2_ws/install/turtlebot3_gazebo/include/
[27.106s] -- Installing: /home/tomo/ae7785-intro-to-robo/ros2_ws/install/turtlebot3_gazebo/include//turtlebot3_gazebo
[27.107s] -- Installing: /home/tomo/ae7785-intro-to-robo/ros2_ws/install/turtlebot3_gazebo/include//turtlebot3_gazebo/turtlebot3_drive.hpp
[27.107s] -- Installing: /home/tomo/ae7785-intro-to-robo/ros2_ws/install/turtlebot3_gazebo/share/ament_index/resource_index/package_run_dependencies/turtlebot3_gazebo
[27.110s] -- Installing: /home/tomo/ae7785-intro-to-robo/ros2_ws/install/turtlebot3_gazebo/share/ament_index/resource_index/parent_prefix_path/turtlebot3_gazebo
[27.110s] -- Installing: /home/tomo/ae7785-intro-to-robo/ros2_ws/install/turtlebot3_gazebo/share/turtlebot3_gazebo/environment/ament_prefix_path.sh
[27.110s] -- Installing: /home/tomo/ae7785-intro-to-robo/ros2_ws/install/turtlebot3_gazebo/share/turtlebot3_gazebo/environment/ament_prefix_path.dsv
[27.110s] -- Installing: /home/tomo/ae7785-intro-to-robo/ros2_ws/install/turtlebot3_gazebo/share/turtlebot3_gazebo/environment/path.sh
[27.111s] -- Installing: /home/tomo/ae7785-intro-to-robo/ros2_ws/install/turtlebot3_gazebo/share/turtlebot3_gazebo/environment/path.dsv
[27.111s] -- Installing: /home/tomo/ae7785-intro-to-robo/ros2_ws/install/turtlebot3_gazebo/share/turtlebot3_gazebo/local_setup.bash
[27.111s] -- Installing: /home/tomo/ae7785-intro-to-robo/ros2_ws/install/turtlebot3_gazebo/share/turtlebot3_gazebo/local_setup.sh
[27.112s] -- Installing: /home/tomo/ae7785-intro-to-robo/ros2_ws/install/turtlebot3_gazebo/share/turtlebot3_gazebo/local_setup.zsh
[27.112s] -- Installing: /home/tomo/ae7785-intro-to-robo/ros2_ws/install/turtlebot3_gazebo/share/turtlebot3_gazebo/local_setup.dsv
[27.113s] -- Installing: /home/tomo/ae7785-intro-to-robo/ros2_ws/install/turtlebot3_gazebo/share/turtlebot3_gazebo/package.dsv
[27.114s] -- Installing: /home/tomo/ae7785-intro-to-robo/ros2_ws/install/turtlebot3_gazebo/share/ament_index/resource_index/packages/turtlebot3_gazebo
[27.114s] -- Installing: /home/tomo/ae7785-intro-to-robo/ros2_ws/install/turtlebot3_gazebo/share/turtlebot3_gazebo/cmake/ament_cmake_export_include_directories-extras.cmake
[27.114s] -- Installing: /home/tomo/ae7785-intro-to-robo/ros2_ws/install/turtlebot3_gazebo/share/turtlebot3_gazebo/cmake/ament_cmake_export_dependencies-extras.cmake
[27.114s] -- Installing: /home/tomo/ae7785-intro-to-robo/ros2_ws/install/turtlebot3_gazebo/share/turtlebot3_gazebo/cmake/turtlebot3_gazeboConfig.cmake
[27.114s] -- Installing: /home/tomo/ae7785-intro-to-robo/ros2_ws/install/turtlebot3_gazebo/share/turtlebot3_gazebo/cmake/turtlebot3_gazeboConfig-version.cmake
[27.114s] -- Installing: /home/tomo/ae7785-intro-to-robo/ros2_ws/install/turtlebot3_gazebo/share/turtlebot3_gazebo/package.xml
[27.115s] Invoked command in '/home/tomo/ae7785-intro-to-robo/ros2_ws/build/turtlebot3_gazebo' returned '0': CMAKE_PREFIX_PATH=${CMAKE_PREFIX_PATH}:/home/tomo/ae7785-intro-to-robo/turtlesim_ws/install/turtlesim_chaser:/home/tomo/Documents/turtlebot3_ws/install/turtlebot3_teleop:/home/tomo/Documents/turtlebot3_ws/install/turtlebot3_example:/opt/ros/foxy /usr/bin/cmake --install /home/tomo/ae7785-intro-to-robo/ros2_ws/build/turtlebot3_gazebo
