[0.141s] Invoking command in '/home/tom/Documents/github_projects/ros-ws/build/my_cpp_pkg': CMAKE_PREFIX_PATH=/opt/ros/humble /usr/bin/cmake /home/tom/Documents/github_projects/ros-ws/src/my_cpp_pkg -DCMAKE_INSTALL_PREFIX=/home/tom/Documents/github_projects/ros-ws/install/my_cpp_pkg
[3.138s] -- The C compiler identification is GNU 11.3.0
[3.980s] -- The CXX compiler identification is GNU 11.3.0
[4.033s] -- Detecting C compiler ABI info
[4.471s] -- Detecting C compiler ABI info - done
[4.494s] -- Check for working C compiler: /usr/bin/cc - skipped
[4.501s] -- Detecting C compile features
[4.507s] -- Detecting C compile features - done
[4.525s] -- Detecting CXX compiler ABI info
[4.859s] -- Detecting CXX compiler ABI info - done
[4.875s] -- Check for working CXX compiler: /usr/bin/c++ - skipped
[4.877s] -- Detecting CXX compile features
[4.878s] -- Detecting CXX compile features - done
[4.929s] -- Found ament_cmake: 1.3.2 (/opt/ros/humble/share/ament_cmake/cmake)
[5.335s] -- Found Python3: /usr/bin/python3.10 (found version "3.10.6") found components: Interpreter 
[5.703s] -- Found rclcpp: 16.0.1 (/opt/ros/humble/share/rclcpp/cmake)
[5.894s] -- Found rosidl_generator_c: 3.1.3 (/opt/ros/humble/share/rosidl_generator_c/cmake)
[5.915s] -- Found rosidl_adapter: 3.1.3 (/opt/ros/humble/share/rosidl_adapter/cmake)
[5.950s] -- Found rosidl_generator_cpp: 3.1.3 (/opt/ros/humble/share/rosidl_generator_cpp/cmake)
[5.992s] -- Using all available rosidl_typesupport_c: rosidl_typesupport_fastrtps_c;rosidl_typesupport_introspection_c
[6.066s] -- Using all available rosidl_typesupport_cpp: rosidl_typesupport_fastrtps_cpp;rosidl_typesupport_introspection_cpp
[6.309s] -- Found rmw_implementation_cmake: 6.1.0 (/opt/ros/humble/share/rmw_implementation_cmake/cmake)
[6.318s] -- Found rmw_fastrtps_cpp: 6.2.1 (/opt/ros/humble/share/rmw_fastrtps_cpp/cmake)
[6.657s] -- Found OpenSSL: /usr/lib/x86_64-linux-gnu/libcrypto.so (found version "3.0.2")  
[6.712s] -- Found FastRTPS: /opt/ros/humble/include  
[6.798s] -- Using RMW implementation 'rmw_fastrtps_cpp' as default
[7.326s] -- Found ament_lint_auto: 0.12.4 (/opt/ros/humble/share/ament_lint_auto/cmake)
[7.534s] -- Added test 'lint_cmake' to check CMake code style
[7.542s] -- Added test 'xmllint' to check XML markup files
[7.567s] -- Configuring done
[7.588s] -- Generating done
[7.595s] -- Build files have been written to: /home/tom/Documents/github_projects/ros-ws/build/my_cpp_pkg
[7.626s] Invoked command in '/home/tom/Documents/github_projects/ros-ws/build/my_cpp_pkg' returned '0': CMAKE_PREFIX_PATH=/opt/ros/humble /usr/bin/cmake /home/tom/Documents/github_projects/ros-ws/src/my_cpp_pkg -DCMAKE_INSTALL_PREFIX=/home/tom/Documents/github_projects/ros-ws/install/my_cpp_pkg
[7.629s] Invoking command in '/home/tom/Documents/github_projects/ros-ws/build/my_cpp_pkg': CMAKE_PREFIX_PATH=/opt/ros/humble /usr/bin/cmake --build /home/tom/Documents/github_projects/ros-ws/build/my_cpp_pkg -- -j6 -l6
[7.715s] Invoked command in '/home/tom/Documents/github_projects/ros-ws/build/my_cpp_pkg' returned '0': CMAKE_PREFIX_PATH=/opt/ros/humble /usr/bin/cmake --build /home/tom/Documents/github_projects/ros-ws/build/my_cpp_pkg -- -j6 -l6
[7.800s] Invoking command in '/home/tom/Documents/github_projects/ros-ws/build/my_cpp_pkg': CMAKE_PREFIX_PATH=/opt/ros/humble /usr/bin/cmake --install /home/tom/Documents/github_projects/ros-ws/build/my_cpp_pkg
[7.819s] -- Install configuration: ""
[7.827s] -- Installing: /home/tom/Documents/github_projects/ros-ws/install/my_cpp_pkg/share/ament_index/resource_index/package_run_dependencies/my_cpp_pkg
[7.827s] -- Installing: /home/tom/Documents/github_projects/ros-ws/install/my_cpp_pkg/share/ament_index/resource_index/parent_prefix_path/my_cpp_pkg
[7.829s] -- Installing: /home/tom/Documents/github_projects/ros-ws/install/my_cpp_pkg/share/my_cpp_pkg/environment/ament_prefix_path.sh
[7.830s] -- Installing: /home/tom/Documents/github_projects/ros-ws/install/my_cpp_pkg/share/my_cpp_pkg/environment/ament_prefix_path.dsv
[7.830s] -- Installing: /home/tom/Documents/github_projects/ros-ws/install/my_cpp_pkg/share/my_cpp_pkg/environment/path.sh
[7.830s] -- Installing: /home/tom/Documents/github_projects/ros-ws/install/my_cpp_pkg/share/my_cpp_pkg/environment/path.dsv
[7.830s] -- Installing: /home/tom/Documents/github_projects/ros-ws/install/my_cpp_pkg/share/my_cpp_pkg/local_setup.bash
[7.830s] -- Installing: /home/tom/Documents/github_projects/ros-ws/install/my_cpp_pkg/share/my_cpp_pkg/local_setup.sh
[7.831s] -- Installing: /home/tom/Documents/github_projects/ros-ws/install/my_cpp_pkg/share/my_cpp_pkg/local_setup.zsh
[7.831s] -- Installing: /home/tom/Documents/github_projects/ros-ws/install/my_cpp_pkg/share/my_cpp_pkg/local_setup.dsv
[7.833s] -- Installing: /home/tom/Documents/github_projects/ros-ws/install/my_cpp_pkg/share/my_cpp_pkg/package.dsv
[7.834s] -- Installing: /home/tom/Documents/github_projects/ros-ws/install/my_cpp_pkg/share/ament_index/resource_index/packages/my_cpp_pkg
[7.834s] -- Installing: /home/tom/Documents/github_projects/ros-ws/install/my_cpp_pkg/share/my_cpp_pkg/cmake/my_cpp_pkgConfig.cmake
[7.835s] -- Installing: /home/tom/Documents/github_projects/ros-ws/install/my_cpp_pkg/share/my_cpp_pkg/cmake/my_cpp_pkgConfig-version.cmake
[7.836s] -- Installing: /home/tom/Documents/github_projects/ros-ws/install/my_cpp_pkg/share/my_cpp_pkg/package.xml
[7.840s] Invoked command in '/home/tom/Documents/github_projects/ros-ws/build/my_cpp_pkg' returned '0': CMAKE_PREFIX_PATH=/opt/ros/humble /usr/bin/cmake --install /home/tom/Documents/github_projects/ros-ws/build/my_cpp_pkg
