[0.909s] Invoking command in '/home/tomo/Documents/ae7785-intro-to-robo/ros2_demo_ws/src/my_py_pkg': PYTHONPATH=/home/tomo/Documents/ae7785-intro-to-robo/ros2_demo_ws/build/my_py_pkg/prefix_override:/home/tomo/Documents/ae7785-intro-to-robo/ros2_demo_ws/install/my_py_pkg/lib/python3.8/site-packages:${PYTHONPATH} /usr/bin/python3 setup.py egg_info --egg-base ../../build/my_py_pkg build --build-base /home/tomo/Documents/ae7785-intro-to-robo/ros2_demo_ws/build/my_py_pkg/build install --record /home/tomo/Documents/ae7785-intro-to-robo/ros2_demo_ws/build/my_py_pkg/install.log --install-scripts $base/lib/my_py_pkg --single-version-externally-managed
[1.162s] running egg_info
[1.163s] writing ../../build/my_py_pkg/my_py_pkg.egg-info/PKG-INFO
[1.164s] writing dependency_links to ../../build/my_py_pkg/my_py_pkg.egg-info/dependency_links.txt
[1.165s] writing entry points to ../../build/my_py_pkg/my_py_pkg.egg-info/entry_points.txt
[1.165s] writing requirements to ../../build/my_py_pkg/my_py_pkg.egg-info/requires.txt
[1.166s] writing top-level names to ../../build/my_py_pkg/my_py_pkg.egg-info/top_level.txt
[1.216s] reading manifest file '../../build/my_py_pkg/my_py_pkg.egg-info/SOURCES.txt'
[1.218s] writing manifest file '../../build/my_py_pkg/my_py_pkg.egg-info/SOURCES.txt'
[1.219s] running build
[1.220s] running build_py
[1.222s] running install
[1.223s] running install_lib
[1.224s] running install_data
[1.225s] running install_egg_info
[1.227s] removing '/home/tomo/Documents/ae7785-intro-to-robo/ros2_demo_ws/install/my_py_pkg/lib/python3.8/site-packages/my_py_pkg-0.0.0-py3.8.egg-info' (and everything under it)
[1.228s] Copying ../../build/my_py_pkg/my_py_pkg.egg-info to /home/tomo/Documents/ae7785-intro-to-robo/ros2_demo_ws/install/my_py_pkg/lib/python3.8/site-packages/my_py_pkg-0.0.0-py3.8.egg-info
[1.229s] running install_scripts
[1.250s] writing list of installed files to '/home/tomo/Documents/ae7785-intro-to-robo/ros2_demo_ws/build/my_py_pkg/install.log'
[1.276s] Invoked command in '/home/tomo/Documents/ae7785-intro-to-robo/ros2_demo_ws/src/my_py_pkg' returned '0': PYTHONPATH=/home/tomo/Documents/ae7785-intro-to-robo/ros2_demo_ws/build/my_py_pkg/prefix_override:/home/tomo/Documents/ae7785-intro-to-robo/ros2_demo_ws/install/my_py_pkg/lib/python3.8/site-packages:${PYTHONPATH} /usr/bin/python3 setup.py egg_info --egg-base ../../build/my_py_pkg build --build-base /home/tomo/Documents/ae7785-intro-to-robo/ros2_demo_ws/build/my_py_pkg/build install --record /home/tomo/Documents/ae7785-intro-to-robo/ros2_demo_ws/build/my_py_pkg/install.log --install-scripts $base/lib/my_py_pkg --single-version-externally-managed
