[0.039s] Invoking command in '/home/tomo/Documents/ae7785-intro-to-robo/ros2_demo_ws/build/my_robot_interfaces': CMAKE_PREFIX_PATH=${CMAKE_PREFIX_PATH}:/home/tomo/Documents/ae7785-intro-to-robo/ros2_demo_ws/install/my_py_pkg:/home/tomo/Documents/turtlebot3_ws/install/turtlebot3_teleop:/home/tomo/Documents/turtlebot3_ws/install/turtlebot3_example:/opt/ros/foxy /usr/bin/cmake --build /home/tomo/Documents/ae7785-intro-to-robo/ros2_demo_ws/build/my_robot_interfaces -- -j6 -l6
[0.107s] -- Found ament_cmake: 0.9.11 (/opt/ros/foxy/share/ament_cmake/cmake)
[0.159s] -- Found PythonInterp: /usr/bin/python3 (found suitable version "3.8.10", minimum required is "3") 
[0.160s] -- Using PYTHON_EXECUTABLE: /usr/bin/python3
[0.445s] -- Found rosidl_default_generators: 1.0.1 (/opt/ros/foxy/share/rosidl_default_generators/cmake)
[0.456s] -- Using all available rosidl_typesupport_c: rosidl_typesupport_fastrtps_c;rosidl_typesupport_introspection_c
[0.463s] -- Found rosidl_adapter: 1.3.0 (/opt/ros/foxy/share/rosidl_adapter/cmake)
[0.711s] -- Using all available rosidl_typesupport_cpp: rosidl_typesupport_fastrtps_cpp;rosidl_typesupport_introspection_cpp
[0.796s] -- Found PythonInterp: /usr/bin/python3 (found version "3.8.10") 
[1.013s] -- Found ament_cmake_ros: 0.9.2 (/opt/ros/foxy/share/ament_cmake_ros/cmake)
[1.176s] -- Using all available rosidl_typesupport_c: rosidl_typesupport_fastrtps_c;rosidl_typesupport_introspection_c
[1.194s] -- Using all available rosidl_typesupport_cpp: rosidl_typesupport_fastrtps_cpp;rosidl_typesupport_introspection_cpp
[1.237s] -- Found PythonInterp: /usr/bin/python3 (found suitable version "3.8.10", minimum required is "3.5") 
[1.238s] -- Found python_cmake_module: 0.8.1 (/opt/ros/foxy/share/python_cmake_module/cmake)
[1.288s] -- Using PYTHON_EXECUTABLE: /usr/bin/python3
[1.288s] -- Using PYTHON_INCLUDE_DIRS: /usr/include/python3.8
[1.289s] -- Using PYTHON_LIBRARIES: /usr/lib/x86_64-linux-gnu/libpython3.8.so
[1.330s] -- Configuring done
[1.417s] -- Generating done
[1.430s] -- Build files have been written to: /home/tomo/Documents/ae7785-intro-to-robo/ros2_demo_ws/build/my_robot_interfaces
[1.483s] [  1%] [34m[1mGenerating C code for ROS interfaces[0m
[1.505s] [  3%] [34m[1mGenerating C++ code for ROS interfaces[0m
[2.165s] [  3%] Built target my_robot_interfaces__cpp
[2.191s] [  5%] [34m[1mGenerating C++ type support for eProsima Fast-RTPS[0m
[2.197s] [  7%] [34m[1mGenerating C++ introspection for ROS interfaces[0m
[2.199s] [  9%] [34m[1mGenerating C++ type support dispatch for ROS interfaces[0m
[2.267s] [35m[1mScanning dependencies of target my_robot_interfaces__rosidl_generator_c[0m
[2.308s] [ 10%] [32mBuilding C object CMakeFiles/my_robot_interfaces__rosidl_generator_c.dir/rosidl_generator_c/my_robot_interfaces/msg/detail/led_state_array__functions.c.o[0m
[2.310s] [ 12%] [32mBuilding C object CMakeFiles/my_robot_interfaces__rosidl_generator_c.dir/rosidl_generator_c/my_robot_interfaces/msg/detail/hardware_status__functions.c.o[0m
[2.311s] [ 14%] [32mBuilding C object CMakeFiles/my_robot_interfaces__rosidl_generator_c.dir/rosidl_generator_c/my_robot_interfaces/srv/detail/compute_rectangle_area__functions.c.o[0m
[2.382s] [ 16%] [32mBuilding C object CMakeFiles/my_robot_interfaces__rosidl_generator_c.dir/rosidl_generator_c/my_robot_interfaces/srv/detail/set_led__functions.c.o[0m
[2.473s] [ 18%] [32m[1mLinking C shared library libmy_robot_interfaces__rosidl_generator_c.so[0m
[2.548s] [ 18%] Built target my_robot_interfaces__rosidl_generator_c
[2.565s] [ 21%] [34m[1mGenerating C introspection for ROS interfaces[0m
[2.565s] [ 21%] [34m[1mGenerating C type support dispatch for ROS interfaces[0m
[2.681s] [35m[1mScanning dependencies of target my_robot_interfaces__rosidl_typesupport_cpp[0m
[2.733s] [ 23%] [32mBuilding CXX object CMakeFiles/my_robot_interfaces__rosidl_typesupport_cpp.dir/rosidl_typesupport_cpp/my_robot_interfaces/msg/hardware_status__type_support.cpp.o[0m
[2.752s] [35m[1mScanning dependencies of target my_robot_interfaces__rosidl_typesupport_introspection_cpp[0m
[2.753s] [ 25%] [32mBuilding CXX object CMakeFiles/my_robot_interfaces__rosidl_typesupport_cpp.dir/rosidl_typesupport_cpp/my_robot_interfaces/msg/led_state_array__type_support.cpp.o[0m
[2.823s] [ 27%] [32mBuilding CXX object CMakeFiles/my_robot_interfaces__rosidl_typesupport_introspection_cpp.dir/rosidl_typesupport_introspection_cpp/my_robot_interfaces/msg/detail/hardware_status__type_support.cpp.o[0m
[2.889s] [35m[1mScanning dependencies of target my_robot_interfaces__rosidl_typesupport_fastrtps_cpp[0m
[2.994s] [ 29%] [32mBuilding CXX object CMakeFiles/my_robot_interfaces__rosidl_typesupport_fastrtps_cpp.dir/rosidl_typesupport_fastrtps_cpp/my_robot_interfaces/msg/detail/dds_fastrtps/hardware_status__type_support.cpp.o[0m
[3.136s] [35m[1mScanning dependencies of target my_robot_interfaces__rosidl_typesupport_c[0m
[3.149s] [ 30%] [32mBuilding CXX object CMakeFiles/my_robot_interfaces__rosidl_typesupport_cpp.dir/rosidl_typesupport_cpp/my_robot_interfaces/srv/compute_rectangle_area__type_support.cpp.o[0m
[3.177s] [ 32%] [32mBuilding CXX object CMakeFiles/my_robot_interfaces__rosidl_typesupport_c.dir/rosidl_typesupport_c/my_robot_interfaces/msg/hardware_status__type_support.cpp.o[0m
[3.214s] [ 34%] [32mBuilding CXX object CMakeFiles/my_robot_interfaces__rosidl_typesupport_cpp.dir/rosidl_typesupport_cpp/my_robot_interfaces/srv/set_led__type_support.cpp.o[0m
[3.257s] [ 36%] [32mBuilding CXX object CMakeFiles/my_robot_interfaces__rosidl_typesupport_introspection_cpp.dir/rosidl_typesupport_introspection_cpp/my_robot_interfaces/msg/detail/led_state_array__type_support.cpp.o[0m
[3.321s] [ 38%] [32mBuilding CXX object CMakeFiles/my_robot_interfaces__rosidl_typesupport_c.dir/rosidl_typesupport_c/my_robot_interfaces/msg/led_state_array__type_support.cpp.o[0m
[3.528s] [ 40%] [32mBuilding CXX object CMakeFiles/my_robot_interfaces__rosidl_typesupport_c.dir/rosidl_typesupport_c/my_robot_interfaces/srv/compute_rectangle_area__type_support.cpp.o[0m
[3.570s] [35m[1mScanning dependencies of target my_robot_interfaces__rosidl_typesupport_introspection_c[0m
[3.645s] [ 41%] [32mBuilding C object CMakeFiles/my_robot_interfaces__rosidl_typesupport_introspection_c.dir/rosidl_typesupport_introspection_c/my_robot_interfaces/msg/detail/hardware_status__type_support.c.o[0m
[3.660s] [ 43%] [32mBuilding CXX object CMakeFiles/my_robot_interfaces__rosidl_typesupport_c.dir/rosidl_typesupport_c/my_robot_interfaces/srv/set_led__type_support.cpp.o[0m
[3.660s] [ 45%] [32mBuilding CXX object CMakeFiles/my_robot_interfaces__rosidl_typesupport_introspection_cpp.dir/rosidl_typesupport_introspection_cpp/my_robot_interfaces/srv/detail/compute_rectangle_area__type_support.cpp.o[0m
[3.678s] [ 47%] [32mBuilding CXX object CMakeFiles/my_robot_interfaces__rosidl_typesupport_fastrtps_cpp.dir/rosidl_typesupport_fastrtps_cpp/my_robot_interfaces/msg/detail/dds_fastrtps/led_state_array__type_support.cpp.o[0m
[3.717s] [ 49%] [32m[1mLinking CXX shared library libmy_robot_interfaces__rosidl_typesupport_cpp.so[0m
[3.744s] [ 50%] [32mBuilding C object CMakeFiles/my_robot_interfaces__rosidl_typesupport_introspection_c.dir/rosidl_typesupport_introspection_c/my_robot_interfaces/msg/detail/led_state_array__type_support.c.o[0m
[3.762s] [ 52%] [32m[1mLinking CXX shared library libmy_robot_interfaces__rosidl_typesupport_c.so[0m
[3.777s] [ 54%] [32mBuilding CXX object CMakeFiles/my_robot_interfaces__rosidl_typesupport_introspection_cpp.dir/rosidl_typesupport_introspection_cpp/my_robot_interfaces/srv/detail/set_led__type_support.cpp.o[0m
[3.818s] [ 56%] [32mBuilding C object CMakeFiles/my_robot_interfaces__rosidl_typesupport_introspection_c.dir/rosidl_typesupport_introspection_c/my_robot_interfaces/srv/detail/compute_rectangle_area__type_support.c.o[0m
[3.824s] [ 56%] Built target my_robot_interfaces__rosidl_typesupport_cpp
[3.859s] [ 58%] [32mBuilding CXX object CMakeFiles/my_robot_interfaces__rosidl_typesupport_fastrtps_cpp.dir/rosidl_typesupport_fastrtps_cpp/my_robot_interfaces/srv/detail/dds_fastrtps/compute_rectangle_area__type_support.cpp.o[0m
[3.900s] [ 60%] [32mBuilding C object CMakeFiles/my_robot_interfaces__rosidl_typesupport_introspection_c.dir/rosidl_typesupport_introspection_c/my_robot_interfaces/srv/detail/set_led__type_support.c.o[0m
[3.905s] [ 60%] Built target my_robot_interfaces__rosidl_typesupport_c
[3.960s] [ 61%] [32mBuilding CXX object CMakeFiles/my_robot_interfaces__rosidl_typesupport_fastrtps_cpp.dir/rosidl_typesupport_fastrtps_cpp/my_robot_interfaces/srv/detail/dds_fastrtps/set_led__type_support.cpp.o[0m
[4.059s] [ 63%] [32m[1mLinking C shared library libmy_robot_interfaces__rosidl_typesupport_introspection_c.so[0m
[4.206s] [ 63%] Built target my_robot_interfaces__rosidl_typesupport_introspection_c
[4.221s] [ 65%] [32m[1mLinking CXX shared library libmy_robot_interfaces__rosidl_typesupport_introspection_cpp.so[0m
[4.367s] [ 65%] Built target my_robot_interfaces__rosidl_typesupport_introspection_cpp
[4.611s] [ 67%] [32m[1mLinking CXX shared library libmy_robot_interfaces__rosidl_typesupport_fastrtps_cpp.so[0m
[4.720s] [ 67%] Built target my_robot_interfaces__rosidl_typesupport_fastrtps_cpp
[4.742s] [ 69%] [34m[1mGenerating C type support for eProsima Fast-RTPS[0m
[5.266s] [35m[1mScanning dependencies of target my_robot_interfaces__rosidl_typesupport_fastrtps_c[0m
[5.299s] [ 72%] [32mBuilding CXX object CMakeFiles/my_robot_interfaces__rosidl_typesupport_fastrtps_c.dir/rosidl_typesupport_fastrtps_c/my_robot_interfaces/msg/detail/hardware_status__type_support_c.cpp.o[0m
[5.299s] [ 72%] [32mBuilding CXX object CMakeFiles/my_robot_interfaces__rosidl_typesupport_fastrtps_c.dir/rosidl_typesupport_fastrtps_c/my_robot_interfaces/srv/detail/set_led__type_support_c.cpp.o[0m
[5.299s] [ 74%] [32mBuilding CXX object CMakeFiles/my_robot_interfaces__rosidl_typesupport_fastrtps_c.dir/rosidl_typesupport_fastrtps_c/my_robot_interfaces/msg/detail/led_state_array__type_support_c.cpp.o[0m
[5.307s] [ 76%] [32mBuilding CXX object CMakeFiles/my_robot_interfaces__rosidl_typesupport_fastrtps_c.dir/rosidl_typesupport_fastrtps_c/my_robot_interfaces/srv/detail/compute_rectangle_area__type_support_c.cpp.o[0m
[5.862s] [ 78%] [32m[1mLinking CXX shared library libmy_robot_interfaces__rosidl_typesupport_fastrtps_c.so[0m
[5.985s] [ 78%] Built target my_robot_interfaces__rosidl_typesupport_fastrtps_c
[6.033s] [ 78%] Built target my_robot_interfaces
[6.070s] [ 80%] [34m[1mGenerating Python code for ROS interfaces[0m
[7.161s] [ 80%] Built target my_robot_interfaces__py
[7.171s] [35m[1mScanning dependencies of target my_robot_interfaces__python[0m
[7.214s] [ 81%] [32mBuilding C object CMakeFiles/my_robot_interfaces__python.dir/rosidl_generator_py/my_robot_interfaces/msg/_hardware_status_s.c.o[0m
[7.214s] [ 83%] [32mBuilding C object CMakeFiles/my_robot_interfaces__python.dir/rosidl_generator_py/my_robot_interfaces/srv/_compute_rectangle_area_s.c.o[0m
[7.215s] [ 85%] [32mBuilding C object CMakeFiles/my_robot_interfaces__python.dir/rosidl_generator_py/my_robot_interfaces/msg/_led_state_array_s.c.o[0m
[7.225s] [ 87%] [32mBuilding C object CMakeFiles/my_robot_interfaces__python.dir/rosidl_generator_py/my_robot_interfaces/srv/_set_led_s.c.o[0m
[7.345s] [ 89%] [32m[1mLinking C shared library rosidl_generator_py/my_robot_interfaces/libmy_robot_interfaces__python.so[0m
[7.410s] [ 89%] Built target my_robot_interfaces__python
[7.430s] [35m[1mScanning dependencies of target my_robot_interfaces__rosidl_typesupport_introspection_c__pyext[0m
[7.434s] [35m[1mScanning dependencies of target my_robot_interfaces__rosidl_typesupport_c__pyext[0m
[7.442s] [35m[1mScanning dependencies of target my_robot_interfaces__rosidl_typesupport_fastrtps_c__pyext[0m
[7.464s] [ 90%] [32mBuilding C object CMakeFiles/my_robot_interfaces__rosidl_typesupport_introspection_c__pyext.dir/rosidl_generator_py/my_robot_interfaces/_my_robot_interfaces_s.ep.rosidl_typesupport_introspection_c.c.o[0m
[7.466s] [ 92%] [32mBuilding C object CMakeFiles/my_robot_interfaces__rosidl_typesupport_c__pyext.dir/rosidl_generator_py/my_robot_interfaces/_my_robot_interfaces_s.ep.rosidl_typesupport_c.c.o[0m
[7.476s] [ 94%] [32mBuilding C object CMakeFiles/my_robot_interfaces__rosidl_typesupport_fastrtps_c__pyext.dir/rosidl_generator_py/my_robot_interfaces/_my_robot_interfaces_s.ep.rosidl_typesupport_fastrtps_c.c.o[0m
[7.607s] [ 96%] [32m[1mLinking C shared library rosidl_generator_py/my_robot_interfaces/my_robot_interfaces_s__rosidl_typesupport_c.cpython-38-x86_64-linux-gnu.so[0m
[7.609s] [ 98%] [32m[1mLinking C shared library rosidl_generator_py/my_robot_interfaces/my_robot_interfaces_s__rosidl_typesupport_introspection_c.cpython-38-x86_64-linux-gnu.so[0m
[7.622s] [100%] [32m[1mLinking CXX shared library rosidl_generator_py/my_robot_interfaces/my_robot_interfaces_s__rosidl_typesupport_fastrtps_c.cpython-38-x86_64-linux-gnu.so[0m
[7.674s] [100%] Built target my_robot_interfaces__rosidl_typesupport_introspection_c__pyext
[7.674s] [100%] Built target my_robot_interfaces__rosidl_typesupport_c__pyext
[7.730s] [100%] Built target my_robot_interfaces__rosidl_typesupport_fastrtps_c__pyext
[7.752s] Invoked command in '/home/tomo/Documents/ae7785-intro-to-robo/ros2_demo_ws/build/my_robot_interfaces' returned '0': CMAKE_PREFIX_PATH=${CMAKE_PREFIX_PATH}:/home/tomo/Documents/ae7785-intro-to-robo/ros2_demo_ws/install/my_py_pkg:/home/tomo/Documents/turtlebot3_ws/install/turtlebot3_teleop:/home/tomo/Documents/turtlebot3_ws/install/turtlebot3_example:/opt/ros/foxy /usr/bin/cmake --build /home/tomo/Documents/ae7785-intro-to-robo/ros2_demo_ws/build/my_robot_interfaces -- -j6 -l6
[7.981s] Invoking command in '/home/tomo/Documents/ae7785-intro-to-robo/ros2_demo_ws/build/my_robot_interfaces': CMAKE_PREFIX_PATH=${CMAKE_PREFIX_PATH}:/home/tomo/Documents/ae7785-intro-to-robo/ros2_demo_ws/install/my_py_pkg:/home/tomo/Documents/turtlebot3_ws/install/turtlebot3_teleop:/home/tomo/Documents/turtlebot3_ws/install/turtlebot3_example:/opt/ros/foxy /usr/bin/cmake --install /home/tomo/Documents/ae7785-intro-to-robo/ros2_demo_ws/build/my_robot_interfaces
[7.999s] -- Install configuration: ""
[8.000s] -- Up-to-date: /home/tomo/Documents/ae7785-intro-to-robo/ros2_demo_ws/install/my_robot_interfaces/share/ament_index/resource_index/rosidl_interfaces/my_robot_interfaces
[8.001s] -- Up-to-date: /home/tomo/Documents/ae7785-intro-to-robo/ros2_demo_ws/install/my_robot_interfaces/include/my_robot_interfaces
[8.001s] -- Up-to-date: /home/tomo/Documents/ae7785-intro-to-robo/ros2_demo_ws/install/my_robot_interfaces/include/my_robot_interfaces/srv
[8.004s] -- Installing: /home/tomo/Documents/ae7785-intro-to-robo/ros2_demo_ws/install/my_robot_interfaces/include/my_robot_interfaces/srv/set_led.h
[8.006s] -- Installing: /home/tomo/Documents/ae7785-intro-to-robo/ros2_demo_ws/install/my_robot_interfaces/include/my_robot_interfaces/srv/compute_rectangle_area.h
[8.006s] -- Up-to-date: /home/tomo/Documents/ae7785-intro-to-robo/ros2_demo_ws/install/my_robot_interfaces/include/my_robot_interfaces/srv/detail
[8.008s] -- Installing: /home/tomo/Documents/ae7785-intro-to-robo/ros2_demo_ws/install/my_robot_interfaces/include/my_robot_interfaces/srv/detail/set_led__functions.c
[8.009s] -- Installing: /home/tomo/Documents/ae7785-intro-to-robo/ros2_demo_ws/install/my_robot_interfaces/include/my_robot_interfaces/srv/detail/set_led__type_support.h
[8.012s] -- Installing: /home/tomo/Documents/ae7785-intro-to-robo/ros2_demo_ws/install/my_robot_interfaces/include/my_robot_interfaces/srv/detail/compute_rectangle_area__struct.h
[8.013s] -- Installing: /home/tomo/Documents/ae7785-intro-to-robo/ros2_demo_ws/install/my_robot_interfaces/include/my_robot_interfaces/srv/detail/set_led__functions.h
[8.015s] -- Installing: /home/tomo/Documents/ae7785-intro-to-robo/ros2_demo_ws/install/my_robot_interfaces/include/my_robot_interfaces/srv/detail/compute_rectangle_area__type_support.h
[8.016s] -- Installing: /home/tomo/Documents/ae7785-intro-to-robo/ros2_demo_ws/install/my_robot_interfaces/include/my_robot_interfaces/srv/detail/compute_rectangle_area__functions.c
[8.017s] -- Installing: /home/tomo/Documents/ae7785-intro-to-robo/ros2_demo_ws/install/my_robot_interfaces/include/my_robot_interfaces/srv/detail/set_led__struct.h
[8.020s] -- Installing: /home/tomo/Documents/ae7785-intro-to-robo/ros2_demo_ws/install/my_robot_interfaces/include/my_robot_interfaces/srv/detail/compute_rectangle_area__functions.h
[8.021s] -- Up-to-date: /home/tomo/Documents/ae7785-intro-to-robo/ros2_demo_ws/install/my_robot_interfaces/include/my_robot_interfaces/msg
[8.021s] -- Up-to-date: /home/tomo/Documents/ae7785-intro-to-robo/ros2_demo_ws/install/my_robot_interfaces/include/my_robot_interfaces/msg/rosidl_generator_c__visibility_control.h
[8.022s] -- Up-to-date: /home/tomo/Documents/ae7785-intro-to-robo/ros2_demo_ws/install/my_robot_interfaces/include/my_robot_interfaces/msg/detail
[8.024s] -- Installing: /home/tomo/Documents/ae7785-intro-to-robo/ros2_demo_ws/install/my_robot_interfaces/include/my_robot_interfaces/msg/detail/hardware_status__type_support.h
[8.027s] -- Installing: /home/tomo/Documents/ae7785-intro-to-robo/ros2_demo_ws/install/my_robot_interfaces/include/my_robot_interfaces/msg/detail/led_state_array__struct.h
[8.028s] -- Installing: /home/tomo/Documents/ae7785-intro-to-robo/ros2_demo_ws/install/my_robot_interfaces/include/my_robot_interfaces/msg/detail/led_state_array__functions.c
[8.028s] -- Installing: /home/tomo/Documents/ae7785-intro-to-robo/ros2_demo_ws/install/my_robot_interfaces/include/my_robot_interfaces/msg/detail/hardware_status__struct.h
[8.030s] -- Installing: /home/tomo/Documents/ae7785-intro-to-robo/ros2_demo_ws/install/my_robot_interfaces/include/my_robot_interfaces/msg/detail/hardware_status__functions.h
[8.030s] -- Installing: /home/tomo/Documents/ae7785-intro-to-robo/ros2_demo_ws/install/my_robot_interfaces/include/my_robot_interfaces/msg/detail/hardware_status__functions.c
[8.031s] -- Installing: /home/tomo/Documents/ae7785-intro-to-robo/ros2_demo_ws/install/my_robot_interfaces/include/my_robot_interfaces/msg/detail/led_state_array__type_support.h
[8.032s] -- Installing: /home/tomo/Documents/ae7785-intro-to-robo/ros2_demo_ws/install/my_robot_interfaces/include/my_robot_interfaces/msg/detail/led_state_array__functions.h
[8.033s] -- Installing: /home/tomo/Documents/ae7785-intro-to-robo/ros2_demo_ws/install/my_robot_interfaces/include/my_robot_interfaces/msg/hardware_status.h
[8.033s] -- Installing: /home/tomo/Documents/ae7785-intro-to-robo/ros2_demo_ws/install/my_robot_interfaces/include/my_robot_interfaces/msg/led_state_array.h
[8.034s] -- Up-to-date: /home/tomo/Documents/ae7785-intro-to-robo/ros2_demo_ws/install/my_robot_interfaces/share/my_robot_interfaces/environment/library_path.sh
[8.034s] -- Installing: /home/tomo/Documents/ae7785-intro-to-robo/ros2_demo_ws/install/my_robot_interfaces/share/my_robot_interfaces/environment/library_path.dsv
[8.035s] -- Installing: /home/tomo/Documents/ae7785-intro-to-robo/ros2_demo_ws/install/my_robot_interfaces/lib/libmy_robot_interfaces__rosidl_generator_c.so
[8.035s] -- Set runtime path of "/home/tomo/Documents/ae7785-intro-to-robo/ros2_demo_ws/install/my_robot_interfaces/lib/libmy_robot_interfaces__rosidl_generator_c.so" to ""
[8.035s] -- Up-to-date: /home/tomo/Documents/ae7785-intro-to-robo/ros2_demo_ws/install/my_robot_interfaces/include/my_robot_interfaces
[8.035s] -- Up-to-date: /home/tomo/Documents/ae7785-intro-to-robo/ros2_demo_ws/install/my_robot_interfaces/include/my_robot_interfaces/srv
[8.036s] -- Up-to-date: /home/tomo/Documents/ae7785-intro-to-robo/ros2_demo_ws/install/my_robot_interfaces/include/my_robot_interfaces/srv/detail
[8.036s] -- Installing: /home/tomo/Documents/ae7785-intro-to-robo/ros2_demo_ws/install/my_robot_interfaces/include/my_robot_interfaces/srv/detail/set_led__rosidl_typesupport_fastrtps_c.h
[8.036s] -- Installing: /home/tomo/Documents/ae7785-intro-to-robo/ros2_demo_ws/install/my_robot_interfaces/include/my_robot_interfaces/srv/detail/compute_rectangle_area__rosidl_typesupport_fastrtps_c.h
[8.036s] -- Up-to-date: /home/tomo/Documents/ae7785-intro-to-robo/ros2_demo_ws/install/my_robot_interfaces/include/my_robot_interfaces/msg
[8.036s] -- Up-to-date: /home/tomo/Documents/ae7785-intro-to-robo/ros2_demo_ws/install/my_robot_interfaces/include/my_robot_interfaces/msg/detail
[8.037s] -- Installing: /home/tomo/Documents/ae7785-intro-to-robo/ros2_demo_ws/install/my_robot_interfaces/include/my_robot_interfaces/msg/detail/led_state_array__rosidl_typesupport_fastrtps_c.h
[8.037s] -- Installing: /home/tomo/Documents/ae7785-intro-to-robo/ros2_demo_ws/install/my_robot_interfaces/include/my_robot_interfaces/msg/detail/hardware_status__rosidl_typesupport_fastrtps_c.h
[8.037s] -- Up-to-date: /home/tomo/Documents/ae7785-intro-to-robo/ros2_demo_ws/install/my_robot_interfaces/include/my_robot_interfaces/msg/rosidl_typesupport_fastrtps_c__visibility_control.h
[8.037s] -- Installing: /home/tomo/Documents/ae7785-intro-to-robo/ros2_demo_ws/install/my_robot_interfaces/lib/libmy_robot_interfaces__rosidl_typesupport_fastrtps_c.so
[8.037s] -- Set runtime path of "/home/tomo/Documents/ae7785-intro-to-robo/ros2_demo_ws/install/my_robot_interfaces/lib/libmy_robot_interfaces__rosidl_typesupport_fastrtps_c.so" to ""
[8.038s] -- Up-to-date: /home/tomo/Documents/ae7785-intro-to-robo/ros2_demo_ws/install/my_robot_interfaces/include/my_robot_interfaces
[8.038s] -- Up-to-date: /home/tomo/Documents/ae7785-intro-to-robo/ros2_demo_ws/install/my_robot_interfaces/include/my_robot_interfaces/srv
[8.038s] -- Up-to-date: /home/tomo/Documents/ae7785-intro-to-robo/ros2_demo_ws/install/my_robot_interfaces/include/my_robot_interfaces/srv/detail
[8.038s] -- Installing: /home/tomo/Documents/ae7785-intro-to-robo/ros2_demo_ws/install/my_robot_interfaces/include/my_robot_interfaces/srv/detail/compute_rectangle_area__rosidl_typesupport_fastrtps_cpp.hpp
[8.039s] -- Installing: /home/tomo/Documents/ae7785-intro-to-robo/ros2_demo_ws/install/my_robot_interfaces/include/my_robot_interfaces/srv/detail/set_led__rosidl_typesupport_fastrtps_cpp.hpp
[8.039s] -- Up-to-date: /home/tomo/Documents/ae7785-intro-to-robo/ros2_demo_ws/install/my_robot_interfaces/include/my_robot_interfaces/srv/detail/dds_fastrtps
[8.040s] -- Up-to-date: /home/tomo/Documents/ae7785-intro-to-robo/ros2_demo_ws/install/my_robot_interfaces/include/my_robot_interfaces/msg
[8.040s] -- Up-to-date: /home/tomo/Documents/ae7785-intro-to-robo/ros2_demo_ws/install/my_robot_interfaces/include/my_robot_interfaces/msg/rosidl_typesupport_fastrtps_cpp__visibility_control.h
[8.040s] -- Up-to-date: /home/tomo/Documents/ae7785-intro-to-robo/ros2_demo_ws/install/my_robot_interfaces/include/my_robot_interfaces/msg/detail
[8.041s] -- Installing: /home/tomo/Documents/ae7785-intro-to-robo/ros2_demo_ws/install/my_robot_interfaces/include/my_robot_interfaces/msg/detail/hardware_status__rosidl_typesupport_fastrtps_cpp.hpp
[8.041s] -- Installing: /home/tomo/Documents/ae7785-intro-to-robo/ros2_demo_ws/install/my_robot_interfaces/include/my_robot_interfaces/msg/detail/led_state_array__rosidl_typesupport_fastrtps_cpp.hpp
[8.041s] -- Up-to-date: /home/tomo/Documents/ae7785-intro-to-robo/ros2_demo_ws/install/my_robot_interfaces/include/my_robot_interfaces/msg/detail/dds_fastrtps
[8.041s] -- Installing: /home/tomo/Documents/ae7785-intro-to-robo/ros2_demo_ws/install/my_robot_interfaces/lib/libmy_robot_interfaces__rosidl_typesupport_fastrtps_cpp.so
[8.041s] -- Set runtime path of "/home/tomo/Documents/ae7785-intro-to-robo/ros2_demo_ws/install/my_robot_interfaces/lib/libmy_robot_interfaces__rosidl_typesupport_fastrtps_cpp.so" to ""
[8.041s] -- Up-to-date: /home/tomo/Documents/ae7785-intro-to-robo/ros2_demo_ws/install/my_robot_interfaces/include/my_robot_interfaces
[8.041s] -- Up-to-date: /home/tomo/Documents/ae7785-intro-to-robo/ros2_demo_ws/install/my_robot_interfaces/include/my_robot_interfaces/srv
[8.042s] -- Up-to-date: /home/tomo/Documents/ae7785-intro-to-robo/ros2_demo_ws/install/my_robot_interfaces/include/my_robot_interfaces/srv/detail
[8.042s] -- Installing: /home/tomo/Documents/ae7785-intro-to-robo/ros2_demo_ws/install/my_robot_interfaces/include/my_robot_interfaces/srv/detail/compute_rectangle_area__type_support.c
[8.042s] -- Installing: /home/tomo/Documents/ae7785-intro-to-robo/ros2_demo_ws/install/my_robot_interfaces/include/my_robot_interfaces/srv/detail/compute_rectangle_area__rosidl_typesupport_introspection_c.h
[8.042s] -- Installing: /home/tomo/Documents/ae7785-intro-to-robo/ros2_demo_ws/install/my_robot_interfaces/include/my_robot_interfaces/srv/detail/set_led__type_support.c
[8.042s] -- Installing: /home/tomo/Documents/ae7785-intro-to-robo/ros2_demo_ws/install/my_robot_interfaces/include/my_robot_interfaces/srv/detail/set_led__rosidl_typesupport_introspection_c.h
[8.042s] -- Up-to-date: /home/tomo/Documents/ae7785-intro-to-robo/ros2_demo_ws/install/my_robot_interfaces/include/my_robot_interfaces/msg
[8.042s] -- Up-to-date: /home/tomo/Documents/ae7785-intro-to-robo/ros2_demo_ws/install/my_robot_interfaces/include/my_robot_interfaces/msg/rosidl_typesupport_introspection_c__visibility_control.h
[8.042s] -- Up-to-date: /home/tomo/Documents/ae7785-intro-to-robo/ros2_demo_ws/install/my_robot_interfaces/include/my_robot_interfaces/msg/detail
[8.042s] -- Installing: /home/tomo/Documents/ae7785-intro-to-robo/ros2_demo_ws/install/my_robot_interfaces/include/my_robot_interfaces/msg/detail/led_state_array__type_support.c
[8.043s] -- Installing: /home/tomo/Documents/ae7785-intro-to-robo/ros2_demo_ws/install/my_robot_interfaces/include/my_robot_interfaces/msg/detail/hardware_status__rosidl_typesupport_introspection_c.h
[8.043s] -- Installing: /home/tomo/Documents/ae7785-intro-to-robo/ros2_demo_ws/install/my_robot_interfaces/include/my_robot_interfaces/msg/detail/led_state_array__rosidl_typesupport_introspection_c.h
[8.043s] -- Installing: /home/tomo/Documents/ae7785-intro-to-robo/ros2_demo_ws/install/my_robot_interfaces/include/my_robot_interfaces/msg/detail/hardware_status__type_support.c
[8.043s] -- Installing: /home/tomo/Documents/ae7785-intro-to-robo/ros2_demo_ws/install/my_robot_interfaces/lib/libmy_robot_interfaces__rosidl_typesupport_introspection_c.so
[8.043s] -- Set runtime path of "/home/tomo/Documents/ae7785-intro-to-robo/ros2_demo_ws/install/my_robot_interfaces/lib/libmy_robot_interfaces__rosidl_typesupport_introspection_c.so" to ""
[8.043s] -- Installing: /home/tomo/Documents/ae7785-intro-to-robo/ros2_demo_ws/install/my_robot_interfaces/lib/libmy_robot_interfaces__rosidl_typesupport_c.so
[8.043s] -- Set runtime path of "/home/tomo/Documents/ae7785-intro-to-robo/ros2_demo_ws/install/my_robot_interfaces/lib/libmy_robot_interfaces__rosidl_typesupport_c.so" to ""
[8.043s] -- Up-to-date: /home/tomo/Documents/ae7785-intro-to-robo/ros2_demo_ws/install/my_robot_interfaces/include/my_robot_interfaces
[8.043s] -- Up-to-date: /home/tomo/Documents/ae7785-intro-to-robo/ros2_demo_ws/install/my_robot_interfaces/include/my_robot_interfaces/srv
[8.043s] -- Installing: /home/tomo/Documents/ae7785-intro-to-robo/ros2_demo_ws/install/my_robot_interfaces/include/my_robot_interfaces/srv/compute_rectangle_area.hpp
[8.044s] -- Up-to-date: /home/tomo/Documents/ae7785-intro-to-robo/ros2_demo_ws/install/my_robot_interfaces/include/my_robot_interfaces/srv/detail
[8.044s] -- Installing: /home/tomo/Documents/ae7785-intro-to-robo/ros2_demo_ws/install/my_robot_interfaces/include/my_robot_interfaces/srv/detail/compute_rectangle_area__builder.hpp
[8.044s] -- Installing: /home/tomo/Documents/ae7785-intro-to-robo/ros2_demo_ws/install/my_robot_interfaces/include/my_robot_interfaces/srv/detail/set_led__traits.hpp
[8.044s] -- Installing: /home/tomo/Documents/ae7785-intro-to-robo/ros2_demo_ws/install/my_robot_interfaces/include/my_robot_interfaces/srv/detail/compute_rectangle_area__struct.hpp
[8.044s] -- Installing: /home/tomo/Documents/ae7785-intro-to-robo/ros2_demo_ws/install/my_robot_interfaces/include/my_robot_interfaces/srv/detail/set_led__struct.hpp
[8.044s] -- Installing: /home/tomo/Documents/ae7785-intro-to-robo/ros2_demo_ws/install/my_robot_interfaces/include/my_robot_interfaces/srv/detail/compute_rectangle_area__traits.hpp
[8.044s] -- Installing: /home/tomo/Documents/ae7785-intro-to-robo/ros2_demo_ws/install/my_robot_interfaces/include/my_robot_interfaces/srv/detail/set_led__builder.hpp
[8.044s] -- Installing: /home/tomo/Documents/ae7785-intro-to-robo/ros2_demo_ws/install/my_robot_interfaces/include/my_robot_interfaces/srv/set_led.hpp
[8.044s] -- Up-to-date: /home/tomo/Documents/ae7785-intro-to-robo/ros2_demo_ws/install/my_robot_interfaces/include/my_robot_interfaces/msg
[8.050s] -- Installing: /home/tomo/Documents/ae7785-intro-to-robo/ros2_demo_ws/install/my_robot_interfaces/include/my_robot_interfaces/msg/led_state_array.hpp
[8.050s] -- Up-to-date: /home/tomo/Documents/ae7785-intro-to-robo/ros2_demo_ws/install/my_robot_interfaces/include/my_robot_interfaces/msg/detail
[8.050s] -- Installing: /home/tomo/Documents/ae7785-intro-to-robo/ros2_demo_ws/install/my_robot_interfaces/include/my_robot_interfaces/msg/detail/led_state_array__struct.hpp
[8.051s] -- Installing: /home/tomo/Documents/ae7785-intro-to-robo/ros2_demo_ws/install/my_robot_interfaces/include/my_robot_interfaces/msg/detail/hardware_status__traits.hpp
[8.051s] -- Installing: /home/tomo/Documents/ae7785-intro-to-robo/ros2_demo_ws/install/my_robot_interfaces/include/my_robot_interfaces/msg/detail/led_state_array__traits.hpp
[8.051s] -- Installing: /home/tomo/Documents/ae7785-intro-to-robo/ros2_demo_ws/install/my_robot_interfaces/include/my_robot_interfaces/msg/detail/hardware_status__builder.hpp
[8.051s] -- Installing: /home/tomo/Documents/ae7785-intro-to-robo/ros2_demo_ws/install/my_robot_interfaces/include/my_robot_interfaces/msg/detail/hardware_status__struct.hpp
[8.051s] -- Installing: /home/tomo/Documents/ae7785-intro-to-robo/ros2_demo_ws/install/my_robot_interfaces/include/my_robot_interfaces/msg/detail/led_state_array__builder.hpp
[8.052s] -- Installing: /home/tomo/Documents/ae7785-intro-to-robo/ros2_demo_ws/install/my_robot_interfaces/include/my_robot_interfaces/msg/hardware_status.hpp
[8.052s] -- Up-to-date: /home/tomo/Documents/ae7785-intro-to-robo/ros2_demo_ws/install/my_robot_interfaces/include/my_robot_interfaces
[8.052s] -- Up-to-date: /home/tomo/Documents/ae7785-intro-to-robo/ros2_demo_ws/install/my_robot_interfaces/include/my_robot_interfaces/srv
[8.053s] -- Up-to-date: /home/tomo/Documents/ae7785-intro-to-robo/ros2_demo_ws/install/my_robot_interfaces/include/my_robot_interfaces/srv/detail
[8.053s] -- Installing: /home/tomo/Documents/ae7785-intro-to-robo/ros2_demo_ws/install/my_robot_interfaces/include/my_robot_interfaces/srv/detail/compute_rectangle_area__type_support.cpp
[8.053s] -- Installing: /home/tomo/Documents/ae7785-intro-to-robo/ros2_demo_ws/install/my_robot_interfaces/include/my_robot_interfaces/srv/detail/compute_rectangle_area__rosidl_typesupport_introspection_cpp.hpp
[8.064s] -- Installing: /home/tomo/Documents/ae7785-intro-to-robo/ros2_demo_ws/install/my_robot_interfaces/include/my_robot_interfaces/srv/detail/set_led__rosidl_typesupport_introspection_cpp.hpp
[8.064s] -- Installing: /home/tomo/Documents/ae7785-intro-to-robo/ros2_demo_ws/install/my_robot_interfaces/include/my_robot_interfaces/srv/detail/set_led__type_support.cpp
[8.064s] -- Up-to-date: /home/tomo/Documents/ae7785-intro-to-robo/ros2_demo_ws/install/my_robot_interfaces/include/my_robot_interfaces/msg
[8.064s] -- Up-to-date: /home/tomo/Documents/ae7785-intro-to-robo/ros2_demo_ws/install/my_robot_interfaces/include/my_robot_interfaces/msg/detail
[8.064s] -- Installing: /home/tomo/Documents/ae7785-intro-to-robo/ros2_demo_ws/install/my_robot_interfaces/include/my_robot_interfaces/msg/detail/hardware_status__rosidl_typesupport_introspection_cpp.hpp
[8.064s] -- Installing: /home/tomo/Documents/ae7785-intro-to-robo/ros2_demo_ws/install/my_robot_interfaces/include/my_robot_interfaces/msg/detail/hardware_status__type_support.cpp
[8.065s] -- Installing: /home/tomo/Documents/ae7785-intro-to-robo/ros2_demo_ws/install/my_robot_interfaces/include/my_robot_interfaces/msg/detail/led_state_array__type_support.cpp
[8.065s] -- Installing: /home/tomo/Documents/ae7785-intro-to-robo/ros2_demo_ws/install/my_robot_interfaces/include/my_robot_interfaces/msg/detail/led_state_array__rosidl_typesupport_introspection_cpp.hpp
[8.065s] -- Installing: /home/tomo/Documents/ae7785-intro-to-robo/ros2_demo_ws/install/my_robot_interfaces/lib/libmy_robot_interfaces__rosidl_typesupport_introspection_cpp.so
[8.065s] -- Set runtime path of "/home/tomo/Documents/ae7785-intro-to-robo/ros2_demo_ws/install/my_robot_interfaces/lib/libmy_robot_interfaces__rosidl_typesupport_introspection_cpp.so" to ""
[8.065s] -- Installing: /home/tomo/Documents/ae7785-intro-to-robo/ros2_demo_ws/install/my_robot_interfaces/lib/libmy_robot_interfaces__rosidl_typesupport_cpp.so
[8.065s] -- Set runtime path of "/home/tomo/Documents/ae7785-intro-to-robo/ros2_demo_ws/install/my_robot_interfaces/lib/libmy_robot_interfaces__rosidl_typesupport_cpp.so" to ""
[8.065s] -- Up-to-date: /home/tomo/Documents/ae7785-intro-to-robo/ros2_demo_ws/install/my_robot_interfaces/share/my_robot_interfaces/environment/pythonpath.sh
[8.065s] -- Installing: /home/tomo/Documents/ae7785-intro-to-robo/ros2_demo_ws/install/my_robot_interfaces/share/my_robot_interfaces/environment/pythonpath.dsv
[8.065s] -- Installing: /home/tomo/Documents/ae7785-intro-to-robo/ros2_demo_ws/install/my_robot_interfaces/lib/python3.8/site-packages/my_robot_interfaces/__init__.py
[8.086s] Compiling '/home/tomo/Documents/ae7785-intro-to-robo/ros2_demo_ws/install/my_robot_interfaces/lib/python3.8/site-packages/my_robot_interfaces/__init__.py'...
[8.095s] -- Up-to-date: /home/tomo/Documents/ae7785-intro-to-robo/ros2_demo_ws/install/my_robot_interfaces/lib/python3.8/site-packages/my_robot_interfaces/msg
[8.095s] -- Installing: /home/tomo/Documents/ae7785-intro-to-robo/ros2_demo_ws/install/my_robot_interfaces/lib/python3.8/site-packages/my_robot_interfaces/msg/_led_state_array.py
[8.096s] -- Installing: /home/tomo/Documents/ae7785-intro-to-robo/ros2_demo_ws/install/my_robot_interfaces/lib/python3.8/site-packages/my_robot_interfaces/msg/_hardware_status_s.c
[8.096s] -- Installing: /home/tomo/Documents/ae7785-intro-to-robo/ros2_demo_ws/install/my_robot_interfaces/lib/python3.8/site-packages/my_robot_interfaces/msg/__init__.py
[8.096s] -- Installing: /home/tomo/Documents/ae7785-intro-to-robo/ros2_demo_ws/install/my_robot_interfaces/lib/python3.8/site-packages/my_robot_interfaces/msg/_hardware_status.py
[8.097s] -- Installing: /home/tomo/Documents/ae7785-intro-to-robo/ros2_demo_ws/install/my_robot_interfaces/lib/python3.8/site-packages/my_robot_interfaces/msg/_led_state_array_s.c
[8.097s] -- Up-to-date: /home/tomo/Documents/ae7785-intro-to-robo/ros2_demo_ws/install/my_robot_interfaces/lib/python3.8/site-packages/my_robot_interfaces/srv
[8.097s] -- Installing: /home/tomo/Documents/ae7785-intro-to-robo/ros2_demo_ws/install/my_robot_interfaces/lib/python3.8/site-packages/my_robot_interfaces/srv/_set_led.py
[8.098s] -- Installing: /home/tomo/Documents/ae7785-intro-to-robo/ros2_demo_ws/install/my_robot_interfaces/lib/python3.8/site-packages/my_robot_interfaces/srv/_compute_rectangle_area.py
[8.098s] -- Installing: /home/tomo/Documents/ae7785-intro-to-robo/ros2_demo_ws/install/my_robot_interfaces/lib/python3.8/site-packages/my_robot_interfaces/srv/_set_led_s.c
[8.098s] -- Installing: /home/tomo/Documents/ae7785-intro-to-robo/ros2_demo_ws/install/my_robot_interfaces/lib/python3.8/site-packages/my_robot_interfaces/srv/__init__.py
[8.098s] -- Installing: /home/tomo/Documents/ae7785-intro-to-robo/ros2_demo_ws/install/my_robot_interfaces/lib/python3.8/site-packages/my_robot_interfaces/srv/_compute_rectangle_area_s.c
[8.099s] -- Installing: /home/tomo/Documents/ae7785-intro-to-robo/ros2_demo_ws/install/my_robot_interfaces/lib/python3.8/site-packages/my_robot_interfaces/my_robot_interfaces_s__rosidl_typesupport_fastrtps_c.cpython-38-x86_64-linux-gnu.so
[8.100s] -- Set runtime path of "/home/tomo/Documents/ae7785-intro-to-robo/ros2_demo_ws/install/my_robot_interfaces/lib/python3.8/site-packages/my_robot_interfaces/my_robot_interfaces_s__rosidl_typesupport_fastrtps_c.cpython-38-x86_64-linux-gnu.so" to ""
[8.100s] -- Installing: /home/tomo/Documents/ae7785-intro-to-robo/ros2_demo_ws/install/my_robot_interfaces/lib/python3.8/site-packages/my_robot_interfaces/my_robot_interfaces_s__rosidl_typesupport_introspection_c.cpython-38-x86_64-linux-gnu.so
[8.102s] -- Set runtime path of "/home/tomo/Documents/ae7785-intro-to-robo/ros2_demo_ws/install/my_robot_interfaces/lib/python3.8/site-packages/my_robot_interfaces/my_robot_interfaces_s__rosidl_typesupport_introspection_c.cpython-38-x86_64-linux-gnu.so" to ""
[8.102s] -- Installing: /home/tomo/Documents/ae7785-intro-to-robo/ros2_demo_ws/install/my_robot_interfaces/lib/python3.8/site-packages/my_robot_interfaces/my_robot_interfaces_s__rosidl_typesupport_c.cpython-38-x86_64-linux-gnu.so
[8.103s] -- Set runtime path of "/home/tomo/Documents/ae7785-intro-to-robo/ros2_demo_ws/install/my_robot_interfaces/lib/python3.8/site-packages/my_robot_interfaces/my_robot_interfaces_s__rosidl_typesupport_c.cpython-38-x86_64-linux-gnu.so" to ""
[8.104s] -- Installing: /home/tomo/Documents/ae7785-intro-to-robo/ros2_demo_ws/install/my_robot_interfaces/lib/libmy_robot_interfaces__python.so
[8.105s] -- Set runtime path of "/home/tomo/Documents/ae7785-intro-to-robo/ros2_demo_ws/install/my_robot_interfaces/lib/libmy_robot_interfaces__python.so" to ""
[8.105s] -- Up-to-date: /home/tomo/Documents/ae7785-intro-to-robo/ros2_demo_ws/install/my_robot_interfaces/share/my_robot_interfaces/msg/HardwareStatus.idl
[8.106s] -- Up-to-date: /home/tomo/Documents/ae7785-intro-to-robo/ros2_demo_ws/install/my_robot_interfaces/share/my_robot_interfaces/msg/LedStateArray.idl
[8.106s] -- Up-to-date: /home/tomo/Documents/ae7785-intro-to-robo/ros2_demo_ws/install/my_robot_interfaces/share/my_robot_interfaces/srv/ComputeRectangleArea.idl
[8.107s] -- Installing: /home/tomo/Documents/ae7785-intro-to-robo/ros2_demo_ws/install/my_robot_interfaces/share/my_robot_interfaces/srv/SetLed.idl
[8.107s] -- Up-to-date: /home/tomo/Documents/ae7785-intro-to-robo/ros2_demo_ws/install/my_robot_interfaces/share/my_robot_interfaces/msg/HardwareStatus.msg
[8.107s] -- Up-to-date: /home/tomo/Documents/ae7785-intro-to-robo/ros2_demo_ws/install/my_robot_interfaces/share/my_robot_interfaces/msg/LedStateArray.msg
[8.108s] -- Up-to-date: /home/tomo/Documents/ae7785-intro-to-robo/ros2_demo_ws/install/my_robot_interfaces/share/my_robot_interfaces/srv/ComputeRectangleArea.srv
[8.108s] -- Up-to-date: /home/tomo/Documents/ae7785-intro-to-robo/ros2_demo_ws/install/my_robot_interfaces/share/my_robot_interfaces/srv/ComputeRectangleArea_Request.msg
[8.108s] -- Up-to-date: /home/tomo/Documents/ae7785-intro-to-robo/ros2_demo_ws/install/my_robot_interfaces/share/my_robot_interfaces/srv/ComputeRectangleArea_Response.msg
[8.109s] -- Installing: /home/tomo/Documents/ae7785-intro-to-robo/ros2_demo_ws/install/my_robot_interfaces/share/my_robot_interfaces/srv/SetLed.srv
[8.109s] -- Installing: /home/tomo/Documents/ae7785-intro-to-robo/ros2_demo_ws/install/my_robot_interfaces/share/my_robot_interfaces/srv/SetLed_Request.msg
[8.109s] -- Up-to-date: /home/tomo/Documents/ae7785-intro-to-robo/ros2_demo_ws/install/my_robot_interfaces/share/my_robot_interfaces/srv/SetLed_Response.msg
[8.110s] -- Up-to-date: /home/tomo/Documents/ae7785-intro-to-robo/ros2_demo_ws/install/my_robot_interfaces/share/ament_index/resource_index/package_run_dependencies/my_robot_interfaces
[8.110s] -- Up-to-date: /home/tomo/Documents/ae7785-intro-to-robo/ros2_demo_ws/install/my_robot_interfaces/share/ament_index/resource_index/parent_prefix_path/my_robot_interfaces
[8.110s] -- Up-to-date: /home/tomo/Documents/ae7785-intro-to-robo/ros2_demo_ws/install/my_robot_interfaces/share/my_robot_interfaces/environment/ament_prefix_path.sh
[8.110s] -- Installing: /home/tomo/Documents/ae7785-intro-to-robo/ros2_demo_ws/install/my_robot_interfaces/share/my_robot_interfaces/environment/ament_prefix_path.dsv
[8.111s] -- Up-to-date: /home/tomo/Documents/ae7785-intro-to-robo/ros2_demo_ws/install/my_robot_interfaces/share/my_robot_interfaces/environment/path.sh
[8.111s] -- Installing: /home/tomo/Documents/ae7785-intro-to-robo/ros2_demo_ws/install/my_robot_interfaces/share/my_robot_interfaces/environment/path.dsv
[8.112s] -- Up-to-date: /home/tomo/Documents/ae7785-intro-to-robo/ros2_demo_ws/install/my_robot_interfaces/share/my_robot_interfaces/local_setup.bash
[8.112s] -- Up-to-date: /home/tomo/Documents/ae7785-intro-to-robo/ros2_demo_ws/install/my_robot_interfaces/share/my_robot_interfaces/local_setup.sh
[8.112s] -- Up-to-date: /home/tomo/Documents/ae7785-intro-to-robo/ros2_demo_ws/install/my_robot_interfaces/share/my_robot_interfaces/local_setup.zsh
[8.112s] -- Installing: /home/tomo/Documents/ae7785-intro-to-robo/ros2_demo_ws/install/my_robot_interfaces/share/my_robot_interfaces/local_setup.dsv
[8.113s] -- Installing: /home/tomo/Documents/ae7785-intro-to-robo/ros2_demo_ws/install/my_robot_interfaces/share/my_robot_interfaces/package.dsv
[8.113s] -- Up-to-date: /home/tomo/Documents/ae7785-intro-to-robo/ros2_demo_ws/install/my_robot_interfaces/share/ament_index/resource_index/packages/my_robot_interfaces
[8.113s] -- Up-to-date: /home/tomo/Documents/ae7785-intro-to-robo/ros2_demo_ws/install/my_robot_interfaces/share/my_robot_interfaces/cmake/my_robot_interfaces__rosidl_generator_cExport.cmake
[8.114s] -- Installing: /home/tomo/Documents/ae7785-intro-to-robo/ros2_demo_ws/install/my_robot_interfaces/share/my_robot_interfaces/cmake/my_robot_interfaces__rosidl_generator_cExport-noconfig.cmake
[8.114s] -- Up-to-date: /home/tomo/Documents/ae7785-intro-to-robo/ros2_demo_ws/install/my_robot_interfaces/share/my_robot_interfaces/cmake/my_robot_interfaces__rosidl_typesupport_introspection_cExport.cmake
[8.115s] -- Installing: /home/tomo/Documents/ae7785-intro-to-robo/ros2_demo_ws/install/my_robot_interfaces/share/my_robot_interfaces/cmake/my_robot_interfaces__rosidl_typesupport_introspection_cExport-noconfig.cmake
[8.115s] -- Up-to-date: /home/tomo/Documents/ae7785-intro-to-robo/ros2_demo_ws/install/my_robot_interfaces/share/my_robot_interfaces/cmake/my_robot_interfaces__rosidl_typesupport_cExport.cmake
[8.116s] -- Installing: /home/tomo/Documents/ae7785-intro-to-robo/ros2_demo_ws/install/my_robot_interfaces/share/my_robot_interfaces/cmake/my_robot_interfaces__rosidl_typesupport_cExport-noconfig.cmake
[8.116s] -- Up-to-date: /home/tomo/Documents/ae7785-intro-to-robo/ros2_demo_ws/install/my_robot_interfaces/share/my_robot_interfaces/cmake/my_robot_interfaces__rosidl_generator_cppExport.cmake
[8.116s] -- Up-to-date: /home/tomo/Documents/ae7785-intro-to-robo/ros2_demo_ws/install/my_robot_interfaces/share/my_robot_interfaces/cmake/my_robot_interfaces__rosidl_typesupport_introspection_cppExport.cmake
[8.116s] -- Installing: /home/tomo/Documents/ae7785-intro-to-robo/ros2_demo_ws/install/my_robot_interfaces/share/my_robot_interfaces/cmake/my_robot_interfaces__rosidl_typesupport_introspection_cppExport-noconfig.cmake
[8.116s] -- Up-to-date: /home/tomo/Documents/ae7785-intro-to-robo/ros2_demo_ws/install/my_robot_interfaces/share/my_robot_interfaces/cmake/my_robot_interfaces__rosidl_typesupport_cppExport.cmake
[8.117s] -- Installing: /home/tomo/Documents/ae7785-intro-to-robo/ros2_demo_ws/install/my_robot_interfaces/share/my_robot_interfaces/cmake/my_robot_interfaces__rosidl_typesupport_cppExport-noconfig.cmake
[8.117s] -- Up-to-date: /home/tomo/Documents/ae7785-intro-to-robo/ros2_demo_ws/install/my_robot_interfaces/share/my_robot_interfaces/cmake/rosidl_cmake-extras.cmake
[8.117s] -- Up-to-date: /home/tomo/Documents/ae7785-intro-to-robo/ros2_demo_ws/install/my_robot_interfaces/share/my_robot_interfaces/cmake/ament_cmake_export_dependencies-extras.cmake
[8.117s] -- Up-to-date: /home/tomo/Documents/ae7785-intro-to-robo/ros2_demo_ws/install/my_robot_interfaces/share/my_robot_interfaces/cmake/ament_cmake_export_libraries-extras.cmake
[8.117s] -- Up-to-date: /home/tomo/Documents/ae7785-intro-to-robo/ros2_demo_ws/install/my_robot_interfaces/share/my_robot_interfaces/cmake/ament_cmake_export_targets-extras.cmake
[8.117s] -- Up-to-date: /home/tomo/Documents/ae7785-intro-to-robo/ros2_demo_ws/install/my_robot_interfaces/share/my_robot_interfaces/cmake/ament_cmake_export_include_directories-extras.cmake
[8.118s] -- Up-to-date: /home/tomo/Documents/ae7785-intro-to-robo/ros2_demo_ws/install/my_robot_interfaces/share/my_robot_interfaces/cmake/rosidl_cmake_export_typesupport_libraries-extras.cmake
[8.119s] -- Up-to-date: /home/tomo/Documents/ae7785-intro-to-robo/ros2_demo_ws/install/my_robot_interfaces/share/my_robot_interfaces/cmake/rosidl_cmake_export_typesupport_targets-extras.cmake
[8.119s] -- Up-to-date: /home/tomo/Documents/ae7785-intro-to-robo/ros2_demo_ws/install/my_robot_interfaces/share/my_robot_interfaces/cmake/my_robot_interfacesConfig.cmake
[8.120s] -- Up-to-date: /home/tomo/Documents/ae7785-intro-to-robo/ros2_demo_ws/install/my_robot_interfaces/share/my_robot_interfaces/cmake/my_robot_interfacesConfig-version.cmake
[8.124s] -- Up-to-date: /home/tomo/Documents/ae7785-intro-to-robo/ros2_demo_ws/install/my_robot_interfaces/share/my_robot_interfaces/package.xml
[8.125s] Invoked command in '/home/tomo/Documents/ae7785-intro-to-robo/ros2_demo_ws/build/my_robot_interfaces' returned '0': CMAKE_PREFIX_PATH=${CMAKE_PREFIX_PATH}:/home/tomo/Documents/ae7785-intro-to-robo/ros2_demo_ws/install/my_py_pkg:/home/tomo/Documents/turtlebot3_ws/install/turtlebot3_teleop:/home/tomo/Documents/turtlebot3_ws/install/turtlebot3_example:/opt/ros/foxy /usr/bin/cmake --install /home/tomo/Documents/ae7785-intro-to-robo/ros2_demo_ws/build/my_robot_interfaces
