[1.280s] Invoking command in '/home/tomo/ae7785-intro-to-robo/ros2_ws/build/turtlebot3_gazebo': CMAKE_PREFIX_PATH=${CMAKE_PREFIX_PATH}:/home/tomo/ae7785-intro-to-robo/ros2_ws/install/team99_object_follower:/home/tomo/ae7785-intro-to-robo/turtlesim_ws/install/turtlesim_chaser:/home/tomo/Documents/turtlebot3_ws/install/turtlebot3_teleop:/home/tomo/Documents/turtlebot3_ws/install/turtlebot3_example:/opt/ros/foxy /usr/bin/cmake --build /home/tomo/ae7785-intro-to-robo/ros2_ws/build/turtlebot3_gazebo -- -j6 -l6
[1.599s] [ 25%] Built target obstacles
[1.643s] [ 50%] Built target obstacle2
[1.761s] [ 75%] Built target turtlebot3_drive
[1.776s] [100%] Built target obstacle1
[1.821s] Invoked command in '/home/tomo/ae7785-intro-to-robo/ros2_ws/build/turtlebot3_gazebo' returned '0': CMAKE_PREFIX_PATH=${CMAKE_PREFIX_PATH}:/home/tomo/ae7785-intro-to-robo/ros2_ws/install/team99_object_follower:/home/tomo/ae7785-intro-to-robo/turtlesim_ws/install/turtlesim_chaser:/home/tomo/Documents/turtlebot3_ws/install/turtlebot3_teleop:/home/tomo/Documents/turtlebot3_ws/install/turtlebot3_example:/opt/ros/foxy /usr/bin/cmake --build /home/tomo/ae7785-intro-to-robo/ros2_ws/build/turtlebot3_gazebo -- -j6 -l6
[2.024s] Invoking command in '/home/tomo/ae7785-intro-to-robo/ros2_ws/build/turtlebot3_gazebo': CMAKE_PREFIX_PATH=${CMAKE_PREFIX_PATH}:/home/tomo/ae7785-intro-to-robo/ros2_ws/install/team99_object_follower:/home/tomo/ae7785-intro-to-robo/turtlesim_ws/install/turtlesim_chaser:/home/tomo/Documents/turtlebot3_ws/install/turtlebot3_teleop:/home/tomo/Documents/turtlebot3_ws/install/turtlebot3_example:/opt/ros/foxy /usr/bin/cmake --install /home/tomo/ae7785-intro-to-robo/ros2_ws/build/turtlebot3_gazebo
[2.051s] -- Install configuration: ""
[2.051s] -- Execute custom install script
[2.051s] -- Up-to-date symlink: /home/tomo/ae7785-intro-to-robo/ros2_ws/install/turtlebot3_gazebo/lib/turtlebot3_gazebo/turtlebot3_drive
[2.056s] -- Up-to-date symlink: /home/tomo/ae7785-intro-to-robo/ros2_ws/install/turtlebot3_gazebo/share/turtlebot3_gazebo//launch/empty_world.launch.py
[2.056s] -- Up-to-date symlink: /home/tomo/ae7785-intro-to-robo/ros2_ws/install/turtlebot3_gazebo/share/turtlebot3_gazebo//launch/lab2_world.launch.py
[2.063s] -- Up-to-date symlink: /home/tomo/ae7785-intro-to-robo/ros2_ws/install/turtlebot3_gazebo/share/turtlebot3_gazebo//launch/robot_state_publisher.launch.py
[2.070s] -- Up-to-date symlink: /home/tomo/ae7785-intro-to-robo/ros2_ws/install/turtlebot3_gazebo/share/turtlebot3_gazebo//launch/turtlebot3_autorace.launch.py
[2.070s] -- Up-to-date symlink: /home/tomo/ae7785-intro-to-robo/ros2_ws/install/turtlebot3_gazebo/share/turtlebot3_gazebo//launch/turtlebot3_dqn_stage1.launch.py
[2.070s] -- Up-to-date symlink: /home/tomo/ae7785-intro-to-robo/ros2_ws/install/turtlebot3_gazebo/share/turtlebot3_gazebo//launch/turtlebot3_dqn_stage2.launch.py
[2.070s] -- Up-to-date symlink: /home/tomo/ae7785-intro-to-robo/ros2_ws/install/turtlebot3_gazebo/share/turtlebot3_gazebo//launch/turtlebot3_dqn_stage3.launch.py
[2.070s] -- Up-to-date symlink: /home/tomo/ae7785-intro-to-robo/ros2_ws/install/turtlebot3_gazebo/share/turtlebot3_gazebo//launch/turtlebot3_dqn_stage4.launch.py
[2.071s] -- Up-to-date symlink: /home/tomo/ae7785-intro-to-robo/ros2_ws/install/turtlebot3_gazebo/share/turtlebot3_gazebo//launch/turtlebot3_house.launch.py
[2.078s] -- Up-to-date symlink: /home/tomo/ae7785-intro-to-robo/ros2_ws/install/turtlebot3_gazebo/share/turtlebot3_gazebo//launch/turtlebot3_world.launch.py
[2.099s] -- Up-to-date symlink: /home/tomo/ae7785-intro-to-robo/ros2_ws/install/turtlebot3_gazebo/share/turtlebot3_gazebo//models/.DS_Store
[2.099s] -- Up-to-date symlink: /home/tomo/ae7785-intro-to-robo/ros2_ws/install/turtlebot3_gazebo/share/turtlebot3_gazebo//models/turtlebot3_autorace/course/materials/scripts/course.material
[2.099s] -- Up-to-date symlink: /home/tomo/ae7785-intro-to-robo/ros2_ws/install/turtlebot3_gazebo/share/turtlebot3_gazebo//models/turtlebot3_autorace/course/materials/textures/course.png
[2.099s] -- Up-to-date symlink: /home/tomo/ae7785-intro-to-robo/ros2_ws/install/turtlebot3_gazebo/share/turtlebot3_gazebo//models/turtlebot3_autorace/course/model.config
[2.099s] -- Up-to-date symlink: /home/tomo/ae7785-intro-to-robo/ros2_ws/install/turtlebot3_gazebo/share/turtlebot3_gazebo//models/turtlebot3_autorace/course/model.sdf
[2.100s] -- Up-to-date symlink: /home/tomo/ae7785-intro-to-robo/ros2_ws/install/turtlebot3_gazebo/share/turtlebot3_gazebo//models/turtlebot3_autorace/ground/model.config
[2.100s] -- Up-to-date symlink: /home/tomo/ae7785-intro-to-robo/ros2_ws/install/turtlebot3_gazebo/share/turtlebot3_gazebo//models/turtlebot3_autorace/ground/model.sdf
[2.100s] -- Up-to-date symlink: /home/tomo/ae7785-intro-to-robo/ros2_ws/install/turtlebot3_gazebo/share/turtlebot3_gazebo//models/turtlebot3_autorace/lights/model.config
[2.100s] -- Up-to-date symlink: /home/tomo/ae7785-intro-to-robo/ros2_ws/install/turtlebot3_gazebo/share/turtlebot3_gazebo//models/turtlebot3_autorace/lights/model.sdf
[2.100s] -- Up-to-date symlink: /home/tomo/ae7785-intro-to-robo/ros2_ws/install/turtlebot3_gazebo/share/turtlebot3_gazebo//models/turtlebot3_autorace/model.config
[2.100s] -- Up-to-date symlink: /home/tomo/ae7785-intro-to-robo/ros2_ws/install/turtlebot3_gazebo/share/turtlebot3_gazebo//models/turtlebot3_autorace/traffic_bar_down/materials/scripts/traffic_bar.material
[2.100s] -- Up-to-date symlink: /home/tomo/ae7785-intro-to-robo/ros2_ws/install/turtlebot3_gazebo/share/turtlebot3_gazebo//models/turtlebot3_autorace/traffic_bar_down/materials/textures/traffic_bar.png
[2.100s] -- Up-to-date symlink: /home/tomo/ae7785-intro-to-robo/ros2_ws/install/turtlebot3_gazebo/share/turtlebot3_gazebo//models/turtlebot3_autorace/traffic_bar_down/model.config
[2.100s] -- Up-to-date symlink: /home/tomo/ae7785-intro-to-robo/ros2_ws/install/turtlebot3_gazebo/share/turtlebot3_gazebo//models/turtlebot3_autorace/traffic_bar_down/model.sdf
[2.101s] -- Up-to-date symlink: /home/tomo/ae7785-intro-to-robo/ros2_ws/install/turtlebot3_gazebo/share/turtlebot3_gazebo//models/turtlebot3_autorace/traffic_bar_up/materials/scripts/traffic_bar.material
[2.101s] -- Up-to-date symlink: /home/tomo/ae7785-intro-to-robo/ros2_ws/install/turtlebot3_gazebo/share/turtlebot3_gazebo//models/turtlebot3_autorace/traffic_bar_up/materials/textures/traffic_bar.png
[2.101s] -- Up-to-date symlink: /home/tomo/ae7785-intro-to-robo/ros2_ws/install/turtlebot3_gazebo/share/turtlebot3_gazebo//models/turtlebot3_autorace/traffic_bar_up/model.config
[2.101s] -- Up-to-date symlink: /home/tomo/ae7785-intro-to-robo/ros2_ws/install/turtlebot3_gazebo/share/turtlebot3_gazebo//models/turtlebot3_autorace/traffic_bar_up/model.sdf
[2.101s] -- Up-to-date symlink: /home/tomo/ae7785-intro-to-robo/ros2_ws/install/turtlebot3_gazebo/share/turtlebot3_gazebo//models/turtlebot3_autorace/traffic_light_green/model.config
[2.114s] -- Up-to-date symlink: /home/tomo/ae7785-intro-to-robo/ros2_ws/install/turtlebot3_gazebo/share/turtlebot3_gazebo//models/turtlebot3_autorace/traffic_light_green/model.sdf
[2.116s] -- Up-to-date symlink: /home/tomo/ae7785-intro-to-robo/ros2_ws/install/turtlebot3_gazebo/share/turtlebot3_gazebo//models/turtlebot3_autorace/traffic_light_red/model.config
[2.120s] -- Up-to-date symlink: /home/tomo/ae7785-intro-to-robo/ros2_ws/install/turtlebot3_gazebo/share/turtlebot3_gazebo//models/turtlebot3_autorace/traffic_light_red/model.sdf
[2.121s] -- Up-to-date symlink: /home/tomo/ae7785-intro-to-robo/ros2_ws/install/turtlebot3_gazebo/share/turtlebot3_gazebo//models/turtlebot3_autorace/traffic_light_yellow/model.config
[2.121s] -- Up-to-date symlink: /home/tomo/ae7785-intro-to-robo/ros2_ws/install/turtlebot3_gazebo/share/turtlebot3_gazebo//models/turtlebot3_autorace/traffic_light_yellow/model.sdf
[2.121s] -- Up-to-date symlink: /home/tomo/ae7785-intro-to-robo/ros2_ws/install/turtlebot3_gazebo/share/turtlebot3_gazebo//models/turtlebot3_autorace/traffic_parking/materials/scripts/traffic_parking.material
[2.124s] -- Up-to-date symlink: /home/tomo/ae7785-intro-to-robo/ros2_ws/install/turtlebot3_gazebo/share/turtlebot3_gazebo//models/turtlebot3_autorace/traffic_parking/materials/textures/traffic_parking.png
[2.124s] -- Up-to-date symlink: /home/tomo/ae7785-intro-to-robo/ros2_ws/install/turtlebot3_gazebo/share/turtlebot3_gazebo//models/turtlebot3_autorace/traffic_parking/model.config
[2.125s] -- Up-to-date symlink: /home/tomo/ae7785-intro-to-robo/ros2_ws/install/turtlebot3_gazebo/share/turtlebot3_gazebo//models/turtlebot3_autorace/traffic_parking/model.sdf
[2.131s] -- Up-to-date symlink: /home/tomo/ae7785-intro-to-robo/ros2_ws/install/turtlebot3_gazebo/share/turtlebot3_gazebo//models/turtlebot3_autorace/traffic_stop/materials/scripts/traffic_stop.material
[2.132s] -- Up-to-date symlink: /home/tomo/ae7785-intro-to-robo/ros2_ws/install/turtlebot3_gazebo/share/turtlebot3_gazebo//models/turtlebot3_autorace/traffic_stop/materials/textures/traffic_stop.png
[2.132s] -- Up-to-date symlink: /home/tomo/ae7785-intro-to-robo/ros2_ws/install/turtlebot3_gazebo/share/turtlebot3_gazebo//models/turtlebot3_autorace/traffic_stop/model.config
[2.132s] -- Up-to-date symlink: /home/tomo/ae7785-intro-to-robo/ros2_ws/install/turtlebot3_gazebo/share/turtlebot3_gazebo//models/turtlebot3_autorace/traffic_stop/model.sdf
[2.132s] -- Up-to-date symlink: /home/tomo/ae7785-intro-to-robo/ros2_ws/install/turtlebot3_gazebo/share/turtlebot3_gazebo//models/turtlebot3_autorace/traffic_tunnel/materials/scripts/tunnel.material
[2.137s] -- Up-to-date symlink: /home/tomo/ae7785-intro-to-robo/ros2_ws/install/turtlebot3_gazebo/share/turtlebot3_gazebo//models/turtlebot3_autorace/traffic_tunnel/materials/textures/tunnel.png
[2.137s] -- Up-to-date symlink: /home/tomo/ae7785-intro-to-robo/ros2_ws/install/turtlebot3_gazebo/share/turtlebot3_gazebo//models/turtlebot3_autorace/traffic_tunnel/model.config
[2.138s] -- Up-to-date symlink: /home/tomo/ae7785-intro-to-robo/ros2_ws/install/turtlebot3_gazebo/share/turtlebot3_gazebo//models/turtlebot3_autorace/traffic_tunnel/model.sdf
[2.138s] -- Up-to-date symlink: /home/tomo/ae7785-intro-to-robo/ros2_ws/install/turtlebot3_gazebo/share/turtlebot3_gazebo//models/turtlebot3_autorace/tunnel_obstacles/model.config
[2.139s] -- Up-to-date symlink: /home/tomo/ae7785-intro-to-robo/ros2_ws/install/turtlebot3_gazebo/share/turtlebot3_gazebo//models/turtlebot3_autorace/tunnel_obstacles/model.sdf
[2.139s] -- Up-to-date symlink: /home/tomo/ae7785-intro-to-robo/ros2_ws/install/turtlebot3_gazebo/share/turtlebot3_gazebo//models/turtlebot3_autorace/tunnel_wall/model.config
[2.139s] -- Up-to-date symlink: /home/tomo/ae7785-intro-to-robo/ros2_ws/install/turtlebot3_gazebo/share/turtlebot3_gazebo//models/turtlebot3_autorace/tunnel_wall/model.sdf
[2.139s] -- Up-to-date symlink: /home/tomo/ae7785-intro-to-robo/ros2_ws/install/turtlebot3_gazebo/share/turtlebot3_gazebo//models/turtlebot3_burger/meshes/burger_base.dae
[2.140s] -- Up-to-date symlink: /home/tomo/ae7785-intro-to-robo/ros2_ws/install/turtlebot3_gazebo/share/turtlebot3_gazebo//models/turtlebot3_burger/meshes/lds.dae
[2.140s] -- Up-to-date symlink: /home/tomo/ae7785-intro-to-robo/ros2_ws/install/turtlebot3_gazebo/share/turtlebot3_gazebo//models/turtlebot3_burger/meshes/tire.dae
[2.141s] -- Up-to-date symlink: /home/tomo/ae7785-intro-to-robo/ros2_ws/install/turtlebot3_gazebo/share/turtlebot3_gazebo//models/turtlebot3_burger/model-1_4.sdf
[2.141s] -- Up-to-date symlink: /home/tomo/ae7785-intro-to-robo/ros2_ws/install/turtlebot3_gazebo/share/turtlebot3_gazebo//models/turtlebot3_burger/model.config
[2.141s] -- Up-to-date symlink: /home/tomo/ae7785-intro-to-robo/ros2_ws/install/turtlebot3_gazebo/share/turtlebot3_gazebo//models/turtlebot3_burger/model.sdf
[2.142s] -- Up-to-date symlink: /home/tomo/ae7785-intro-to-robo/ros2_ws/install/turtlebot3_gazebo/share/turtlebot3_gazebo//models/turtlebot3_burger/turtlebot3_burger.urdf
[2.143s] -- Up-to-date symlink: /home/tomo/ae7785-intro-to-robo/ros2_ws/install/turtlebot3_gazebo/share/turtlebot3_gazebo//models/turtlebot3_dqn_world/goal_box/model.config
[2.143s] -- Up-to-date symlink: /home/tomo/ae7785-intro-to-robo/ros2_ws/install/turtlebot3_gazebo/share/turtlebot3_gazebo//models/turtlebot3_dqn_world/goal_box/model.sdf
[2.143s] -- Up-to-date symlink: /home/tomo/ae7785-intro-to-robo/ros2_ws/install/turtlebot3_gazebo/share/turtlebot3_gazebo//models/turtlebot3_dqn_world/inner_walls/model.config
[2.144s] -- Up-to-date symlink: /home/tomo/ae7785-intro-to-robo/ros2_ws/install/turtlebot3_gazebo/share/turtlebot3_gazebo//models/turtlebot3_dqn_world/inner_walls/model.sdf
[2.145s] -- Up-to-date symlink: /home/tomo/ae7785-intro-to-robo/ros2_ws/install/turtlebot3_gazebo/share/turtlebot3_gazebo//models/turtlebot3_dqn_world/model.config
[2.145s] -- Up-to-date symlink: /home/tomo/ae7785-intro-to-robo/ros2_ws/install/turtlebot3_gazebo/share/turtlebot3_gazebo//models/turtlebot3_dqn_world/model.sdf
[2.145s] -- Up-to-date symlink: /home/tomo/ae7785-intro-to-robo/ros2_ws/install/turtlebot3_gazebo/share/turtlebot3_gazebo//models/turtlebot3_dqn_world/obstacle1/model.config
[2.150s] -- Up-to-date symlink: /home/tomo/ae7785-intro-to-robo/ros2_ws/install/turtlebot3_gazebo/share/turtlebot3_gazebo//models/turtlebot3_dqn_world/obstacle1/model.sdf
[2.150s] -- Up-to-date symlink: /home/tomo/ae7785-intro-to-robo/ros2_ws/install/turtlebot3_gazebo/share/turtlebot3_gazebo//models/turtlebot3_dqn_world/obstacle2/model.config
[2.150s] -- Up-to-date symlink: /home/tomo/ae7785-intro-to-robo/ros2_ws/install/turtlebot3_gazebo/share/turtlebot3_gazebo//models/turtlebot3_dqn_world/obstacle2/model.sdf
[2.150s] -- Up-to-date symlink: /home/tomo/ae7785-intro-to-robo/ros2_ws/install/turtlebot3_gazebo/share/turtlebot3_gazebo//models/turtlebot3_dqn_world/obstacle_plugin/CMakeLists.txt
[2.150s] -- Up-to-date symlink: /home/tomo/ae7785-intro-to-robo/ros2_ws/install/turtlebot3_gazebo/share/turtlebot3_gazebo//models/turtlebot3_dqn_world/obstacle_plugin/obstacle1.cc
[2.150s] -- Up-to-date symlink: /home/tomo/ae7785-intro-to-robo/ros2_ws/install/turtlebot3_gazebo/share/turtlebot3_gazebo//models/turtlebot3_dqn_world/obstacle_plugin/obstacle2.cc
[2.151s] -- Up-to-date symlink: /home/tomo/ae7785-intro-to-robo/ros2_ws/install/turtlebot3_gazebo/share/turtlebot3_gazebo//models/turtlebot3_dqn_world/obstacle_plugin/obstacles.cc
[2.151s] -- Up-to-date symlink: /home/tomo/ae7785-intro-to-robo/ros2_ws/install/turtlebot3_gazebo/share/turtlebot3_gazebo//models/turtlebot3_dqn_world/obstacles/model.config
[2.152s] -- Up-to-date symlink: /home/tomo/ae7785-intro-to-robo/ros2_ws/install/turtlebot3_gazebo/share/turtlebot3_gazebo//models/turtlebot3_dqn_world/obstacles/model.sdf
[2.153s] -- Up-to-date symlink: /home/tomo/ae7785-intro-to-robo/ros2_ws/install/turtlebot3_gazebo/share/turtlebot3_gazebo//models/turtlebot3_house/model.config
[2.153s] -- Up-to-date symlink: /home/tomo/ae7785-intro-to-robo/ros2_ws/install/turtlebot3_gazebo/share/turtlebot3_gazebo//models/turtlebot3_house/model.sdf
[2.153s] -- Up-to-date symlink: /home/tomo/ae7785-intro-to-robo/ros2_ws/install/turtlebot3_gazebo/share/turtlebot3_gazebo//models/turtlebot3_waffle/meshes/lds.dae
[2.154s] -- Up-to-date symlink: /home/tomo/ae7785-intro-to-robo/ros2_ws/install/turtlebot3_gazebo/share/turtlebot3_gazebo//models/turtlebot3_waffle/meshes/r200.dae
[2.154s] -- Up-to-date symlink: /home/tomo/ae7785-intro-to-robo/ros2_ws/install/turtlebot3_gazebo/share/turtlebot3_gazebo//models/turtlebot3_waffle/meshes/tire.dae
[2.157s] -- Up-to-date symlink: /home/tomo/ae7785-intro-to-robo/ros2_ws/install/turtlebot3_gazebo/share/turtlebot3_gazebo//models/turtlebot3_waffle/meshes/waffle_base.dae
[2.157s] -- Up-to-date symlink: /home/tomo/ae7785-intro-to-robo/ros2_ws/install/turtlebot3_gazebo/share/turtlebot3_gazebo//models/turtlebot3_waffle/model-1_4.sdf
[2.157s] -- Up-to-date symlink: /home/tomo/ae7785-intro-to-robo/ros2_ws/install/turtlebot3_gazebo/share/turtlebot3_gazebo//models/turtlebot3_waffle/model.config
[2.158s] -- Up-to-date symlink: /home/tomo/ae7785-intro-to-robo/ros2_ws/install/turtlebot3_gazebo/share/turtlebot3_gazebo//models/turtlebot3_waffle/model.sdf
[2.158s] -- Up-to-date symlink: /home/tomo/ae7785-intro-to-robo/ros2_ws/install/turtlebot3_gazebo/share/turtlebot3_gazebo//models/turtlebot3_waffle_pi/meshes/lds.dae
[2.158s] -- Up-to-date symlink: /home/tomo/ae7785-intro-to-robo/ros2_ws/install/turtlebot3_gazebo/share/turtlebot3_gazebo//models/turtlebot3_waffle_pi/meshes/tire.dae
[2.159s] -- Up-to-date symlink: /home/tomo/ae7785-intro-to-robo/ros2_ws/install/turtlebot3_gazebo/share/turtlebot3_gazebo//models/turtlebot3_waffle_pi/meshes/waffle_pi_base.dae
[2.160s] -- Up-to-date symlink: /home/tomo/ae7785-intro-to-robo/ros2_ws/install/turtlebot3_gazebo/share/turtlebot3_gazebo//models/turtlebot3_waffle_pi/model-1_4_.sdf
[2.161s] -- Up-to-date symlink: /home/tomo/ae7785-intro-to-robo/ros2_ws/install/turtlebot3_gazebo/share/turtlebot3_gazebo//models/turtlebot3_waffle_pi/model.config
[2.174s] -- Up-to-date symlink: /home/tomo/ae7785-intro-to-robo/ros2_ws/install/turtlebot3_gazebo/share/turtlebot3_gazebo//models/turtlebot3_waffle_pi/model.sdf
[2.175s] -- Up-to-date symlink: /home/tomo/ae7785-intro-to-robo/ros2_ws/install/turtlebot3_gazebo/share/turtlebot3_gazebo//models/turtlebot3_world/meshes/hexagon.dae
[2.175s] -- Up-to-date symlink: /home/tomo/ae7785-intro-to-robo/ros2_ws/install/turtlebot3_gazebo/share/turtlebot3_gazebo//models/turtlebot3_world/meshes/wall.dae
[2.175s] -- Up-to-date symlink: /home/tomo/ae7785-intro-to-robo/ros2_ws/install/turtlebot3_gazebo/share/turtlebot3_gazebo//models/turtlebot3_world/model-1_4.sdf
[2.175s] -- Up-to-date symlink: /home/tomo/ae7785-intro-to-robo/ros2_ws/install/turtlebot3_gazebo/share/turtlebot3_gazebo//models/turtlebot3_world/model.config
[2.175s] -- Up-to-date symlink: /home/tomo/ae7785-intro-to-robo/ros2_ws/install/turtlebot3_gazebo/share/turtlebot3_gazebo//models/turtlebot3_world/model.sdf
[2.176s] -- Up-to-date symlink: /home/tomo/ae7785-intro-to-robo/ros2_ws/install/turtlebot3_gazebo/share/turtlebot3_gazebo//rviz/tb3_gazebo.rviz
[2.176s] -- Up-to-date symlink: /home/tomo/ae7785-intro-to-robo/ros2_ws/install/turtlebot3_gazebo/share/turtlebot3_gazebo//worlds/empty_worlds/burger.model
[2.176s] -- Up-to-date symlink: /home/tomo/ae7785-intro-to-robo/ros2_ws/install/turtlebot3_gazebo/share/turtlebot3_gazebo//worlds/empty_worlds/waffle.model
[2.176s] -- Up-to-date symlink: /home/tomo/ae7785-intro-to-robo/ros2_ws/install/turtlebot3_gazebo/share/turtlebot3_gazebo//worlds/empty_worlds/waffle_pi.model
[2.176s] -- Up-to-date symlink: /home/tomo/ae7785-intro-to-robo/ros2_ws/install/turtlebot3_gazebo/share/turtlebot3_gazebo//worlds/lab2_worlds/burger.model
[2.176s] -- Up-to-date symlink: /home/tomo/ae7785-intro-to-robo/ros2_ws/install/turtlebot3_gazebo/share/turtlebot3_gazebo//worlds/turtlebot3_autoraces/burger.model
[2.177s] -- Up-to-date symlink: /home/tomo/ae7785-intro-to-robo/ros2_ws/install/turtlebot3_gazebo/share/turtlebot3_gazebo//worlds/turtlebot3_autoraces/waffle.model
[2.177s] -- Up-to-date symlink: /home/tomo/ae7785-intro-to-robo/ros2_ws/install/turtlebot3_gazebo/share/turtlebot3_gazebo//worlds/turtlebot3_autoraces/waffle_pi.model
[2.177s] -- Up-to-date symlink: /home/tomo/ae7785-intro-to-robo/ros2_ws/install/turtlebot3_gazebo/share/turtlebot3_gazebo//worlds/turtlebot3_dqn_stage1/burger.model
[2.177s] -- Up-to-date symlink: /home/tomo/ae7785-intro-to-robo/ros2_ws/install/turtlebot3_gazebo/share/turtlebot3_gazebo//worlds/turtlebot3_dqn_stage1/waffle.model
[2.177s] -- Up-to-date symlink: /home/tomo/ae7785-intro-to-robo/ros2_ws/install/turtlebot3_gazebo/share/turtlebot3_gazebo//worlds/turtlebot3_dqn_stage1/waffle_pi.model
[2.177s] -- Up-to-date symlink: /home/tomo/ae7785-intro-to-robo/ros2_ws/install/turtlebot3_gazebo/share/turtlebot3_gazebo//worlds/turtlebot3_dqn_stage2/burger.model
[2.178s] -- Up-to-date symlink: /home/tomo/ae7785-intro-to-robo/ros2_ws/install/turtlebot3_gazebo/share/turtlebot3_gazebo//worlds/turtlebot3_dqn_stage2/waffle.model
[2.178s] -- Up-to-date symlink: /home/tomo/ae7785-intro-to-robo/ros2_ws/install/turtlebot3_gazebo/share/turtlebot3_gazebo//worlds/turtlebot3_dqn_stage2/waffle_pi.model
[2.178s] -- Up-to-date symlink: /home/tomo/ae7785-intro-to-robo/ros2_ws/install/turtlebot3_gazebo/share/turtlebot3_gazebo//worlds/turtlebot3_dqn_stage3/burger.model
[2.178s] -- Up-to-date symlink: /home/tomo/ae7785-intro-to-robo/ros2_ws/install/turtlebot3_gazebo/share/turtlebot3_gazebo//worlds/turtlebot3_dqn_stage3/waffle.model
[2.178s] -- Up-to-date symlink: /home/tomo/ae7785-intro-to-robo/ros2_ws/install/turtlebot3_gazebo/share/turtlebot3_gazebo//worlds/turtlebot3_dqn_stage3/waffle_pi.model
[2.178s] -- Up-to-date symlink: /home/tomo/ae7785-intro-to-robo/ros2_ws/install/turtlebot3_gazebo/share/turtlebot3_gazebo//worlds/turtlebot3_dqn_stage4/burger.model
[2.196s] -- Up-to-date symlink: /home/tomo/ae7785-intro-to-robo/ros2_ws/install/turtlebot3_gazebo/share/turtlebot3_gazebo//worlds/turtlebot3_dqn_stage4/waffle.model
[2.196s] -- Up-to-date symlink: /home/tomo/ae7785-intro-to-robo/ros2_ws/install/turtlebot3_gazebo/share/turtlebot3_gazebo//worlds/turtlebot3_dqn_stage4/waffle_pi.model
[2.196s] -- Up-to-date symlink: /home/tomo/ae7785-intro-to-robo/ros2_ws/install/turtlebot3_gazebo/share/turtlebot3_gazebo//worlds/turtlebot3_houses/burger.model
[2.197s] -- Up-to-date symlink: /home/tomo/ae7785-intro-to-robo/ros2_ws/install/turtlebot3_gazebo/share/turtlebot3_gazebo//worlds/turtlebot3_houses/waffle.model
[2.197s] -- Up-to-date symlink: /home/tomo/ae7785-intro-to-robo/ros2_ws/install/turtlebot3_gazebo/share/turtlebot3_gazebo//worlds/turtlebot3_houses/waffle_pi.model
[2.197s] -- Up-to-date symlink: /home/tomo/ae7785-intro-to-robo/ros2_ws/install/turtlebot3_gazebo/share/turtlebot3_gazebo//worlds/turtlebot3_worlds/burger.model
[2.197s] -- Up-to-date symlink: /home/tomo/ae7785-intro-to-robo/ros2_ws/install/turtlebot3_gazebo/share/turtlebot3_gazebo//worlds/turtlebot3_worlds/waffle.model
[2.197s] -- Up-to-date symlink: /home/tomo/ae7785-intro-to-robo/ros2_ws/install/turtlebot3_gazebo/share/turtlebot3_gazebo//worlds/turtlebot3_worlds/waffle_pi.model
[2.197s] -- Up-to-date symlink: /home/tomo/ae7785-intro-to-robo/ros2_ws/install/turtlebot3_gazebo/include//turtlebot3_gazebo/turtlebot3_drive.hpp
[2.197s] -- Up-to-date symlink: /home/tomo/ae7785-intro-to-robo/ros2_ws/install/turtlebot3_gazebo/share/ament_index/resource_index/package_run_dependencies/turtlebot3_gazebo
[2.197s] -- Up-to-date symlink: /home/tomo/ae7785-intro-to-robo/ros2_ws/install/turtlebot3_gazebo/share/ament_index/resource_index/parent_prefix_path/turtlebot3_gazebo
[2.198s] -- Up-to-date symlink: /home/tomo/ae7785-intro-to-robo/ros2_ws/install/turtlebot3_gazebo/share/turtlebot3_gazebo/environment/ament_prefix_path.sh
[2.198s] -- Up-to-date symlink: /home/tomo/ae7785-intro-to-robo/ros2_ws/install/turtlebot3_gazebo/share/turtlebot3_gazebo/environment/ament_prefix_path.dsv
[2.198s] -- Up-to-date symlink: /home/tomo/ae7785-intro-to-robo/ros2_ws/install/turtlebot3_gazebo/share/turtlebot3_gazebo/environment/path.sh
[2.198s] -- Up-to-date symlink: /home/tomo/ae7785-intro-to-robo/ros2_ws/install/turtlebot3_gazebo/share/turtlebot3_gazebo/environment/path.dsv
[2.198s] -- Up-to-date symlink: /home/tomo/ae7785-intro-to-robo/ros2_ws/install/turtlebot3_gazebo/share/turtlebot3_gazebo/local_setup.bash
[2.198s] -- Up-to-date symlink: /home/tomo/ae7785-intro-to-robo/ros2_ws/install/turtlebot3_gazebo/share/turtlebot3_gazebo/local_setup.sh
[2.205s] -- Up-to-date symlink: /home/tomo/ae7785-intro-to-robo/ros2_ws/install/turtlebot3_gazebo/share/turtlebot3_gazebo/local_setup.zsh
[2.207s] -- Up-to-date symlink: /home/tomo/ae7785-intro-to-robo/ros2_ws/install/turtlebot3_gazebo/share/turtlebot3_gazebo/local_setup.dsv
[2.207s] -- Symlinking: /home/tomo/ae7785-intro-to-robo/ros2_ws/install/turtlebot3_gazebo/share/turtlebot3_gazebo/package.dsv
[2.242s] -- Up-to-date symlink: /home/tomo/ae7785-intro-to-robo/ros2_ws/install/turtlebot3_gazebo/share/ament_index/resource_index/packages/turtlebot3_gazebo
[2.246s] -- Up-to-date symlink: /home/tomo/ae7785-intro-to-robo/ros2_ws/install/turtlebot3_gazebo/share/turtlebot3_gazebo/cmake/ament_cmake_export_include_directories-extras.cmake
[2.247s] -- Up-to-date symlink: /home/tomo/ae7785-intro-to-robo/ros2_ws/install/turtlebot3_gazebo/share/turtlebot3_gazebo/cmake/ament_cmake_export_dependencies-extras.cmake
[2.275s] -- Up-to-date symlink: /home/tomo/ae7785-intro-to-robo/ros2_ws/install/turtlebot3_gazebo/share/turtlebot3_gazebo/cmake/turtlebot3_gazeboConfig.cmake
[2.276s] -- Up-to-date symlink: /home/tomo/ae7785-intro-to-robo/ros2_ws/install/turtlebot3_gazebo/share/turtlebot3_gazebo/cmake/turtlebot3_gazeboConfig-version.cmake
[2.276s] -- Up-to-date symlink: /home/tomo/ae7785-intro-to-robo/ros2_ws/install/turtlebot3_gazebo/share/turtlebot3_gazebo/package.xml
[2.277s] Invoked command in '/home/tomo/ae7785-intro-to-robo/ros2_ws/build/turtlebot3_gazebo' returned '0': CMAKE_PREFIX_PATH=${CMAKE_PREFIX_PATH}:/home/tomo/ae7785-intro-to-robo/ros2_ws/install/team99_object_follower:/home/tomo/ae7785-intro-to-robo/turtlesim_ws/install/turtlesim_chaser:/home/tomo/Documents/turtlebot3_ws/install/turtlebot3_teleop:/home/tomo/Documents/turtlebot3_ws/install/turtlebot3_example:/opt/ros/foxy /usr/bin/cmake --install /home/tomo/ae7785-intro-to-robo/ros2_ws/build/turtlebot3_gazebo
