[0.074s] Invoking command in '/home/tomo/ae7785-intro-to-robo/turtlesim_cpp_ws/build/turtlesim_cpp_interfaces': CMAKE_PREFIX_PATH=${CMAKE_PREFIX_PATH}:/home/tomo/ae7785-intro-to-robo/turtlesim_ws/install/turtlesim_chaser:/home/tomo/Documents/turtlebot3_ws/install/turtlebot3_teleop:/home/tomo/Documents/turtlebot3_ws/install/turtlebot3_example:/opt/ros/foxy /usr/bin/cmake --build /home/tomo/ae7785-intro-to-robo/turtlesim_cpp_ws/build/turtlesim_cpp_interfaces -- -j6 -l6
[0.198s] [  2%] Built target turtlesim_cpp_interfaces__cpp
[0.205s] [ 12%] Built target turtlesim_cpp_interfaces__rosidl_generator_c
[0.256s] [ 23%] Built target turtlesim_cpp_interfaces__rosidl_typesupport_cpp
[0.260s] [ 34%] Built target turtlesim_cpp_interfaces__rosidl_typesupport_c
[0.266s] [ 44%] Built target turtlesim_cpp_interfaces__rosidl_typesupport_introspection_cpp
[0.276s] [ 55%] Built target turtlesim_cpp_interfaces__rosidl_typesupport_introspection_c
[0.303s] [ 65%] Built target turtlesim_cpp_interfaces__rosidl_typesupport_fastrtps_cpp
[0.436s] [ 76%] Built target turtlesim_cpp_interfaces__rosidl_typesupport_fastrtps_c
[0.502s] [ 76%] Built target turtlesim_cpp_interfaces
[0.569s] [ 78%] Built target turtlesim_cpp_interfaces__py
[0.638s] [ 87%] Built target turtlesim_cpp_interfaces__python
[0.758s] [ 91%] Built target turtlesim_cpp_interfaces__rosidl_typesupport_introspection_c__pyext
[0.779s] [100%] Built target turtlesim_cpp_interfaces__rosidl_typesupport_fastrtps_c__pyext
[0.781s] [100%] Built target turtlesim_cpp_interfaces__rosidl_typesupport_c__pyext
[0.818s] Invoked command in '/home/tomo/ae7785-intro-to-robo/turtlesim_cpp_ws/build/turtlesim_cpp_interfaces' returned '0': CMAKE_PREFIX_PATH=${CMAKE_PREFIX_PATH}:/home/tomo/ae7785-intro-to-robo/turtlesim_ws/install/turtlesim_chaser:/home/tomo/Documents/turtlebot3_ws/install/turtlebot3_teleop:/home/tomo/Documents/turtlebot3_ws/install/turtlebot3_example:/opt/ros/foxy /usr/bin/cmake --build /home/tomo/ae7785-intro-to-robo/turtlesim_cpp_ws/build/turtlesim_cpp_interfaces -- -j6 -l6
[1.258s] Invoking command in '/home/tomo/ae7785-intro-to-robo/turtlesim_cpp_ws/build/turtlesim_cpp_interfaces': CMAKE_PREFIX_PATH=${CMAKE_PREFIX_PATH}:/home/tomo/ae7785-intro-to-robo/turtlesim_ws/install/turtlesim_chaser:/home/tomo/Documents/turtlebot3_ws/install/turtlebot3_teleop:/home/tomo/Documents/turtlebot3_ws/install/turtlebot3_example:/opt/ros/foxy /usr/bin/cmake --install /home/tomo/ae7785-intro-to-robo/turtlesim_cpp_ws/build/turtlesim_cpp_interfaces
[1.304s] -- Install configuration: ""
[1.305s] -- Up-to-date: /home/tomo/ae7785-intro-to-robo/turtlesim_cpp_ws/install/turtlesim_cpp_interfaces/share/ament_index/resource_index/rosidl_interfaces/turtlesim_cpp_interfaces
[1.306s] -- Up-to-date: /home/tomo/ae7785-intro-to-robo/turtlesim_cpp_ws/install/turtlesim_cpp_interfaces/include/turtlesim_cpp_interfaces
[1.307s] -- Up-to-date: /home/tomo/ae7785-intro-to-robo/turtlesim_cpp_ws/install/turtlesim_cpp_interfaces/include/turtlesim_cpp_interfaces/srv
[1.308s] -- Up-to-date: /home/tomo/ae7785-intro-to-robo/turtlesim_cpp_ws/install/turtlesim_cpp_interfaces/include/turtlesim_cpp_interfaces/srv/catch_turtle.h
[1.309s] -- Up-to-date: /home/tomo/ae7785-intro-to-robo/turtlesim_cpp_ws/install/turtlesim_cpp_interfaces/include/turtlesim_cpp_interfaces/srv/detail
[1.310s] -- Up-to-date: /home/tomo/ae7785-intro-to-robo/turtlesim_cpp_ws/install/turtlesim_cpp_interfaces/include/turtlesim_cpp_interfaces/srv/detail/catch_turtle__functions.h
[1.310s] -- Up-to-date: /home/tomo/ae7785-intro-to-robo/turtlesim_cpp_ws/install/turtlesim_cpp_interfaces/include/turtlesim_cpp_interfaces/srv/detail/catch_turtle__struct.h
[1.311s] -- Up-to-date: /home/tomo/ae7785-intro-to-robo/turtlesim_cpp_ws/install/turtlesim_cpp_interfaces/include/turtlesim_cpp_interfaces/srv/detail/catch_turtle__type_support.h
[1.311s] -- Up-to-date: /home/tomo/ae7785-intro-to-robo/turtlesim_cpp_ws/install/turtlesim_cpp_interfaces/include/turtlesim_cpp_interfaces/srv/detail/catch_turtle__functions.c
[1.312s] -- Up-to-date: /home/tomo/ae7785-intro-to-robo/turtlesim_cpp_ws/install/turtlesim_cpp_interfaces/include/turtlesim_cpp_interfaces/msg
[1.313s] -- Up-to-date: /home/tomo/ae7785-intro-to-robo/turtlesim_cpp_ws/install/turtlesim_cpp_interfaces/include/turtlesim_cpp_interfaces/msg/rosidl_generator_c__visibility_control.h
[1.313s] -- Up-to-date: /home/tomo/ae7785-intro-to-robo/turtlesim_cpp_ws/install/turtlesim_cpp_interfaces/include/turtlesim_cpp_interfaces/msg/turtle.h
[1.314s] -- Up-to-date: /home/tomo/ae7785-intro-to-robo/turtlesim_cpp_ws/install/turtlesim_cpp_interfaces/include/turtlesim_cpp_interfaces/msg/turtle_array.h
[1.314s] -- Up-to-date: /home/tomo/ae7785-intro-to-robo/turtlesim_cpp_ws/install/turtlesim_cpp_interfaces/include/turtlesim_cpp_interfaces/msg/detail
[1.315s] -- Up-to-date: /home/tomo/ae7785-intro-to-robo/turtlesim_cpp_ws/install/turtlesim_cpp_interfaces/include/turtlesim_cpp_interfaces/msg/detail/turtle_array__functions.c
[1.315s] -- Up-to-date: /home/tomo/ae7785-intro-to-robo/turtlesim_cpp_ws/install/turtlesim_cpp_interfaces/include/turtlesim_cpp_interfaces/msg/detail/turtle__functions.h
[1.316s] -- Up-to-date: /home/tomo/ae7785-intro-to-robo/turtlesim_cpp_ws/install/turtlesim_cpp_interfaces/include/turtlesim_cpp_interfaces/msg/detail/turtle__type_support.h
[1.317s] -- Up-to-date: /home/tomo/ae7785-intro-to-robo/turtlesim_cpp_ws/install/turtlesim_cpp_interfaces/include/turtlesim_cpp_interfaces/msg/detail/turtle_array__struct.h
[1.317s] -- Up-to-date: /home/tomo/ae7785-intro-to-robo/turtlesim_cpp_ws/install/turtlesim_cpp_interfaces/include/turtlesim_cpp_interfaces/msg/detail/turtle__struct.h
[1.318s] -- Up-to-date: /home/tomo/ae7785-intro-to-robo/turtlesim_cpp_ws/install/turtlesim_cpp_interfaces/include/turtlesim_cpp_interfaces/msg/detail/turtle_array__type_support.h
[1.318s] -- Up-to-date: /home/tomo/ae7785-intro-to-robo/turtlesim_cpp_ws/install/turtlesim_cpp_interfaces/include/turtlesim_cpp_interfaces/msg/detail/turtle__functions.c
[1.319s] -- Up-to-date: /home/tomo/ae7785-intro-to-robo/turtlesim_cpp_ws/install/turtlesim_cpp_interfaces/include/turtlesim_cpp_interfaces/msg/detail/turtle_array__functions.h
[1.319s] -- Up-to-date: /home/tomo/ae7785-intro-to-robo/turtlesim_cpp_ws/install/turtlesim_cpp_interfaces/share/turtlesim_cpp_interfaces/environment/library_path.sh
[1.320s] -- Up-to-date: /home/tomo/ae7785-intro-to-robo/turtlesim_cpp_ws/install/turtlesim_cpp_interfaces/share/turtlesim_cpp_interfaces/environment/library_path.dsv
[1.321s] -- Up-to-date: /home/tomo/ae7785-intro-to-robo/turtlesim_cpp_ws/install/turtlesim_cpp_interfaces/lib/libturtlesim_cpp_interfaces__rosidl_generator_c.so
[1.321s] -- Up-to-date: /home/tomo/ae7785-intro-to-robo/turtlesim_cpp_ws/install/turtlesim_cpp_interfaces/include/turtlesim_cpp_interfaces
[1.323s] -- Up-to-date: /home/tomo/ae7785-intro-to-robo/turtlesim_cpp_ws/install/turtlesim_cpp_interfaces/include/turtlesim_cpp_interfaces/srv
[1.323s] -- Up-to-date: /home/tomo/ae7785-intro-to-robo/turtlesim_cpp_ws/install/turtlesim_cpp_interfaces/include/turtlesim_cpp_interfaces/srv/detail
[1.324s] -- Up-to-date: /home/tomo/ae7785-intro-to-robo/turtlesim_cpp_ws/install/turtlesim_cpp_interfaces/include/turtlesim_cpp_interfaces/srv/detail/catch_turtle__rosidl_typesupport_fastrtps_c.h
[1.325s] -- Up-to-date: /home/tomo/ae7785-intro-to-robo/turtlesim_cpp_ws/install/turtlesim_cpp_interfaces/include/turtlesim_cpp_interfaces/msg
[1.326s] -- Up-to-date: /home/tomo/ae7785-intro-to-robo/turtlesim_cpp_ws/install/turtlesim_cpp_interfaces/include/turtlesim_cpp_interfaces/msg/detail
[1.326s] -- Up-to-date: /home/tomo/ae7785-intro-to-robo/turtlesim_cpp_ws/install/turtlesim_cpp_interfaces/include/turtlesim_cpp_interfaces/msg/detail/turtle__rosidl_typesupport_fastrtps_c.h
[1.327s] -- Up-to-date: /home/tomo/ae7785-intro-to-robo/turtlesim_cpp_ws/install/turtlesim_cpp_interfaces/include/turtlesim_cpp_interfaces/msg/detail/turtle_array__rosidl_typesupport_fastrtps_c.h
[1.327s] -- Up-to-date: /home/tomo/ae7785-intro-to-robo/turtlesim_cpp_ws/install/turtlesim_cpp_interfaces/include/turtlesim_cpp_interfaces/msg/rosidl_typesupport_fastrtps_c__visibility_control.h
[1.327s] -- Up-to-date: /home/tomo/ae7785-intro-to-robo/turtlesim_cpp_ws/install/turtlesim_cpp_interfaces/lib/libturtlesim_cpp_interfaces__rosidl_typesupport_fastrtps_c.so
[1.329s] -- Up-to-date: /home/tomo/ae7785-intro-to-robo/turtlesim_cpp_ws/install/turtlesim_cpp_interfaces/include/turtlesim_cpp_interfaces
[1.329s] -- Up-to-date: /home/tomo/ae7785-intro-to-robo/turtlesim_cpp_ws/install/turtlesim_cpp_interfaces/include/turtlesim_cpp_interfaces/srv
[1.330s] -- Up-to-date: /home/tomo/ae7785-intro-to-robo/turtlesim_cpp_ws/install/turtlesim_cpp_interfaces/include/turtlesim_cpp_interfaces/srv/detail
[1.331s] -- Up-to-date: /home/tomo/ae7785-intro-to-robo/turtlesim_cpp_ws/install/turtlesim_cpp_interfaces/include/turtlesim_cpp_interfaces/srv/detail/catch_turtle__rosidl_typesupport_fastrtps_cpp.hpp
[1.332s] -- Up-to-date: /home/tomo/ae7785-intro-to-robo/turtlesim_cpp_ws/install/turtlesim_cpp_interfaces/include/turtlesim_cpp_interfaces/srv/detail/dds_fastrtps
[1.333s] -- Up-to-date: /home/tomo/ae7785-intro-to-robo/turtlesim_cpp_ws/install/turtlesim_cpp_interfaces/include/turtlesim_cpp_interfaces/msg
[1.334s] -- Up-to-date: /home/tomo/ae7785-intro-to-robo/turtlesim_cpp_ws/install/turtlesim_cpp_interfaces/include/turtlesim_cpp_interfaces/msg/rosidl_typesupport_fastrtps_cpp__visibility_control.h
[1.334s] -- Up-to-date: /home/tomo/ae7785-intro-to-robo/turtlesim_cpp_ws/install/turtlesim_cpp_interfaces/include/turtlesim_cpp_interfaces/msg/detail
[1.335s] -- Up-to-date: /home/tomo/ae7785-intro-to-robo/turtlesim_cpp_ws/install/turtlesim_cpp_interfaces/include/turtlesim_cpp_interfaces/msg/detail/turtle__rosidl_typesupport_fastrtps_cpp.hpp
[1.335s] -- Up-to-date: /home/tomo/ae7785-intro-to-robo/turtlesim_cpp_ws/install/turtlesim_cpp_interfaces/include/turtlesim_cpp_interfaces/msg/detail/turtle_array__rosidl_typesupport_fastrtps_cpp.hpp
[1.335s] -- Up-to-date: /home/tomo/ae7785-intro-to-robo/turtlesim_cpp_ws/install/turtlesim_cpp_interfaces/include/turtlesim_cpp_interfaces/msg/detail/dds_fastrtps
[1.336s] -- Up-to-date: /home/tomo/ae7785-intro-to-robo/turtlesim_cpp_ws/install/turtlesim_cpp_interfaces/lib/libturtlesim_cpp_interfaces__rosidl_typesupport_fastrtps_cpp.so
[1.336s] -- Up-to-date: /home/tomo/ae7785-intro-to-robo/turtlesim_cpp_ws/install/turtlesim_cpp_interfaces/include/turtlesim_cpp_interfaces
[1.337s] -- Up-to-date: /home/tomo/ae7785-intro-to-robo/turtlesim_cpp_ws/install/turtlesim_cpp_interfaces/include/turtlesim_cpp_interfaces/srv
[1.337s] -- Up-to-date: /home/tomo/ae7785-intro-to-robo/turtlesim_cpp_ws/install/turtlesim_cpp_interfaces/include/turtlesim_cpp_interfaces/srv/detail
[1.337s] -- Up-to-date: /home/tomo/ae7785-intro-to-robo/turtlesim_cpp_ws/install/turtlesim_cpp_interfaces/include/turtlesim_cpp_interfaces/srv/detail/catch_turtle__rosidl_typesupport_introspection_c.h
[1.337s] -- Up-to-date: /home/tomo/ae7785-intro-to-robo/turtlesim_cpp_ws/install/turtlesim_cpp_interfaces/include/turtlesim_cpp_interfaces/srv/detail/catch_turtle__type_support.c
[1.338s] -- Up-to-date: /home/tomo/ae7785-intro-to-robo/turtlesim_cpp_ws/install/turtlesim_cpp_interfaces/include/turtlesim_cpp_interfaces/msg
[1.338s] -- Up-to-date: /home/tomo/ae7785-intro-to-robo/turtlesim_cpp_ws/install/turtlesim_cpp_interfaces/include/turtlesim_cpp_interfaces/msg/rosidl_typesupport_introspection_c__visibility_control.h
[1.338s] -- Up-to-date: /home/tomo/ae7785-intro-to-robo/turtlesim_cpp_ws/install/turtlesim_cpp_interfaces/include/turtlesim_cpp_interfaces/msg/detail
[1.339s] -- Up-to-date: /home/tomo/ae7785-intro-to-robo/turtlesim_cpp_ws/install/turtlesim_cpp_interfaces/include/turtlesim_cpp_interfaces/msg/detail/turtle_array__type_support.c
[1.339s] -- Up-to-date: /home/tomo/ae7785-intro-to-robo/turtlesim_cpp_ws/install/turtlesim_cpp_interfaces/include/turtlesim_cpp_interfaces/msg/detail/turtle__rosidl_typesupport_introspection_c.h
[1.340s] -- Up-to-date: /home/tomo/ae7785-intro-to-robo/turtlesim_cpp_ws/install/turtlesim_cpp_interfaces/include/turtlesim_cpp_interfaces/msg/detail/turtle_array__rosidl_typesupport_introspection_c.h
[1.341s] -- Up-to-date: /home/tomo/ae7785-intro-to-robo/turtlesim_cpp_ws/install/turtlesim_cpp_interfaces/include/turtlesim_cpp_interfaces/msg/detail/turtle__type_support.c
[1.343s] -- Up-to-date: /home/tomo/ae7785-intro-to-robo/turtlesim_cpp_ws/install/turtlesim_cpp_interfaces/lib/libturtlesim_cpp_interfaces__rosidl_typesupport_introspection_c.so
[1.345s] -- Up-to-date: /home/tomo/ae7785-intro-to-robo/turtlesim_cpp_ws/install/turtlesim_cpp_interfaces/lib/libturtlesim_cpp_interfaces__rosidl_typesupport_c.so
[1.346s] -- Up-to-date: /home/tomo/ae7785-intro-to-robo/turtlesim_cpp_ws/install/turtlesim_cpp_interfaces/include/turtlesim_cpp_interfaces
[1.348s] -- Up-to-date: /home/tomo/ae7785-intro-to-robo/turtlesim_cpp_ws/install/turtlesim_cpp_interfaces/include/turtlesim_cpp_interfaces/srv
[1.349s] -- Up-to-date: /home/tomo/ae7785-intro-to-robo/turtlesim_cpp_ws/install/turtlesim_cpp_interfaces/include/turtlesim_cpp_interfaces/srv/detail
[1.349s] -- Up-to-date: /home/tomo/ae7785-intro-to-robo/turtlesim_cpp_ws/install/turtlesim_cpp_interfaces/include/turtlesim_cpp_interfaces/srv/detail/catch_turtle__builder.hpp
[1.350s] -- Up-to-date: /home/tomo/ae7785-intro-to-robo/turtlesim_cpp_ws/install/turtlesim_cpp_interfaces/include/turtlesim_cpp_interfaces/srv/detail/catch_turtle__traits.hpp
[1.350s] -- Up-to-date: /home/tomo/ae7785-intro-to-robo/turtlesim_cpp_ws/install/turtlesim_cpp_interfaces/include/turtlesim_cpp_interfaces/srv/detail/catch_turtle__struct.hpp
[1.351s] -- Up-to-date: /home/tomo/ae7785-intro-to-robo/turtlesim_cpp_ws/install/turtlesim_cpp_interfaces/include/turtlesim_cpp_interfaces/srv/catch_turtle.hpp
[1.356s] -- Up-to-date: /home/tomo/ae7785-intro-to-robo/turtlesim_cpp_ws/install/turtlesim_cpp_interfaces/include/turtlesim_cpp_interfaces/msg
[1.357s] -- Up-to-date: /home/tomo/ae7785-intro-to-robo/turtlesim_cpp_ws/install/turtlesim_cpp_interfaces/include/turtlesim_cpp_interfaces/msg/turtle.hpp
[1.357s] -- Up-to-date: /home/tomo/ae7785-intro-to-robo/turtlesim_cpp_ws/install/turtlesim_cpp_interfaces/include/turtlesim_cpp_interfaces/msg/turtle_array.hpp
[1.358s] -- Up-to-date: /home/tomo/ae7785-intro-to-robo/turtlesim_cpp_ws/install/turtlesim_cpp_interfaces/include/turtlesim_cpp_interfaces/msg/detail
[1.358s] -- Up-to-date: /home/tomo/ae7785-intro-to-robo/turtlesim_cpp_ws/install/turtlesim_cpp_interfaces/include/turtlesim_cpp_interfaces/msg/detail/turtle__builder.hpp
[1.359s] -- Up-to-date: /home/tomo/ae7785-intro-to-robo/turtlesim_cpp_ws/install/turtlesim_cpp_interfaces/include/turtlesim_cpp_interfaces/msg/detail/turtle__struct.hpp
[1.359s] -- Up-to-date: /home/tomo/ae7785-intro-to-robo/turtlesim_cpp_ws/install/turtlesim_cpp_interfaces/include/turtlesim_cpp_interfaces/msg/detail/turtle_array__traits.hpp
[1.361s] -- Up-to-date: /home/tomo/ae7785-intro-to-robo/turtlesim_cpp_ws/install/turtlesim_cpp_interfaces/include/turtlesim_cpp_interfaces/msg/detail/turtle_array__builder.hpp
[1.361s] -- Up-to-date: /home/tomo/ae7785-intro-to-robo/turtlesim_cpp_ws/install/turtlesim_cpp_interfaces/include/turtlesim_cpp_interfaces/msg/detail/turtle__traits.hpp
[1.361s] -- Up-to-date: /home/tomo/ae7785-intro-to-robo/turtlesim_cpp_ws/install/turtlesim_cpp_interfaces/include/turtlesim_cpp_interfaces/msg/detail/turtle_array__struct.hpp
[1.361s] -- Up-to-date: /home/tomo/ae7785-intro-to-robo/turtlesim_cpp_ws/install/turtlesim_cpp_interfaces/include/turtlesim_cpp_interfaces
[1.362s] -- Up-to-date: /home/tomo/ae7785-intro-to-robo/turtlesim_cpp_ws/install/turtlesim_cpp_interfaces/include/turtlesim_cpp_interfaces/srv
[1.362s] -- Up-to-date: /home/tomo/ae7785-intro-to-robo/turtlesim_cpp_ws/install/turtlesim_cpp_interfaces/include/turtlesim_cpp_interfaces/srv/detail
[1.362s] -- Up-to-date: /home/tomo/ae7785-intro-to-robo/turtlesim_cpp_ws/install/turtlesim_cpp_interfaces/include/turtlesim_cpp_interfaces/srv/detail/catch_turtle__type_support.cpp
[1.363s] -- Up-to-date: /home/tomo/ae7785-intro-to-robo/turtlesim_cpp_ws/install/turtlesim_cpp_interfaces/include/turtlesim_cpp_interfaces/srv/detail/catch_turtle__rosidl_typesupport_introspection_cpp.hpp
[1.363s] -- Up-to-date: /home/tomo/ae7785-intro-to-robo/turtlesim_cpp_ws/install/turtlesim_cpp_interfaces/include/turtlesim_cpp_interfaces/msg
[1.363s] -- Up-to-date: /home/tomo/ae7785-intro-to-robo/turtlesim_cpp_ws/install/turtlesim_cpp_interfaces/include/turtlesim_cpp_interfaces/msg/detail
[1.364s] -- Up-to-date: /home/tomo/ae7785-intro-to-robo/turtlesim_cpp_ws/install/turtlesim_cpp_interfaces/include/turtlesim_cpp_interfaces/msg/detail/turtle__rosidl_typesupport_introspection_cpp.hpp
[1.364s] -- Up-to-date: /home/tomo/ae7785-intro-to-robo/turtlesim_cpp_ws/install/turtlesim_cpp_interfaces/include/turtlesim_cpp_interfaces/msg/detail/turtle_array__type_support.cpp
[1.364s] -- Up-to-date: /home/tomo/ae7785-intro-to-robo/turtlesim_cpp_ws/install/turtlesim_cpp_interfaces/include/turtlesim_cpp_interfaces/msg/detail/turtle_array__rosidl_typesupport_introspection_cpp.hpp
[1.364s] -- Up-to-date: /home/tomo/ae7785-intro-to-robo/turtlesim_cpp_ws/install/turtlesim_cpp_interfaces/include/turtlesim_cpp_interfaces/msg/detail/turtle__type_support.cpp
[1.364s] -- Up-to-date: /home/tomo/ae7785-intro-to-robo/turtlesim_cpp_ws/install/turtlesim_cpp_interfaces/lib/libturtlesim_cpp_interfaces__rosidl_typesupport_introspection_cpp.so
[1.365s] -- Up-to-date: /home/tomo/ae7785-intro-to-robo/turtlesim_cpp_ws/install/turtlesim_cpp_interfaces/lib/libturtlesim_cpp_interfaces__rosidl_typesupport_cpp.so
[1.365s] -- Up-to-date: /home/tomo/ae7785-intro-to-robo/turtlesim_cpp_ws/install/turtlesim_cpp_interfaces/share/turtlesim_cpp_interfaces/environment/pythonpath.sh
[1.365s] -- Up-to-date: /home/tomo/ae7785-intro-to-robo/turtlesim_cpp_ws/install/turtlesim_cpp_interfaces/share/turtlesim_cpp_interfaces/environment/pythonpath.dsv
[1.365s] -- Up-to-date: /home/tomo/ae7785-intro-to-robo/turtlesim_cpp_ws/install/turtlesim_cpp_interfaces/lib/python3.8/site-packages/turtlesim_cpp_interfaces/__init__.py
[1.481s] -- Up-to-date: /home/tomo/ae7785-intro-to-robo/turtlesim_cpp_ws/install/turtlesim_cpp_interfaces/lib/python3.8/site-packages/turtlesim_cpp_interfaces/msg
[1.482s] -- Up-to-date: /home/tomo/ae7785-intro-to-robo/turtlesim_cpp_ws/install/turtlesim_cpp_interfaces/lib/python3.8/site-packages/turtlesim_cpp_interfaces/msg/_turtle.py
[1.482s] -- Up-to-date: /home/tomo/ae7785-intro-to-robo/turtlesim_cpp_ws/install/turtlesim_cpp_interfaces/lib/python3.8/site-packages/turtlesim_cpp_interfaces/msg/_turtle_array_s.c
[1.483s] -- Up-to-date: /home/tomo/ae7785-intro-to-robo/turtlesim_cpp_ws/install/turtlesim_cpp_interfaces/lib/python3.8/site-packages/turtlesim_cpp_interfaces/msg/__init__.py
[1.484s] -- Up-to-date: /home/tomo/ae7785-intro-to-robo/turtlesim_cpp_ws/install/turtlesim_cpp_interfaces/lib/python3.8/site-packages/turtlesim_cpp_interfaces/msg/_turtle_array.py
[1.485s] -- Up-to-date: /home/tomo/ae7785-intro-to-robo/turtlesim_cpp_ws/install/turtlesim_cpp_interfaces/lib/python3.8/site-packages/turtlesim_cpp_interfaces/msg/_turtle_s.c
[1.486s] -- Up-to-date: /home/tomo/ae7785-intro-to-robo/turtlesim_cpp_ws/install/turtlesim_cpp_interfaces/lib/python3.8/site-packages/turtlesim_cpp_interfaces/srv
[1.486s] -- Up-to-date: /home/tomo/ae7785-intro-to-robo/turtlesim_cpp_ws/install/turtlesim_cpp_interfaces/lib/python3.8/site-packages/turtlesim_cpp_interfaces/srv/__init__.py
[1.487s] -- Up-to-date: /home/tomo/ae7785-intro-to-robo/turtlesim_cpp_ws/install/turtlesim_cpp_interfaces/lib/python3.8/site-packages/turtlesim_cpp_interfaces/srv/_catch_turtle.py
[1.487s] -- Up-to-date: /home/tomo/ae7785-intro-to-robo/turtlesim_cpp_ws/install/turtlesim_cpp_interfaces/lib/python3.8/site-packages/turtlesim_cpp_interfaces/srv/_catch_turtle_s.c
[1.488s] -- Up-to-date: /home/tomo/ae7785-intro-to-robo/turtlesim_cpp_ws/install/turtlesim_cpp_interfaces/lib/python3.8/site-packages/turtlesim_cpp_interfaces/turtlesim_cpp_interfaces_s__rosidl_typesupport_fastrtps_c.cpython-38-x86_64-linux-gnu.so
[1.489s] -- Up-to-date: /home/tomo/ae7785-intro-to-robo/turtlesim_cpp_ws/install/turtlesim_cpp_interfaces/lib/python3.8/site-packages/turtlesim_cpp_interfaces/turtlesim_cpp_interfaces_s__rosidl_typesupport_introspection_c.cpython-38-x86_64-linux-gnu.so
[1.489s] -- Up-to-date: /home/tomo/ae7785-intro-to-robo/turtlesim_cpp_ws/install/turtlesim_cpp_interfaces/lib/python3.8/site-packages/turtlesim_cpp_interfaces/turtlesim_cpp_interfaces_s__rosidl_typesupport_c.cpython-38-x86_64-linux-gnu.so
[1.490s] -- Up-to-date: /home/tomo/ae7785-intro-to-robo/turtlesim_cpp_ws/install/turtlesim_cpp_interfaces/lib/libturtlesim_cpp_interfaces__python.so
[1.490s] -- Up-to-date: /home/tomo/ae7785-intro-to-robo/turtlesim_cpp_ws/install/turtlesim_cpp_interfaces/share/turtlesim_cpp_interfaces/msg/Turtle.idl
[1.491s] -- Up-to-date: /home/tomo/ae7785-intro-to-robo/turtlesim_cpp_ws/install/turtlesim_cpp_interfaces/share/turtlesim_cpp_interfaces/msg/TurtleArray.idl
[1.491s] -- Up-to-date: /home/tomo/ae7785-intro-to-robo/turtlesim_cpp_ws/install/turtlesim_cpp_interfaces/share/turtlesim_cpp_interfaces/srv/CatchTurtle.idl
[1.493s] -- Up-to-date: /home/tomo/ae7785-intro-to-robo/turtlesim_cpp_ws/install/turtlesim_cpp_interfaces/share/turtlesim_cpp_interfaces/msg/Turtle.msg
[1.494s] -- Up-to-date: /home/tomo/ae7785-intro-to-robo/turtlesim_cpp_ws/install/turtlesim_cpp_interfaces/share/turtlesim_cpp_interfaces/msg/TurtleArray.msg
[1.494s] -- Up-to-date: /home/tomo/ae7785-intro-to-robo/turtlesim_cpp_ws/install/turtlesim_cpp_interfaces/share/turtlesim_cpp_interfaces/srv/CatchTurtle.srv
[1.495s] -- Up-to-date: /home/tomo/ae7785-intro-to-robo/turtlesim_cpp_ws/install/turtlesim_cpp_interfaces/share/turtlesim_cpp_interfaces/srv/CatchTurtle_Request.msg
[1.495s] -- Up-to-date: /home/tomo/ae7785-intro-to-robo/turtlesim_cpp_ws/install/turtlesim_cpp_interfaces/share/turtlesim_cpp_interfaces/srv/CatchTurtle_Response.msg
[1.495s] -- Up-to-date: /home/tomo/ae7785-intro-to-robo/turtlesim_cpp_ws/install/turtlesim_cpp_interfaces/share/ament_index/resource_index/package_run_dependencies/turtlesim_cpp_interfaces
[1.496s] -- Up-to-date: /home/tomo/ae7785-intro-to-robo/turtlesim_cpp_ws/install/turtlesim_cpp_interfaces/share/ament_index/resource_index/parent_prefix_path/turtlesim_cpp_interfaces
[1.496s] -- Up-to-date: /home/tomo/ae7785-intro-to-robo/turtlesim_cpp_ws/install/turtlesim_cpp_interfaces/share/turtlesim_cpp_interfaces/environment/ament_prefix_path.sh
[1.496s] -- Up-to-date: /home/tomo/ae7785-intro-to-robo/turtlesim_cpp_ws/install/turtlesim_cpp_interfaces/share/turtlesim_cpp_interfaces/environment/ament_prefix_path.dsv
[1.496s] -- Up-to-date: /home/tomo/ae7785-intro-to-robo/turtlesim_cpp_ws/install/turtlesim_cpp_interfaces/share/turtlesim_cpp_interfaces/environment/path.sh
[1.497s] -- Up-to-date: /home/tomo/ae7785-intro-to-robo/turtlesim_cpp_ws/install/turtlesim_cpp_interfaces/share/turtlesim_cpp_interfaces/environment/path.dsv
[1.498s] -- Up-to-date: /home/tomo/ae7785-intro-to-robo/turtlesim_cpp_ws/install/turtlesim_cpp_interfaces/share/turtlesim_cpp_interfaces/local_setup.bash
[1.498s] -- Up-to-date: /home/tomo/ae7785-intro-to-robo/turtlesim_cpp_ws/install/turtlesim_cpp_interfaces/share/turtlesim_cpp_interfaces/local_setup.sh
[1.499s] -- Up-to-date: /home/tomo/ae7785-intro-to-robo/turtlesim_cpp_ws/install/turtlesim_cpp_interfaces/share/turtlesim_cpp_interfaces/local_setup.zsh
[1.499s] -- Up-to-date: /home/tomo/ae7785-intro-to-robo/turtlesim_cpp_ws/install/turtlesim_cpp_interfaces/share/turtlesim_cpp_interfaces/local_setup.dsv
[1.499s] -- Installing: /home/tomo/ae7785-intro-to-robo/turtlesim_cpp_ws/install/turtlesim_cpp_interfaces/share/turtlesim_cpp_interfaces/package.dsv
[1.500s] -- Up-to-date: /home/tomo/ae7785-intro-to-robo/turtlesim_cpp_ws/install/turtlesim_cpp_interfaces/share/ament_index/resource_index/packages/turtlesim_cpp_interfaces
[1.501s] -- Up-to-date: /home/tomo/ae7785-intro-to-robo/turtlesim_cpp_ws/install/turtlesim_cpp_interfaces/share/turtlesim_cpp_interfaces/cmake/turtlesim_cpp_interfaces__rosidl_generator_cExport.cmake
[1.501s] -- Up-to-date: /home/tomo/ae7785-intro-to-robo/turtlesim_cpp_ws/install/turtlesim_cpp_interfaces/share/turtlesim_cpp_interfaces/cmake/turtlesim_cpp_interfaces__rosidl_generator_cExport-noconfig.cmake
[1.502s] -- Up-to-date: /home/tomo/ae7785-intro-to-robo/turtlesim_cpp_ws/install/turtlesim_cpp_interfaces/share/turtlesim_cpp_interfaces/cmake/turtlesim_cpp_interfaces__rosidl_typesupport_introspection_cExport.cmake
[1.502s] -- Up-to-date: /home/tomo/ae7785-intro-to-robo/turtlesim_cpp_ws/install/turtlesim_cpp_interfaces/share/turtlesim_cpp_interfaces/cmake/turtlesim_cpp_interfaces__rosidl_typesupport_introspection_cExport-noconfig.cmake
[1.503s] -- Up-to-date: /home/tomo/ae7785-intro-to-robo/turtlesim_cpp_ws/install/turtlesim_cpp_interfaces/share/turtlesim_cpp_interfaces/cmake/turtlesim_cpp_interfaces__rosidl_typesupport_cExport.cmake
[1.503s] -- Up-to-date: /home/tomo/ae7785-intro-to-robo/turtlesim_cpp_ws/install/turtlesim_cpp_interfaces/share/turtlesim_cpp_interfaces/cmake/turtlesim_cpp_interfaces__rosidl_typesupport_cExport-noconfig.cmake
[1.504s] -- Up-to-date: /home/tomo/ae7785-intro-to-robo/turtlesim_cpp_ws/install/turtlesim_cpp_interfaces/share/turtlesim_cpp_interfaces/cmake/turtlesim_cpp_interfaces__rosidl_generator_cppExport.cmake
[1.504s] -- Up-to-date: /home/tomo/ae7785-intro-to-robo/turtlesim_cpp_ws/install/turtlesim_cpp_interfaces/share/turtlesim_cpp_interfaces/cmake/turtlesim_cpp_interfaces__rosidl_typesupport_introspection_cppExport.cmake
[1.505s] -- Up-to-date: /home/tomo/ae7785-intro-to-robo/turtlesim_cpp_ws/install/turtlesim_cpp_interfaces/share/turtlesim_cpp_interfaces/cmake/turtlesim_cpp_interfaces__rosidl_typesupport_introspection_cppExport-noconfig.cmake
[1.505s] -- Up-to-date: /home/tomo/ae7785-intro-to-robo/turtlesim_cpp_ws/install/turtlesim_cpp_interfaces/share/turtlesim_cpp_interfaces/cmake/turtlesim_cpp_interfaces__rosidl_typesupport_cppExport.cmake
[1.506s] -- Up-to-date: /home/tomo/ae7785-intro-to-robo/turtlesim_cpp_ws/install/turtlesim_cpp_interfaces/share/turtlesim_cpp_interfaces/cmake/turtlesim_cpp_interfaces__rosidl_typesupport_cppExport-noconfig.cmake
[1.506s] -- Up-to-date: /home/tomo/ae7785-intro-to-robo/turtlesim_cpp_ws/install/turtlesim_cpp_interfaces/share/turtlesim_cpp_interfaces/cmake/rosidl_cmake-extras.cmake
[1.507s] -- Up-to-date: /home/tomo/ae7785-intro-to-robo/turtlesim_cpp_ws/install/turtlesim_cpp_interfaces/share/turtlesim_cpp_interfaces/cmake/ament_cmake_export_dependencies-extras.cmake
[1.507s] -- Up-to-date: /home/tomo/ae7785-intro-to-robo/turtlesim_cpp_ws/install/turtlesim_cpp_interfaces/share/turtlesim_cpp_interfaces/cmake/ament_cmake_export_libraries-extras.cmake
[1.508s] -- Up-to-date: /home/tomo/ae7785-intro-to-robo/turtlesim_cpp_ws/install/turtlesim_cpp_interfaces/share/turtlesim_cpp_interfaces/cmake/ament_cmake_export_targets-extras.cmake
[1.509s] -- Up-to-date: /home/tomo/ae7785-intro-to-robo/turtlesim_cpp_ws/install/turtlesim_cpp_interfaces/share/turtlesim_cpp_interfaces/cmake/ament_cmake_export_include_directories-extras.cmake
[1.510s] -- Up-to-date: /home/tomo/ae7785-intro-to-robo/turtlesim_cpp_ws/install/turtlesim_cpp_interfaces/share/turtlesim_cpp_interfaces/cmake/rosidl_cmake_export_typesupport_libraries-extras.cmake
[1.510s] -- Up-to-date: /home/tomo/ae7785-intro-to-robo/turtlesim_cpp_ws/install/turtlesim_cpp_interfaces/share/turtlesim_cpp_interfaces/cmake/rosidl_cmake_export_typesupport_targets-extras.cmake
[1.510s] -- Up-to-date: /home/tomo/ae7785-intro-to-robo/turtlesim_cpp_ws/install/turtlesim_cpp_interfaces/share/turtlesim_cpp_interfaces/cmake/turtlesim_cpp_interfacesConfig.cmake
[1.511s] -- Up-to-date: /home/tomo/ae7785-intro-to-robo/turtlesim_cpp_ws/install/turtlesim_cpp_interfaces/share/turtlesim_cpp_interfaces/cmake/turtlesim_cpp_interfacesConfig-version.cmake
[1.512s] -- Up-to-date: /home/tomo/ae7785-intro-to-robo/turtlesim_cpp_ws/install/turtlesim_cpp_interfaces/share/turtlesim_cpp_interfaces/package.xml
[1.538s] Invoked command in '/home/tomo/ae7785-intro-to-robo/turtlesim_cpp_ws/build/turtlesim_cpp_interfaces' returned '0': CMAKE_PREFIX_PATH=${CMAKE_PREFIX_PATH}:/home/tomo/ae7785-intro-to-robo/turtlesim_ws/install/turtlesim_chaser:/home/tomo/Documents/turtlebot3_ws/install/turtlebot3_teleop:/home/tomo/Documents/turtlebot3_ws/install/turtlebot3_example:/opt/ros/foxy /usr/bin/cmake --install /home/tomo/ae7785-intro-to-robo/turtlesim_cpp_ws/build/turtlesim_cpp_interfaces
