[0.232s] DEBUG:colcon:Command line arguments: ['/usr/bin/colcon', 'build']
[0.233s] DEBUG:colcon:Parsed command line arguments: Namespace(allow_overriding=[], ament_cmake_args=None, base_paths=['.'], build_base='build', catkin_cmake_args=None, catkin_skip_building_tests=False, cmake_args=None, cmake_clean_cache=False, cmake_clean_first=False, cmake_force_configure=False, cmake_target=None, cmake_target_skip_unavailable=False, continue_on_error=False, event_handlers=None, executor='parallel', ignore_user_meta=False, install_base='install', log_base=None, log_level=None, main=<bound method BuildVerb.main of <colcon_core.verb.build.BuildVerb object at 0x7f817a735be0>>, merge_install=False, metas=['./colcon.meta'], packages_above=None, packages_above_and_dependencies=None, packages_above_depth=None, packages_end=None, packages_ignore=None, packages_ignore_regex=None, packages_select=None, packages_select_build_failed=False, packages_select_by_dep=None, packages_select_regex=None, packages_select_test_failures=False, packages_skip=None, packages_skip_build_finished=False, packages_skip_by_dep=None, packages_skip_regex=None, packages_skip_test_passed=False, packages_skip_up_to=None, packages_start=None, packages_up_to=None, packages_up_to_regex=None, parallel_workers=6, paths=None, symlink_install=False, test_result_base=None, verb_extension=<colcon_core.verb.build.BuildVerb object at 0x7f817a735be0>, verb_name='build', verb_parser=<colcon_defaults.argument_parser.defaults.DefaultArgumentsDecorator object at 0x7f817a6c6190>)
[0.272s] Level 1:colcon.colcon_core.package_discovery:discover_packages(colcon_meta) check parameters
[0.272s] Level 1:colcon.colcon_core.package_discovery:discover_packages(recursive) check parameters
[0.272s] Level 1:colcon.colcon_core.package_discovery:discover_packages(ignore) check parameters
[0.272s] Level 1:colcon.colcon_core.package_discovery:discover_packages(path) check parameters
[0.272s] Level 1:colcon.colcon_core.package_discovery:discover_packages(colcon_meta) discover
[0.272s] Level 1:colcon.colcon_core.package_discovery:discover_packages(recursive) discover
[0.272s] INFO:colcon.colcon_core.package_discovery:Crawling recursively for packages in '/home/tomo/ae7785-intro-to-robo/ros2_ws'
[0.272s] Level 1:colcon.colcon_core.package_identification:_identify(.) by extensions ['ignore', 'ignore_ament_install']
[0.272s] Level 1:colcon.colcon_core.package_identification:_identify(.) by extension 'ignore'
[0.272s] Level 1:colcon.colcon_core.package_identification:_identify(.) by extension 'ignore_ament_install'
[0.273s] Level 1:colcon.colcon_core.package_identification:_identify(.) by extensions ['colcon_pkg']
[0.273s] Level 1:colcon.colcon_core.package_identification:_identify(.) by extension 'colcon_pkg'
[0.273s] Level 1:colcon.colcon_core.package_identification:_identify(.) by extensions ['colcon_meta']
[0.273s] Level 1:colcon.colcon_core.package_identification:_identify(.) by extension 'colcon_meta'
[0.273s] Level 1:colcon.colcon_core.package_identification:_identify(.) by extensions ['ros']
[0.273s] Level 1:colcon.colcon_core.package_identification:_identify(.) by extension 'ros'
[0.296s] Level 1:colcon.colcon_core.package_identification:_identify(.) by extensions ['cmake', 'python']
[0.296s] Level 1:colcon.colcon_core.package_identification:_identify(.) by extension 'cmake'
[0.297s] Level 1:colcon.colcon_core.package_identification:_identify(.) by extension 'python'
[0.297s] Level 1:colcon.colcon_core.package_identification:_identify(.) by extensions ['python_setup_py']
[0.297s] Level 1:colcon.colcon_core.package_identification:_identify(.) by extension 'python_setup_py'
[0.297s] Level 1:colcon.colcon_core.package_identification:_identify(build) by extensions ['ignore', 'ignore_ament_install']
[0.297s] Level 1:colcon.colcon_core.package_identification:_identify(build) by extension 'ignore'
[0.297s] Level 1:colcon.colcon_core.package_identification:_identify(build) ignored
[0.297s] Level 1:colcon.colcon_core.package_identification:_identify(install) by extensions ['ignore', 'ignore_ament_install']
[0.297s] Level 1:colcon.colcon_core.package_identification:_identify(install) by extension 'ignore'
[0.297s] Level 1:colcon.colcon_core.package_identification:_identify(install) ignored
[0.298s] Level 1:colcon.colcon_core.package_identification:_identify(log) by extensions ['ignore', 'ignore_ament_install']
[0.298s] Level 1:colcon.colcon_core.package_identification:_identify(log) by extension 'ignore'
[0.298s] Level 1:colcon.colcon_core.package_identification:_identify(log) ignored
[0.298s] Level 1:colcon.colcon_core.package_identification:_identify(src) by extensions ['ignore', 'ignore_ament_install']
[0.298s] Level 1:colcon.colcon_core.package_identification:_identify(src) by extension 'ignore'
[0.298s] Level 1:colcon.colcon_core.package_identification:_identify(src) by extension 'ignore_ament_install'
[0.298s] Level 1:colcon.colcon_core.package_identification:_identify(src) by extensions ['colcon_pkg']
[0.298s] Level 1:colcon.colcon_core.package_identification:_identify(src) by extension 'colcon_pkg'
[0.298s] Level 1:colcon.colcon_core.package_identification:_identify(src) by extensions ['colcon_meta']
[0.298s] Level 1:colcon.colcon_core.package_identification:_identify(src) by extension 'colcon_meta'
[0.298s] Level 1:colcon.colcon_core.package_identification:_identify(src) by extensions ['ros']
[0.298s] Level 1:colcon.colcon_core.package_identification:_identify(src) by extension 'ros'
[0.298s] Level 1:colcon.colcon_core.package_identification:_identify(src) by extensions ['cmake', 'python']
[0.298s] Level 1:colcon.colcon_core.package_identification:_identify(src) by extension 'cmake'
[0.298s] Level 1:colcon.colcon_core.package_identification:_identify(src) by extension 'python'
[0.299s] Level 1:colcon.colcon_core.package_identification:_identify(src) by extensions ['python_setup_py']
[0.299s] Level 1:colcon.colcon_core.package_identification:_identify(src) by extension 'python_setup_py'
[0.299s] Level 1:colcon.colcon_core.package_identification:_identify(src/team99_object_follower) by extensions ['ignore', 'ignore_ament_install']
[0.299s] Level 1:colcon.colcon_core.package_identification:_identify(src/team99_object_follower) by extension 'ignore'
[0.299s] Level 1:colcon.colcon_core.package_identification:_identify(src/team99_object_follower) by extension 'ignore_ament_install'
[0.299s] Level 1:colcon.colcon_core.package_identification:_identify(src/team99_object_follower) by extensions ['colcon_pkg']
[0.299s] Level 1:colcon.colcon_core.package_identification:_identify(src/team99_object_follower) by extension 'colcon_pkg'
[0.299s] Level 1:colcon.colcon_core.package_identification:_identify(src/team99_object_follower) by extensions ['colcon_meta']
[0.299s] Level 1:colcon.colcon_core.package_identification:_identify(src/team99_object_follower) by extension 'colcon_meta'
[0.299s] Level 1:colcon.colcon_core.package_identification:_identify(src/team99_object_follower) by extensions ['ros']
[0.299s] Level 1:colcon.colcon_core.package_identification:_identify(src/team99_object_follower) by extension 'ros'
[0.306s] DEBUG:colcon.colcon_core.package_identification:Package 'src/team99_object_follower' with type 'ros.ament_python' and name 'team99_object_follower'
[0.306s] Level 1:colcon.colcon_core.package_identification:_identify(src/team99_object_follower_bringup) by extensions ['ignore', 'ignore_ament_install']
[0.306s] Level 1:colcon.colcon_core.package_identification:_identify(src/team99_object_follower_bringup) by extension 'ignore'
[0.306s] Level 1:colcon.colcon_core.package_identification:_identify(src/team99_object_follower_bringup) by extension 'ignore_ament_install'
[0.306s] Level 1:colcon.colcon_core.package_identification:_identify(src/team99_object_follower_bringup) by extensions ['colcon_pkg']
[0.306s] Level 1:colcon.colcon_core.package_identification:_identify(src/team99_object_follower_bringup) by extension 'colcon_pkg'
[0.306s] Level 1:colcon.colcon_core.package_identification:_identify(src/team99_object_follower_bringup) by extensions ['colcon_meta']
[0.306s] Level 1:colcon.colcon_core.package_identification:_identify(src/team99_object_follower_bringup) by extension 'colcon_meta'
[0.307s] Level 1:colcon.colcon_core.package_identification:_identify(src/team99_object_follower_bringup) by extensions ['ros']
[0.307s] Level 1:colcon.colcon_core.package_identification:_identify(src/team99_object_follower_bringup) by extension 'ros'
[0.307s] DEBUG:colcon.colcon_core.package_identification:Package 'src/team99_object_follower_bringup' with type 'ros.ament_cmake' and name 'team99_object_follower_bringup'
[0.307s] Level 1:colcon.colcon_core.package_discovery:discover_packages(recursive) using defaults
[0.307s] Level 1:colcon.colcon_core.package_discovery:discover_packages(ignore) discover
[0.307s] Level 1:colcon.colcon_core.package_discovery:discover_packages(ignore) using defaults
[0.308s] Level 1:colcon.colcon_core.package_discovery:discover_packages(path) discover
[0.308s] Level 1:colcon.colcon_core.package_discovery:discover_packages(path) using defaults
[0.354s] Level 1:colcon.colcon_core.package_discovery:discover_packages(prefix_path) check parameters
[0.354s] Level 1:colcon.colcon_core.package_discovery:discover_packages(prefix_path) discover
[0.360s] DEBUG:colcon.colcon_installed_package_information.package_discovery:Found 339 installed packages in /opt/ros/foxy
[0.363s] Level 1:colcon.colcon_core.package_discovery:discover_packages(prefix_path) using defaults
[0.495s] Level 5:colcon.colcon_core.verb:set package 'team99_object_follower' build argument 'cmake_args' from command line to 'None'
[0.495s] Level 5:colcon.colcon_core.verb:set package 'team99_object_follower' build argument 'cmake_target' from command line to 'None'
[0.495s] Level 5:colcon.colcon_core.verb:set package 'team99_object_follower' build argument 'cmake_target_skip_unavailable' from command line to 'False'
[0.495s] Level 5:colcon.colcon_core.verb:set package 'team99_object_follower' build argument 'cmake_clean_cache' from command line to 'False'
[0.495s] Level 5:colcon.colcon_core.verb:set package 'team99_object_follower' build argument 'cmake_clean_first' from command line to 'False'
[0.495s] Level 5:colcon.colcon_core.verb:set package 'team99_object_follower' build argument 'cmake_force_configure' from command line to 'False'
[0.495s] Level 5:colcon.colcon_core.verb:set package 'team99_object_follower' build argument 'ament_cmake_args' from command line to 'None'
[0.495s] Level 5:colcon.colcon_core.verb:set package 'team99_object_follower' build argument 'catkin_cmake_args' from command line to 'None'
[0.495s] Level 5:colcon.colcon_core.verb:set package 'team99_object_follower' build argument 'catkin_skip_building_tests' from command line to 'False'
[0.495s] DEBUG:colcon.colcon_core.verb:Building package 'team99_object_follower' with the following arguments: {'ament_cmake_args': None, 'build_base': '/home/tomo/ae7785-intro-to-robo/ros2_ws/build/team99_object_follower', 'catkin_cmake_args': None, 'catkin_skip_building_tests': False, 'cmake_args': None, 'cmake_clean_cache': False, 'cmake_clean_first': False, 'cmake_force_configure': False, 'cmake_target': None, 'cmake_target_skip_unavailable': False, 'install_base': '/home/tomo/ae7785-intro-to-robo/ros2_ws/install/team99_object_follower', 'merge_install': False, 'path': '/home/tomo/ae7785-intro-to-robo/ros2_ws/src/team99_object_follower', 'symlink_install': False, 'test_result_base': None}
[0.497s] Level 5:colcon.colcon_core.verb:set package 'team99_object_follower_bringup' build argument 'cmake_args' from command line to 'None'
[0.497s] Level 5:colcon.colcon_core.verb:set package 'team99_object_follower_bringup' build argument 'cmake_target' from command line to 'None'
[0.497s] Level 5:colcon.colcon_core.verb:set package 'team99_object_follower_bringup' build argument 'cmake_target_skip_unavailable' from command line to 'False'
[0.497s] Level 5:colcon.colcon_core.verb:set package 'team99_object_follower_bringup' build argument 'cmake_clean_cache' from command line to 'False'
[0.497s] Level 5:colcon.colcon_core.verb:set package 'team99_object_follower_bringup' build argument 'cmake_clean_first' from command line to 'False'
[0.497s] Level 5:colcon.colcon_core.verb:set package 'team99_object_follower_bringup' build argument 'cmake_force_configure' from command line to 'False'
[0.497s] Level 5:colcon.colcon_core.verb:set package 'team99_object_follower_bringup' build argument 'ament_cmake_args' from command line to 'None'
[0.497s] Level 5:colcon.colcon_core.verb:set package 'team99_object_follower_bringup' build argument 'catkin_cmake_args' from command line to 'None'
[0.497s] Level 5:colcon.colcon_core.verb:set package 'team99_object_follower_bringup' build argument 'catkin_skip_building_tests' from command line to 'False'
[0.497s] DEBUG:colcon.colcon_core.verb:Building package 'team99_object_follower_bringup' with the following arguments: {'ament_cmake_args': None, 'build_base': '/home/tomo/ae7785-intro-to-robo/ros2_ws/build/team99_object_follower_bringup', 'catkin_cmake_args': None, 'catkin_skip_building_tests': False, 'cmake_args': None, 'cmake_clean_cache': False, 'cmake_clean_first': False, 'cmake_force_configure': False, 'cmake_target': None, 'cmake_target_skip_unavailable': False, 'install_base': '/home/tomo/ae7785-intro-to-robo/ros2_ws/install/team99_object_follower_bringup', 'merge_install': False, 'path': '/home/tomo/ae7785-intro-to-robo/ros2_ws/src/team99_object_follower_bringup', 'symlink_install': False, 'test_result_base': None}
[0.498s] INFO:colcon.colcon_core.executor:Executing jobs using 'parallel' executor
[0.505s] DEBUG:colcon.colcon_parallel_executor.executor.parallel:run_until_complete
[0.506s] INFO:colcon.colcon_ros.task.ament_python.build:Building ROS package in '/home/tomo/ae7785-intro-to-robo/ros2_ws/src/team99_object_follower' with build type 'ament_python'
[0.506s] Level 1:colcon.colcon_core.shell:create_environment_hook('team99_object_follower', 'ament_prefix_path')
[0.513s] INFO:colcon.colcon_core.plugin_system:Skipping extension 'colcon_core.shell.bat': Not used on non-Windows systems
[0.514s] INFO:colcon.colcon_core.shell:Creating environment hook '/home/tomo/ae7785-intro-to-robo/ros2_ws/install/team99_object_follower/share/team99_object_follower/hook/ament_prefix_path.ps1'
[0.515s] INFO:colcon.colcon_core.shell:Creating environment descriptor '/home/tomo/ae7785-intro-to-robo/ros2_ws/install/team99_object_follower/share/team99_object_follower/hook/ament_prefix_path.dsv'
[0.515s] INFO:colcon.colcon_core.shell:Creating environment hook '/home/tomo/ae7785-intro-to-robo/ros2_ws/install/team99_object_follower/share/team99_object_follower/hook/ament_prefix_path.sh'
[0.518s] INFO:colcon.colcon_core.shell:Skip shell extension 'powershell' for command environment: Not usable outside of PowerShell
[0.518s] DEBUG:colcon.colcon_core.shell:Skip shell extension 'dsv' for command environment
[0.941s] INFO:colcon.colcon_core.task.python.build:Building Python package in '/home/tomo/ae7785-intro-to-robo/ros2_ws/src/team99_object_follower'
[0.944s] INFO:colcon.colcon_core.shell:Skip shell extension 'powershell' for command environment: Not usable outside of PowerShell
[0.944s] DEBUG:colcon.colcon_core.shell:Skip shell extension 'dsv' for command environment
[1.702s] DEBUG:colcon.colcon_core.event_handler.log_command:Invoking command in '/home/tomo/ae7785-intro-to-robo/ros2_ws/src/team99_object_follower': PYTHONPATH=/home/tomo/ae7785-intro-to-robo/ros2_ws/build/team99_object_follower/prefix_override:/home/tomo/ae7785-intro-to-robo/ros2_ws/install/team99_object_follower/lib/python3.8/site-packages:${PYTHONPATH} /usr/bin/python3 setup.py egg_info --egg-base ../../build/team99_object_follower build --build-base /home/tomo/ae7785-intro-to-robo/ros2_ws/build/team99_object_follower/build install --record /home/tomo/ae7785-intro-to-robo/ros2_ws/build/team99_object_follower/install.log --install-scripts $base/lib/team99_object_follower --single-version-externally-managed
[2.784s] DEBUG:colcon.colcon_core.event_handler.log_command:Invoked command in '/home/tomo/ae7785-intro-to-robo/ros2_ws/src/team99_object_follower' returned '0': PYTHONPATH=/home/tomo/ae7785-intro-to-robo/ros2_ws/build/team99_object_follower/prefix_override:/home/tomo/ae7785-intro-to-robo/ros2_ws/install/team99_object_follower/lib/python3.8/site-packages:${PYTHONPATH} /usr/bin/python3 setup.py egg_info --egg-base ../../build/team99_object_follower build --build-base /home/tomo/ae7785-intro-to-robo/ros2_ws/build/team99_object_follower/build install --record /home/tomo/ae7785-intro-to-robo/ros2_ws/build/team99_object_follower/install.log --install-scripts $base/lib/team99_object_follower --single-version-externally-managed
[2.892s] Level 1:colcon.colcon_core.environment:checking '/home/tomo/ae7785-intro-to-robo/ros2_ws/install/team99_object_follower' for CMake module files
[2.902s] Level 1:colcon.colcon_core.environment:checking '/home/tomo/ae7785-intro-to-robo/ros2_ws/install/team99_object_follower' for CMake config files
[2.905s] Level 1:colcon.colcon_core.environment:checking '/home/tomo/ae7785-intro-to-robo/ros2_ws/install/team99_object_follower/lib'
[2.905s] Level 1:colcon.colcon_core.environment:checking '/home/tomo/ae7785-intro-to-robo/ros2_ws/install/team99_object_follower/bin'
[2.905s] Level 1:colcon.colcon_core.environment:checking '/home/tomo/ae7785-intro-to-robo/ros2_ws/install/team99_object_follower/lib/pkgconfig/team99_object_follower.pc'
[2.905s] Level 1:colcon.colcon_core.environment:checking '/home/tomo/ae7785-intro-to-robo/ros2_ws/install/team99_object_follower/lib/python3.8/site-packages'
[2.906s] Level 1:colcon.colcon_core.shell:create_environment_hook('team99_object_follower', 'pythonpath')
[2.909s] INFO:colcon.colcon_core.shell:Creating environment hook '/home/tomo/ae7785-intro-to-robo/ros2_ws/install/team99_object_follower/share/team99_object_follower/hook/pythonpath.ps1'
[2.910s] INFO:colcon.colcon_core.shell:Creating environment descriptor '/home/tomo/ae7785-intro-to-robo/ros2_ws/install/team99_object_follower/share/team99_object_follower/hook/pythonpath.dsv'
[2.911s] INFO:colcon.colcon_core.shell:Creating environment hook '/home/tomo/ae7785-intro-to-robo/ros2_ws/install/team99_object_follower/share/team99_object_follower/hook/pythonpath.sh'
[2.912s] Level 1:colcon.colcon_core.environment:checking '/home/tomo/ae7785-intro-to-robo/ros2_ws/install/team99_object_follower/bin'
[2.912s] Level 1:colcon.colcon_core.environment:create_environment_scripts_only(team99_object_follower)
[2.915s] INFO:colcon.colcon_core.shell:Creating package script '/home/tomo/ae7785-intro-to-robo/ros2_ws/install/team99_object_follower/share/team99_object_follower/package.ps1'
[2.917s] INFO:colcon.colcon_core.shell:Creating package descriptor '/home/tomo/ae7785-intro-to-robo/ros2_ws/install/team99_object_follower/share/team99_object_follower/package.dsv'
[2.919s] INFO:colcon.colcon_core.shell:Creating package script '/home/tomo/ae7785-intro-to-robo/ros2_ws/install/team99_object_follower/share/team99_object_follower/package.sh'
[2.921s] INFO:colcon.colcon_core.shell:Creating package script '/home/tomo/ae7785-intro-to-robo/ros2_ws/install/team99_object_follower/share/team99_object_follower/package.bash'
[2.923s] INFO:colcon.colcon_core.shell:Creating package script '/home/tomo/ae7785-intro-to-robo/ros2_ws/install/team99_object_follower/share/team99_object_follower/package.zsh'
[2.925s] Level 1:colcon.colcon_core.environment:create_file_with_runtime_dependencies(/home/tomo/ae7785-intro-to-robo/ros2_ws/install/team99_object_follower/share/colcon-core/packages/team99_object_follower)
[2.926s] INFO:colcon.colcon_ros.task.ament_cmake.build:Building ROS package in '/home/tomo/ae7785-intro-to-robo/ros2_ws/src/team99_object_follower_bringup' with build type 'ament_cmake'
[2.926s] INFO:colcon.colcon_cmake.task.cmake.build:Building CMake package in '/home/tomo/ae7785-intro-to-robo/ros2_ws/src/team99_object_follower_bringup'
[2.929s] INFO:colcon.colcon_core.shell:Skip shell extension 'powershell' for command environment: Not usable outside of PowerShell
[2.929s] DEBUG:colcon.colcon_core.shell:Skip shell extension 'dsv' for command environment
[2.970s] DEBUG:colcon.colcon_core.event_handler.log_command:Invoking command in '/home/tomo/ae7785-intro-to-robo/ros2_ws/build/team99_object_follower_bringup': AMENT_PREFIX_PATH=/home/tomo/ae7785-intro-to-robo/ros2_ws/install/team99_object_follower:${AMENT_PREFIX_PATH} CMAKE_PREFIX_PATH=/opt/ros/foxy PYTHONPATH=/home/tomo/ae7785-intro-to-robo/ros2_ws/install/team99_object_follower/lib/python3.8/site-packages:${PYTHONPATH} /usr/bin/cmake /home/tomo/ae7785-intro-to-robo/ros2_ws/src/team99_object_follower_bringup -DCMAKE_INSTALL_PREFIX=/home/tomo/ae7785-intro-to-robo/ros2_ws/install/team99_object_follower_bringup
[4.799s] DEBUG:colcon.colcon_core.event_handler.log_command:Invoked command in '/home/tomo/ae7785-intro-to-robo/ros2_ws/build/team99_object_follower_bringup' returned '0': AMENT_PREFIX_PATH=/home/tomo/ae7785-intro-to-robo/ros2_ws/install/team99_object_follower:${AMENT_PREFIX_PATH} CMAKE_PREFIX_PATH=/opt/ros/foxy PYTHONPATH=/home/tomo/ae7785-intro-to-robo/ros2_ws/install/team99_object_follower/lib/python3.8/site-packages:${PYTHONPATH} /usr/bin/cmake /home/tomo/ae7785-intro-to-robo/ros2_ws/src/team99_object_follower_bringup -DCMAKE_INSTALL_PREFIX=/home/tomo/ae7785-intro-to-robo/ros2_ws/install/team99_object_follower_bringup
[4.800s] DEBUG:colcon.colcon_core.event_handler.log_command:Invoking command in '/home/tomo/ae7785-intro-to-robo/ros2_ws/build/team99_object_follower_bringup': AMENT_PREFIX_PATH=/home/tomo/ae7785-intro-to-robo/ros2_ws/install/team99_object_follower:${AMENT_PREFIX_PATH} CMAKE_PREFIX_PATH=/opt/ros/foxy PYTHONPATH=/home/tomo/ae7785-intro-to-robo/ros2_ws/install/team99_object_follower/lib/python3.8/site-packages:${PYTHONPATH} /usr/bin/cmake --build /home/tomo/ae7785-intro-to-robo/ros2_ws/build/team99_object_follower_bringup -- -j6 -l6
[4.864s] DEBUG:colcon.colcon_core.event_handler.log_command:Invoked command in '/home/tomo/ae7785-intro-to-robo/ros2_ws/build/team99_object_follower_bringup' returned '0': AMENT_PREFIX_PATH=/home/tomo/ae7785-intro-to-robo/ros2_ws/install/team99_object_follower:${AMENT_PREFIX_PATH} CMAKE_PREFIX_PATH=/opt/ros/foxy PYTHONPATH=/home/tomo/ae7785-intro-to-robo/ros2_ws/install/team99_object_follower/lib/python3.8/site-packages:${PYTHONPATH} /usr/bin/cmake --build /home/tomo/ae7785-intro-to-robo/ros2_ws/build/team99_object_follower_bringup -- -j6 -l6
[4.930s] DEBUG:colcon.colcon_core.event_handler.log_command:Invoking command in '/home/tomo/ae7785-intro-to-robo/ros2_ws/build/team99_object_follower_bringup': AMENT_PREFIX_PATH=/home/tomo/ae7785-intro-to-robo/ros2_ws/install/team99_object_follower:${AMENT_PREFIX_PATH} CMAKE_PREFIX_PATH=/opt/ros/foxy PYTHONPATH=/home/tomo/ae7785-intro-to-robo/ros2_ws/install/team99_object_follower/lib/python3.8/site-packages:${PYTHONPATH} /usr/bin/cmake --install /home/tomo/ae7785-intro-to-robo/ros2_ws/build/team99_object_follower_bringup
[4.957s] Level 1:colcon.colcon_core.environment:create_environment_scripts_only(team99_object_follower_bringup)
[4.961s] Level 1:colcon.colcon_core.environment:checking '/home/tomo/ae7785-intro-to-robo/ros2_ws/install/team99_object_follower_bringup' for CMake module files
[4.963s] DEBUG:colcon.colcon_core.event_handler.log_command:Invoked command in '/home/tomo/ae7785-intro-to-robo/ros2_ws/build/team99_object_follower_bringup' returned '0': AMENT_PREFIX_PATH=/home/tomo/ae7785-intro-to-robo/ros2_ws/install/team99_object_follower:${AMENT_PREFIX_PATH} CMAKE_PREFIX_PATH=/opt/ros/foxy PYTHONPATH=/home/tomo/ae7785-intro-to-robo/ros2_ws/install/team99_object_follower/lib/python3.8/site-packages:${PYTHONPATH} /usr/bin/cmake --install /home/tomo/ae7785-intro-to-robo/ros2_ws/build/team99_object_follower_bringup
[4.964s] Level 1:colcon.colcon_core.environment:checking '/home/tomo/ae7785-intro-to-robo/ros2_ws/install/team99_object_follower_bringup' for CMake config files
[4.965s] Level 1:colcon.colcon_core.shell:create_environment_hook('team99_object_follower_bringup', 'cmake_prefix_path')
[4.969s] INFO:colcon.colcon_core.shell:Creating environment hook '/home/tomo/ae7785-intro-to-robo/ros2_ws/install/team99_object_follower_bringup/share/team99_object_follower_bringup/hook/cmake_prefix_path.ps1'
[4.970s] INFO:colcon.colcon_core.shell:Creating environment descriptor '/home/tomo/ae7785-intro-to-robo/ros2_ws/install/team99_object_follower_bringup/share/team99_object_follower_bringup/hook/cmake_prefix_path.dsv'
[4.971s] INFO:colcon.colcon_core.shell:Creating environment hook '/home/tomo/ae7785-intro-to-robo/ros2_ws/install/team99_object_follower_bringup/share/team99_object_follower_bringup/hook/cmake_prefix_path.sh'
[4.972s] Level 1:colcon.colcon_core.environment:checking '/home/tomo/ae7785-intro-to-robo/ros2_ws/install/team99_object_follower_bringup/bin'
[4.972s] Level 1:colcon.colcon_core.environment:checking '/home/tomo/ae7785-intro-to-robo/ros2_ws/install/team99_object_follower_bringup/lib/pkgconfig/team99_object_follower_bringup.pc'
[4.972s] Level 1:colcon.colcon_core.environment:checking '/home/tomo/ae7785-intro-to-robo/ros2_ws/install/team99_object_follower_bringup/lib/python3.8/site-packages'
[4.973s] Level 1:colcon.colcon_core.environment:checking '/home/tomo/ae7785-intro-to-robo/ros2_ws/install/team99_object_follower_bringup/bin'
[4.975s] INFO:colcon.colcon_core.shell:Creating package script '/home/tomo/ae7785-intro-to-robo/ros2_ws/install/team99_object_follower_bringup/share/team99_object_follower_bringup/package.ps1'
[4.975s] INFO:colcon.colcon_core.shell:Creating package descriptor '/home/tomo/ae7785-intro-to-robo/ros2_ws/install/team99_object_follower_bringup/share/team99_object_follower_bringup/package.dsv'
[4.976s] INFO:colcon.colcon_core.shell:Creating package script '/home/tomo/ae7785-intro-to-robo/ros2_ws/install/team99_object_follower_bringup/share/team99_object_follower_bringup/package.sh'
[4.978s] INFO:colcon.colcon_core.shell:Creating package script '/home/tomo/ae7785-intro-to-robo/ros2_ws/install/team99_object_follower_bringup/share/team99_object_follower_bringup/package.bash'
[4.978s] INFO:colcon.colcon_core.shell:Creating package script '/home/tomo/ae7785-intro-to-robo/ros2_ws/install/team99_object_follower_bringup/share/team99_object_follower_bringup/package.zsh'
[4.979s] Level 1:colcon.colcon_core.environment:create_file_with_runtime_dependencies(/home/tomo/ae7785-intro-to-robo/ros2_ws/install/team99_object_follower_bringup/share/colcon-core/packages/team99_object_follower_bringup)
[5.028s] Level 1:colcon.colcon_core.environment:create_environment_scripts_only(team99_object_follower_bringup)
[5.031s] Level 1:colcon.colcon_core.environment:checking '/home/tomo/ae7785-intro-to-robo/ros2_ws/install/team99_object_follower_bringup' for CMake module files
[5.031s] Level 1:colcon.colcon_core.environment:checking '/home/tomo/ae7785-intro-to-robo/ros2_ws/install/team99_object_follower_bringup' for CMake config files
[5.031s] Level 1:colcon.colcon_core.shell:create_environment_hook('team99_object_follower_bringup', 'cmake_prefix_path')
[5.033s] INFO:colcon.colcon_core.shell:Creating environment hook '/home/tomo/ae7785-intro-to-robo/ros2_ws/install/team99_object_follower_bringup/share/team99_object_follower_bringup/hook/cmake_prefix_path.ps1'
[5.034s] INFO:colcon.colcon_core.shell:Creating environment descriptor '/home/tomo/ae7785-intro-to-robo/ros2_ws/install/team99_object_follower_bringup/share/team99_object_follower_bringup/hook/cmake_prefix_path.dsv'
[5.035s] INFO:colcon.colcon_core.shell:Creating environment hook '/home/tomo/ae7785-intro-to-robo/ros2_ws/install/team99_object_follower_bringup/share/team99_object_follower_bringup/hook/cmake_prefix_path.sh'
[5.037s] Level 1:colcon.colcon_core.environment:checking '/home/tomo/ae7785-intro-to-robo/ros2_ws/install/team99_object_follower_bringup/bin'
[5.037s] Level 1:colcon.colcon_core.environment:checking '/home/tomo/ae7785-intro-to-robo/ros2_ws/install/team99_object_follower_bringup/lib/pkgconfig/team99_object_follower_bringup.pc'
[5.037s] Level 1:colcon.colcon_core.environment:checking '/home/tomo/ae7785-intro-to-robo/ros2_ws/install/team99_object_follower_bringup/lib/python3.8/site-packages'
[5.038s] Level 1:colcon.colcon_core.environment:checking '/home/tomo/ae7785-intro-to-robo/ros2_ws/install/team99_object_follower_bringup/bin'
[5.041s] INFO:colcon.colcon_core.shell:Creating package script '/home/tomo/ae7785-intro-to-robo/ros2_ws/install/team99_object_follower_bringup/share/team99_object_follower_bringup/package.ps1'
[5.042s] INFO:colcon.colcon_core.shell:Creating package descriptor '/home/tomo/ae7785-intro-to-robo/ros2_ws/install/team99_object_follower_bringup/share/team99_object_follower_bringup/package.dsv'
[5.043s] INFO:colcon.colcon_core.shell:Creating package script '/home/tomo/ae7785-intro-to-robo/ros2_ws/install/team99_object_follower_bringup/share/team99_object_follower_bringup/package.sh'
[5.044s] INFO:colcon.colcon_core.shell:Creating package script '/home/tomo/ae7785-intro-to-robo/ros2_ws/install/team99_object_follower_bringup/share/team99_object_follower_bringup/package.bash'
[5.044s] INFO:colcon.colcon_core.shell:Creating package script '/home/tomo/ae7785-intro-to-robo/ros2_ws/install/team99_object_follower_bringup/share/team99_object_follower_bringup/package.zsh'
[5.045s] Level 1:colcon.colcon_core.environment:create_file_with_runtime_dependencies(/home/tomo/ae7785-intro-to-robo/ros2_ws/install/team99_object_follower_bringup/share/colcon-core/packages/team99_object_follower_bringup)
[5.047s] DEBUG:colcon.colcon_parallel_executor.executor.parallel:closing loop
[5.048s] DEBUG:colcon.colcon_parallel_executor.executor.parallel:loop closed
[5.048s] DEBUG:colcon.colcon_parallel_executor.executor.parallel:run_until_complete finished with '0'
[5.048s] DEBUG:colcon.colcon_core.event_reactor:joining thread
[5.063s] INFO:colcon.colcon_core.plugin_system:Skipping extension 'colcon_notification.desktop_notification.terminal_notifier': Not used on non-Darwin systems
[5.063s] INFO:colcon.colcon_core.plugin_system:Skipping extension 'colcon_notification.desktop_notification.win32': Not used on non-Windows systems
[5.063s] INFO:colcon.colcon_notification.desktop_notification:Sending desktop notification using 'notify2'
[5.195s] DEBUG:colcon.colcon_core.event_reactor:joined thread
[5.197s] INFO:colcon.colcon_core.shell:Creating prefix script '/home/tomo/ae7785-intro-to-robo/ros2_ws/install/local_setup.ps1'
[5.199s] INFO:colcon.colcon_core.shell:Creating prefix util module '/home/tomo/ae7785-intro-to-robo/ros2_ws/install/_local_setup_util_ps1.py'
[5.202s] INFO:colcon.colcon_core.shell:Creating prefix chain script '/home/tomo/ae7785-intro-to-robo/ros2_ws/install/setup.ps1'
[5.203s] INFO:colcon.colcon_core.shell:Creating prefix script '/home/tomo/ae7785-intro-to-robo/ros2_ws/install/local_setup.sh'
[5.204s] INFO:colcon.colcon_core.shell:Creating prefix util module '/home/tomo/ae7785-intro-to-robo/ros2_ws/install/_local_setup_util_sh.py'
[5.205s] INFO:colcon.colcon_core.shell:Creating prefix chain script '/home/tomo/ae7785-intro-to-robo/ros2_ws/install/setup.sh'
[5.207s] INFO:colcon.colcon_core.shell:Creating prefix script '/home/tomo/ae7785-intro-to-robo/ros2_ws/install/local_setup.bash'
[5.208s] INFO:colcon.colcon_core.shell:Creating prefix chain script '/home/tomo/ae7785-intro-to-robo/ros2_ws/install/setup.bash'
[5.211s] INFO:colcon.colcon_core.shell:Creating prefix script '/home/tomo/ae7785-intro-to-robo/ros2_ws/install/local_setup.zsh'
[5.212s] INFO:colcon.colcon_core.shell:Creating prefix chain script '/home/tomo/ae7785-intro-to-robo/ros2_ws/install/setup.zsh'
