[1.302s] Invoking command in '/home/tomo/ae7785-intro-to-robo/turtlesim_ws/src/turtlesim_chaser': PYTHONPATH=/home/tomo/ae7785-intro-to-robo/turtlesim_ws/build/turtlesim_chaser/prefix_override:/home/tomo/ae7785-intro-to-robo/turtlesim_ws/install/turtlesim_chaser/lib/python3.8/site-packages:${PYTHONPATH} /usr/bin/python3 setup.py egg_info --egg-base ../../build/turtlesim_chaser build --build-base /home/tomo/ae7785-intro-to-robo/turtlesim_ws/build/turtlesim_chaser/build install --record /home/tomo/ae7785-intro-to-robo/turtlesim_ws/build/turtlesim_chaser/install.log --install-scripts $base/lib/turtlesim_chaser --single-version-externally-managed
[1.710s] running egg_info
[1.712s] writing ../../build/turtlesim_chaser/turtlesim_chaser.egg-info/PKG-INFO
[1.712s] writing dependency_links to ../../build/turtlesim_chaser/turtlesim_chaser.egg-info/dependency_links.txt
[1.713s] writing entry points to ../../build/turtlesim_chaser/turtlesim_chaser.egg-info/entry_points.txt
[1.713s] writing requirements to ../../build/turtlesim_chaser/turtlesim_chaser.egg-info/requires.txt
[1.714s] writing top-level names to ../../build/turtlesim_chaser/turtlesim_chaser.egg-info/top_level.txt
[1.778s] reading manifest file '../../build/turtlesim_chaser/turtlesim_chaser.egg-info/SOURCES.txt'
[1.780s] writing manifest file '../../build/turtlesim_chaser/turtlesim_chaser.egg-info/SOURCES.txt'
[1.781s] running build
[1.781s] running build_py
[1.781s] copying turtlesim_chaser/turtle_controller.py -> /home/tomo/ae7785-intro-to-robo/turtlesim_ws/build/turtlesim_chaser/build/lib/turtlesim_chaser
[1.782s] running install
[1.783s] running install_lib
[1.785s] copying /home/tomo/ae7785-intro-to-robo/turtlesim_ws/build/turtlesim_chaser/build/lib/turtlesim_chaser/turtle_controller.py -> /home/tomo/ae7785-intro-to-robo/turtlesim_ws/install/turtlesim_chaser/lib/python3.8/site-packages/turtlesim_chaser
[1.786s] byte-compiling /home/tomo/ae7785-intro-to-robo/turtlesim_ws/install/turtlesim_chaser/lib/python3.8/site-packages/turtlesim_chaser/turtle_controller.py to turtle_controller.cpython-38.pyc
[1.788s] running install_data
[1.789s] running install_egg_info
[1.791s] removing '/home/tomo/ae7785-intro-to-robo/turtlesim_ws/install/turtlesim_chaser/lib/python3.8/site-packages/turtlesim_chaser-0.0.0-py3.8.egg-info' (and everything under it)
[1.792s] Copying ../../build/turtlesim_chaser/turtlesim_chaser.egg-info to /home/tomo/ae7785-intro-to-robo/turtlesim_ws/install/turtlesim_chaser/lib/python3.8/site-packages/turtlesim_chaser-0.0.0-py3.8.egg-info
[1.793s] running install_scripts
[1.817s] Installing turtle_controller script to /home/tomo/ae7785-intro-to-robo/turtlesim_ws/install/turtlesim_chaser/lib/turtlesim_chaser
[1.818s] writing list of installed files to '/home/tomo/ae7785-intro-to-robo/turtlesim_ws/build/turtlesim_chaser/install.log'
[1.849s] Invoked command in '/home/tomo/ae7785-intro-to-robo/turtlesim_ws/src/turtlesim_chaser' returned '0': PYTHONPATH=/home/tomo/ae7785-intro-to-robo/turtlesim_ws/build/turtlesim_chaser/prefix_override:/home/tomo/ae7785-intro-to-robo/turtlesim_ws/install/turtlesim_chaser/lib/python3.8/site-packages:${PYTHONPATH} /usr/bin/python3 setup.py egg_info --egg-base ../../build/turtlesim_chaser build --build-base /home/tomo/ae7785-intro-to-robo/turtlesim_ws/build/turtlesim_chaser/build install --record /home/tomo/ae7785-intro-to-robo/turtlesim_ws/build/turtlesim_chaser/install.log --install-scripts $base/lib/turtlesim_chaser --single-version-externally-managed
