[0.001s] Invoking command in '/home/tomo/ae7785-intro-to-robo/turtlesim_cpp_ws/build/turtlesim_cpp_interfaces': CMAKE_PREFIX_PATH=${CMAKE_PREFIX_PATH}:/home/tomo/ae7785-intro-to-robo/turtlesim_ws/install/turtlesim_chaser:/home/tomo/Documents/turtlebot3_ws/install/turtlebot3_teleop:/home/tomo/Documents/turtlebot3_ws/install/turtlebot3_example:/opt/ros/foxy /usr/bin/cmake --build /home/tomo/ae7785-intro-to-robo/turtlesim_cpp_ws/build/turtlesim_cpp_interfaces -- -j6 -l6
[0.003s] [  6%] Built target turtlesim_cpp_interfaces__cpp
[0.003s] [ 12%] Built target turtlesim_cpp_interfaces__rosidl_generator_c
[0.003s] [ 23%] Built target turtlesim_cpp_interfaces__rosidl_typesupport_introspection_c
[0.004s] [ 34%] Built target turtlesim_cpp_interfaces__rosidl_typesupport_cpp
[0.004s] [ 44%] Built target turtlesim_cpp_interfaces__rosidl_typesupport_c
[0.004s] [ 55%] Built target turtlesim_cpp_interfaces__rosidl_typesupport_fastrtps_cpp
[0.004s] [ 65%] Built target turtlesim_cpp_interfaces__rosidl_typesupport_introspection_cpp
[0.006s] [ 76%] Built target turtlesim_cpp_interfaces__rosidl_typesupport_fastrtps_c
[0.006s] [ 76%] Built target turtlesim_cpp_interfaces
[0.007s] [ 78%] Built target turtlesim_cpp_interfaces__py
[0.007s] [ 87%] Built target turtlesim_cpp_interfaces__python
[0.011s] [ 91%] Built target turtlesim_cpp_interfaces__rosidl_typesupport_introspection_c__pyext
[0.013s] [ 95%] Built target turtlesim_cpp_interfaces__rosidl_typesupport_fastrtps_c__pyext
[0.017s] [100%] Built target turtlesim_cpp_interfaces__rosidl_typesupport_c__pyext
[0.038s] Invoked command in '/home/tomo/ae7785-intro-to-robo/turtlesim_cpp_ws/build/turtlesim_cpp_interfaces' returned '0': CMAKE_PREFIX_PATH=${CMAKE_PREFIX_PATH}:/home/tomo/ae7785-intro-to-robo/turtlesim_ws/install/turtlesim_chaser:/home/tomo/Documents/turtlebot3_ws/install/turtlebot3_teleop:/home/tomo/Documents/turtlebot3_ws/install/turtlebot3_example:/opt/ros/foxy /usr/bin/cmake --build /home/tomo/ae7785-intro-to-robo/turtlesim_cpp_ws/build/turtlesim_cpp_interfaces -- -j6 -l6
[0.305s] Invoking command in '/home/tomo/ae7785-intro-to-robo/turtlesim_cpp_ws/build/turtlesim_cpp_interfaces': CMAKE_PREFIX_PATH=${CMAKE_PREFIX_PATH}:/home/tomo/ae7785-intro-to-robo/turtlesim_ws/install/turtlesim_chaser:/home/tomo/Documents/turtlebot3_ws/install/turtlebot3_teleop:/home/tomo/Documents/turtlebot3_ws/install/turtlebot3_example:/opt/ros/foxy /usr/bin/cmake --install /home/tomo/ae7785-intro-to-robo/turtlesim_cpp_ws/build/turtlesim_cpp_interfaces
[0.326s] -- Install configuration: ""
[0.328s] -- Up-to-date: /home/tomo/ae7785-intro-to-robo/turtlesim_cpp_ws/install/turtlesim_cpp_interfaces/share/ament_index/resource_index/rosidl_interfaces/turtlesim_cpp_interfaces
[0.330s] -- Up-to-date: /home/tomo/ae7785-intro-to-robo/turtlesim_cpp_ws/install/turtlesim_cpp_interfaces/include/turtlesim_cpp_interfaces
[0.330s] -- Up-to-date: /home/tomo/ae7785-intro-to-robo/turtlesim_cpp_ws/install/turtlesim_cpp_interfaces/include/turtlesim_cpp_interfaces/srv
[0.333s] -- Up-to-date: /home/tomo/ae7785-intro-to-robo/turtlesim_cpp_ws/install/turtlesim_cpp_interfaces/include/turtlesim_cpp_interfaces/srv/catch_turtle.h
[0.333s] -- Up-to-date: /home/tomo/ae7785-intro-to-robo/turtlesim_cpp_ws/install/turtlesim_cpp_interfaces/include/turtlesim_cpp_interfaces/srv/detail
[0.333s] -- Up-to-date: /home/tomo/ae7785-intro-to-robo/turtlesim_cpp_ws/install/turtlesim_cpp_interfaces/include/turtlesim_cpp_interfaces/srv/detail/catch_turtle__functions.h
[0.334s] -- Up-to-date: /home/tomo/ae7785-intro-to-robo/turtlesim_cpp_ws/install/turtlesim_cpp_interfaces/include/turtlesim_cpp_interfaces/srv/detail/catch_turtle__struct.h
[0.334s] -- Up-to-date: /home/tomo/ae7785-intro-to-robo/turtlesim_cpp_ws/install/turtlesim_cpp_interfaces/include/turtlesim_cpp_interfaces/srv/detail/catch_turtle__type_support.h
[0.335s] -- Up-to-date: /home/tomo/ae7785-intro-to-robo/turtlesim_cpp_ws/install/turtlesim_cpp_interfaces/include/turtlesim_cpp_interfaces/srv/detail/catch_turtle__functions.c
[0.335s] -- Up-to-date: /home/tomo/ae7785-intro-to-robo/turtlesim_cpp_ws/install/turtlesim_cpp_interfaces/include/turtlesim_cpp_interfaces/msg
[0.335s] -- Up-to-date: /home/tomo/ae7785-intro-to-robo/turtlesim_cpp_ws/install/turtlesim_cpp_interfaces/include/turtlesim_cpp_interfaces/msg/rosidl_generator_c__visibility_control.h
[0.336s] -- Up-to-date: /home/tomo/ae7785-intro-to-robo/turtlesim_cpp_ws/install/turtlesim_cpp_interfaces/include/turtlesim_cpp_interfaces/msg/turtle.h
[0.336s] -- Up-to-date: /home/tomo/ae7785-intro-to-robo/turtlesim_cpp_ws/install/turtlesim_cpp_interfaces/include/turtlesim_cpp_interfaces/msg/turtle_array.h
[0.336s] -- Up-to-date: /home/tomo/ae7785-intro-to-robo/turtlesim_cpp_ws/install/turtlesim_cpp_interfaces/include/turtlesim_cpp_interfaces/msg/detail
[0.337s] -- Up-to-date: /home/tomo/ae7785-intro-to-robo/turtlesim_cpp_ws/install/turtlesim_cpp_interfaces/include/turtlesim_cpp_interfaces/msg/detail/turtle_array__functions.c
[0.337s] -- Up-to-date: /home/tomo/ae7785-intro-to-robo/turtlesim_cpp_ws/install/turtlesim_cpp_interfaces/include/turtlesim_cpp_interfaces/msg/detail/turtle__functions.h
[0.337s] -- Up-to-date: /home/tomo/ae7785-intro-to-robo/turtlesim_cpp_ws/install/turtlesim_cpp_interfaces/include/turtlesim_cpp_interfaces/msg/detail/turtle__type_support.h
[0.338s] -- Up-to-date: /home/tomo/ae7785-intro-to-robo/turtlesim_cpp_ws/install/turtlesim_cpp_interfaces/include/turtlesim_cpp_interfaces/msg/detail/turtle_array__struct.h
[0.338s] -- Up-to-date: /home/tomo/ae7785-intro-to-robo/turtlesim_cpp_ws/install/turtlesim_cpp_interfaces/include/turtlesim_cpp_interfaces/msg/detail/turtle__struct.h
[0.338s] -- Up-to-date: /home/tomo/ae7785-intro-to-robo/turtlesim_cpp_ws/install/turtlesim_cpp_interfaces/include/turtlesim_cpp_interfaces/msg/detail/turtle_array__type_support.h
[0.339s] -- Up-to-date: /home/tomo/ae7785-intro-to-robo/turtlesim_cpp_ws/install/turtlesim_cpp_interfaces/include/turtlesim_cpp_interfaces/msg/detail/turtle__functions.c
[0.339s] -- Up-to-date: /home/tomo/ae7785-intro-to-robo/turtlesim_cpp_ws/install/turtlesim_cpp_interfaces/include/turtlesim_cpp_interfaces/msg/detail/turtle_array__functions.h
[0.340s] -- Up-to-date: /home/tomo/ae7785-intro-to-robo/turtlesim_cpp_ws/install/turtlesim_cpp_interfaces/share/turtlesim_cpp_interfaces/environment/library_path.sh
[0.341s] -- Up-to-date: /home/tomo/ae7785-intro-to-robo/turtlesim_cpp_ws/install/turtlesim_cpp_interfaces/share/turtlesim_cpp_interfaces/environment/library_path.dsv
[0.341s] -- Up-to-date: /home/tomo/ae7785-intro-to-robo/turtlesim_cpp_ws/install/turtlesim_cpp_interfaces/lib/libturtlesim_cpp_interfaces__rosidl_generator_c.so
[0.343s] -- Up-to-date: /home/tomo/ae7785-intro-to-robo/turtlesim_cpp_ws/install/turtlesim_cpp_interfaces/include/turtlesim_cpp_interfaces
[0.343s] -- Up-to-date: /home/tomo/ae7785-intro-to-robo/turtlesim_cpp_ws/install/turtlesim_cpp_interfaces/include/turtlesim_cpp_interfaces/srv
[0.343s] -- Up-to-date: /home/tomo/ae7785-intro-to-robo/turtlesim_cpp_ws/install/turtlesim_cpp_interfaces/include/turtlesim_cpp_interfaces/srv/detail
[0.343s] -- Up-to-date: /home/tomo/ae7785-intro-to-robo/turtlesim_cpp_ws/install/turtlesim_cpp_interfaces/include/turtlesim_cpp_interfaces/srv/detail/catch_turtle__rosidl_typesupport_fastrtps_c.h
[0.343s] -- Up-to-date: /home/tomo/ae7785-intro-to-robo/turtlesim_cpp_ws/install/turtlesim_cpp_interfaces/include/turtlesim_cpp_interfaces/msg
[0.343s] -- Up-to-date: /home/tomo/ae7785-intro-to-robo/turtlesim_cpp_ws/install/turtlesim_cpp_interfaces/include/turtlesim_cpp_interfaces/msg/detail
[0.344s] -- Up-to-date: /home/tomo/ae7785-intro-to-robo/turtlesim_cpp_ws/install/turtlesim_cpp_interfaces/include/turtlesim_cpp_interfaces/msg/detail/turtle__rosidl_typesupport_fastrtps_c.h
[0.344s] -- Up-to-date: /home/tomo/ae7785-intro-to-robo/turtlesim_cpp_ws/install/turtlesim_cpp_interfaces/include/turtlesim_cpp_interfaces/msg/detail/turtle_array__rosidl_typesupport_fastrtps_c.h
[0.344s] -- Up-to-date: /home/tomo/ae7785-intro-to-robo/turtlesim_cpp_ws/install/turtlesim_cpp_interfaces/include/turtlesim_cpp_interfaces/msg/rosidl_typesupport_fastrtps_c__visibility_control.h
[0.344s] -- Up-to-date: /home/tomo/ae7785-intro-to-robo/turtlesim_cpp_ws/install/turtlesim_cpp_interfaces/lib/libturtlesim_cpp_interfaces__rosidl_typesupport_fastrtps_c.so
[0.344s] -- Up-to-date: /home/tomo/ae7785-intro-to-robo/turtlesim_cpp_ws/install/turtlesim_cpp_interfaces/include/turtlesim_cpp_interfaces
[0.344s] -- Up-to-date: /home/tomo/ae7785-intro-to-robo/turtlesim_cpp_ws/install/turtlesim_cpp_interfaces/include/turtlesim_cpp_interfaces/srv
[0.344s] -- Up-to-date: /home/tomo/ae7785-intro-to-robo/turtlesim_cpp_ws/install/turtlesim_cpp_interfaces/include/turtlesim_cpp_interfaces/srv/detail
[0.344s] -- Up-to-date: /home/tomo/ae7785-intro-to-robo/turtlesim_cpp_ws/install/turtlesim_cpp_interfaces/include/turtlesim_cpp_interfaces/srv/detail/catch_turtle__rosidl_typesupport_fastrtps_cpp.hpp
[0.345s] -- Up-to-date: /home/tomo/ae7785-intro-to-robo/turtlesim_cpp_ws/install/turtlesim_cpp_interfaces/include/turtlesim_cpp_interfaces/srv/detail/dds_fastrtps
[0.345s] -- Up-to-date: /home/tomo/ae7785-intro-to-robo/turtlesim_cpp_ws/install/turtlesim_cpp_interfaces/include/turtlesim_cpp_interfaces/msg
[0.345s] -- Up-to-date: /home/tomo/ae7785-intro-to-robo/turtlesim_cpp_ws/install/turtlesim_cpp_interfaces/include/turtlesim_cpp_interfaces/msg/rosidl_typesupport_fastrtps_cpp__visibility_control.h
[0.346s] -- Up-to-date: /home/tomo/ae7785-intro-to-robo/turtlesim_cpp_ws/install/turtlesim_cpp_interfaces/include/turtlesim_cpp_interfaces/msg/detail
[0.346s] -- Up-to-date: /home/tomo/ae7785-intro-to-robo/turtlesim_cpp_ws/install/turtlesim_cpp_interfaces/include/turtlesim_cpp_interfaces/msg/detail/turtle__rosidl_typesupport_fastrtps_cpp.hpp
[0.346s] -- Up-to-date: /home/tomo/ae7785-intro-to-robo/turtlesim_cpp_ws/install/turtlesim_cpp_interfaces/include/turtlesim_cpp_interfaces/msg/detail/turtle_array__rosidl_typesupport_fastrtps_cpp.hpp
[0.347s] -- Up-to-date: /home/tomo/ae7785-intro-to-robo/turtlesim_cpp_ws/install/turtlesim_cpp_interfaces/include/turtlesim_cpp_interfaces/msg/detail/dds_fastrtps
[0.347s] -- Up-to-date: /home/tomo/ae7785-intro-to-robo/turtlesim_cpp_ws/install/turtlesim_cpp_interfaces/lib/libturtlesim_cpp_interfaces__rosidl_typesupport_fastrtps_cpp.so
[0.347s] -- Up-to-date: /home/tomo/ae7785-intro-to-robo/turtlesim_cpp_ws/install/turtlesim_cpp_interfaces/include/turtlesim_cpp_interfaces
[0.347s] -- Up-to-date: /home/tomo/ae7785-intro-to-robo/turtlesim_cpp_ws/install/turtlesim_cpp_interfaces/include/turtlesim_cpp_interfaces/srv
[0.347s] -- Up-to-date: /home/tomo/ae7785-intro-to-robo/turtlesim_cpp_ws/install/turtlesim_cpp_interfaces/include/turtlesim_cpp_interfaces/srv/detail
[0.347s] -- Up-to-date: /home/tomo/ae7785-intro-to-robo/turtlesim_cpp_ws/install/turtlesim_cpp_interfaces/include/turtlesim_cpp_interfaces/srv/detail/catch_turtle__rosidl_typesupport_introspection_c.h
[0.347s] -- Up-to-date: /home/tomo/ae7785-intro-to-robo/turtlesim_cpp_ws/install/turtlesim_cpp_interfaces/include/turtlesim_cpp_interfaces/srv/detail/catch_turtle__type_support.c
[0.348s] -- Up-to-date: /home/tomo/ae7785-intro-to-robo/turtlesim_cpp_ws/install/turtlesim_cpp_interfaces/include/turtlesim_cpp_interfaces/msg
[0.348s] -- Up-to-date: /home/tomo/ae7785-intro-to-robo/turtlesim_cpp_ws/install/turtlesim_cpp_interfaces/include/turtlesim_cpp_interfaces/msg/rosidl_typesupport_introspection_c__visibility_control.h
[0.348s] -- Up-to-date: /home/tomo/ae7785-intro-to-robo/turtlesim_cpp_ws/install/turtlesim_cpp_interfaces/include/turtlesim_cpp_interfaces/msg/detail
[0.348s] -- Up-to-date: /home/tomo/ae7785-intro-to-robo/turtlesim_cpp_ws/install/turtlesim_cpp_interfaces/include/turtlesim_cpp_interfaces/msg/detail/turtle_array__type_support.c
[0.348s] -- Up-to-date: /home/tomo/ae7785-intro-to-robo/turtlesim_cpp_ws/install/turtlesim_cpp_interfaces/include/turtlesim_cpp_interfaces/msg/detail/turtle__rosidl_typesupport_introspection_c.h
[0.348s] -- Up-to-date: /home/tomo/ae7785-intro-to-robo/turtlesim_cpp_ws/install/turtlesim_cpp_interfaces/include/turtlesim_cpp_interfaces/msg/detail/turtle_array__rosidl_typesupport_introspection_c.h
[0.348s] -- Up-to-date: /home/tomo/ae7785-intro-to-robo/turtlesim_cpp_ws/install/turtlesim_cpp_interfaces/include/turtlesim_cpp_interfaces/msg/detail/turtle__type_support.c
[0.348s] -- Up-to-date: /home/tomo/ae7785-intro-to-robo/turtlesim_cpp_ws/install/turtlesim_cpp_interfaces/lib/libturtlesim_cpp_interfaces__rosidl_typesupport_introspection_c.so
[0.348s] -- Up-to-date: /home/tomo/ae7785-intro-to-robo/turtlesim_cpp_ws/install/turtlesim_cpp_interfaces/lib/libturtlesim_cpp_interfaces__rosidl_typesupport_c.so
[0.349s] -- Up-to-date: /home/tomo/ae7785-intro-to-robo/turtlesim_cpp_ws/install/turtlesim_cpp_interfaces/include/turtlesim_cpp_interfaces
[0.349s] -- Up-to-date: /home/tomo/ae7785-intro-to-robo/turtlesim_cpp_ws/install/turtlesim_cpp_interfaces/include/turtlesim_cpp_interfaces/srv
[0.349s] -- Up-to-date: /home/tomo/ae7785-intro-to-robo/turtlesim_cpp_ws/install/turtlesim_cpp_interfaces/include/turtlesim_cpp_interfaces/srv/detail
[0.349s] -- Up-to-date: /home/tomo/ae7785-intro-to-robo/turtlesim_cpp_ws/install/turtlesim_cpp_interfaces/include/turtlesim_cpp_interfaces/srv/detail/catch_turtle__builder.hpp
[0.349s] -- Up-to-date: /home/tomo/ae7785-intro-to-robo/turtlesim_cpp_ws/install/turtlesim_cpp_interfaces/include/turtlesim_cpp_interfaces/srv/detail/catch_turtle__traits.hpp
[0.349s] -- Up-to-date: /home/tomo/ae7785-intro-to-robo/turtlesim_cpp_ws/install/turtlesim_cpp_interfaces/include/turtlesim_cpp_interfaces/srv/detail/catch_turtle__struct.hpp
[0.349s] -- Up-to-date: /home/tomo/ae7785-intro-to-robo/turtlesim_cpp_ws/install/turtlesim_cpp_interfaces/include/turtlesim_cpp_interfaces/srv/catch_turtle.hpp
[0.350s] -- Up-to-date: /home/tomo/ae7785-intro-to-robo/turtlesim_cpp_ws/install/turtlesim_cpp_interfaces/include/turtlesim_cpp_interfaces/msg
[0.350s] -- Up-to-date: /home/tomo/ae7785-intro-to-robo/turtlesim_cpp_ws/install/turtlesim_cpp_interfaces/include/turtlesim_cpp_interfaces/msg/turtle.hpp
[0.350s] -- Up-to-date: /home/tomo/ae7785-intro-to-robo/turtlesim_cpp_ws/install/turtlesim_cpp_interfaces/include/turtlesim_cpp_interfaces/msg/turtle_array.hpp
[0.350s] -- Up-to-date: /home/tomo/ae7785-intro-to-robo/turtlesim_cpp_ws/install/turtlesim_cpp_interfaces/include/turtlesim_cpp_interfaces/msg/detail
[0.350s] -- Up-to-date: /home/tomo/ae7785-intro-to-robo/turtlesim_cpp_ws/install/turtlesim_cpp_interfaces/include/turtlesim_cpp_interfaces/msg/detail/turtle__builder.hpp
[0.350s] -- Up-to-date: /home/tomo/ae7785-intro-to-robo/turtlesim_cpp_ws/install/turtlesim_cpp_interfaces/include/turtlesim_cpp_interfaces/msg/detail/turtle__struct.hpp
[0.351s] -- Up-to-date: /home/tomo/ae7785-intro-to-robo/turtlesim_cpp_ws/install/turtlesim_cpp_interfaces/include/turtlesim_cpp_interfaces/msg/detail/turtle_array__traits.hpp
[0.351s] -- Up-to-date: /home/tomo/ae7785-intro-to-robo/turtlesim_cpp_ws/install/turtlesim_cpp_interfaces/include/turtlesim_cpp_interfaces/msg/detail/turtle_array__builder.hpp
[0.351s] -- Up-to-date: /home/tomo/ae7785-intro-to-robo/turtlesim_cpp_ws/install/turtlesim_cpp_interfaces/include/turtlesim_cpp_interfaces/msg/detail/turtle__traits.hpp
[0.351s] -- Up-to-date: /home/tomo/ae7785-intro-to-robo/turtlesim_cpp_ws/install/turtlesim_cpp_interfaces/include/turtlesim_cpp_interfaces/msg/detail/turtle_array__struct.hpp
[0.351s] -- Up-to-date: /home/tomo/ae7785-intro-to-robo/turtlesim_cpp_ws/install/turtlesim_cpp_interfaces/include/turtlesim_cpp_interfaces
[0.352s] -- Up-to-date: /home/tomo/ae7785-intro-to-robo/turtlesim_cpp_ws/install/turtlesim_cpp_interfaces/include/turtlesim_cpp_interfaces/srv
[0.352s] -- Up-to-date: /home/tomo/ae7785-intro-to-robo/turtlesim_cpp_ws/install/turtlesim_cpp_interfaces/include/turtlesim_cpp_interfaces/srv/detail
[0.352s] -- Up-to-date: /home/tomo/ae7785-intro-to-robo/turtlesim_cpp_ws/install/turtlesim_cpp_interfaces/include/turtlesim_cpp_interfaces/srv/detail/catch_turtle__type_support.cpp
[0.352s] -- Up-to-date: /home/tomo/ae7785-intro-to-robo/turtlesim_cpp_ws/install/turtlesim_cpp_interfaces/include/turtlesim_cpp_interfaces/srv/detail/catch_turtle__rosidl_typesupport_introspection_cpp.hpp
[0.352s] -- Up-to-date: /home/tomo/ae7785-intro-to-robo/turtlesim_cpp_ws/install/turtlesim_cpp_interfaces/include/turtlesim_cpp_interfaces/msg
[0.352s] -- Up-to-date: /home/tomo/ae7785-intro-to-robo/turtlesim_cpp_ws/install/turtlesim_cpp_interfaces/include/turtlesim_cpp_interfaces/msg/detail
[0.352s] -- Up-to-date: /home/tomo/ae7785-intro-to-robo/turtlesim_cpp_ws/install/turtlesim_cpp_interfaces/include/turtlesim_cpp_interfaces/msg/detail/turtle__rosidl_typesupport_introspection_cpp.hpp
[0.352s] -- Up-to-date: /home/tomo/ae7785-intro-to-robo/turtlesim_cpp_ws/install/turtlesim_cpp_interfaces/include/turtlesim_cpp_interfaces/msg/detail/turtle_array__type_support.cpp
[0.353s] -- Up-to-date: /home/tomo/ae7785-intro-to-robo/turtlesim_cpp_ws/install/turtlesim_cpp_interfaces/include/turtlesim_cpp_interfaces/msg/detail/turtle_array__rosidl_typesupport_introspection_cpp.hpp
[0.353s] -- Up-to-date: /home/tomo/ae7785-intro-to-robo/turtlesim_cpp_ws/install/turtlesim_cpp_interfaces/include/turtlesim_cpp_interfaces/msg/detail/turtle__type_support.cpp
[0.353s] -- Up-to-date: /home/tomo/ae7785-intro-to-robo/turtlesim_cpp_ws/install/turtlesim_cpp_interfaces/lib/libturtlesim_cpp_interfaces__rosidl_typesupport_introspection_cpp.so
[0.353s] -- Up-to-date: /home/tomo/ae7785-intro-to-robo/turtlesim_cpp_ws/install/turtlesim_cpp_interfaces/lib/libturtlesim_cpp_interfaces__rosidl_typesupport_cpp.so
[0.353s] -- Up-to-date: /home/tomo/ae7785-intro-to-robo/turtlesim_cpp_ws/install/turtlesim_cpp_interfaces/share/turtlesim_cpp_interfaces/environment/pythonpath.sh
[0.353s] -- Up-to-date: /home/tomo/ae7785-intro-to-robo/turtlesim_cpp_ws/install/turtlesim_cpp_interfaces/share/turtlesim_cpp_interfaces/environment/pythonpath.dsv
[0.353s] -- Up-to-date: /home/tomo/ae7785-intro-to-robo/turtlesim_cpp_ws/install/turtlesim_cpp_interfaces/lib/python3.8/site-packages/turtlesim_cpp_interfaces/__init__.py
[0.406s] -- Up-to-date: /home/tomo/ae7785-intro-to-robo/turtlesim_cpp_ws/install/turtlesim_cpp_interfaces/lib/python3.8/site-packages/turtlesim_cpp_interfaces/msg
[0.408s] -- Up-to-date: /home/tomo/ae7785-intro-to-robo/turtlesim_cpp_ws/install/turtlesim_cpp_interfaces/lib/python3.8/site-packages/turtlesim_cpp_interfaces/msg/_turtle.py
[0.408s] -- Up-to-date: /home/tomo/ae7785-intro-to-robo/turtlesim_cpp_ws/install/turtlesim_cpp_interfaces/lib/python3.8/site-packages/turtlesim_cpp_interfaces/msg/_turtle_array_s.c
[0.408s] -- Up-to-date: /home/tomo/ae7785-intro-to-robo/turtlesim_cpp_ws/install/turtlesim_cpp_interfaces/lib/python3.8/site-packages/turtlesim_cpp_interfaces/msg/__init__.py
[0.408s] -- Up-to-date: /home/tomo/ae7785-intro-to-robo/turtlesim_cpp_ws/install/turtlesim_cpp_interfaces/lib/python3.8/site-packages/turtlesim_cpp_interfaces/msg/_turtle_array.py
[0.409s] -- Up-to-date: /home/tomo/ae7785-intro-to-robo/turtlesim_cpp_ws/install/turtlesim_cpp_interfaces/lib/python3.8/site-packages/turtlesim_cpp_interfaces/msg/_turtle_s.c
[0.409s] -- Up-to-date: /home/tomo/ae7785-intro-to-robo/turtlesim_cpp_ws/install/turtlesim_cpp_interfaces/lib/python3.8/site-packages/turtlesim_cpp_interfaces/srv
[0.409s] -- Up-to-date: /home/tomo/ae7785-intro-to-robo/turtlesim_cpp_ws/install/turtlesim_cpp_interfaces/lib/python3.8/site-packages/turtlesim_cpp_interfaces/srv/__init__.py
[0.409s] -- Up-to-date: /home/tomo/ae7785-intro-to-robo/turtlesim_cpp_ws/install/turtlesim_cpp_interfaces/lib/python3.8/site-packages/turtlesim_cpp_interfaces/srv/_catch_turtle.py
[0.409s] -- Up-to-date: /home/tomo/ae7785-intro-to-robo/turtlesim_cpp_ws/install/turtlesim_cpp_interfaces/lib/python3.8/site-packages/turtlesim_cpp_interfaces/srv/_catch_turtle_s.c
[0.409s] -- Up-to-date: /home/tomo/ae7785-intro-to-robo/turtlesim_cpp_ws/install/turtlesim_cpp_interfaces/lib/python3.8/site-packages/turtlesim_cpp_interfaces/turtlesim_cpp_interfaces_s__rosidl_typesupport_fastrtps_c.cpython-38-x86_64-linux-gnu.so
[0.409s] -- Up-to-date: /home/tomo/ae7785-intro-to-robo/turtlesim_cpp_ws/install/turtlesim_cpp_interfaces/lib/python3.8/site-packages/turtlesim_cpp_interfaces/turtlesim_cpp_interfaces_s__rosidl_typesupport_introspection_c.cpython-38-x86_64-linux-gnu.so
[0.410s] -- Up-to-date: /home/tomo/ae7785-intro-to-robo/turtlesim_cpp_ws/install/turtlesim_cpp_interfaces/lib/python3.8/site-packages/turtlesim_cpp_interfaces/turtlesim_cpp_interfaces_s__rosidl_typesupport_c.cpython-38-x86_64-linux-gnu.so
[0.411s] -- Up-to-date: /home/tomo/ae7785-intro-to-robo/turtlesim_cpp_ws/install/turtlesim_cpp_interfaces/lib/libturtlesim_cpp_interfaces__python.so
[0.411s] -- Up-to-date: /home/tomo/ae7785-intro-to-robo/turtlesim_cpp_ws/install/turtlesim_cpp_interfaces/share/turtlesim_cpp_interfaces/msg/Turtle.idl
[0.411s] -- Up-to-date: /home/tomo/ae7785-intro-to-robo/turtlesim_cpp_ws/install/turtlesim_cpp_interfaces/share/turtlesim_cpp_interfaces/msg/TurtleArray.idl
[0.412s] -- Up-to-date: /home/tomo/ae7785-intro-to-robo/turtlesim_cpp_ws/install/turtlesim_cpp_interfaces/share/turtlesim_cpp_interfaces/srv/CatchTurtle.idl
[0.412s] -- Up-to-date: /home/tomo/ae7785-intro-to-robo/turtlesim_cpp_ws/install/turtlesim_cpp_interfaces/share/turtlesim_cpp_interfaces/msg/Turtle.msg
[0.413s] -- Up-to-date: /home/tomo/ae7785-intro-to-robo/turtlesim_cpp_ws/install/turtlesim_cpp_interfaces/share/turtlesim_cpp_interfaces/msg/TurtleArray.msg
[0.413s] -- Up-to-date: /home/tomo/ae7785-intro-to-robo/turtlesim_cpp_ws/install/turtlesim_cpp_interfaces/share/turtlesim_cpp_interfaces/srv/CatchTurtle.srv
[0.413s] -- Up-to-date: /home/tomo/ae7785-intro-to-robo/turtlesim_cpp_ws/install/turtlesim_cpp_interfaces/share/turtlesim_cpp_interfaces/srv/CatchTurtle_Request.msg
[0.414s] -- Up-to-date: /home/tomo/ae7785-intro-to-robo/turtlesim_cpp_ws/install/turtlesim_cpp_interfaces/share/turtlesim_cpp_interfaces/srv/CatchTurtle_Response.msg
[0.414s] -- Up-to-date: /home/tomo/ae7785-intro-to-robo/turtlesim_cpp_ws/install/turtlesim_cpp_interfaces/share/ament_index/resource_index/package_run_dependencies/turtlesim_cpp_interfaces
[0.414s] -- Up-to-date: /home/tomo/ae7785-intro-to-robo/turtlesim_cpp_ws/install/turtlesim_cpp_interfaces/share/ament_index/resource_index/parent_prefix_path/turtlesim_cpp_interfaces
[0.414s] -- Up-to-date: /home/tomo/ae7785-intro-to-robo/turtlesim_cpp_ws/install/turtlesim_cpp_interfaces/share/turtlesim_cpp_interfaces/environment/ament_prefix_path.sh
[0.415s] -- Up-to-date: /home/tomo/ae7785-intro-to-robo/turtlesim_cpp_ws/install/turtlesim_cpp_interfaces/share/turtlesim_cpp_interfaces/environment/ament_prefix_path.dsv
[0.415s] -- Up-to-date: /home/tomo/ae7785-intro-to-robo/turtlesim_cpp_ws/install/turtlesim_cpp_interfaces/share/turtlesim_cpp_interfaces/environment/path.sh
[0.415s] -- Up-to-date: /home/tomo/ae7785-intro-to-robo/turtlesim_cpp_ws/install/turtlesim_cpp_interfaces/share/turtlesim_cpp_interfaces/environment/path.dsv
[0.415s] -- Up-to-date: /home/tomo/ae7785-intro-to-robo/turtlesim_cpp_ws/install/turtlesim_cpp_interfaces/share/turtlesim_cpp_interfaces/local_setup.bash
[0.415s] -- Up-to-date: /home/tomo/ae7785-intro-to-robo/turtlesim_cpp_ws/install/turtlesim_cpp_interfaces/share/turtlesim_cpp_interfaces/local_setup.sh
[0.415s] -- Up-to-date: /home/tomo/ae7785-intro-to-robo/turtlesim_cpp_ws/install/turtlesim_cpp_interfaces/share/turtlesim_cpp_interfaces/local_setup.zsh
[0.416s] -- Up-to-date: /home/tomo/ae7785-intro-to-robo/turtlesim_cpp_ws/install/turtlesim_cpp_interfaces/share/turtlesim_cpp_interfaces/local_setup.dsv
[0.416s] -- Installing: /home/tomo/ae7785-intro-to-robo/turtlesim_cpp_ws/install/turtlesim_cpp_interfaces/share/turtlesim_cpp_interfaces/package.dsv
[0.416s] -- Up-to-date: /home/tomo/ae7785-intro-to-robo/turtlesim_cpp_ws/install/turtlesim_cpp_interfaces/share/ament_index/resource_index/packages/turtlesim_cpp_interfaces
[0.416s] -- Up-to-date: /home/tomo/ae7785-intro-to-robo/turtlesim_cpp_ws/install/turtlesim_cpp_interfaces/share/turtlesim_cpp_interfaces/cmake/turtlesim_cpp_interfaces__rosidl_generator_cExport.cmake
[0.416s] -- Up-to-date: /home/tomo/ae7785-intro-to-robo/turtlesim_cpp_ws/install/turtlesim_cpp_interfaces/share/turtlesim_cpp_interfaces/cmake/turtlesim_cpp_interfaces__rosidl_generator_cExport-noconfig.cmake
[0.416s] -- Up-to-date: /home/tomo/ae7785-intro-to-robo/turtlesim_cpp_ws/install/turtlesim_cpp_interfaces/share/turtlesim_cpp_interfaces/cmake/turtlesim_cpp_interfaces__rosidl_typesupport_introspection_cExport.cmake
[0.417s] -- Up-to-date: /home/tomo/ae7785-intro-to-robo/turtlesim_cpp_ws/install/turtlesim_cpp_interfaces/share/turtlesim_cpp_interfaces/cmake/turtlesim_cpp_interfaces__rosidl_typesupport_introspection_cExport-noconfig.cmake
[0.417s] -- Up-to-date: /home/tomo/ae7785-intro-to-robo/turtlesim_cpp_ws/install/turtlesim_cpp_interfaces/share/turtlesim_cpp_interfaces/cmake/turtlesim_cpp_interfaces__rosidl_typesupport_cExport.cmake
[0.417s] -- Up-to-date: /home/tomo/ae7785-intro-to-robo/turtlesim_cpp_ws/install/turtlesim_cpp_interfaces/share/turtlesim_cpp_interfaces/cmake/turtlesim_cpp_interfaces__rosidl_typesupport_cExport-noconfig.cmake
[0.418s] -- Up-to-date: /home/tomo/ae7785-intro-to-robo/turtlesim_cpp_ws/install/turtlesim_cpp_interfaces/share/turtlesim_cpp_interfaces/cmake/turtlesim_cpp_interfaces__rosidl_generator_cppExport.cmake
[0.418s] -- Up-to-date: /home/tomo/ae7785-intro-to-robo/turtlesim_cpp_ws/install/turtlesim_cpp_interfaces/share/turtlesim_cpp_interfaces/cmake/turtlesim_cpp_interfaces__rosidl_typesupport_introspection_cppExport.cmake
[0.418s] -- Up-to-date: /home/tomo/ae7785-intro-to-robo/turtlesim_cpp_ws/install/turtlesim_cpp_interfaces/share/turtlesim_cpp_interfaces/cmake/turtlesim_cpp_interfaces__rosidl_typesupport_introspection_cppExport-noconfig.cmake
[0.418s] -- Up-to-date: /home/tomo/ae7785-intro-to-robo/turtlesim_cpp_ws/install/turtlesim_cpp_interfaces/share/turtlesim_cpp_interfaces/cmake/turtlesim_cpp_interfaces__rosidl_typesupport_cppExport.cmake
[0.418s] -- Up-to-date: /home/tomo/ae7785-intro-to-robo/turtlesim_cpp_ws/install/turtlesim_cpp_interfaces/share/turtlesim_cpp_interfaces/cmake/turtlesim_cpp_interfaces__rosidl_typesupport_cppExport-noconfig.cmake
[0.418s] -- Up-to-date: /home/tomo/ae7785-intro-to-robo/turtlesim_cpp_ws/install/turtlesim_cpp_interfaces/share/turtlesim_cpp_interfaces/cmake/rosidl_cmake-extras.cmake
[0.418s] -- Up-to-date: /home/tomo/ae7785-intro-to-robo/turtlesim_cpp_ws/install/turtlesim_cpp_interfaces/share/turtlesim_cpp_interfaces/cmake/ament_cmake_export_dependencies-extras.cmake
[0.418s] -- Up-to-date: /home/tomo/ae7785-intro-to-robo/turtlesim_cpp_ws/install/turtlesim_cpp_interfaces/share/turtlesim_cpp_interfaces/cmake/ament_cmake_export_libraries-extras.cmake
[0.418s] -- Up-to-date: /home/tomo/ae7785-intro-to-robo/turtlesim_cpp_ws/install/turtlesim_cpp_interfaces/share/turtlesim_cpp_interfaces/cmake/ament_cmake_export_targets-extras.cmake
[0.418s] -- Up-to-date: /home/tomo/ae7785-intro-to-robo/turtlesim_cpp_ws/install/turtlesim_cpp_interfaces/share/turtlesim_cpp_interfaces/cmake/ament_cmake_export_include_directories-extras.cmake
[0.419s] -- Up-to-date: /home/tomo/ae7785-intro-to-robo/turtlesim_cpp_ws/install/turtlesim_cpp_interfaces/share/turtlesim_cpp_interfaces/cmake/rosidl_cmake_export_typesupport_libraries-extras.cmake
[0.419s] -- Up-to-date: /home/tomo/ae7785-intro-to-robo/turtlesim_cpp_ws/install/turtlesim_cpp_interfaces/share/turtlesim_cpp_interfaces/cmake/rosidl_cmake_export_typesupport_targets-extras.cmake
[0.419s] -- Up-to-date: /home/tomo/ae7785-intro-to-robo/turtlesim_cpp_ws/install/turtlesim_cpp_interfaces/share/turtlesim_cpp_interfaces/cmake/turtlesim_cpp_interfacesConfig.cmake
[0.419s] -- Up-to-date: /home/tomo/ae7785-intro-to-robo/turtlesim_cpp_ws/install/turtlesim_cpp_interfaces/share/turtlesim_cpp_interfaces/cmake/turtlesim_cpp_interfacesConfig-version.cmake
[0.419s] -- Up-to-date: /home/tomo/ae7785-intro-to-robo/turtlesim_cpp_ws/install/turtlesim_cpp_interfaces/share/turtlesim_cpp_interfaces/package.xml
[0.430s] Invoked command in '/home/tomo/ae7785-intro-to-robo/turtlesim_cpp_ws/build/turtlesim_cpp_interfaces' returned '0': CMAKE_PREFIX_PATH=${CMAKE_PREFIX_PATH}:/home/tomo/ae7785-intro-to-robo/turtlesim_ws/install/turtlesim_chaser:/home/tomo/Documents/turtlebot3_ws/install/turtlebot3_teleop:/home/tomo/Documents/turtlebot3_ws/install/turtlebot3_example:/opt/ros/foxy /usr/bin/cmake --install /home/tomo/ae7785-intro-to-robo/turtlesim_cpp_ws/build/turtlesim_cpp_interfaces
