[0.860s] Invoking command in '/home/tomo/Documents/ae7785-intro-to-robo/ros2_demo_ws/src/my_py_pkg': PYTHONPATH=/home/tomo/Documents/ae7785-intro-to-robo/ros2_demo_ws/build/my_py_pkg/prefix_override:/home/tomo/Documents/ae7785-intro-to-robo/ros2_demo_ws/install/my_py_pkg/lib/python3.8/site-packages:${PYTHONPATH} /usr/bin/python3 setup.py egg_info --egg-base ../../build/my_py_pkg build --build-base /home/tomo/Documents/ae7785-intro-to-robo/ros2_demo_ws/build/my_py_pkg/build install --record /home/tomo/Documents/ae7785-intro-to-robo/ros2_demo_ws/build/my_py_pkg/install.log --install-scripts $base/lib/my_py_pkg --single-version-externally-managed
[1.135s] running egg_info
[1.137s] writing ../../build/my_py_pkg/my_py_pkg.egg-info/PKG-INFO
[1.138s] writing dependency_links to ../../build/my_py_pkg/my_py_pkg.egg-info/dependency_links.txt
[1.138s] writing entry points to ../../build/my_py_pkg/my_py_pkg.egg-info/entry_points.txt
[1.139s] writing requirements to ../../build/my_py_pkg/my_py_pkg.egg-info/requires.txt
[1.139s] writing top-level names to ../../build/my_py_pkg/my_py_pkg.egg-info/top_level.txt
[1.185s] reading manifest file '../../build/my_py_pkg/my_py_pkg.egg-info/SOURCES.txt'
[1.187s] writing manifest file '../../build/my_py_pkg/my_py_pkg.egg-info/SOURCES.txt'
[1.187s] running build
[1.188s] running build_py
[1.188s] running install
[1.189s] running install_lib
[1.191s] running install_data
[1.192s] running install_egg_info
[1.194s] removing '/home/tomo/Documents/ae7785-intro-to-robo/ros2_demo_ws/install/my_py_pkg/lib/python3.8/site-packages/my_py_pkg-0.0.0-py3.8.egg-info' (and everything under it)
[1.195s] Copying ../../build/my_py_pkg/my_py_pkg.egg-info to /home/tomo/Documents/ae7785-intro-to-robo/ros2_demo_ws/install/my_py_pkg/lib/python3.8/site-packages/my_py_pkg-0.0.0-py3.8.egg-info
[1.196s] running install_scripts
[1.216s] writing list of installed files to '/home/tomo/Documents/ae7785-intro-to-robo/ros2_demo_ws/build/my_py_pkg/install.log'
[1.242s] Invoked command in '/home/tomo/Documents/ae7785-intro-to-robo/ros2_demo_ws/src/my_py_pkg' returned '0': PYTHONPATH=/home/tomo/Documents/ae7785-intro-to-robo/ros2_demo_ws/build/my_py_pkg/prefix_override:/home/tomo/Documents/ae7785-intro-to-robo/ros2_demo_ws/install/my_py_pkg/lib/python3.8/site-packages:${PYTHONPATH} /usr/bin/python3 setup.py egg_info --egg-base ../../build/my_py_pkg build --build-base /home/tomo/Documents/ae7785-intro-to-robo/ros2_demo_ws/build/my_py_pkg/build install --record /home/tomo/Documents/ae7785-intro-to-robo/ros2_demo_ws/build/my_py_pkg/install.log --install-scripts $base/lib/my_py_pkg --single-version-externally-managed
