[0.029s] Invoking command in '/home/tomo/ae7785-intro-to-robo/ros2_ws/build/team99_object_follower_bringup': AMENT_PREFIX_PATH=/home/tomo/ae7785-intro-to-robo/ros2_ws/install/team99_object_follower:${AMENT_PREFIX_PATH} CMAKE_PREFIX_PATH=${CMAKE_PREFIX_PATH}:/home/tomo/ae7785-intro-to-robo/turtlesim_ws/install/turtlesim_chaser:/home/tomo/Documents/turtlebot3_ws/install/turtlebot3_teleop:/home/tomo/Documents/turtlebot3_ws/install/turtlebot3_example:/opt/ros/foxy PYTHONPATH=/home/tomo/ae7785-intro-to-robo/ros2_ws/build/team99_object_follower:/home/tomo/ae7785-intro-to-robo/ros2_ws/install/team99_object_follower/lib/python3.8/site-packages:${PYTHONPATH} /usr/bin/cmake /home/tomo/ae7785-intro-to-robo/ros2_ws/src/team99_object_follower_bringup -DAMENT_CMAKE_SYMLINK_INSTALL=1 -DCMAKE_INSTALL_PREFIX=/home/tomo/ae7785-intro-to-robo/ros2_ws/install/team99_object_follower_bringup
[0.142s] -- Found ament_cmake: 0.9.11 (/opt/ros/foxy/share/ament_cmake/cmake)
[0.195s] -- Using PYTHON_EXECUTABLE: /usr/bin/python3
[0.625s] -- Override CMake install command with custom implementation using symlinks instead of copying resources
[0.814s] -- Configuring done
[0.866s] -- Generating done
[0.879s] -- Build files have been written to: /home/tomo/ae7785-intro-to-robo/ros2_ws/build/team99_object_follower_bringup
[0.884s] Invoked command in '/home/tomo/ae7785-intro-to-robo/ros2_ws/build/team99_object_follower_bringup' returned '0': AMENT_PREFIX_PATH=/home/tomo/ae7785-intro-to-robo/ros2_ws/install/team99_object_follower:${AMENT_PREFIX_PATH} CMAKE_PREFIX_PATH=${CMAKE_PREFIX_PATH}:/home/tomo/ae7785-intro-to-robo/turtlesim_ws/install/turtlesim_chaser:/home/tomo/Documents/turtlebot3_ws/install/turtlebot3_teleop:/home/tomo/Documents/turtlebot3_ws/install/turtlebot3_example:/opt/ros/foxy PYTHONPATH=/home/tomo/ae7785-intro-to-robo/ros2_ws/build/team99_object_follower:/home/tomo/ae7785-intro-to-robo/ros2_ws/install/team99_object_follower/lib/python3.8/site-packages:${PYTHONPATH} /usr/bin/cmake /home/tomo/ae7785-intro-to-robo/ros2_ws/src/team99_object_follower_bringup -DAMENT_CMAKE_SYMLINK_INSTALL=1 -DCMAKE_INSTALL_PREFIX=/home/tomo/ae7785-intro-to-robo/ros2_ws/install/team99_object_follower_bringup
[0.892s] Invoking command in '/home/tomo/ae7785-intro-to-robo/ros2_ws/build/team99_object_follower_bringup': AMENT_PREFIX_PATH=/home/tomo/ae7785-intro-to-robo/ros2_ws/install/team99_object_follower:${AMENT_PREFIX_PATH} CMAKE_PREFIX_PATH=${CMAKE_PREFIX_PATH}:/home/tomo/ae7785-intro-to-robo/turtlesim_ws/install/turtlesim_chaser:/home/tomo/Documents/turtlebot3_ws/install/turtlebot3_teleop:/home/tomo/Documents/turtlebot3_ws/install/turtlebot3_example:/opt/ros/foxy PYTHONPATH=/home/tomo/ae7785-intro-to-robo/ros2_ws/build/team99_object_follower:/home/tomo/ae7785-intro-to-robo/ros2_ws/install/team99_object_follower/lib/python3.8/site-packages:${PYTHONPATH} /usr/bin/cmake --build /home/tomo/ae7785-intro-to-robo/ros2_ws/build/team99_object_follower_bringup -- -j6 -l6
[0.994s] Invoked command in '/home/tomo/ae7785-intro-to-robo/ros2_ws/build/team99_object_follower_bringup' returned '0': AMENT_PREFIX_PATH=/home/tomo/ae7785-intro-to-robo/ros2_ws/install/team99_object_follower:${AMENT_PREFIX_PATH} CMAKE_PREFIX_PATH=${CMAKE_PREFIX_PATH}:/home/tomo/ae7785-intro-to-robo/turtlesim_ws/install/turtlesim_chaser:/home/tomo/Documents/turtlebot3_ws/install/turtlebot3_teleop:/home/tomo/Documents/turtlebot3_ws/install/turtlebot3_example:/opt/ros/foxy PYTHONPATH=/home/tomo/ae7785-intro-to-robo/ros2_ws/build/team99_object_follower:/home/tomo/ae7785-intro-to-robo/ros2_ws/install/team99_object_follower/lib/python3.8/site-packages:${PYTHONPATH} /usr/bin/cmake --build /home/tomo/ae7785-intro-to-robo/ros2_ws/build/team99_object_follower_bringup -- -j6 -l6
[1.115s] Invoking command in '/home/tomo/ae7785-intro-to-robo/ros2_ws/build/team99_object_follower_bringup': AMENT_PREFIX_PATH=/home/tomo/ae7785-intro-to-robo/ros2_ws/install/team99_object_follower:${AMENT_PREFIX_PATH} CMAKE_PREFIX_PATH=${CMAKE_PREFIX_PATH}:/home/tomo/ae7785-intro-to-robo/turtlesim_ws/install/turtlesim_chaser:/home/tomo/Documents/turtlebot3_ws/install/turtlebot3_teleop:/home/tomo/Documents/turtlebot3_ws/install/turtlebot3_example:/opt/ros/foxy PYTHONPATH=/home/tomo/ae7785-intro-to-robo/ros2_ws/build/team99_object_follower:/home/tomo/ae7785-intro-to-robo/ros2_ws/install/team99_object_follower/lib/python3.8/site-packages:${PYTHONPATH} /usr/bin/cmake --install /home/tomo/ae7785-intro-to-robo/ros2_ws/build/team99_object_follower_bringup
[1.132s] -- Install configuration: ""
[1.135s] -- Execute custom install script
[1.141s] -- Symlinking: /home/tomo/ae7785-intro-to-robo/ros2_ws/install/team99_object_follower_bringup/share/team99_object_follower_bringup/launch/team99_object_folower.launch.py
[1.156s] -- Symlinking: /home/tomo/ae7785-intro-to-robo/ros2_ws/install/team99_object_follower_bringup/share/ament_index/resource_index/package_run_dependencies/team99_object_follower_bringup
[1.192s] -- Symlinking: /home/tomo/ae7785-intro-to-robo/ros2_ws/install/team99_object_follower_bringup/share/ament_index/resource_index/parent_prefix_path/team99_object_follower_bringup
[1.215s] -- Symlinking: /home/tomo/ae7785-intro-to-robo/ros2_ws/install/team99_object_follower_bringup/share/team99_object_follower_bringup/environment/ament_prefix_path.sh
[1.255s] -- Symlinking: /home/tomo/ae7785-intro-to-robo/ros2_ws/install/team99_object_follower_bringup/share/team99_object_follower_bringup/environment/ament_prefix_path.dsv
[1.276s] -- Symlinking: /home/tomo/ae7785-intro-to-robo/ros2_ws/install/team99_object_follower_bringup/share/team99_object_follower_bringup/environment/path.sh
[1.306s] -- Symlinking: /home/tomo/ae7785-intro-to-robo/ros2_ws/install/team99_object_follower_bringup/share/team99_object_follower_bringup/environment/path.dsv
[1.326s] -- Symlinking: /home/tomo/ae7785-intro-to-robo/ros2_ws/install/team99_object_follower_bringup/share/team99_object_follower_bringup/local_setup.bash
[1.356s] -- Symlinking: /home/tomo/ae7785-intro-to-robo/ros2_ws/install/team99_object_follower_bringup/share/team99_object_follower_bringup/local_setup.sh
[1.379s] -- Symlinking: /home/tomo/ae7785-intro-to-robo/ros2_ws/install/team99_object_follower_bringup/share/team99_object_follower_bringup/local_setup.zsh
[1.404s] -- Symlinking: /home/tomo/ae7785-intro-to-robo/ros2_ws/install/team99_object_follower_bringup/share/team99_object_follower_bringup/local_setup.dsv
[1.424s] -- Symlinking: /home/tomo/ae7785-intro-to-robo/ros2_ws/install/team99_object_follower_bringup/share/team99_object_follower_bringup/package.dsv
[1.444s] -- Symlinking: /home/tomo/ae7785-intro-to-robo/ros2_ws/install/team99_object_follower_bringup/share/ament_index/resource_index/packages/team99_object_follower_bringup
[1.463s] -- Symlinking: /home/tomo/ae7785-intro-to-robo/ros2_ws/install/team99_object_follower_bringup/share/team99_object_follower_bringup/cmake/team99_object_follower_bringupConfig.cmake
[1.487s] -- Symlinking: /home/tomo/ae7785-intro-to-robo/ros2_ws/install/team99_object_follower_bringup/share/team99_object_follower_bringup/cmake/team99_object_follower_bringupConfig-version.cmake
[1.511s] -- Symlinking: /home/tomo/ae7785-intro-to-robo/ros2_ws/install/team99_object_follower_bringup/share/team99_object_follower_bringup/package.xml
[1.539s] Invoked command in '/home/tomo/ae7785-intro-to-robo/ros2_ws/build/team99_object_follower_bringup' returned '0': AMENT_PREFIX_PATH=/home/tomo/ae7785-intro-to-robo/ros2_ws/install/team99_object_follower:${AMENT_PREFIX_PATH} CMAKE_PREFIX_PATH=${CMAKE_PREFIX_PATH}:/home/tomo/ae7785-intro-to-robo/turtlesim_ws/install/turtlesim_chaser:/home/tomo/Documents/turtlebot3_ws/install/turtlebot3_teleop:/home/tomo/Documents/turtlebot3_ws/install/turtlebot3_example:/opt/ros/foxy PYTHONPATH=/home/tomo/ae7785-intro-to-robo/ros2_ws/build/team99_object_follower:/home/tomo/ae7785-intro-to-robo/ros2_ws/install/team99_object_follower/lib/python3.8/site-packages:${PYTHONPATH} /usr/bin/cmake --install /home/tomo/ae7785-intro-to-robo/ros2_ws/build/team99_object_follower_bringup
