running egg_info
creating ../../build/turtlesim_chaser/turtlesim_chaser.egg-info
writing ../../build/turtlesim_chaser/turtlesim_chaser.egg-info/PKG-INFO
writing dependency_links to ../../build/turtlesim_chaser/turtlesim_chaser.egg-info/dependency_links.txt
writing entry points to ../../build/turtlesim_chaser/turtlesim_chaser.egg-info/entry_points.txt
writing requirements to ../../build/turtlesim_chaser/turtlesim_chaser.egg-info/requires.txt
writing top-level names to ../../build/turtlesim_chaser/turtlesim_chaser.egg-info/top_level.txt
writing manifest file '../../build/turtlesim_chaser/turtlesim_chaser.egg-info/SOURCES.txt'
reading manifest file '../../build/turtlesim_chaser/turtlesim_chaser.egg-info/SOURCES.txt'
writing manifest file '../../build/turtlesim_chaser/turtlesim_chaser.egg-info/SOURCES.txt'
running build
running build_py
creating /home/tomo/ae7785-intro-to-robo/turtlesim_ws/build/turtlesim_chaser/build
creating /home/tomo/ae7785-intro-to-robo/turtlesim_ws/build/turtlesim_chaser/build/lib
creating /home/tomo/ae7785-intro-to-robo/turtlesim_ws/build/turtlesim_chaser/build/lib/turtlesim_chaser
copying turtlesim_chaser/__init__.py -> /home/tomo/ae7785-intro-to-robo/turtlesim_ws/build/turtlesim_chaser/build/lib/turtlesim_chaser
copying turtlesim_chaser/turtle_controller.py -> /home/tomo/ae7785-intro-to-robo/turtlesim_ws/build/turtlesim_chaser/build/lib/turtlesim_chaser
running install
running install_lib
creating /home/tomo/ae7785-intro-to-robo/turtlesim_ws/install/turtlesim_chaser/lib/python3.8/site-packages/turtlesim_chaser
copying /home/tomo/ae7785-intro-to-robo/turtlesim_ws/build/turtlesim_chaser/build/lib/turtlesim_chaser/__init__.py -> /home/tomo/ae7785-intro-to-robo/turtlesim_ws/install/turtlesim_chaser/lib/python3.8/site-packages/turtlesim_chaser
copying /home/tomo/ae7785-intro-to-robo/turtlesim_ws/build/turtlesim_chaser/build/lib/turtlesim_chaser/turtle_controller.py -> /home/tomo/ae7785-intro-to-robo/turtlesim_ws/install/turtlesim_chaser/lib/python3.8/site-packages/turtlesim_chaser
byte-compiling /home/tomo/ae7785-intro-to-robo/turtlesim_ws/install/turtlesim_chaser/lib/python3.8/site-packages/turtlesim_chaser/__init__.py to __init__.cpython-38.pyc
byte-compiling /home/tomo/ae7785-intro-to-robo/turtlesim_ws/install/turtlesim_chaser/lib/python3.8/site-packages/turtlesim_chaser/turtle_controller.py to turtle_controller.cpython-38.pyc
running install_data
creating /home/tomo/ae7785-intro-to-robo/turtlesim_ws/install/turtlesim_chaser/share/ament_index
creating /home/tomo/ae7785-intro-to-robo/turtlesim_ws/install/turtlesim_chaser/share/ament_index/resource_index
creating /home/tomo/ae7785-intro-to-robo/turtlesim_ws/install/turtlesim_chaser/share/ament_index/resource_index/packages
copying resource/turtlesim_chaser -> /home/tomo/ae7785-intro-to-robo/turtlesim_ws/install/turtlesim_chaser/share/ament_index/resource_index/packages
copying package.xml -> /home/tomo/ae7785-intro-to-robo/turtlesim_ws/install/turtlesim_chaser/share/turtlesim_chaser
running install_egg_info
Copying ../../build/turtlesim_chaser/turtlesim_chaser.egg-info to /home/tomo/ae7785-intro-to-robo/turtlesim_ws/install/turtlesim_chaser/lib/python3.8/site-packages/turtlesim_chaser-0.0.0-py3.8.egg-info
running install_scripts
Installing turtle_controller script to /home/tomo/ae7785-intro-to-robo/turtlesim_ws/install/turtlesim_chaser/lib/turtlesim_chaser
writing list of installed files to '/home/tomo/ae7785-intro-to-robo/turtlesim_ws/build/turtlesim_chaser/install.log'
