[0.039s] Invoking command in '/home/tomo/Documents/ae7785-intro-to-robo/ros2_demo_ws/build/my_robot_bringup': CMAKE_PREFIX_PATH=${CMAKE_PREFIX_PATH}:/home/tomo/Documents/ae7785-intro-to-robo/ros2_demo_ws/install/my_py_pkg:/home/tomo/Documents/turtlebot3_ws/install/turtlebot3_teleop:/home/tomo/Documents/turtlebot3_ws/install/turtlebot3_example:/opt/ros/foxy /usr/bin/cmake /home/tomo/Documents/ae7785-intro-to-robo/ros2_demo_ws/src/my_robot_bringup -DAMENT_CMAKE_SYMLINK_INSTALL=1 -DCMAKE_INSTALL_PREFIX=/home/tomo/Documents/ae7785-intro-to-robo/ros2_demo_ws/install/my_robot_bringup
[0.695s] -- The C compiler identification is GNU 9.4.0
[1.062s] -- The CXX compiler identification is GNU 9.4.0
[1.072s] -- Check for working C compiler: /usr/bin/cc
[1.307s] -- Check for working C compiler: /usr/bin/cc -- works
[1.312s] -- Detecting C compiler ABI info
[1.554s] -- Detecting C compiler ABI info - done
[1.572s] -- Detecting C compile features
[1.575s] -- Detecting C compile features - done
[1.580s] -- Check for working CXX compiler: /usr/bin/c++
[1.739s] -- Check for working CXX compiler: /usr/bin/c++ -- works
[1.742s] -- Detecting CXX compiler ABI info
[1.915s] -- Detecting CXX compiler ABI info - done
[1.937s] -- Detecting CXX compile features
[1.939s] -- Detecting CXX compile features - done
[2.006s] -- Found ament_cmake: 0.9.11 (/opt/ros/foxy/share/ament_cmake/cmake)
[2.082s] -- Found PythonInterp: /usr/bin/python3 (found suitable version "3.8.10", minimum required is "3") 
[2.082s] -- Using PYTHON_EXECUTABLE: /usr/bin/python3
[2.391s] -- Override CMake install command with custom implementation using symlinks instead of copying resources
[2.617s] -- Configuring done
[2.627s] -- Generating done
[2.631s] -- Build files have been written to: /home/tomo/Documents/ae7785-intro-to-robo/ros2_demo_ws/build/my_robot_bringup
[2.646s] Invoked command in '/home/tomo/Documents/ae7785-intro-to-robo/ros2_demo_ws/build/my_robot_bringup' returned '0': CMAKE_PREFIX_PATH=${CMAKE_PREFIX_PATH}:/home/tomo/Documents/ae7785-intro-to-robo/ros2_demo_ws/install/my_py_pkg:/home/tomo/Documents/turtlebot3_ws/install/turtlebot3_teleop:/home/tomo/Documents/turtlebot3_ws/install/turtlebot3_example:/opt/ros/foxy /usr/bin/cmake /home/tomo/Documents/ae7785-intro-to-robo/ros2_demo_ws/src/my_robot_bringup -DAMENT_CMAKE_SYMLINK_INSTALL=1 -DCMAKE_INSTALL_PREFIX=/home/tomo/Documents/ae7785-intro-to-robo/ros2_demo_ws/install/my_robot_bringup
[2.647s] Invoking command in '/home/tomo/Documents/ae7785-intro-to-robo/ros2_demo_ws/build/my_robot_bringup': CMAKE_PREFIX_PATH=${CMAKE_PREFIX_PATH}:/home/tomo/Documents/ae7785-intro-to-robo/ros2_demo_ws/install/my_py_pkg:/home/tomo/Documents/turtlebot3_ws/install/turtlebot3_teleop:/home/tomo/Documents/turtlebot3_ws/install/turtlebot3_example:/opt/ros/foxy /usr/bin/cmake --build /home/tomo/Documents/ae7785-intro-to-robo/ros2_demo_ws/build/my_robot_bringup -- -j6 -l6
[2.723s] Invoked command in '/home/tomo/Documents/ae7785-intro-to-robo/ros2_demo_ws/build/my_robot_bringup' returned '0': CMAKE_PREFIX_PATH=${CMAKE_PREFIX_PATH}:/home/tomo/Documents/ae7785-intro-to-robo/ros2_demo_ws/install/my_py_pkg:/home/tomo/Documents/turtlebot3_ws/install/turtlebot3_teleop:/home/tomo/Documents/turtlebot3_ws/install/turtlebot3_example:/opt/ros/foxy /usr/bin/cmake --build /home/tomo/Documents/ae7785-intro-to-robo/ros2_demo_ws/build/my_robot_bringup -- -j6 -l6
[2.801s] Invoking command in '/home/tomo/Documents/ae7785-intro-to-robo/ros2_demo_ws/build/my_robot_bringup': CMAKE_PREFIX_PATH=${CMAKE_PREFIX_PATH}:/home/tomo/Documents/ae7785-intro-to-robo/ros2_demo_ws/install/my_py_pkg:/home/tomo/Documents/turtlebot3_ws/install/turtlebot3_teleop:/home/tomo/Documents/turtlebot3_ws/install/turtlebot3_example:/opt/ros/foxy /usr/bin/cmake --install /home/tomo/Documents/ae7785-intro-to-robo/ros2_demo_ws/build/my_robot_bringup
[2.817s] -- Install configuration: ""
[2.818s] -- Execute custom install script
[2.821s] -- Symlinking: /home/tomo/Documents/ae7785-intro-to-robo/ros2_demo_ws/install/my_robot_bringup/share/my_robot_bringup/launch/number_app.launch.py
[2.838s] -- Symlinking: /home/tomo/Documents/ae7785-intro-to-robo/ros2_demo_ws/install/my_robot_bringup/share/ament_index/resource_index/package_run_dependencies/my_robot_bringup
[2.854s] -- Symlinking: /home/tomo/Documents/ae7785-intro-to-robo/ros2_demo_ws/install/my_robot_bringup/share/ament_index/resource_index/parent_prefix_path/my_robot_bringup
[2.872s] -- Symlinking: /home/tomo/Documents/ae7785-intro-to-robo/ros2_demo_ws/install/my_robot_bringup/share/my_robot_bringup/environment/ament_prefix_path.sh
[2.890s] -- Symlinking: /home/tomo/Documents/ae7785-intro-to-robo/ros2_demo_ws/install/my_robot_bringup/share/my_robot_bringup/environment/ament_prefix_path.dsv
[2.911s] -- Symlinking: /home/tomo/Documents/ae7785-intro-to-robo/ros2_demo_ws/install/my_robot_bringup/share/my_robot_bringup/environment/path.sh
[2.928s] -- Symlinking: /home/tomo/Documents/ae7785-intro-to-robo/ros2_demo_ws/install/my_robot_bringup/share/my_robot_bringup/environment/path.dsv
[2.944s] -- Symlinking: /home/tomo/Documents/ae7785-intro-to-robo/ros2_demo_ws/install/my_robot_bringup/share/my_robot_bringup/local_setup.bash
[2.961s] -- Symlinking: /home/tomo/Documents/ae7785-intro-to-robo/ros2_demo_ws/install/my_robot_bringup/share/my_robot_bringup/local_setup.sh
[2.978s] -- Symlinking: /home/tomo/Documents/ae7785-intro-to-robo/ros2_demo_ws/install/my_robot_bringup/share/my_robot_bringup/local_setup.zsh
[2.992s] -- Symlinking: /home/tomo/Documents/ae7785-intro-to-robo/ros2_demo_ws/install/my_robot_bringup/share/my_robot_bringup/local_setup.dsv
[3.011s] -- Symlinking: /home/tomo/Documents/ae7785-intro-to-robo/ros2_demo_ws/install/my_robot_bringup/share/my_robot_bringup/package.dsv
[3.029s] -- Symlinking: /home/tomo/Documents/ae7785-intro-to-robo/ros2_demo_ws/install/my_robot_bringup/share/ament_index/resource_index/packages/my_robot_bringup
[3.047s] -- Symlinking: /home/tomo/Documents/ae7785-intro-to-robo/ros2_demo_ws/install/my_robot_bringup/share/my_robot_bringup/cmake/my_robot_bringupConfig.cmake
[3.063s] -- Symlinking: /home/tomo/Documents/ae7785-intro-to-robo/ros2_demo_ws/install/my_robot_bringup/share/my_robot_bringup/cmake/my_robot_bringupConfig-version.cmake
[3.078s] -- Symlinking: /home/tomo/Documents/ae7785-intro-to-robo/ros2_demo_ws/install/my_robot_bringup/share/my_robot_bringup/package.xml
[3.097s] Invoked command in '/home/tomo/Documents/ae7785-intro-to-robo/ros2_demo_ws/build/my_robot_bringup' returned '0': CMAKE_PREFIX_PATH=${CMAKE_PREFIX_PATH}:/home/tomo/Documents/ae7785-intro-to-robo/ros2_demo_ws/install/my_py_pkg:/home/tomo/Documents/turtlebot3_ws/install/turtlebot3_teleop:/home/tomo/Documents/turtlebot3_ws/install/turtlebot3_example:/opt/ros/foxy /usr/bin/cmake --install /home/tomo/Documents/ae7785-intro-to-robo/ros2_demo_ws/build/my_robot_bringup
