[0.184s] DEBUG:colcon:Command line arguments: ['/usr/bin/colcon', 'build', '--packages-select', 'my_cpp_pkg', '--symlink-install']
[0.184s] DEBUG:colcon:Parsed command line arguments: Namespace(allow_overriding=[], ament_cmake_args=None, base_paths=['.'], build_base='build', catkin_cmake_args=None, catkin_skip_building_tests=False, cmake_args=None, cmake_clean_cache=False, cmake_clean_first=False, cmake_force_configure=False, cmake_target=None, cmake_target_skip_unavailable=False, continue_on_error=False, event_handlers=None, executor='parallel', ignore_user_meta=False, install_base='install', log_base=None, log_level=None, main=<bound method BuildVerb.main of <colcon_core.verb.build.BuildVerb object at 0x7fdd26746ac0>>, merge_install=False, metas=['./colcon.meta'], packages_above=None, packages_above_and_dependencies=None, packages_above_depth=None, packages_end=None, packages_ignore=None, packages_ignore_regex=None, packages_select=['my_cpp_pkg'], packages_select_build_failed=False, packages_select_by_dep=None, packages_select_regex=None, packages_select_test_failures=False, packages_skip=None, packages_skip_build_finished=False, packages_skip_by_dep=None, packages_skip_regex=None, packages_skip_test_passed=False, packages_skip_up_to=None, packages_start=None, packages_up_to=None, packages_up_to_regex=None, parallel_workers=6, paths=None, symlink_install=True, test_result_base=None, verb_extension=<colcon_core.verb.build.BuildVerb object at 0x7fdd26746ac0>, verb_name='build', verb_parser=<colcon_defaults.argument_parser.defaults.DefaultArgumentsDecorator object at 0x7fdd266ce070>)
[0.213s] Level 1:colcon.colcon_core.package_discovery:discover_packages(colcon_meta) check parameters
[0.213s] Level 1:colcon.colcon_core.package_discovery:discover_packages(recursive) check parameters
[0.213s] Level 1:colcon.colcon_core.package_discovery:discover_packages(ignore) check parameters
[0.213s] Level 1:colcon.colcon_core.package_discovery:discover_packages(path) check parameters
[0.213s] Level 1:colcon.colcon_core.package_discovery:discover_packages(colcon_meta) discover
[0.213s] Level 1:colcon.colcon_core.package_discovery:discover_packages(recursive) discover
[0.214s] INFO:colcon.colcon_core.package_discovery:Crawling recursively for packages in '/home/tomo/Documents/ae7785-intro-to-robo/ros2_demo_ws'
[0.214s] Level 1:colcon.colcon_core.package_identification:_identify(.) by extensions ['ignore', 'ignore_ament_install']
[0.214s] Level 1:colcon.colcon_core.package_identification:_identify(.) by extension 'ignore'
[0.214s] Level 1:colcon.colcon_core.package_identification:_identify(.) by extension 'ignore_ament_install'
[0.214s] Level 1:colcon.colcon_core.package_identification:_identify(.) by extensions ['colcon_pkg']
[0.214s] Level 1:colcon.colcon_core.package_identification:_identify(.) by extension 'colcon_pkg'
[0.215s] Level 1:colcon.colcon_core.package_identification:_identify(.) by extensions ['colcon_meta']
[0.215s] Level 1:colcon.colcon_core.package_identification:_identify(.) by extension 'colcon_meta'
[0.215s] Level 1:colcon.colcon_core.package_identification:_identify(.) by extensions ['ros']
[0.215s] Level 1:colcon.colcon_core.package_identification:_identify(.) by extension 'ros'
[0.227s] Level 1:colcon.colcon_core.package_identification:_identify(.) by extensions ['cmake', 'python']
[0.228s] Level 1:colcon.colcon_core.package_identification:_identify(.) by extension 'cmake'
[0.228s] Level 1:colcon.colcon_core.package_identification:_identify(.) by extension 'python'
[0.228s] Level 1:colcon.colcon_core.package_identification:_identify(.) by extensions ['python_setup_py']
[0.228s] Level 1:colcon.colcon_core.package_identification:_identify(.) by extension 'python_setup_py'
[0.228s] Level 1:colcon.colcon_core.package_identification:_identify(build) by extensions ['ignore', 'ignore_ament_install']
[0.228s] Level 1:colcon.colcon_core.package_identification:_identify(build) by extension 'ignore'
[0.228s] Level 1:colcon.colcon_core.package_identification:_identify(build) ignored
[0.229s] Level 1:colcon.colcon_core.package_identification:_identify(install) by extensions ['ignore', 'ignore_ament_install']
[0.229s] Level 1:colcon.colcon_core.package_identification:_identify(install) by extension 'ignore'
[0.229s] Level 1:colcon.colcon_core.package_identification:_identify(install) ignored
[0.229s] Level 1:colcon.colcon_core.package_identification:_identify(log) by extensions ['ignore', 'ignore_ament_install']
[0.229s] Level 1:colcon.colcon_core.package_identification:_identify(log) by extension 'ignore'
[0.229s] Level 1:colcon.colcon_core.package_identification:_identify(log) ignored
[0.230s] Level 1:colcon.colcon_core.package_identification:_identify(src) by extensions ['ignore', 'ignore_ament_install']
[0.230s] Level 1:colcon.colcon_core.package_identification:_identify(src) by extension 'ignore'
[0.230s] Level 1:colcon.colcon_core.package_identification:_identify(src) by extension 'ignore_ament_install'
[0.230s] Level 1:colcon.colcon_core.package_identification:_identify(src) by extensions ['colcon_pkg']
[0.230s] Level 1:colcon.colcon_core.package_identification:_identify(src) by extension 'colcon_pkg'
[0.230s] Level 1:colcon.colcon_core.package_identification:_identify(src) by extensions ['colcon_meta']
[0.230s] Level 1:colcon.colcon_core.package_identification:_identify(src) by extension 'colcon_meta'
[0.231s] Level 1:colcon.colcon_core.package_identification:_identify(src) by extensions ['ros']
[0.231s] Level 1:colcon.colcon_core.package_identification:_identify(src) by extension 'ros'
[0.231s] Level 1:colcon.colcon_core.package_identification:_identify(src) by extensions ['cmake', 'python']
[0.231s] Level 1:colcon.colcon_core.package_identification:_identify(src) by extension 'cmake'
[0.231s] Level 1:colcon.colcon_core.package_identification:_identify(src) by extension 'python'
[0.231s] Level 1:colcon.colcon_core.package_identification:_identify(src) by extensions ['python_setup_py']
[0.231s] Level 1:colcon.colcon_core.package_identification:_identify(src) by extension 'python_setup_py'
[0.232s] Level 1:colcon.colcon_core.package_identification:_identify(src/my_cpp_pkg) by extensions ['ignore', 'ignore_ament_install']
[0.232s] Level 1:colcon.colcon_core.package_identification:_identify(src/my_cpp_pkg) by extension 'ignore'
[0.232s] Level 1:colcon.colcon_core.package_identification:_identify(src/my_cpp_pkg) by extension 'ignore_ament_install'
[0.232s] Level 1:colcon.colcon_core.package_identification:_identify(src/my_cpp_pkg) by extensions ['colcon_pkg']
[0.232s] Level 1:colcon.colcon_core.package_identification:_identify(src/my_cpp_pkg) by extension 'colcon_pkg'
[0.232s] Level 1:colcon.colcon_core.package_identification:_identify(src/my_cpp_pkg) by extensions ['colcon_meta']
[0.232s] Level 1:colcon.colcon_core.package_identification:_identify(src/my_cpp_pkg) by extension 'colcon_meta'
[0.232s] Level 1:colcon.colcon_core.package_identification:_identify(src/my_cpp_pkg) by extensions ['ros']
[0.232s] Level 1:colcon.colcon_core.package_identification:_identify(src/my_cpp_pkg) by extension 'ros'
[0.235s] DEBUG:colcon.colcon_core.package_identification:Package 'src/my_cpp_pkg' with type 'ros.ament_cmake' and name 'my_cpp_pkg'
[0.235s] Level 1:colcon.colcon_core.package_identification:_identify(src/my_py_pkg) by extensions ['ignore', 'ignore_ament_install']
[0.235s] Level 1:colcon.colcon_core.package_identification:_identify(src/my_py_pkg) by extension 'ignore'
[0.236s] Level 1:colcon.colcon_core.package_identification:_identify(src/my_py_pkg) by extension 'ignore_ament_install'
[0.236s] Level 1:colcon.colcon_core.package_identification:_identify(src/my_py_pkg) by extensions ['colcon_pkg']
[0.236s] Level 1:colcon.colcon_core.package_identification:_identify(src/my_py_pkg) by extension 'colcon_pkg'
[0.236s] Level 1:colcon.colcon_core.package_identification:_identify(src/my_py_pkg) by extensions ['colcon_meta']
[0.236s] Level 1:colcon.colcon_core.package_identification:_identify(src/my_py_pkg) by extension 'colcon_meta'
[0.236s] Level 1:colcon.colcon_core.package_identification:_identify(src/my_py_pkg) by extensions ['ros']
[0.236s] Level 1:colcon.colcon_core.package_identification:_identify(src/my_py_pkg) by extension 'ros'
[0.237s] DEBUG:colcon.colcon_core.package_identification:Package 'src/my_py_pkg' with type 'ros.ament_python' and name 'my_py_pkg'
[0.237s] Level 1:colcon.colcon_core.package_discovery:discover_packages(recursive) using defaults
[0.237s] Level 1:colcon.colcon_core.package_discovery:discover_packages(ignore) discover
[0.237s] Level 1:colcon.colcon_core.package_discovery:discover_packages(ignore) using defaults
[0.237s] Level 1:colcon.colcon_core.package_discovery:discover_packages(path) discover
[0.238s] Level 1:colcon.colcon_core.package_discovery:discover_packages(path) using defaults
[0.270s] INFO:colcon.colcon_core.package_selection:Skipping not selected package 'my_py_pkg' in 'src/my_py_pkg'
[0.271s] Level 1:colcon.colcon_core.package_discovery:discover_packages(prefix_path) check parameters
[0.271s] Level 1:colcon.colcon_core.package_discovery:discover_packages(prefix_path) discover
[0.276s] DEBUG:colcon.colcon_installed_package_information.package_discovery:Found 15 installed packages in /home/tomo/Documents/turtlebot3_ws/install
[0.277s] DEBUG:colcon.colcon_installed_package_information.package_discovery:Found 0 installed packages in /home/tomo/colcon_ws/install
[0.279s] DEBUG:colcon.colcon_installed_package_information.package_discovery:Found 2 installed packages in /home/tomo/Documents/ae7785-intro-to-robo/ros2_demo_ws/install
[0.281s] DEBUG:colcon.colcon_installed_package_information.package_discovery:Found 339 installed packages in /opt/ros/foxy
[0.285s] Level 1:colcon.colcon_core.package_discovery:discover_packages(prefix_path) using defaults
[0.584s] Level 5:colcon.colcon_core.verb:set package 'my_cpp_pkg' build argument 'cmake_args' from command line to 'None'
[0.624s] Level 5:colcon.colcon_core.verb:set package 'my_cpp_pkg' build argument 'cmake_target' from command line to 'None'
[0.624s] Level 5:colcon.colcon_core.verb:set package 'my_cpp_pkg' build argument 'cmake_target_skip_unavailable' from command line to 'False'
[0.624s] Level 5:colcon.colcon_core.verb:set package 'my_cpp_pkg' build argument 'cmake_clean_cache' from command line to 'False'
[0.624s] Level 5:colcon.colcon_core.verb:set package 'my_cpp_pkg' build argument 'cmake_clean_first' from command line to 'False'
[0.624s] Level 5:colcon.colcon_core.verb:set package 'my_cpp_pkg' build argument 'cmake_force_configure' from command line to 'False'
[0.624s] Level 5:colcon.colcon_core.verb:set package 'my_cpp_pkg' build argument 'ament_cmake_args' from command line to 'None'
[0.624s] Level 5:colcon.colcon_core.verb:set package 'my_cpp_pkg' build argument 'catkin_cmake_args' from command line to 'None'
[0.624s] Level 5:colcon.colcon_core.verb:set package 'my_cpp_pkg' build argument 'catkin_skip_building_tests' from command line to 'False'
[0.625s] DEBUG:colcon.colcon_core.verb:Building package 'my_cpp_pkg' with the following arguments: {'ament_cmake_args': None, 'build_base': '/home/tomo/Documents/ae7785-intro-to-robo/ros2_demo_ws/build/my_cpp_pkg', 'catkin_cmake_args': None, 'catkin_skip_building_tests': False, 'cmake_args': None, 'cmake_clean_cache': False, 'cmake_clean_first': False, 'cmake_force_configure': False, 'cmake_target': None, 'cmake_target_skip_unavailable': False, 'install_base': '/home/tomo/Documents/ae7785-intro-to-robo/ros2_demo_ws/install/my_cpp_pkg', 'merge_install': False, 'path': '/home/tomo/Documents/ae7785-intro-to-robo/ros2_demo_ws/src/my_cpp_pkg', 'symlink_install': True, 'test_result_base': None}
[0.626s] INFO:colcon.colcon_core.executor:Executing jobs using 'parallel' executor
[0.633s] DEBUG:colcon.colcon_parallel_executor.executor.parallel:run_until_complete
[0.633s] INFO:colcon.colcon_ros.task.ament_cmake.build:Building ROS package in '/home/tomo/Documents/ae7785-intro-to-robo/ros2_demo_ws/src/my_cpp_pkg' with build type 'ament_cmake'
[0.633s] INFO:colcon.colcon_cmake.task.cmake.build:Building CMake package in '/home/tomo/Documents/ae7785-intro-to-robo/ros2_demo_ws/src/my_cpp_pkg'
[0.644s] INFO:colcon.colcon_core.plugin_system:Skipping extension 'colcon_core.shell.bat': Not used on non-Windows systems
[0.644s] INFO:colcon.colcon_core.shell:Skip shell extension 'powershell' for command environment: Not usable outside of PowerShell
[0.644s] DEBUG:colcon.colcon_core.shell:Skip shell extension 'dsv' for command environment
[0.682s] DEBUG:colcon.colcon_core.event_handler.log_command:Invoking command in '/home/tomo/Documents/ae7785-intro-to-robo/ros2_demo_ws/build/my_cpp_pkg': CMAKE_PREFIX_PATH=${CMAKE_PREFIX_PATH}:/home/tomo/Documents/ae7785-intro-to-robo/ros2_demo_ws/install/my_py_pkg:/home/tomo/Documents/turtlebot3_ws/install/turtlebot3_teleop:/home/tomo/Documents/turtlebot3_ws/install/turtlebot3_example:/opt/ros/foxy /usr/bin/cmake --build /home/tomo/Documents/ae7785-intro-to-robo/ros2_demo_ws/build/my_cpp_pkg -- -j6 -l6
[0.861s] DEBUG:colcon.colcon_core.event_handler.log_command:Invoked command in '/home/tomo/Documents/ae7785-intro-to-robo/ros2_demo_ws/build/my_cpp_pkg' returned '0': CMAKE_PREFIX_PATH=${CMAKE_PREFIX_PATH}:/home/tomo/Documents/ae7785-intro-to-robo/ros2_demo_ws/install/my_py_pkg:/home/tomo/Documents/turtlebot3_ws/install/turtlebot3_teleop:/home/tomo/Documents/turtlebot3_ws/install/turtlebot3_example:/opt/ros/foxy /usr/bin/cmake --build /home/tomo/Documents/ae7785-intro-to-robo/ros2_demo_ws/build/my_cpp_pkg -- -j6 -l6
[0.968s] DEBUG:colcon.colcon_core.event_handler.log_command:Invoking command in '/home/tomo/Documents/ae7785-intro-to-robo/ros2_demo_ws/build/my_cpp_pkg': CMAKE_PREFIX_PATH=${CMAKE_PREFIX_PATH}:/home/tomo/Documents/ae7785-intro-to-robo/ros2_demo_ws/install/my_py_pkg:/home/tomo/Documents/turtlebot3_ws/install/turtlebot3_teleop:/home/tomo/Documents/turtlebot3_ws/install/turtlebot3_example:/opt/ros/foxy /usr/bin/cmake --install /home/tomo/Documents/ae7785-intro-to-robo/ros2_demo_ws/build/my_cpp_pkg
[1.021s] Level 1:colcon.colcon_core.environment:create_environment_scripts_only(my_cpp_pkg)
[1.023s] DEBUG:colcon.colcon_core.event_handler.log_command:Invoked command in '/home/tomo/Documents/ae7785-intro-to-robo/ros2_demo_ws/build/my_cpp_pkg' returned '0': CMAKE_PREFIX_PATH=${CMAKE_PREFIX_PATH}:/home/tomo/Documents/ae7785-intro-to-robo/ros2_demo_ws/install/my_py_pkg:/home/tomo/Documents/turtlebot3_ws/install/turtlebot3_teleop:/home/tomo/Documents/turtlebot3_ws/install/turtlebot3_example:/opt/ros/foxy /usr/bin/cmake --install /home/tomo/Documents/ae7785-intro-to-robo/ros2_demo_ws/build/my_cpp_pkg
[1.038s] Level 1:colcon.colcon_core.environment:checking '/home/tomo/Documents/ae7785-intro-to-robo/ros2_demo_ws/install/my_cpp_pkg' for CMake module files
[1.040s] Level 1:colcon.colcon_core.environment:checking '/home/tomo/Documents/ae7785-intro-to-robo/ros2_demo_ws/install/my_cpp_pkg' for CMake config files
[1.041s] Level 1:colcon.colcon_core.shell:create_environment_hook('my_cpp_pkg', 'cmake_prefix_path')
[1.043s] INFO:colcon.colcon_core.shell:Creating environment hook '/home/tomo/Documents/ae7785-intro-to-robo/ros2_demo_ws/install/my_cpp_pkg/share/my_cpp_pkg/hook/cmake_prefix_path.ps1'
[1.045s] INFO:colcon.colcon_core.shell:Creating environment descriptor '/home/tomo/Documents/ae7785-intro-to-robo/ros2_demo_ws/install/my_cpp_pkg/share/my_cpp_pkg/hook/cmake_prefix_path.dsv'
[1.046s] INFO:colcon.colcon_core.shell:Creating environment hook '/home/tomo/Documents/ae7785-intro-to-robo/ros2_demo_ws/install/my_cpp_pkg/share/my_cpp_pkg/hook/cmake_prefix_path.sh'
[1.048s] Level 1:colcon.colcon_core.environment:checking '/home/tomo/Documents/ae7785-intro-to-robo/ros2_demo_ws/install/my_cpp_pkg/lib'
[1.049s] Level 1:colcon.colcon_core.environment:checking '/home/tomo/Documents/ae7785-intro-to-robo/ros2_demo_ws/install/my_cpp_pkg/bin'
[1.049s] Level 1:colcon.colcon_core.environment:checking '/home/tomo/Documents/ae7785-intro-to-robo/ros2_demo_ws/install/my_cpp_pkg/lib/pkgconfig/my_cpp_pkg.pc'
[1.050s] Level 1:colcon.colcon_core.environment:checking '/home/tomo/Documents/ae7785-intro-to-robo/ros2_demo_ws/install/my_cpp_pkg/lib/python3.8/site-packages'
[1.051s] Level 1:colcon.colcon_core.environment:checking '/home/tomo/Documents/ae7785-intro-to-robo/ros2_demo_ws/install/my_cpp_pkg/bin'
[1.056s] INFO:colcon.colcon_core.shell:Creating package script '/home/tomo/Documents/ae7785-intro-to-robo/ros2_demo_ws/install/my_cpp_pkg/share/my_cpp_pkg/package.ps1'
[1.060s] INFO:colcon.colcon_core.shell:Creating package descriptor '/home/tomo/Documents/ae7785-intro-to-robo/ros2_demo_ws/install/my_cpp_pkg/share/my_cpp_pkg/package.dsv'
[1.061s] INFO:colcon.colcon_core.shell:Creating package script '/home/tomo/Documents/ae7785-intro-to-robo/ros2_demo_ws/install/my_cpp_pkg/share/my_cpp_pkg/package.sh'
[1.063s] INFO:colcon.colcon_core.shell:Creating package script '/home/tomo/Documents/ae7785-intro-to-robo/ros2_demo_ws/install/my_cpp_pkg/share/my_cpp_pkg/package.bash'
[1.064s] INFO:colcon.colcon_core.shell:Creating package script '/home/tomo/Documents/ae7785-intro-to-robo/ros2_demo_ws/install/my_cpp_pkg/share/my_cpp_pkg/package.zsh'
[1.065s] Level 1:colcon.colcon_core.environment:create_file_with_runtime_dependencies(/home/tomo/Documents/ae7785-intro-to-robo/ros2_demo_ws/install/my_cpp_pkg/share/colcon-core/packages/my_cpp_pkg)
[1.138s] Level 1:colcon.colcon_core.environment:create_environment_scripts_only(my_cpp_pkg)
[1.145s] Level 1:colcon.colcon_core.environment:checking '/home/tomo/Documents/ae7785-intro-to-robo/ros2_demo_ws/install/my_cpp_pkg' for CMake module files
[1.148s] Level 1:colcon.colcon_core.environment:checking '/home/tomo/Documents/ae7785-intro-to-robo/ros2_demo_ws/install/my_cpp_pkg' for CMake config files
[1.149s] Level 1:colcon.colcon_core.shell:create_environment_hook('my_cpp_pkg', 'cmake_prefix_path')
[1.153s] INFO:colcon.colcon_core.shell:Creating environment hook '/home/tomo/Documents/ae7785-intro-to-robo/ros2_demo_ws/install/my_cpp_pkg/share/my_cpp_pkg/hook/cmake_prefix_path.ps1'
[1.154s] INFO:colcon.colcon_core.shell:Creating environment descriptor '/home/tomo/Documents/ae7785-intro-to-robo/ros2_demo_ws/install/my_cpp_pkg/share/my_cpp_pkg/hook/cmake_prefix_path.dsv'
[1.155s] INFO:colcon.colcon_core.shell:Creating environment hook '/home/tomo/Documents/ae7785-intro-to-robo/ros2_demo_ws/install/my_cpp_pkg/share/my_cpp_pkg/hook/cmake_prefix_path.sh'
[1.157s] Level 1:colcon.colcon_core.environment:checking '/home/tomo/Documents/ae7785-intro-to-robo/ros2_demo_ws/install/my_cpp_pkg/lib'
[1.157s] Level 1:colcon.colcon_core.environment:checking '/home/tomo/Documents/ae7785-intro-to-robo/ros2_demo_ws/install/my_cpp_pkg/bin'
[1.158s] Level 1:colcon.colcon_core.environment:checking '/home/tomo/Documents/ae7785-intro-to-robo/ros2_demo_ws/install/my_cpp_pkg/lib/pkgconfig/my_cpp_pkg.pc'
[1.158s] Level 1:colcon.colcon_core.environment:checking '/home/tomo/Documents/ae7785-intro-to-robo/ros2_demo_ws/install/my_cpp_pkg/lib/python3.8/site-packages'
[1.161s] Level 1:colcon.colcon_core.environment:checking '/home/tomo/Documents/ae7785-intro-to-robo/ros2_demo_ws/install/my_cpp_pkg/bin'
[1.164s] INFO:colcon.colcon_core.shell:Creating package script '/home/tomo/Documents/ae7785-intro-to-robo/ros2_demo_ws/install/my_cpp_pkg/share/my_cpp_pkg/package.ps1'
[1.165s] INFO:colcon.colcon_core.shell:Creating package descriptor '/home/tomo/Documents/ae7785-intro-to-robo/ros2_demo_ws/install/my_cpp_pkg/share/my_cpp_pkg/package.dsv'
[1.166s] INFO:colcon.colcon_core.shell:Creating package script '/home/tomo/Documents/ae7785-intro-to-robo/ros2_demo_ws/install/my_cpp_pkg/share/my_cpp_pkg/package.sh'
[1.169s] INFO:colcon.colcon_core.shell:Creating package script '/home/tomo/Documents/ae7785-intro-to-robo/ros2_demo_ws/install/my_cpp_pkg/share/my_cpp_pkg/package.bash'
[1.170s] INFO:colcon.colcon_core.shell:Creating package script '/home/tomo/Documents/ae7785-intro-to-robo/ros2_demo_ws/install/my_cpp_pkg/share/my_cpp_pkg/package.zsh'
[1.173s] Level 1:colcon.colcon_core.environment:create_file_with_runtime_dependencies(/home/tomo/Documents/ae7785-intro-to-robo/ros2_demo_ws/install/my_cpp_pkg/share/colcon-core/packages/my_cpp_pkg)
[1.174s] DEBUG:colcon.colcon_parallel_executor.executor.parallel:closing loop
[1.175s] DEBUG:colcon.colcon_parallel_executor.executor.parallel:loop closed
[1.177s] DEBUG:colcon.colcon_parallel_executor.executor.parallel:run_until_complete finished with '0'
[1.178s] DEBUG:colcon.colcon_core.event_reactor:joining thread
[1.190s] INFO:colcon.colcon_core.plugin_system:Skipping extension 'colcon_notification.desktop_notification.terminal_notifier': Not used on non-Darwin systems
[1.191s] INFO:colcon.colcon_core.plugin_system:Skipping extension 'colcon_notification.desktop_notification.win32': Not used on non-Windows systems
[1.192s] INFO:colcon.colcon_notification.desktop_notification:Sending desktop notification using 'notify2'
[1.222s] DEBUG:colcon.colcon_core.event_reactor:joined thread
[1.224s] INFO:colcon.colcon_core.shell:Creating prefix script '/home/tomo/Documents/ae7785-intro-to-robo/ros2_demo_ws/install/local_setup.ps1'
[1.226s] INFO:colcon.colcon_core.shell:Creating prefix util module '/home/tomo/Documents/ae7785-intro-to-robo/ros2_demo_ws/install/_local_setup_util_ps1.py'
[1.230s] INFO:colcon.colcon_core.shell:Creating prefix chain script '/home/tomo/Documents/ae7785-intro-to-robo/ros2_demo_ws/install/setup.ps1'
[1.234s] INFO:colcon.colcon_core.shell:Creating prefix script '/home/tomo/Documents/ae7785-intro-to-robo/ros2_demo_ws/install/local_setup.sh'
[1.235s] INFO:colcon.colcon_core.shell:Creating prefix util module '/home/tomo/Documents/ae7785-intro-to-robo/ros2_demo_ws/install/_local_setup_util_sh.py'
[1.236s] INFO:colcon.colcon_core.shell:Creating prefix chain script '/home/tomo/Documents/ae7785-intro-to-robo/ros2_demo_ws/install/setup.sh'
[1.239s] INFO:colcon.colcon_core.shell:Creating prefix script '/home/tomo/Documents/ae7785-intro-to-robo/ros2_demo_ws/install/local_setup.bash'
[1.240s] INFO:colcon.colcon_core.shell:Creating prefix chain script '/home/tomo/Documents/ae7785-intro-to-robo/ros2_demo_ws/install/setup.bash'
[1.243s] INFO:colcon.colcon_core.shell:Creating prefix script '/home/tomo/Documents/ae7785-intro-to-robo/ros2_demo_ws/install/local_setup.zsh'
[1.245s] INFO:colcon.colcon_core.shell:Creating prefix chain script '/home/tomo/Documents/ae7785-intro-to-robo/ros2_demo_ws/install/setup.zsh'
