[0.825s] Invoking command in '/home/tom/Documents/github_projects/ros-ws/src/my_py_pkg': PYTHONPATH=/home/tom/Documents/github_projects/ros-ws/install/my_py_pkg/lib/python3.10/site-packages:${PYTHONPATH} /usr/bin/python3 setup.py egg_info --egg-base ../../build/my_py_pkg build --build-base /home/tom/Documents/github_projects/ros-ws/build/my_py_pkg/build install --prefix /home/tom/Documents/github_projects/ros-ws/install/my_py_pkg --record /home/tom/Documents/github_projects/ros-ws/build/my_py_pkg/install.log --single-version-externally-managed
[1.143s] running egg_info
[1.143s] writing ../../build/my_py_pkg/my_py_pkg.egg-info/PKG-INFO
[1.144s] writing dependency_links to ../../build/my_py_pkg/my_py_pkg.egg-info/dependency_links.txt
[1.145s] writing entry points to ../../build/my_py_pkg/my_py_pkg.egg-info/entry_points.txt
[1.145s] writing requirements to ../../build/my_py_pkg/my_py_pkg.egg-info/requires.txt
[1.146s] writing top-level names to ../../build/my_py_pkg/my_py_pkg.egg-info/top_level.txt
[1.148s] reading manifest file '../../build/my_py_pkg/my_py_pkg.egg-info/SOURCES.txt'
[1.149s] writing manifest file '../../build/my_py_pkg/my_py_pkg.egg-info/SOURCES.txt'
[1.149s] running build
[1.150s] running build_py
[1.151s] copying my_py_pkg/my_first_node.py -> /home/tom/Documents/github_projects/ros-ws/build/my_py_pkg/build/lib/my_py_pkg
[1.152s] /usr/lib/python3/dist-packages/setuptools/command/install.py:34: SetuptoolsDeprecationWarning: setup.py install is deprecated. Use build and pip and other standards-based tools.
[1.152s]   warnings.warn(
[1.153s] running install
[1.153s] running install_lib
[1.153s] copying /home/tom/Documents/github_projects/ros-ws/build/my_py_pkg/build/lib/my_py_pkg/my_first_node.py -> /home/tom/Documents/github_projects/ros-ws/install/my_py_pkg/lib/python3.10/site-packages/my_py_pkg
[1.155s] byte-compiling /home/tom/Documents/github_projects/ros-ws/install/my_py_pkg/lib/python3.10/site-packages/my_py_pkg/my_first_node.py to my_first_node.cpython-310.pyc
[1.157s] running install_data
[1.157s] running install_egg_info
[1.158s] removing '/home/tom/Documents/github_projects/ros-ws/install/my_py_pkg/lib/python3.10/site-packages/my_py_pkg-0.0.0-py3.10.egg-info' (and everything under it)
[1.159s] Copying ../../build/my_py_pkg/my_py_pkg.egg-info to /home/tom/Documents/github_projects/ros-ws/install/my_py_pkg/lib/python3.10/site-packages/my_py_pkg-0.0.0-py3.10.egg-info
[1.160s] running install_scripts
[1.184s] Installing py_node script to /home/tom/Documents/github_projects/ros-ws/install/my_py_pkg/lib/my_py_pkg
[1.185s] writing list of installed files to '/home/tom/Documents/github_projects/ros-ws/build/my_py_pkg/install.log'
[1.211s] Invoked command in '/home/tom/Documents/github_projects/ros-ws/src/my_py_pkg' returned '0': PYTHONPATH=/home/tom/Documents/github_projects/ros-ws/install/my_py_pkg/lib/python3.10/site-packages:${PYTHONPATH} /usr/bin/python3 setup.py egg_info --egg-base ../../build/my_py_pkg build --build-base /home/tom/Documents/github_projects/ros-ws/build/my_py_pkg/build install --prefix /home/tom/Documents/github_projects/ros-ws/install/my_py_pkg --record /home/tom/Documents/github_projects/ros-ws/build/my_py_pkg/install.log --single-version-externally-managed
