[0.066s] Invoking command in '/home/tomo/ae7785-intro-to-robo/turtlesim_cpp_ws/build/turtlesim_cpp_interfaces': CMAKE_PREFIX_PATH=${CMAKE_PREFIX_PATH}:/home/tomo/ae7785-intro-to-robo/turtlesim_ws/install/turtlesim_chaser:/home/tomo/Documents/turtlebot3_ws/install/turtlebot3_teleop:/home/tomo/Documents/turtlebot3_ws/install/turtlebot3_example:/opt/ros/foxy /usr/bin/cmake --build /home/tomo/ae7785-intro-to-robo/turtlesim_cpp_ws/build/turtlesim_cpp_interfaces -- -j6 -l6
[0.199s] [  2%] Built target turtlesim_cpp_interfaces__cpp
[0.203s] [ 12%] Built target turtlesim_cpp_interfaces__rosidl_generator_c
[0.265s] [ 23%] Built target turtlesim_cpp_interfaces__rosidl_typesupport_introspection_c
[0.274s] [ 38%] Built target turtlesim_cpp_interfaces__rosidl_typesupport_fastrtps_cpp
[0.274s] [ 44%] Built target turtlesim_cpp_interfaces__rosidl_typesupport_c
[0.279s] [ 65%] Built target turtlesim_cpp_interfaces__rosidl_typesupport_cpp
[0.280s] [ 65%] Built target turtlesim_cpp_interfaces__rosidl_typesupport_introspection_cpp
[0.340s] [ 76%] Built target turtlesim_cpp_interfaces__rosidl_typesupport_fastrtps_c
[0.432s] [ 76%] Built target turtlesim_cpp_interfaces
[0.483s] [ 78%] Built target turtlesim_cpp_interfaces__py
[0.535s] [ 87%] Built target turtlesim_cpp_interfaces__python
[0.596s] [ 91%] Built target turtlesim_cpp_interfaces__rosidl_typesupport_c__pyext
[0.602s] [ 95%] Built target turtlesim_cpp_interfaces__rosidl_typesupport_fastrtps_c__pyext
[0.610s] [100%] Built target turtlesim_cpp_interfaces__rosidl_typesupport_introspection_c__pyext
[0.647s] Invoked command in '/home/tomo/ae7785-intro-to-robo/turtlesim_cpp_ws/build/turtlesim_cpp_interfaces' returned '0': CMAKE_PREFIX_PATH=${CMAKE_PREFIX_PATH}:/home/tomo/ae7785-intro-to-robo/turtlesim_ws/install/turtlesim_chaser:/home/tomo/Documents/turtlebot3_ws/install/turtlebot3_teleop:/home/tomo/Documents/turtlebot3_ws/install/turtlebot3_example:/opt/ros/foxy /usr/bin/cmake --build /home/tomo/ae7785-intro-to-robo/turtlesim_cpp_ws/build/turtlesim_cpp_interfaces -- -j6 -l6
[0.974s] Invoking command in '/home/tomo/ae7785-intro-to-robo/turtlesim_cpp_ws/build/turtlesim_cpp_interfaces': CMAKE_PREFIX_PATH=${CMAKE_PREFIX_PATH}:/home/tomo/ae7785-intro-to-robo/turtlesim_ws/install/turtlesim_chaser:/home/tomo/Documents/turtlebot3_ws/install/turtlebot3_teleop:/home/tomo/Documents/turtlebot3_ws/install/turtlebot3_example:/opt/ros/foxy /usr/bin/cmake --install /home/tomo/ae7785-intro-to-robo/turtlesim_cpp_ws/build/turtlesim_cpp_interfaces
[0.990s] -- Install configuration: ""
[0.990s] -- Up-to-date: /home/tomo/ae7785-intro-to-robo/turtlesim_cpp_ws/install/turtlesim_cpp_interfaces/share/ament_index/resource_index/rosidl_interfaces/turtlesim_cpp_interfaces
[0.991s] -- Up-to-date: /home/tomo/ae7785-intro-to-robo/turtlesim_cpp_ws/install/turtlesim_cpp_interfaces/include/turtlesim_cpp_interfaces
[0.992s] -- Up-to-date: /home/tomo/ae7785-intro-to-robo/turtlesim_cpp_ws/install/turtlesim_cpp_interfaces/include/turtlesim_cpp_interfaces/srv
[0.992s] -- Up-to-date: /home/tomo/ae7785-intro-to-robo/turtlesim_cpp_ws/install/turtlesim_cpp_interfaces/include/turtlesim_cpp_interfaces/srv/catch_turtle.h
[0.992s] -- Up-to-date: /home/tomo/ae7785-intro-to-robo/turtlesim_cpp_ws/install/turtlesim_cpp_interfaces/include/turtlesim_cpp_interfaces/srv/detail
[0.993s] -- Up-to-date: /home/tomo/ae7785-intro-to-robo/turtlesim_cpp_ws/install/turtlesim_cpp_interfaces/include/turtlesim_cpp_interfaces/srv/detail/catch_turtle__functions.h
[0.993s] -- Up-to-date: /home/tomo/ae7785-intro-to-robo/turtlesim_cpp_ws/install/turtlesim_cpp_interfaces/include/turtlesim_cpp_interfaces/srv/detail/catch_turtle__struct.h
[0.993s] -- Up-to-date: /home/tomo/ae7785-intro-to-robo/turtlesim_cpp_ws/install/turtlesim_cpp_interfaces/include/turtlesim_cpp_interfaces/srv/detail/catch_turtle__type_support.h
[0.994s] -- Up-to-date: /home/tomo/ae7785-intro-to-robo/turtlesim_cpp_ws/install/turtlesim_cpp_interfaces/include/turtlesim_cpp_interfaces/srv/detail/catch_turtle__functions.c
[0.994s] -- Up-to-date: /home/tomo/ae7785-intro-to-robo/turtlesim_cpp_ws/install/turtlesim_cpp_interfaces/include/turtlesim_cpp_interfaces/msg
[0.994s] -- Up-to-date: /home/tomo/ae7785-intro-to-robo/turtlesim_cpp_ws/install/turtlesim_cpp_interfaces/include/turtlesim_cpp_interfaces/msg/rosidl_generator_c__visibility_control.h
[0.994s] -- Up-to-date: /home/tomo/ae7785-intro-to-robo/turtlesim_cpp_ws/install/turtlesim_cpp_interfaces/include/turtlesim_cpp_interfaces/msg/turtle.h
[0.994s] -- Up-to-date: /home/tomo/ae7785-intro-to-robo/turtlesim_cpp_ws/install/turtlesim_cpp_interfaces/include/turtlesim_cpp_interfaces/msg/turtle_array.h
[0.994s] -- Up-to-date: /home/tomo/ae7785-intro-to-robo/turtlesim_cpp_ws/install/turtlesim_cpp_interfaces/include/turtlesim_cpp_interfaces/msg/detail
[0.995s] -- Up-to-date: /home/tomo/ae7785-intro-to-robo/turtlesim_cpp_ws/install/turtlesim_cpp_interfaces/include/turtlesim_cpp_interfaces/msg/detail/turtle_array__functions.c
[0.995s] -- Up-to-date: /home/tomo/ae7785-intro-to-robo/turtlesim_cpp_ws/install/turtlesim_cpp_interfaces/include/turtlesim_cpp_interfaces/msg/detail/turtle__functions.h
[0.995s] -- Up-to-date: /home/tomo/ae7785-intro-to-robo/turtlesim_cpp_ws/install/turtlesim_cpp_interfaces/include/turtlesim_cpp_interfaces/msg/detail/turtle__type_support.h
[0.995s] -- Up-to-date: /home/tomo/ae7785-intro-to-robo/turtlesim_cpp_ws/install/turtlesim_cpp_interfaces/include/turtlesim_cpp_interfaces/msg/detail/turtle_array__struct.h
[0.995s] -- Up-to-date: /home/tomo/ae7785-intro-to-robo/turtlesim_cpp_ws/install/turtlesim_cpp_interfaces/include/turtlesim_cpp_interfaces/msg/detail/turtle__struct.h
[0.995s] -- Up-to-date: /home/tomo/ae7785-intro-to-robo/turtlesim_cpp_ws/install/turtlesim_cpp_interfaces/include/turtlesim_cpp_interfaces/msg/detail/turtle_array__type_support.h
[0.995s] -- Up-to-date: /home/tomo/ae7785-intro-to-robo/turtlesim_cpp_ws/install/turtlesim_cpp_interfaces/include/turtlesim_cpp_interfaces/msg/detail/turtle__functions.c
[0.995s] -- Up-to-date: /home/tomo/ae7785-intro-to-robo/turtlesim_cpp_ws/install/turtlesim_cpp_interfaces/include/turtlesim_cpp_interfaces/msg/detail/turtle_array__functions.h
[0.995s] -- Up-to-date: /home/tomo/ae7785-intro-to-robo/turtlesim_cpp_ws/install/turtlesim_cpp_interfaces/share/turtlesim_cpp_interfaces/environment/library_path.sh
[0.995s] -- Up-to-date: /home/tomo/ae7785-intro-to-robo/turtlesim_cpp_ws/install/turtlesim_cpp_interfaces/share/turtlesim_cpp_interfaces/environment/library_path.dsv
[0.995s] -- Up-to-date: /home/tomo/ae7785-intro-to-robo/turtlesim_cpp_ws/install/turtlesim_cpp_interfaces/lib/libturtlesim_cpp_interfaces__rosidl_generator_c.so
[0.996s] -- Up-to-date: /home/tomo/ae7785-intro-to-robo/turtlesim_cpp_ws/install/turtlesim_cpp_interfaces/include/turtlesim_cpp_interfaces
[0.996s] -- Up-to-date: /home/tomo/ae7785-intro-to-robo/turtlesim_cpp_ws/install/turtlesim_cpp_interfaces/include/turtlesim_cpp_interfaces/srv
[0.996s] -- Up-to-date: /home/tomo/ae7785-intro-to-robo/turtlesim_cpp_ws/install/turtlesim_cpp_interfaces/include/turtlesim_cpp_interfaces/srv/detail
[0.996s] -- Up-to-date: /home/tomo/ae7785-intro-to-robo/turtlesim_cpp_ws/install/turtlesim_cpp_interfaces/include/turtlesim_cpp_interfaces/srv/detail/catch_turtle__rosidl_typesupport_fastrtps_c.h
[0.996s] -- Up-to-date: /home/tomo/ae7785-intro-to-robo/turtlesim_cpp_ws/install/turtlesim_cpp_interfaces/include/turtlesim_cpp_interfaces/msg
[0.996s] -- Up-to-date: /home/tomo/ae7785-intro-to-robo/turtlesim_cpp_ws/install/turtlesim_cpp_interfaces/include/turtlesim_cpp_interfaces/msg/detail
[0.996s] -- Up-to-date: /home/tomo/ae7785-intro-to-robo/turtlesim_cpp_ws/install/turtlesim_cpp_interfaces/include/turtlesim_cpp_interfaces/msg/detail/turtle__rosidl_typesupport_fastrtps_c.h
[0.997s] -- Up-to-date: /home/tomo/ae7785-intro-to-robo/turtlesim_cpp_ws/install/turtlesim_cpp_interfaces/include/turtlesim_cpp_interfaces/msg/detail/turtle_array__rosidl_typesupport_fastrtps_c.h
[0.997s] -- Up-to-date: /home/tomo/ae7785-intro-to-robo/turtlesim_cpp_ws/install/turtlesim_cpp_interfaces/include/turtlesim_cpp_interfaces/msg/rosidl_typesupport_fastrtps_c__visibility_control.h
[0.997s] -- Up-to-date: /home/tomo/ae7785-intro-to-robo/turtlesim_cpp_ws/install/turtlesim_cpp_interfaces/lib/libturtlesim_cpp_interfaces__rosidl_typesupport_fastrtps_c.so
[0.998s] -- Up-to-date: /home/tomo/ae7785-intro-to-robo/turtlesim_cpp_ws/install/turtlesim_cpp_interfaces/include/turtlesim_cpp_interfaces
[0.998s] -- Up-to-date: /home/tomo/ae7785-intro-to-robo/turtlesim_cpp_ws/install/turtlesim_cpp_interfaces/include/turtlesim_cpp_interfaces/srv
[1.000s] -- Up-to-date: /home/tomo/ae7785-intro-to-robo/turtlesim_cpp_ws/install/turtlesim_cpp_interfaces/include/turtlesim_cpp_interfaces/srv/detail
[1.000s] -- Up-to-date: /home/tomo/ae7785-intro-to-robo/turtlesim_cpp_ws/install/turtlesim_cpp_interfaces/include/turtlesim_cpp_interfaces/srv/detail/catch_turtle__rosidl_typesupport_fastrtps_cpp.hpp
[1.000s] -- Up-to-date: /home/tomo/ae7785-intro-to-robo/turtlesim_cpp_ws/install/turtlesim_cpp_interfaces/include/turtlesim_cpp_interfaces/srv/detail/dds_fastrtps
[1.000s] -- Up-to-date: /home/tomo/ae7785-intro-to-robo/turtlesim_cpp_ws/install/turtlesim_cpp_interfaces/include/turtlesim_cpp_interfaces/msg
[1.001s] -- Up-to-date: /home/tomo/ae7785-intro-to-robo/turtlesim_cpp_ws/install/turtlesim_cpp_interfaces/include/turtlesim_cpp_interfaces/msg/rosidl_typesupport_fastrtps_cpp__visibility_control.h
[1.001s] -- Up-to-date: /home/tomo/ae7785-intro-to-robo/turtlesim_cpp_ws/install/turtlesim_cpp_interfaces/include/turtlesim_cpp_interfaces/msg/detail
[1.002s] -- Up-to-date: /home/tomo/ae7785-intro-to-robo/turtlesim_cpp_ws/install/turtlesim_cpp_interfaces/include/turtlesim_cpp_interfaces/msg/detail/turtle__rosidl_typesupport_fastrtps_cpp.hpp
[1.002s] -- Up-to-date: /home/tomo/ae7785-intro-to-robo/turtlesim_cpp_ws/install/turtlesim_cpp_interfaces/include/turtlesim_cpp_interfaces/msg/detail/turtle_array__rosidl_typesupport_fastrtps_cpp.hpp
[1.002s] -- Up-to-date: /home/tomo/ae7785-intro-to-robo/turtlesim_cpp_ws/install/turtlesim_cpp_interfaces/include/turtlesim_cpp_interfaces/msg/detail/dds_fastrtps
[1.003s] -- Up-to-date: /home/tomo/ae7785-intro-to-robo/turtlesim_cpp_ws/install/turtlesim_cpp_interfaces/lib/libturtlesim_cpp_interfaces__rosidl_typesupport_fastrtps_cpp.so
[1.003s] -- Up-to-date: /home/tomo/ae7785-intro-to-robo/turtlesim_cpp_ws/install/turtlesim_cpp_interfaces/include/turtlesim_cpp_interfaces
[1.003s] -- Up-to-date: /home/tomo/ae7785-intro-to-robo/turtlesim_cpp_ws/install/turtlesim_cpp_interfaces/include/turtlesim_cpp_interfaces/srv
[1.004s] -- Up-to-date: /home/tomo/ae7785-intro-to-robo/turtlesim_cpp_ws/install/turtlesim_cpp_interfaces/include/turtlesim_cpp_interfaces/srv/detail
[1.004s] -- Up-to-date: /home/tomo/ae7785-intro-to-robo/turtlesim_cpp_ws/install/turtlesim_cpp_interfaces/include/turtlesim_cpp_interfaces/srv/detail/catch_turtle__rosidl_typesupport_introspection_c.h
[1.004s] -- Up-to-date: /home/tomo/ae7785-intro-to-robo/turtlesim_cpp_ws/install/turtlesim_cpp_interfaces/include/turtlesim_cpp_interfaces/srv/detail/catch_turtle__type_support.c
[1.005s] -- Up-to-date: /home/tomo/ae7785-intro-to-robo/turtlesim_cpp_ws/install/turtlesim_cpp_interfaces/include/turtlesim_cpp_interfaces/msg
[1.005s] -- Up-to-date: /home/tomo/ae7785-intro-to-robo/turtlesim_cpp_ws/install/turtlesim_cpp_interfaces/include/turtlesim_cpp_interfaces/msg/rosidl_typesupport_introspection_c__visibility_control.h
[1.005s] -- Up-to-date: /home/tomo/ae7785-intro-to-robo/turtlesim_cpp_ws/install/turtlesim_cpp_interfaces/include/turtlesim_cpp_interfaces/msg/detail
[1.005s] -- Up-to-date: /home/tomo/ae7785-intro-to-robo/turtlesim_cpp_ws/install/turtlesim_cpp_interfaces/include/turtlesim_cpp_interfaces/msg/detail/turtle_array__type_support.c
[1.005s] -- Up-to-date: /home/tomo/ae7785-intro-to-robo/turtlesim_cpp_ws/install/turtlesim_cpp_interfaces/include/turtlesim_cpp_interfaces/msg/detail/turtle__rosidl_typesupport_introspection_c.h
[1.006s] -- Up-to-date: /home/tomo/ae7785-intro-to-robo/turtlesim_cpp_ws/install/turtlesim_cpp_interfaces/include/turtlesim_cpp_interfaces/msg/detail/turtle_array__rosidl_typesupport_introspection_c.h
[1.006s] -- Up-to-date: /home/tomo/ae7785-intro-to-robo/turtlesim_cpp_ws/install/turtlesim_cpp_interfaces/include/turtlesim_cpp_interfaces/msg/detail/turtle__type_support.c
[1.006s] -- Up-to-date: /home/tomo/ae7785-intro-to-robo/turtlesim_cpp_ws/install/turtlesim_cpp_interfaces/lib/libturtlesim_cpp_interfaces__rosidl_typesupport_introspection_c.so
[1.006s] -- Up-to-date: /home/tomo/ae7785-intro-to-robo/turtlesim_cpp_ws/install/turtlesim_cpp_interfaces/lib/libturtlesim_cpp_interfaces__rosidl_typesupport_c.so
[1.006s] -- Up-to-date: /home/tomo/ae7785-intro-to-robo/turtlesim_cpp_ws/install/turtlesim_cpp_interfaces/include/turtlesim_cpp_interfaces
[1.006s] -- Up-to-date: /home/tomo/ae7785-intro-to-robo/turtlesim_cpp_ws/install/turtlesim_cpp_interfaces/include/turtlesim_cpp_interfaces/srv
[1.006s] -- Up-to-date: /home/tomo/ae7785-intro-to-robo/turtlesim_cpp_ws/install/turtlesim_cpp_interfaces/include/turtlesim_cpp_interfaces/srv/detail
[1.007s] -- Up-to-date: /home/tomo/ae7785-intro-to-robo/turtlesim_cpp_ws/install/turtlesim_cpp_interfaces/include/turtlesim_cpp_interfaces/srv/detail/catch_turtle__builder.hpp
[1.007s] -- Up-to-date: /home/tomo/ae7785-intro-to-robo/turtlesim_cpp_ws/install/turtlesim_cpp_interfaces/include/turtlesim_cpp_interfaces/srv/detail/catch_turtle__traits.hpp
[1.007s] -- Up-to-date: /home/tomo/ae7785-intro-to-robo/turtlesim_cpp_ws/install/turtlesim_cpp_interfaces/include/turtlesim_cpp_interfaces/srv/detail/catch_turtle__struct.hpp
[1.007s] -- Up-to-date: /home/tomo/ae7785-intro-to-robo/turtlesim_cpp_ws/install/turtlesim_cpp_interfaces/include/turtlesim_cpp_interfaces/srv/catch_turtle.hpp
[1.007s] -- Up-to-date: /home/tomo/ae7785-intro-to-robo/turtlesim_cpp_ws/install/turtlesim_cpp_interfaces/include/turtlesim_cpp_interfaces/msg
[1.008s] -- Up-to-date: /home/tomo/ae7785-intro-to-robo/turtlesim_cpp_ws/install/turtlesim_cpp_interfaces/include/turtlesim_cpp_interfaces/msg/turtle.hpp
[1.008s] -- Up-to-date: /home/tomo/ae7785-intro-to-robo/turtlesim_cpp_ws/install/turtlesim_cpp_interfaces/include/turtlesim_cpp_interfaces/msg/turtle_array.hpp
[1.008s] -- Up-to-date: /home/tomo/ae7785-intro-to-robo/turtlesim_cpp_ws/install/turtlesim_cpp_interfaces/include/turtlesim_cpp_interfaces/msg/detail
[1.008s] -- Up-to-date: /home/tomo/ae7785-intro-to-robo/turtlesim_cpp_ws/install/turtlesim_cpp_interfaces/include/turtlesim_cpp_interfaces/msg/detail/turtle__builder.hpp
[1.008s] -- Up-to-date: /home/tomo/ae7785-intro-to-robo/turtlesim_cpp_ws/install/turtlesim_cpp_interfaces/include/turtlesim_cpp_interfaces/msg/detail/turtle__struct.hpp
[1.008s] -- Up-to-date: /home/tomo/ae7785-intro-to-robo/turtlesim_cpp_ws/install/turtlesim_cpp_interfaces/include/turtlesim_cpp_interfaces/msg/detail/turtle_array__traits.hpp
[1.009s] -- Up-to-date: /home/tomo/ae7785-intro-to-robo/turtlesim_cpp_ws/install/turtlesim_cpp_interfaces/include/turtlesim_cpp_interfaces/msg/detail/turtle_array__builder.hpp
[1.009s] -- Up-to-date: /home/tomo/ae7785-intro-to-robo/turtlesim_cpp_ws/install/turtlesim_cpp_interfaces/include/turtlesim_cpp_interfaces/msg/detail/turtle__traits.hpp
[1.009s] -- Up-to-date: /home/tomo/ae7785-intro-to-robo/turtlesim_cpp_ws/install/turtlesim_cpp_interfaces/include/turtlesim_cpp_interfaces/msg/detail/turtle_array__struct.hpp
[1.009s] -- Up-to-date: /home/tomo/ae7785-intro-to-robo/turtlesim_cpp_ws/install/turtlesim_cpp_interfaces/include/turtlesim_cpp_interfaces
[1.009s] -- Up-to-date: /home/tomo/ae7785-intro-to-robo/turtlesim_cpp_ws/install/turtlesim_cpp_interfaces/include/turtlesim_cpp_interfaces/srv
[1.009s] -- Up-to-date: /home/tomo/ae7785-intro-to-robo/turtlesim_cpp_ws/install/turtlesim_cpp_interfaces/include/turtlesim_cpp_interfaces/srv/detail
[1.009s] -- Up-to-date: /home/tomo/ae7785-intro-to-robo/turtlesim_cpp_ws/install/turtlesim_cpp_interfaces/include/turtlesim_cpp_interfaces/srv/detail/catch_turtle__type_support.cpp
[1.009s] -- Up-to-date: /home/tomo/ae7785-intro-to-robo/turtlesim_cpp_ws/install/turtlesim_cpp_interfaces/include/turtlesim_cpp_interfaces/srv/detail/catch_turtle__rosidl_typesupport_introspection_cpp.hpp
[1.009s] -- Up-to-date: /home/tomo/ae7785-intro-to-robo/turtlesim_cpp_ws/install/turtlesim_cpp_interfaces/include/turtlesim_cpp_interfaces/msg
[1.010s] -- Up-to-date: /home/tomo/ae7785-intro-to-robo/turtlesim_cpp_ws/install/turtlesim_cpp_interfaces/include/turtlesim_cpp_interfaces/msg/detail
[1.010s] -- Up-to-date: /home/tomo/ae7785-intro-to-robo/turtlesim_cpp_ws/install/turtlesim_cpp_interfaces/include/turtlesim_cpp_interfaces/msg/detail/turtle__rosidl_typesupport_introspection_cpp.hpp
[1.011s] -- Up-to-date: /home/tomo/ae7785-intro-to-robo/turtlesim_cpp_ws/install/turtlesim_cpp_interfaces/include/turtlesim_cpp_interfaces/msg/detail/turtle_array__type_support.cpp
[1.011s] -- Up-to-date: /home/tomo/ae7785-intro-to-robo/turtlesim_cpp_ws/install/turtlesim_cpp_interfaces/include/turtlesim_cpp_interfaces/msg/detail/turtle_array__rosidl_typesupport_introspection_cpp.hpp
[1.011s] -- Up-to-date: /home/tomo/ae7785-intro-to-robo/turtlesim_cpp_ws/install/turtlesim_cpp_interfaces/include/turtlesim_cpp_interfaces/msg/detail/turtle__type_support.cpp
[1.011s] -- Up-to-date: /home/tomo/ae7785-intro-to-robo/turtlesim_cpp_ws/install/turtlesim_cpp_interfaces/lib/libturtlesim_cpp_interfaces__rosidl_typesupport_introspection_cpp.so
[1.011s] -- Up-to-date: /home/tomo/ae7785-intro-to-robo/turtlesim_cpp_ws/install/turtlesim_cpp_interfaces/lib/libturtlesim_cpp_interfaces__rosidl_typesupport_cpp.so
[1.011s] -- Up-to-date: /home/tomo/ae7785-intro-to-robo/turtlesim_cpp_ws/install/turtlesim_cpp_interfaces/share/turtlesim_cpp_interfaces/environment/pythonpath.sh
[1.011s] -- Up-to-date: /home/tomo/ae7785-intro-to-robo/turtlesim_cpp_ws/install/turtlesim_cpp_interfaces/share/turtlesim_cpp_interfaces/environment/pythonpath.dsv
[1.012s] -- Up-to-date: /home/tomo/ae7785-intro-to-robo/turtlesim_cpp_ws/install/turtlesim_cpp_interfaces/lib/python3.8/site-packages/turtlesim_cpp_interfaces/__init__.py
[1.065s] -- Up-to-date: /home/tomo/ae7785-intro-to-robo/turtlesim_cpp_ws/install/turtlesim_cpp_interfaces/lib/python3.8/site-packages/turtlesim_cpp_interfaces/msg
[1.065s] -- Up-to-date: /home/tomo/ae7785-intro-to-robo/turtlesim_cpp_ws/install/turtlesim_cpp_interfaces/lib/python3.8/site-packages/turtlesim_cpp_interfaces/msg/_turtle.py
[1.065s] -- Up-to-date: /home/tomo/ae7785-intro-to-robo/turtlesim_cpp_ws/install/turtlesim_cpp_interfaces/lib/python3.8/site-packages/turtlesim_cpp_interfaces/msg/_turtle_array_s.c
[1.065s] -- Up-to-date: /home/tomo/ae7785-intro-to-robo/turtlesim_cpp_ws/install/turtlesim_cpp_interfaces/lib/python3.8/site-packages/turtlesim_cpp_interfaces/msg/__init__.py
[1.065s] -- Up-to-date: /home/tomo/ae7785-intro-to-robo/turtlesim_cpp_ws/install/turtlesim_cpp_interfaces/lib/python3.8/site-packages/turtlesim_cpp_interfaces/msg/_turtle_array.py
[1.065s] -- Up-to-date: /home/tomo/ae7785-intro-to-robo/turtlesim_cpp_ws/install/turtlesim_cpp_interfaces/lib/python3.8/site-packages/turtlesim_cpp_interfaces/msg/_turtle_s.c
[1.065s] -- Up-to-date: /home/tomo/ae7785-intro-to-robo/turtlesim_cpp_ws/install/turtlesim_cpp_interfaces/lib/python3.8/site-packages/turtlesim_cpp_interfaces/srv
[1.066s] -- Up-to-date: /home/tomo/ae7785-intro-to-robo/turtlesim_cpp_ws/install/turtlesim_cpp_interfaces/lib/python3.8/site-packages/turtlesim_cpp_interfaces/srv/__init__.py
[1.066s] -- Up-to-date: /home/tomo/ae7785-intro-to-robo/turtlesim_cpp_ws/install/turtlesim_cpp_interfaces/lib/python3.8/site-packages/turtlesim_cpp_interfaces/srv/_catch_turtle.py
[1.066s] -- Up-to-date: /home/tomo/ae7785-intro-to-robo/turtlesim_cpp_ws/install/turtlesim_cpp_interfaces/lib/python3.8/site-packages/turtlesim_cpp_interfaces/srv/_catch_turtle_s.c
[1.066s] -- Up-to-date: /home/tomo/ae7785-intro-to-robo/turtlesim_cpp_ws/install/turtlesim_cpp_interfaces/lib/python3.8/site-packages/turtlesim_cpp_interfaces/turtlesim_cpp_interfaces_s__rosidl_typesupport_fastrtps_c.cpython-38-x86_64-linux-gnu.so
[1.066s] -- Up-to-date: /home/tomo/ae7785-intro-to-robo/turtlesim_cpp_ws/install/turtlesim_cpp_interfaces/lib/python3.8/site-packages/turtlesim_cpp_interfaces/turtlesim_cpp_interfaces_s__rosidl_typesupport_introspection_c.cpython-38-x86_64-linux-gnu.so
[1.066s] -- Up-to-date: /home/tomo/ae7785-intro-to-robo/turtlesim_cpp_ws/install/turtlesim_cpp_interfaces/lib/python3.8/site-packages/turtlesim_cpp_interfaces/turtlesim_cpp_interfaces_s__rosidl_typesupport_c.cpython-38-x86_64-linux-gnu.so
[1.066s] -- Up-to-date: /home/tomo/ae7785-intro-to-robo/turtlesim_cpp_ws/install/turtlesim_cpp_interfaces/lib/libturtlesim_cpp_interfaces__python.so
[1.066s] -- Up-to-date: /home/tomo/ae7785-intro-to-robo/turtlesim_cpp_ws/install/turtlesim_cpp_interfaces/share/turtlesim_cpp_interfaces/msg/Turtle.idl
[1.066s] -- Up-to-date: /home/tomo/ae7785-intro-to-robo/turtlesim_cpp_ws/install/turtlesim_cpp_interfaces/share/turtlesim_cpp_interfaces/msg/TurtleArray.idl
[1.067s] -- Up-to-date: /home/tomo/ae7785-intro-to-robo/turtlesim_cpp_ws/install/turtlesim_cpp_interfaces/share/turtlesim_cpp_interfaces/srv/CatchTurtle.idl
[1.067s] -- Up-to-date: /home/tomo/ae7785-intro-to-robo/turtlesim_cpp_ws/install/turtlesim_cpp_interfaces/share/turtlesim_cpp_interfaces/msg/Turtle.msg
[1.067s] -- Up-to-date: /home/tomo/ae7785-intro-to-robo/turtlesim_cpp_ws/install/turtlesim_cpp_interfaces/share/turtlesim_cpp_interfaces/msg/TurtleArray.msg
[1.067s] -- Up-to-date: /home/tomo/ae7785-intro-to-robo/turtlesim_cpp_ws/install/turtlesim_cpp_interfaces/share/turtlesim_cpp_interfaces/srv/CatchTurtle.srv
[1.067s] -- Up-to-date: /home/tomo/ae7785-intro-to-robo/turtlesim_cpp_ws/install/turtlesim_cpp_interfaces/share/turtlesim_cpp_interfaces/srv/CatchTurtle_Request.msg
[1.067s] -- Up-to-date: /home/tomo/ae7785-intro-to-robo/turtlesim_cpp_ws/install/turtlesim_cpp_interfaces/share/turtlesim_cpp_interfaces/srv/CatchTurtle_Response.msg
[1.067s] -- Up-to-date: /home/tomo/ae7785-intro-to-robo/turtlesim_cpp_ws/install/turtlesim_cpp_interfaces/share/ament_index/resource_index/package_run_dependencies/turtlesim_cpp_interfaces
[1.067s] -- Up-to-date: /home/tomo/ae7785-intro-to-robo/turtlesim_cpp_ws/install/turtlesim_cpp_interfaces/share/ament_index/resource_index/parent_prefix_path/turtlesim_cpp_interfaces
[1.068s] -- Up-to-date: /home/tomo/ae7785-intro-to-robo/turtlesim_cpp_ws/install/turtlesim_cpp_interfaces/share/turtlesim_cpp_interfaces/environment/ament_prefix_path.sh
[1.068s] -- Up-to-date: /home/tomo/ae7785-intro-to-robo/turtlesim_cpp_ws/install/turtlesim_cpp_interfaces/share/turtlesim_cpp_interfaces/environment/ament_prefix_path.dsv
[1.068s] -- Up-to-date: /home/tomo/ae7785-intro-to-robo/turtlesim_cpp_ws/install/turtlesim_cpp_interfaces/share/turtlesim_cpp_interfaces/environment/path.sh
[1.068s] -- Up-to-date: /home/tomo/ae7785-intro-to-robo/turtlesim_cpp_ws/install/turtlesim_cpp_interfaces/share/turtlesim_cpp_interfaces/environment/path.dsv
[1.069s] -- Up-to-date: /home/tomo/ae7785-intro-to-robo/turtlesim_cpp_ws/install/turtlesim_cpp_interfaces/share/turtlesim_cpp_interfaces/local_setup.bash
[1.069s] -- Up-to-date: /home/tomo/ae7785-intro-to-robo/turtlesim_cpp_ws/install/turtlesim_cpp_interfaces/share/turtlesim_cpp_interfaces/local_setup.sh
[1.069s] -- Up-to-date: /home/tomo/ae7785-intro-to-robo/turtlesim_cpp_ws/install/turtlesim_cpp_interfaces/share/turtlesim_cpp_interfaces/local_setup.zsh
[1.070s] -- Up-to-date: /home/tomo/ae7785-intro-to-robo/turtlesim_cpp_ws/install/turtlesim_cpp_interfaces/share/turtlesim_cpp_interfaces/local_setup.dsv
[1.070s] -- Installing: /home/tomo/ae7785-intro-to-robo/turtlesim_cpp_ws/install/turtlesim_cpp_interfaces/share/turtlesim_cpp_interfaces/package.dsv
[1.070s] -- Up-to-date: /home/tomo/ae7785-intro-to-robo/turtlesim_cpp_ws/install/turtlesim_cpp_interfaces/share/ament_index/resource_index/packages/turtlesim_cpp_interfaces
[1.071s] -- Up-to-date: /home/tomo/ae7785-intro-to-robo/turtlesim_cpp_ws/install/turtlesim_cpp_interfaces/share/turtlesim_cpp_interfaces/cmake/turtlesim_cpp_interfaces__rosidl_generator_cExport.cmake
[1.071s] -- Up-to-date: /home/tomo/ae7785-intro-to-robo/turtlesim_cpp_ws/install/turtlesim_cpp_interfaces/share/turtlesim_cpp_interfaces/cmake/turtlesim_cpp_interfaces__rosidl_generator_cExport-noconfig.cmake
[1.071s] -- Up-to-date: /home/tomo/ae7785-intro-to-robo/turtlesim_cpp_ws/install/turtlesim_cpp_interfaces/share/turtlesim_cpp_interfaces/cmake/turtlesim_cpp_interfaces__rosidl_typesupport_introspection_cExport.cmake
[1.072s] -- Up-to-date: /home/tomo/ae7785-intro-to-robo/turtlesim_cpp_ws/install/turtlesim_cpp_interfaces/share/turtlesim_cpp_interfaces/cmake/turtlesim_cpp_interfaces__rosidl_typesupport_introspection_cExport-noconfig.cmake
[1.072s] -- Up-to-date: /home/tomo/ae7785-intro-to-robo/turtlesim_cpp_ws/install/turtlesim_cpp_interfaces/share/turtlesim_cpp_interfaces/cmake/turtlesim_cpp_interfaces__rosidl_typesupport_cExport.cmake
[1.073s] -- Up-to-date: /home/tomo/ae7785-intro-to-robo/turtlesim_cpp_ws/install/turtlesim_cpp_interfaces/share/turtlesim_cpp_interfaces/cmake/turtlesim_cpp_interfaces__rosidl_typesupport_cExport-noconfig.cmake
[1.073s] -- Up-to-date: /home/tomo/ae7785-intro-to-robo/turtlesim_cpp_ws/install/turtlesim_cpp_interfaces/share/turtlesim_cpp_interfaces/cmake/turtlesim_cpp_interfaces__rosidl_generator_cppExport.cmake
[1.073s] -- Up-to-date: /home/tomo/ae7785-intro-to-robo/turtlesim_cpp_ws/install/turtlesim_cpp_interfaces/share/turtlesim_cpp_interfaces/cmake/turtlesim_cpp_interfaces__rosidl_typesupport_introspection_cppExport.cmake
[1.073s] -- Up-to-date: /home/tomo/ae7785-intro-to-robo/turtlesim_cpp_ws/install/turtlesim_cpp_interfaces/share/turtlesim_cpp_interfaces/cmake/turtlesim_cpp_interfaces__rosidl_typesupport_introspection_cppExport-noconfig.cmake
[1.073s] -- Up-to-date: /home/tomo/ae7785-intro-to-robo/turtlesim_cpp_ws/install/turtlesim_cpp_interfaces/share/turtlesim_cpp_interfaces/cmake/turtlesim_cpp_interfaces__rosidl_typesupport_cppExport.cmake
[1.073s] -- Up-to-date: /home/tomo/ae7785-intro-to-robo/turtlesim_cpp_ws/install/turtlesim_cpp_interfaces/share/turtlesim_cpp_interfaces/cmake/turtlesim_cpp_interfaces__rosidl_typesupport_cppExport-noconfig.cmake
[1.073s] -- Up-to-date: /home/tomo/ae7785-intro-to-robo/turtlesim_cpp_ws/install/turtlesim_cpp_interfaces/share/turtlesim_cpp_interfaces/cmake/rosidl_cmake-extras.cmake
[1.074s] -- Up-to-date: /home/tomo/ae7785-intro-to-robo/turtlesim_cpp_ws/install/turtlesim_cpp_interfaces/share/turtlesim_cpp_interfaces/cmake/ament_cmake_export_dependencies-extras.cmake
[1.074s] -- Up-to-date: /home/tomo/ae7785-intro-to-robo/turtlesim_cpp_ws/install/turtlesim_cpp_interfaces/share/turtlesim_cpp_interfaces/cmake/ament_cmake_export_libraries-extras.cmake
[1.074s] -- Up-to-date: /home/tomo/ae7785-intro-to-robo/turtlesim_cpp_ws/install/turtlesim_cpp_interfaces/share/turtlesim_cpp_interfaces/cmake/ament_cmake_export_targets-extras.cmake
[1.074s] -- Up-to-date: /home/tomo/ae7785-intro-to-robo/turtlesim_cpp_ws/install/turtlesim_cpp_interfaces/share/turtlesim_cpp_interfaces/cmake/ament_cmake_export_include_directories-extras.cmake
[1.074s] -- Up-to-date: /home/tomo/ae7785-intro-to-robo/turtlesim_cpp_ws/install/turtlesim_cpp_interfaces/share/turtlesim_cpp_interfaces/cmake/rosidl_cmake_export_typesupport_libraries-extras.cmake
[1.074s] -- Up-to-date: /home/tomo/ae7785-intro-to-robo/turtlesim_cpp_ws/install/turtlesim_cpp_interfaces/share/turtlesim_cpp_interfaces/cmake/rosidl_cmake_export_typesupport_targets-extras.cmake
[1.074s] -- Up-to-date: /home/tomo/ae7785-intro-to-robo/turtlesim_cpp_ws/install/turtlesim_cpp_interfaces/share/turtlesim_cpp_interfaces/cmake/turtlesim_cpp_interfacesConfig.cmake
[1.074s] -- Up-to-date: /home/tomo/ae7785-intro-to-robo/turtlesim_cpp_ws/install/turtlesim_cpp_interfaces/share/turtlesim_cpp_interfaces/cmake/turtlesim_cpp_interfacesConfig-version.cmake
[1.074s] -- Up-to-date: /home/tomo/ae7785-intro-to-robo/turtlesim_cpp_ws/install/turtlesim_cpp_interfaces/share/turtlesim_cpp_interfaces/package.xml
[1.082s] Invoked command in '/home/tomo/ae7785-intro-to-robo/turtlesim_cpp_ws/build/turtlesim_cpp_interfaces' returned '0': CMAKE_PREFIX_PATH=${CMAKE_PREFIX_PATH}:/home/tomo/ae7785-intro-to-robo/turtlesim_ws/install/turtlesim_chaser:/home/tomo/Documents/turtlebot3_ws/install/turtlebot3_teleop:/home/tomo/Documents/turtlebot3_ws/install/turtlebot3_example:/opt/ros/foxy /usr/bin/cmake --install /home/tomo/ae7785-intro-to-robo/turtlesim_cpp_ws/build/turtlesim_cpp_interfaces
