[2.659s] Invoking command in '/home/tomo/ae7785-intro-to-robo/ros2_ws/src/team99_object_follower': PYTHONPATH=/home/tomo/ae7785-intro-to-robo/ros2_ws/build/team99_object_follower/prefix_override:/home/tomo/ae7785-intro-to-robo/ros2_ws/install/team99_object_follower/lib/python3.8/site-packages:${PYTHONPATH} /usr/bin/python3 setup.py egg_info --egg-base ../../build/team99_object_follower build --build-base /home/tomo/ae7785-intro-to-robo/ros2_ws/build/team99_object_follower/build install --record /home/tomo/ae7785-intro-to-robo/ros2_ws/build/team99_object_follower/install.log --install-scripts $base/lib/team99_object_follower --single-version-externally-managed
[2.971s] running egg_info
[2.972s] writing ../../build/team99_object_follower/team99_object_follower.egg-info/PKG-INFO
[2.972s] writing dependency_links to ../../build/team99_object_follower/team99_object_follower.egg-info/dependency_links.txt
[2.973s] writing entry points to ../../build/team99_object_follower/team99_object_follower.egg-info/entry_points.txt
[2.974s] writing requirements to ../../build/team99_object_follower/team99_object_follower.egg-info/requires.txt
[2.974s] writing top-level names to ../../build/team99_object_follower/team99_object_follower.egg-info/top_level.txt
[3.089s] reading manifest file '../../build/team99_object_follower/team99_object_follower.egg-info/SOURCES.txt'
[3.100s] writing manifest file '../../build/team99_object_follower/team99_object_follower.egg-info/SOURCES.txt'
[3.100s] running build
[3.101s] running build_py
[3.101s] copying team99_object_follower/rotate_robot.py -> /home/tomo/ae7785-intro-to-robo/ros2_ws/build/team99_object_follower/build/lib/team99_object_follower
[3.101s] copying team99_object_follower/find_object.py -> /home/tomo/ae7785-intro-to-robo/ros2_ws/build/team99_object_follower/build/lib/team99_object_follower
[3.103s] running install
[3.104s] running install_lib
[3.105s] copying /home/tomo/ae7785-intro-to-robo/ros2_ws/build/team99_object_follower/build/lib/team99_object_follower/rotate_robot.py -> /home/tomo/ae7785-intro-to-robo/ros2_ws/install/team99_object_follower/lib/python3.8/site-packages/team99_object_follower
[3.106s] copying /home/tomo/ae7785-intro-to-robo/ros2_ws/build/team99_object_follower/build/lib/team99_object_follower/find_object.py -> /home/tomo/ae7785-intro-to-robo/ros2_ws/install/team99_object_follower/lib/python3.8/site-packages/team99_object_follower
[3.107s] byte-compiling /home/tomo/ae7785-intro-to-robo/ros2_ws/install/team99_object_follower/lib/python3.8/site-packages/team99_object_follower/rotate_robot.py to rotate_robot.cpython-38.pyc
[3.109s] byte-compiling /home/tomo/ae7785-intro-to-robo/ros2_ws/install/team99_object_follower/lib/python3.8/site-packages/team99_object_follower/find_object.py to find_object.cpython-38.pyc
[3.111s] running install_data
[3.113s] copying package.xml -> /home/tomo/ae7785-intro-to-robo/ros2_ws/install/team99_object_follower/share/team99_object_follower
[3.114s] running install_egg_info
[3.117s] removing '/home/tomo/ae7785-intro-to-robo/ros2_ws/install/team99_object_follower/lib/python3.8/site-packages/team99_object_follower-0.0.0-py3.8.egg-info' (and everything under it)
[3.118s] Copying ../../build/team99_object_follower/team99_object_follower.egg-info to /home/tomo/ae7785-intro-to-robo/ros2_ws/install/team99_object_follower/lib/python3.8/site-packages/team99_object_follower-0.0.0-py3.8.egg-info
[3.121s] running install_scripts
[3.145s] Installing find_object script to /home/tomo/ae7785-intro-to-robo/ros2_ws/install/team99_object_follower/lib/team99_object_follower
[3.145s] Installing rotate_robot script to /home/tomo/ae7785-intro-to-robo/ros2_ws/install/team99_object_follower/lib/team99_object_follower
[3.146s] writing list of installed files to '/home/tomo/ae7785-intro-to-robo/ros2_ws/build/team99_object_follower/install.log'
[3.179s] Invoked command in '/home/tomo/ae7785-intro-to-robo/ros2_ws/src/team99_object_follower' returned '0': PYTHONPATH=/home/tomo/ae7785-intro-to-robo/ros2_ws/build/team99_object_follower/prefix_override:/home/tomo/ae7785-intro-to-robo/ros2_ws/install/team99_object_follower/lib/python3.8/site-packages:${PYTHONPATH} /usr/bin/python3 setup.py egg_info --egg-base ../../build/team99_object_follower build --build-base /home/tomo/ae7785-intro-to-robo/ros2_ws/build/team99_object_follower/build install --record /home/tomo/ae7785-intro-to-robo/ros2_ws/build/team99_object_follower/install.log --install-scripts $base/lib/team99_object_follower --single-version-externally-managed
