[0.444s] Invoking command in '/home/tomo/ae7785-intro-to-robo/ros2_ws/build/object_follower_bringup': CMAKE_PREFIX_PATH=${CMAKE_PREFIX_PATH}:/home/tomo/ae7785-intro-to-robo/ros2_ws/install/team99_object_follower:/opt/ros/foxy /usr/bin/cmake --build /home/tomo/ae7785-intro-to-robo/ros2_ws/build/object_follower_bringup -- -j6 -l6
[0.534s] Invoked command in '/home/tomo/ae7785-intro-to-robo/ros2_ws/build/object_follower_bringup' returned '0': CMAKE_PREFIX_PATH=${CMAKE_PREFIX_PATH}:/home/tomo/ae7785-intro-to-robo/ros2_ws/install/team99_object_follower:/opt/ros/foxy /usr/bin/cmake --build /home/tomo/ae7785-intro-to-robo/ros2_ws/build/object_follower_bringup -- -j6 -l6
[0.592s] Invoking command in '/home/tomo/ae7785-intro-to-robo/ros2_ws/build/object_follower_bringup': CMAKE_PREFIX_PATH=${CMAKE_PREFIX_PATH}:/home/tomo/ae7785-intro-to-robo/ros2_ws/install/team99_object_follower:/opt/ros/foxy /usr/bin/cmake --install /home/tomo/ae7785-intro-to-robo/ros2_ws/build/object_follower_bringup
[0.614s] -- Install configuration: ""
[0.614s] -- Up-to-date: /home/tomo/ae7785-intro-to-robo/ros2_ws/install/object_follower_bringup/share/object_follower_bringup/launch
[0.615s] -- Up-to-date: /home/tomo/ae7785-intro-to-robo/ros2_ws/install/object_follower_bringup/share/object_follower_bringup/launch/object_follower.launch.py
[0.615s] -- Up-to-date: /home/tomo/ae7785-intro-to-robo/ros2_ws/install/object_follower_bringup/share/ament_index/resource_index/package_run_dependencies/object_follower_bringup
[0.615s] -- Up-to-date: /home/tomo/ae7785-intro-to-robo/ros2_ws/install/object_follower_bringup/share/ament_index/resource_index/parent_prefix_path/object_follower_bringup
[0.619s] -- Up-to-date: /home/tomo/ae7785-intro-to-robo/ros2_ws/install/object_follower_bringup/share/object_follower_bringup/environment/ament_prefix_path.sh
[0.620s] -- Up-to-date: /home/tomo/ae7785-intro-to-robo/ros2_ws/install/object_follower_bringup/share/object_follower_bringup/environment/ament_prefix_path.dsv
[0.622s] -- Up-to-date: /home/tomo/ae7785-intro-to-robo/ros2_ws/install/object_follower_bringup/share/object_follower_bringup/environment/path.sh
[0.622s] -- Up-to-date: /home/tomo/ae7785-intro-to-robo/ros2_ws/install/object_follower_bringup/share/object_follower_bringup/environment/path.dsv
[0.622s] -- Up-to-date: /home/tomo/ae7785-intro-to-robo/ros2_ws/install/object_follower_bringup/share/object_follower_bringup/local_setup.bash
[0.625s] -- Up-to-date: /home/tomo/ae7785-intro-to-robo/ros2_ws/install/object_follower_bringup/share/object_follower_bringup/local_setup.sh
[0.625s] -- Up-to-date: /home/tomo/ae7785-intro-to-robo/ros2_ws/install/object_follower_bringup/share/object_follower_bringup/local_setup.zsh
[0.626s] -- Up-to-date: /home/tomo/ae7785-intro-to-robo/ros2_ws/install/object_follower_bringup/share/object_follower_bringup/local_setup.dsv
[0.626s] -- Up-to-date: /home/tomo/ae7785-intro-to-robo/ros2_ws/install/object_follower_bringup/share/object_follower_bringup/package.dsv
[0.629s] -- Up-to-date: /home/tomo/ae7785-intro-to-robo/ros2_ws/install/object_follower_bringup/share/ament_index/resource_index/packages/object_follower_bringup
[0.630s] -- Up-to-date: /home/tomo/ae7785-intro-to-robo/ros2_ws/install/object_follower_bringup/share/object_follower_bringup/cmake/object_follower_bringupConfig.cmake
[0.630s] -- Up-to-date: /home/tomo/ae7785-intro-to-robo/ros2_ws/install/object_follower_bringup/share/object_follower_bringup/cmake/object_follower_bringupConfig-version.cmake
[0.630s] -- Up-to-date: /home/tomo/ae7785-intro-to-robo/ros2_ws/install/object_follower_bringup/share/object_follower_bringup/package.xml
[0.645s] Invoked command in '/home/tomo/ae7785-intro-to-robo/ros2_ws/build/object_follower_bringup' returned '0': CMAKE_PREFIX_PATH=${CMAKE_PREFIX_PATH}:/home/tomo/ae7785-intro-to-robo/ros2_ws/install/team99_object_follower:/opt/ros/foxy /usr/bin/cmake --install /home/tomo/ae7785-intro-to-robo/ros2_ws/build/object_follower_bringup
