[0.043s] Invoking command in '/home/tomo/Documents/ae7785-intro-to-robo/ros2_demo_ws/build/my_cpp_pkg': CMAKE_PREFIX_PATH=${CMAKE_PREFIX_PATH}:/home/tomo/Documents/ae7785-intro-to-robo/ros2_demo_ws/install/my_py_pkg:/home/tomo/Documents/turtlebot3_ws/install/turtlebot3_teleop:/home/tomo/Documents/turtlebot3_ws/install/turtlebot3_example:/opt/ros/foxy /usr/bin/cmake --build /home/tomo/Documents/ae7785-intro-to-robo/ros2_demo_ws/build/my_cpp_pkg -- -j6 -l6
[0.188s] [100%] Built target cpp_node
[0.222s] Invoked command in '/home/tomo/Documents/ae7785-intro-to-robo/ros2_demo_ws/build/my_cpp_pkg' returned '0': CMAKE_PREFIX_PATH=${CMAKE_PREFIX_PATH}:/home/tomo/Documents/ae7785-intro-to-robo/ros2_demo_ws/install/my_py_pkg:/home/tomo/Documents/turtlebot3_ws/install/turtlebot3_teleop:/home/tomo/Documents/turtlebot3_ws/install/turtlebot3_example:/opt/ros/foxy /usr/bin/cmake --build /home/tomo/Documents/ae7785-intro-to-robo/ros2_demo_ws/build/my_cpp_pkg -- -j6 -l6
[0.329s] Invoking command in '/home/tomo/Documents/ae7785-intro-to-robo/ros2_demo_ws/build/my_cpp_pkg': CMAKE_PREFIX_PATH=${CMAKE_PREFIX_PATH}:/home/tomo/Documents/ae7785-intro-to-robo/ros2_demo_ws/install/my_py_pkg:/home/tomo/Documents/turtlebot3_ws/install/turtlebot3_teleop:/home/tomo/Documents/turtlebot3_ws/install/turtlebot3_example:/opt/ros/foxy /usr/bin/cmake --install /home/tomo/Documents/ae7785-intro-to-robo/ros2_demo_ws/build/my_cpp_pkg
[0.346s] -- Install configuration: ""
[0.347s] -- Execute custom install script
[0.348s] -- Up-to-date symlink: /home/tomo/Documents/ae7785-intro-to-robo/ros2_demo_ws/install/my_cpp_pkg/lib/my_cpp_pkg/cpp_node
[0.349s] -- Up-to-date symlink: /home/tomo/Documents/ae7785-intro-to-robo/ros2_demo_ws/install/my_cpp_pkg/share/ament_index/resource_index/package_run_dependencies/my_cpp_pkg
[0.350s] -- Up-to-date symlink: /home/tomo/Documents/ae7785-intro-to-robo/ros2_demo_ws/install/my_cpp_pkg/share/ament_index/resource_index/parent_prefix_path/my_cpp_pkg
[0.351s] -- Up-to-date symlink: /home/tomo/Documents/ae7785-intro-to-robo/ros2_demo_ws/install/my_cpp_pkg/share/my_cpp_pkg/environment/ament_prefix_path.sh
[0.351s] -- Up-to-date symlink: /home/tomo/Documents/ae7785-intro-to-robo/ros2_demo_ws/install/my_cpp_pkg/share/my_cpp_pkg/environment/ament_prefix_path.dsv
[0.352s] -- Up-to-date symlink: /home/tomo/Documents/ae7785-intro-to-robo/ros2_demo_ws/install/my_cpp_pkg/share/my_cpp_pkg/environment/path.sh
[0.352s] -- Up-to-date symlink: /home/tomo/Documents/ae7785-intro-to-robo/ros2_demo_ws/install/my_cpp_pkg/share/my_cpp_pkg/environment/path.dsv
[0.353s] -- Up-to-date symlink: /home/tomo/Documents/ae7785-intro-to-robo/ros2_demo_ws/install/my_cpp_pkg/share/my_cpp_pkg/local_setup.bash
[0.354s] -- Up-to-date symlink: /home/tomo/Documents/ae7785-intro-to-robo/ros2_demo_ws/install/my_cpp_pkg/share/my_cpp_pkg/local_setup.sh
[0.354s] -- Up-to-date symlink: /home/tomo/Documents/ae7785-intro-to-robo/ros2_demo_ws/install/my_cpp_pkg/share/my_cpp_pkg/local_setup.zsh
[0.355s] -- Up-to-date symlink: /home/tomo/Documents/ae7785-intro-to-robo/ros2_demo_ws/install/my_cpp_pkg/share/my_cpp_pkg/local_setup.dsv
[0.356s] -- Symlinking: /home/tomo/Documents/ae7785-intro-to-robo/ros2_demo_ws/install/my_cpp_pkg/share/my_cpp_pkg/package.dsv
[0.377s] -- Up-to-date symlink: /home/tomo/Documents/ae7785-intro-to-robo/ros2_demo_ws/install/my_cpp_pkg/share/ament_index/resource_index/packages/my_cpp_pkg
[0.380s] -- Up-to-date symlink: /home/tomo/Documents/ae7785-intro-to-robo/ros2_demo_ws/install/my_cpp_pkg/share/my_cpp_pkg/cmake/my_cpp_pkgConfig.cmake
[0.380s] -- Up-to-date symlink: /home/tomo/Documents/ae7785-intro-to-robo/ros2_demo_ws/install/my_cpp_pkg/share/my_cpp_pkg/cmake/my_cpp_pkgConfig-version.cmake
[0.381s] -- Up-to-date symlink: /home/tomo/Documents/ae7785-intro-to-robo/ros2_demo_ws/install/my_cpp_pkg/share/my_cpp_pkg/package.xml
[0.384s] Invoked command in '/home/tomo/Documents/ae7785-intro-to-robo/ros2_demo_ws/build/my_cpp_pkg' returned '0': CMAKE_PREFIX_PATH=${CMAKE_PREFIX_PATH}:/home/tomo/Documents/ae7785-intro-to-robo/ros2_demo_ws/install/my_py_pkg:/home/tomo/Documents/turtlebot3_ws/install/turtlebot3_teleop:/home/tomo/Documents/turtlebot3_ws/install/turtlebot3_example:/opt/ros/foxy /usr/bin/cmake --install /home/tomo/Documents/ae7785-intro-to-robo/ros2_demo_ws/build/my_cpp_pkg
