[0.052s] Invoking command in '/home/tomo/ae7785-intro-to-robo/ros2_ws/build/team99_object_follower_bringup': AMENT_PREFIX_PATH=/home/tomo/ae7785-intro-to-robo/ros2_ws/install/team99_object_follower:${AMENT_PREFIX_PATH} CMAKE_PREFIX_PATH=${CMAKE_PREFIX_PATH}:/home/tomo/ae7785-intro-to-robo/turtlesim_ws/install/turtlesim_chaser:/home/tomo/Documents/turtlebot3_ws/install/turtlebot3_teleop:/home/tomo/Documents/turtlebot3_ws/install/turtlebot3_example:/opt/ros/foxy PYTHONPATH=/home/tomo/ae7785-intro-to-robo/ros2_ws/install/team99_object_follower/lib/python3.8/site-packages:${PYTHONPATH} /usr/bin/cmake --build /home/tomo/ae7785-intro-to-robo/ros2_ws/build/team99_object_follower_bringup -- -j6 -l6
[0.143s] Invoked command in '/home/tomo/ae7785-intro-to-robo/ros2_ws/build/team99_object_follower_bringup' returned '0': AMENT_PREFIX_PATH=/home/tomo/ae7785-intro-to-robo/ros2_ws/install/team99_object_follower:${AMENT_PREFIX_PATH} CMAKE_PREFIX_PATH=${CMAKE_PREFIX_PATH}:/home/tomo/ae7785-intro-to-robo/turtlesim_ws/install/turtlesim_chaser:/home/tomo/Documents/turtlebot3_ws/install/turtlebot3_teleop:/home/tomo/Documents/turtlebot3_ws/install/turtlebot3_example:/opt/ros/foxy PYTHONPATH=/home/tomo/ae7785-intro-to-robo/ros2_ws/install/team99_object_follower/lib/python3.8/site-packages:${PYTHONPATH} /usr/bin/cmake --build /home/tomo/ae7785-intro-to-robo/ros2_ws/build/team99_object_follower_bringup -- -j6 -l6
[0.213s] Invoking command in '/home/tomo/ae7785-intro-to-robo/ros2_ws/build/team99_object_follower_bringup': AMENT_PREFIX_PATH=/home/tomo/ae7785-intro-to-robo/ros2_ws/install/team99_object_follower:${AMENT_PREFIX_PATH} CMAKE_PREFIX_PATH=${CMAKE_PREFIX_PATH}:/home/tomo/ae7785-intro-to-robo/turtlesim_ws/install/turtlesim_chaser:/home/tomo/Documents/turtlebot3_ws/install/turtlebot3_teleop:/home/tomo/Documents/turtlebot3_ws/install/turtlebot3_example:/opt/ros/foxy PYTHONPATH=/home/tomo/ae7785-intro-to-robo/ros2_ws/install/team99_object_follower/lib/python3.8/site-packages:${PYTHONPATH} /usr/bin/cmake --install /home/tomo/ae7785-intro-to-robo/ros2_ws/build/team99_object_follower_bringup
[0.277s] -- Install configuration: ""
[0.277s] -- Up-to-date: /home/tomo/ae7785-intro-to-robo/ros2_ws/install/team99_object_follower_bringup/share/team99_object_follower_bringup/launch
[0.278s] -- Up-to-date: /home/tomo/ae7785-intro-to-robo/ros2_ws/install/team99_object_follower_bringup/share/team99_object_follower_bringup/launch/team99_object_folower.launch.py
[0.278s] -- Up-to-date: /home/tomo/ae7785-intro-to-robo/ros2_ws/install/team99_object_follower_bringup/share/ament_index/resource_index/package_run_dependencies/team99_object_follower_bringup
[0.278s] -- Up-to-date: /home/tomo/ae7785-intro-to-robo/ros2_ws/install/team99_object_follower_bringup/share/ament_index/resource_index/parent_prefix_path/team99_object_follower_bringup
[0.278s] -- Up-to-date: /home/tomo/ae7785-intro-to-robo/ros2_ws/install/team99_object_follower_bringup/share/team99_object_follower_bringup/environment/ament_prefix_path.sh
[0.278s] -- Up-to-date: /home/tomo/ae7785-intro-to-robo/ros2_ws/install/team99_object_follower_bringup/share/team99_object_follower_bringup/environment/ament_prefix_path.dsv
[0.278s] -- Up-to-date: /home/tomo/ae7785-intro-to-robo/ros2_ws/install/team99_object_follower_bringup/share/team99_object_follower_bringup/environment/path.sh
[0.278s] -- Up-to-date: /home/tomo/ae7785-intro-to-robo/ros2_ws/install/team99_object_follower_bringup/share/team99_object_follower_bringup/environment/path.dsv
[0.278s] -- Up-to-date: /home/tomo/ae7785-intro-to-robo/ros2_ws/install/team99_object_follower_bringup/share/team99_object_follower_bringup/local_setup.bash
[0.279s] -- Up-to-date: /home/tomo/ae7785-intro-to-robo/ros2_ws/install/team99_object_follower_bringup/share/team99_object_follower_bringup/local_setup.sh
[0.279s] -- Up-to-date: /home/tomo/ae7785-intro-to-robo/ros2_ws/install/team99_object_follower_bringup/share/team99_object_follower_bringup/local_setup.zsh
[0.279s] -- Up-to-date: /home/tomo/ae7785-intro-to-robo/ros2_ws/install/team99_object_follower_bringup/share/team99_object_follower_bringup/local_setup.dsv
[0.279s] -- Up-to-date: /home/tomo/ae7785-intro-to-robo/ros2_ws/install/team99_object_follower_bringup/share/team99_object_follower_bringup/package.dsv
[0.279s] -- Up-to-date: /home/tomo/ae7785-intro-to-robo/ros2_ws/install/team99_object_follower_bringup/share/ament_index/resource_index/packages/team99_object_follower_bringup
[0.279s] -- Up-to-date: /home/tomo/ae7785-intro-to-robo/ros2_ws/install/team99_object_follower_bringup/share/team99_object_follower_bringup/cmake/team99_object_follower_bringupConfig.cmake
[0.279s] -- Up-to-date: /home/tomo/ae7785-intro-to-robo/ros2_ws/install/team99_object_follower_bringup/share/team99_object_follower_bringup/cmake/team99_object_follower_bringupConfig-version.cmake
[0.280s] -- Up-to-date: /home/tomo/ae7785-intro-to-robo/ros2_ws/install/team99_object_follower_bringup/share/team99_object_follower_bringup/package.xml
[0.285s] Invoked command in '/home/tomo/ae7785-intro-to-robo/ros2_ws/build/team99_object_follower_bringup' returned '0': AMENT_PREFIX_PATH=/home/tomo/ae7785-intro-to-robo/ros2_ws/install/team99_object_follower:${AMENT_PREFIX_PATH} CMAKE_PREFIX_PATH=${CMAKE_PREFIX_PATH}:/home/tomo/ae7785-intro-to-robo/turtlesim_ws/install/turtlesim_chaser:/home/tomo/Documents/turtlebot3_ws/install/turtlebot3_teleop:/home/tomo/Documents/turtlebot3_ws/install/turtlebot3_example:/opt/ros/foxy PYTHONPATH=/home/tomo/ae7785-intro-to-robo/ros2_ws/install/team99_object_follower/lib/python3.8/site-packages:${PYTHONPATH} /usr/bin/cmake --install /home/tomo/ae7785-intro-to-robo/ros2_ws/build/team99_object_follower_bringup
