[0.563s] Invoking command in '/home/tomo/ae7785-intro-to-robo/ros2_ws/build/turtlebot3_gazebo': CMAKE_PREFIX_PATH=${CMAKE_PREFIX_PATH}:/home/tomo/ae7785-intro-to-robo/turtlesim_ws/install/turtlesim_chaser:/home/tomo/Documents/turtlebot3_ws/install/turtlebot3_teleop:/home/tomo/Documents/turtlebot3_ws/install/turtlebot3_example:/opt/ros/foxy /usr/bin/cmake --build /home/tomo/ae7785-intro-to-robo/ros2_ws/build/turtlebot3_gazebo -- -j6 -l6
[2.463s] [ 25%] Built target turtlebot3_drive
[2.477s] [ 75%] Built target obstacle2
[2.477s] [ 75%] Built target obstacles
[2.482s] [100%] Built target obstacle1
[2.499s] Invoked command in '/home/tomo/ae7785-intro-to-robo/ros2_ws/build/turtlebot3_gazebo' returned '0': CMAKE_PREFIX_PATH=${CMAKE_PREFIX_PATH}:/home/tomo/ae7785-intro-to-robo/turtlesim_ws/install/turtlesim_chaser:/home/tomo/Documents/turtlebot3_ws/install/turtlebot3_teleop:/home/tomo/Documents/turtlebot3_ws/install/turtlebot3_example:/opt/ros/foxy /usr/bin/cmake --build /home/tomo/ae7785-intro-to-robo/ros2_ws/build/turtlebot3_gazebo -- -j6 -l6
[2.573s] Invoking command in '/home/tomo/ae7785-intro-to-robo/ros2_ws/build/turtlebot3_gazebo': CMAKE_PREFIX_PATH=${CMAKE_PREFIX_PATH}:/home/tomo/ae7785-intro-to-robo/turtlesim_ws/install/turtlesim_chaser:/home/tomo/Documents/turtlebot3_ws/install/turtlebot3_teleop:/home/tomo/Documents/turtlebot3_ws/install/turtlebot3_example:/opt/ros/foxy /usr/bin/cmake --install /home/tomo/ae7785-intro-to-robo/ros2_ws/build/turtlebot3_gazebo
[2.586s] -- Install configuration: ""
[2.628s] -- Up-to-date: /home/tomo/ae7785-intro-to-robo/ros2_ws/install/turtlebot3_gazebo/lib/turtlebot3_gazebo/turtlebot3_drive
[2.628s] -- Up-to-date: /home/tomo/ae7785-intro-to-robo/ros2_ws/install/turtlebot3_gazebo/share/turtlebot3_gazebo//launch
[2.628s] -- Up-to-date: /home/tomo/ae7785-intro-to-robo/ros2_ws/install/turtlebot3_gazebo/share/turtlebot3_gazebo//launch/turtlebot3_dqn_stage4.launch.py
[2.630s] -- Up-to-date: /home/tomo/ae7785-intro-to-robo/ros2_ws/install/turtlebot3_gazebo/share/turtlebot3_gazebo//launch/turtlebot3_dqn_stage3.launch.py
[2.632s] -- Up-to-date: /home/tomo/ae7785-intro-to-robo/ros2_ws/install/turtlebot3_gazebo/share/turtlebot3_gazebo//launch/empty_world.launch.py
[2.633s] -- Up-to-date: /home/tomo/ae7785-intro-to-robo/ros2_ws/install/turtlebot3_gazebo/share/turtlebot3_gazebo//launch/turtlebot3_autorace.launch.py
[2.633s] -- Up-to-date: /home/tomo/ae7785-intro-to-robo/ros2_ws/install/turtlebot3_gazebo/share/turtlebot3_gazebo//launch/turtlebot3_dqn_stage1.launch.py
[2.645s] -- Up-to-date: /home/tomo/ae7785-intro-to-robo/ros2_ws/install/turtlebot3_gazebo/share/turtlebot3_gazebo//launch/robot_state_publisher.launch.py
[2.645s] -- Up-to-date: /home/tomo/ae7785-intro-to-robo/ros2_ws/install/turtlebot3_gazebo/share/turtlebot3_gazebo//launch/lab2_world.launch.py
[2.645s] -- Up-to-date: /home/tomo/ae7785-intro-to-robo/ros2_ws/install/turtlebot3_gazebo/share/turtlebot3_gazebo//launch/turtlebot3_house.launch.py
[2.645s] -- Up-to-date: /home/tomo/ae7785-intro-to-robo/ros2_ws/install/turtlebot3_gazebo/share/turtlebot3_gazebo//launch/turtlebot3_world.launch.py
[2.646s] -- Up-to-date: /home/tomo/ae7785-intro-to-robo/ros2_ws/install/turtlebot3_gazebo/share/turtlebot3_gazebo//launch/turtlebot3_dqn_stage2.launch.py
[2.646s] -- Up-to-date: /home/tomo/ae7785-intro-to-robo/ros2_ws/install/turtlebot3_gazebo/share/turtlebot3_gazebo//models
[2.647s] -- Up-to-date: /home/tomo/ae7785-intro-to-robo/ros2_ws/install/turtlebot3_gazebo/share/turtlebot3_gazebo//models/turtlebot3_waffle
[2.648s] -- Up-to-date: /home/tomo/ae7785-intro-to-robo/ros2_ws/install/turtlebot3_gazebo/share/turtlebot3_gazebo//models/turtlebot3_waffle/model.config
[2.648s] -- Up-to-date: /home/tomo/ae7785-intro-to-robo/ros2_ws/install/turtlebot3_gazebo/share/turtlebot3_gazebo//models/turtlebot3_waffle/model.sdf
[2.648s] -- Up-to-date: /home/tomo/ae7785-intro-to-robo/ros2_ws/install/turtlebot3_gazebo/share/turtlebot3_gazebo//models/turtlebot3_waffle/meshes
[2.649s] -- Up-to-date: /home/tomo/ae7785-intro-to-robo/ros2_ws/install/turtlebot3_gazebo/share/turtlebot3_gazebo//models/turtlebot3_waffle/meshes/lds.dae
[2.649s] -- Up-to-date: /home/tomo/ae7785-intro-to-robo/ros2_ws/install/turtlebot3_gazebo/share/turtlebot3_gazebo//models/turtlebot3_waffle/meshes/tire.dae
[2.650s] -- Up-to-date: /home/tomo/ae7785-intro-to-robo/ros2_ws/install/turtlebot3_gazebo/share/turtlebot3_gazebo//models/turtlebot3_waffle/meshes/waffle_base.dae
[2.650s] -- Up-to-date: /home/tomo/ae7785-intro-to-robo/ros2_ws/install/turtlebot3_gazebo/share/turtlebot3_gazebo//models/turtlebot3_waffle/meshes/r200.dae
[2.650s] -- Up-to-date: /home/tomo/ae7785-intro-to-robo/ros2_ws/install/turtlebot3_gazebo/share/turtlebot3_gazebo//models/turtlebot3_waffle/model-1_4.sdf
[2.650s] -- Up-to-date: /home/tomo/ae7785-intro-to-robo/ros2_ws/install/turtlebot3_gazebo/share/turtlebot3_gazebo//models/turtlebot3_autorace
[2.650s] -- Up-to-date: /home/tomo/ae7785-intro-to-robo/ros2_ws/install/turtlebot3_gazebo/share/turtlebot3_gazebo//models/turtlebot3_autorace/lights
[2.650s] -- Up-to-date: /home/tomo/ae7785-intro-to-robo/ros2_ws/install/turtlebot3_gazebo/share/turtlebot3_gazebo//models/turtlebot3_autorace/lights/model.config
[2.651s] -- Up-to-date: /home/tomo/ae7785-intro-to-robo/ros2_ws/install/turtlebot3_gazebo/share/turtlebot3_gazebo//models/turtlebot3_autorace/lights/model.sdf
[2.651s] -- Up-to-date: /home/tomo/ae7785-intro-to-robo/ros2_ws/install/turtlebot3_gazebo/share/turtlebot3_gazebo//models/turtlebot3_autorace/traffic_light_green
[2.651s] -- Up-to-date: /home/tomo/ae7785-intro-to-robo/ros2_ws/install/turtlebot3_gazebo/share/turtlebot3_gazebo//models/turtlebot3_autorace/traffic_light_green/model.config
[2.651s] -- Up-to-date: /home/tomo/ae7785-intro-to-robo/ros2_ws/install/turtlebot3_gazebo/share/turtlebot3_gazebo//models/turtlebot3_autorace/traffic_light_green/model.sdf
[2.651s] -- Up-to-date: /home/tomo/ae7785-intro-to-robo/ros2_ws/install/turtlebot3_gazebo/share/turtlebot3_gazebo//models/turtlebot3_autorace/model.config
[2.652s] -- Up-to-date: /home/tomo/ae7785-intro-to-robo/ros2_ws/install/turtlebot3_gazebo/share/turtlebot3_gazebo//models/turtlebot3_autorace/traffic_light_yellow
[2.652s] -- Up-to-date: /home/tomo/ae7785-intro-to-robo/ros2_ws/install/turtlebot3_gazebo/share/turtlebot3_gazebo//models/turtlebot3_autorace/traffic_light_yellow/model.config
[2.652s] -- Up-to-date: /home/tomo/ae7785-intro-to-robo/ros2_ws/install/turtlebot3_gazebo/share/turtlebot3_gazebo//models/turtlebot3_autorace/traffic_light_yellow/model.sdf
[2.653s] -- Up-to-date: /home/tomo/ae7785-intro-to-robo/ros2_ws/install/turtlebot3_gazebo/share/turtlebot3_gazebo//models/turtlebot3_autorace/traffic_stop
[2.653s] -- Up-to-date: /home/tomo/ae7785-intro-to-robo/ros2_ws/install/turtlebot3_gazebo/share/turtlebot3_gazebo//models/turtlebot3_autorace/traffic_stop/model.config
[2.653s] -- Up-to-date: /home/tomo/ae7785-intro-to-robo/ros2_ws/install/turtlebot3_gazebo/share/turtlebot3_gazebo//models/turtlebot3_autorace/traffic_stop/model.sdf
[2.654s] -- Up-to-date: /home/tomo/ae7785-intro-to-robo/ros2_ws/install/turtlebot3_gazebo/share/turtlebot3_gazebo//models/turtlebot3_autorace/traffic_stop/materials
[2.654s] -- Up-to-date: /home/tomo/ae7785-intro-to-robo/ros2_ws/install/turtlebot3_gazebo/share/turtlebot3_gazebo//models/turtlebot3_autorace/traffic_stop/materials/textures
[2.655s] -- Up-to-date: /home/tomo/ae7785-intro-to-robo/ros2_ws/install/turtlebot3_gazebo/share/turtlebot3_gazebo//models/turtlebot3_autorace/traffic_stop/materials/textures/traffic_stop.png
[2.655s] -- Up-to-date: /home/tomo/ae7785-intro-to-robo/ros2_ws/install/turtlebot3_gazebo/share/turtlebot3_gazebo//models/turtlebot3_autorace/traffic_stop/materials/scripts
[2.655s] -- Up-to-date: /home/tomo/ae7785-intro-to-robo/ros2_ws/install/turtlebot3_gazebo/share/turtlebot3_gazebo//models/turtlebot3_autorace/traffic_stop/materials/scripts/traffic_stop.material
[2.656s] -- Up-to-date: /home/tomo/ae7785-intro-to-robo/ros2_ws/install/turtlebot3_gazebo/share/turtlebot3_gazebo//models/turtlebot3_autorace/traffic_bar_up
[2.656s] -- Up-to-date: /home/tomo/ae7785-intro-to-robo/ros2_ws/install/turtlebot3_gazebo/share/turtlebot3_gazebo//models/turtlebot3_autorace/traffic_bar_up/model.config
[2.656s] -- Up-to-date: /home/tomo/ae7785-intro-to-robo/ros2_ws/install/turtlebot3_gazebo/share/turtlebot3_gazebo//models/turtlebot3_autorace/traffic_bar_up/model.sdf
[2.656s] -- Up-to-date: /home/tomo/ae7785-intro-to-robo/ros2_ws/install/turtlebot3_gazebo/share/turtlebot3_gazebo//models/turtlebot3_autorace/traffic_bar_up/materials
[2.657s] -- Up-to-date: /home/tomo/ae7785-intro-to-robo/ros2_ws/install/turtlebot3_gazebo/share/turtlebot3_gazebo//models/turtlebot3_autorace/traffic_bar_up/materials/textures
[2.657s] -- Up-to-date: /home/tomo/ae7785-intro-to-robo/ros2_ws/install/turtlebot3_gazebo/share/turtlebot3_gazebo//models/turtlebot3_autorace/traffic_bar_up/materials/textures/traffic_bar.png
[2.657s] -- Up-to-date: /home/tomo/ae7785-intro-to-robo/ros2_ws/install/turtlebot3_gazebo/share/turtlebot3_gazebo//models/turtlebot3_autorace/traffic_bar_up/materials/scripts
[2.657s] -- Up-to-date: /home/tomo/ae7785-intro-to-robo/ros2_ws/install/turtlebot3_gazebo/share/turtlebot3_gazebo//models/turtlebot3_autorace/traffic_bar_up/materials/scripts/traffic_bar.material
[2.658s] -- Up-to-date: /home/tomo/ae7785-intro-to-robo/ros2_ws/install/turtlebot3_gazebo/share/turtlebot3_gazebo//models/turtlebot3_autorace/traffic_tunnel
[2.658s] -- Up-to-date: /home/tomo/ae7785-intro-to-robo/ros2_ws/install/turtlebot3_gazebo/share/turtlebot3_gazebo//models/turtlebot3_autorace/traffic_tunnel/model.config
[2.658s] -- Up-to-date: /home/tomo/ae7785-intro-to-robo/ros2_ws/install/turtlebot3_gazebo/share/turtlebot3_gazebo//models/turtlebot3_autorace/traffic_tunnel/model.sdf
[2.659s] -- Up-to-date: /home/tomo/ae7785-intro-to-robo/ros2_ws/install/turtlebot3_gazebo/share/turtlebot3_gazebo//models/turtlebot3_autorace/traffic_tunnel/materials
[2.659s] -- Up-to-date: /home/tomo/ae7785-intro-to-robo/ros2_ws/install/turtlebot3_gazebo/share/turtlebot3_gazebo//models/turtlebot3_autorace/traffic_tunnel/materials/textures
[2.659s] -- Up-to-date: /home/tomo/ae7785-intro-to-robo/ros2_ws/install/turtlebot3_gazebo/share/turtlebot3_gazebo//models/turtlebot3_autorace/traffic_tunnel/materials/textures/tunnel.png
[2.660s] -- Up-to-date: /home/tomo/ae7785-intro-to-robo/ros2_ws/install/turtlebot3_gazebo/share/turtlebot3_gazebo//models/turtlebot3_autorace/traffic_tunnel/materials/scripts
[2.660s] -- Up-to-date: /home/tomo/ae7785-intro-to-robo/ros2_ws/install/turtlebot3_gazebo/share/turtlebot3_gazebo//models/turtlebot3_autorace/traffic_tunnel/materials/scripts/tunnel.material
[2.660s] -- Up-to-date: /home/tomo/ae7785-intro-to-robo/ros2_ws/install/turtlebot3_gazebo/share/turtlebot3_gazebo//models/turtlebot3_autorace/tunnel_wall
[2.660s] -- Up-to-date: /home/tomo/ae7785-intro-to-robo/ros2_ws/install/turtlebot3_gazebo/share/turtlebot3_gazebo//models/turtlebot3_autorace/tunnel_wall/model.config
[2.661s] -- Up-to-date: /home/tomo/ae7785-intro-to-robo/ros2_ws/install/turtlebot3_gazebo/share/turtlebot3_gazebo//models/turtlebot3_autorace/tunnel_wall/model.sdf
[2.661s] -- Up-to-date: /home/tomo/ae7785-intro-to-robo/ros2_ws/install/turtlebot3_gazebo/share/turtlebot3_gazebo//models/turtlebot3_autorace/traffic_bar_down
[2.662s] -- Up-to-date: /home/tomo/ae7785-intro-to-robo/ros2_ws/install/turtlebot3_gazebo/share/turtlebot3_gazebo//models/turtlebot3_autorace/traffic_bar_down/model.config
[2.662s] -- Up-to-date: /home/tomo/ae7785-intro-to-robo/ros2_ws/install/turtlebot3_gazebo/share/turtlebot3_gazebo//models/turtlebot3_autorace/traffic_bar_down/model.sdf
[2.662s] -- Up-to-date: /home/tomo/ae7785-intro-to-robo/ros2_ws/install/turtlebot3_gazebo/share/turtlebot3_gazebo//models/turtlebot3_autorace/traffic_bar_down/materials
[2.662s] -- Up-to-date: /home/tomo/ae7785-intro-to-robo/ros2_ws/install/turtlebot3_gazebo/share/turtlebot3_gazebo//models/turtlebot3_autorace/traffic_bar_down/materials/textures
[2.662s] -- Up-to-date: /home/tomo/ae7785-intro-to-robo/ros2_ws/install/turtlebot3_gazebo/share/turtlebot3_gazebo//models/turtlebot3_autorace/traffic_bar_down/materials/textures/traffic_bar.png
[2.662s] -- Up-to-date: /home/tomo/ae7785-intro-to-robo/ros2_ws/install/turtlebot3_gazebo/share/turtlebot3_gazebo//models/turtlebot3_autorace/traffic_bar_down/materials/scripts
[2.662s] -- Up-to-date: /home/tomo/ae7785-intro-to-robo/ros2_ws/install/turtlebot3_gazebo/share/turtlebot3_gazebo//models/turtlebot3_autorace/traffic_bar_down/materials/scripts/traffic_bar.material
[2.662s] -- Up-to-date: /home/tomo/ae7785-intro-to-robo/ros2_ws/install/turtlebot3_gazebo/share/turtlebot3_gazebo//models/turtlebot3_autorace/traffic_parking
[2.662s] -- Up-to-date: /home/tomo/ae7785-intro-to-robo/ros2_ws/install/turtlebot3_gazebo/share/turtlebot3_gazebo//models/turtlebot3_autorace/traffic_parking/model.config
[2.663s] -- Up-to-date: /home/tomo/ae7785-intro-to-robo/ros2_ws/install/turtlebot3_gazebo/share/turtlebot3_gazebo//models/turtlebot3_autorace/traffic_parking/model.sdf
[2.663s] -- Up-to-date: /home/tomo/ae7785-intro-to-robo/ros2_ws/install/turtlebot3_gazebo/share/turtlebot3_gazebo//models/turtlebot3_autorace/traffic_parking/materials
[2.663s] -- Up-to-date: /home/tomo/ae7785-intro-to-robo/ros2_ws/install/turtlebot3_gazebo/share/turtlebot3_gazebo//models/turtlebot3_autorace/traffic_parking/materials/textures
[2.663s] -- Up-to-date: /home/tomo/ae7785-intro-to-robo/ros2_ws/install/turtlebot3_gazebo/share/turtlebot3_gazebo//models/turtlebot3_autorace/traffic_parking/materials/textures/traffic_parking.png
[2.664s] -- Up-to-date: /home/tomo/ae7785-intro-to-robo/ros2_ws/install/turtlebot3_gazebo/share/turtlebot3_gazebo//models/turtlebot3_autorace/traffic_parking/materials/scripts
[2.664s] -- Up-to-date: /home/tomo/ae7785-intro-to-robo/ros2_ws/install/turtlebot3_gazebo/share/turtlebot3_gazebo//models/turtlebot3_autorace/traffic_parking/materials/scripts/traffic_parking.material
[2.664s] -- Up-to-date: /home/tomo/ae7785-intro-to-robo/ros2_ws/install/turtlebot3_gazebo/share/turtlebot3_gazebo//models/turtlebot3_autorace/traffic_light_red
[2.664s] -- Up-to-date: /home/tomo/ae7785-intro-to-robo/ros2_ws/install/turtlebot3_gazebo/share/turtlebot3_gazebo//models/turtlebot3_autorace/traffic_light_red/model.config
[2.664s] -- Up-to-date: /home/tomo/ae7785-intro-to-robo/ros2_ws/install/turtlebot3_gazebo/share/turtlebot3_gazebo//models/turtlebot3_autorace/traffic_light_red/model.sdf
[2.665s] -- Up-to-date: /home/tomo/ae7785-intro-to-robo/ros2_ws/install/turtlebot3_gazebo/share/turtlebot3_gazebo//models/turtlebot3_autorace/ground
[2.665s] -- Up-to-date: /home/tomo/ae7785-intro-to-robo/ros2_ws/install/turtlebot3_gazebo/share/turtlebot3_gazebo//models/turtlebot3_autorace/ground/model.config
[2.665s] -- Up-to-date: /home/tomo/ae7785-intro-to-robo/ros2_ws/install/turtlebot3_gazebo/share/turtlebot3_gazebo//models/turtlebot3_autorace/ground/model.sdf
[2.666s] -- Up-to-date: /home/tomo/ae7785-intro-to-robo/ros2_ws/install/turtlebot3_gazebo/share/turtlebot3_gazebo//models/turtlebot3_autorace/tunnel_obstacles
[2.666s] -- Up-to-date: /home/tomo/ae7785-intro-to-robo/ros2_ws/install/turtlebot3_gazebo/share/turtlebot3_gazebo//models/turtlebot3_autorace/tunnel_obstacles/model.config
[2.666s] -- Up-to-date: /home/tomo/ae7785-intro-to-robo/ros2_ws/install/turtlebot3_gazebo/share/turtlebot3_gazebo//models/turtlebot3_autorace/tunnel_obstacles/model.sdf
[2.666s] -- Up-to-date: /home/tomo/ae7785-intro-to-robo/ros2_ws/install/turtlebot3_gazebo/share/turtlebot3_gazebo//models/turtlebot3_autorace/course
[2.667s] -- Up-to-date: /home/tomo/ae7785-intro-to-robo/ros2_ws/install/turtlebot3_gazebo/share/turtlebot3_gazebo//models/turtlebot3_autorace/course/model.config
[2.667s] -- Up-to-date: /home/tomo/ae7785-intro-to-robo/ros2_ws/install/turtlebot3_gazebo/share/turtlebot3_gazebo//models/turtlebot3_autorace/course/model.sdf
[2.667s] -- Up-to-date: /home/tomo/ae7785-intro-to-robo/ros2_ws/install/turtlebot3_gazebo/share/turtlebot3_gazebo//models/turtlebot3_autorace/course/materials
[2.668s] -- Up-to-date: /home/tomo/ae7785-intro-to-robo/ros2_ws/install/turtlebot3_gazebo/share/turtlebot3_gazebo//models/turtlebot3_autorace/course/materials/textures
[2.668s] -- Up-to-date: /home/tomo/ae7785-intro-to-robo/ros2_ws/install/turtlebot3_gazebo/share/turtlebot3_gazebo//models/turtlebot3_autorace/course/materials/textures/course.png
[2.668s] -- Up-to-date: /home/tomo/ae7785-intro-to-robo/ros2_ws/install/turtlebot3_gazebo/share/turtlebot3_gazebo//models/turtlebot3_autorace/course/materials/scripts
[2.668s] -- Up-to-date: /home/tomo/ae7785-intro-to-robo/ros2_ws/install/turtlebot3_gazebo/share/turtlebot3_gazebo//models/turtlebot3_autorace/course/materials/scripts/course.material
[2.668s] -- Up-to-date: /home/tomo/ae7785-intro-to-robo/ros2_ws/install/turtlebot3_gazebo/share/turtlebot3_gazebo//models/turtlebot3_burger
[2.669s] -- Up-to-date: /home/tomo/ae7785-intro-to-robo/ros2_ws/install/turtlebot3_gazebo/share/turtlebot3_gazebo//models/turtlebot3_burger/model.config
[2.669s] -- Up-to-date: /home/tomo/ae7785-intro-to-robo/ros2_ws/install/turtlebot3_gazebo/share/turtlebot3_gazebo//models/turtlebot3_burger/model.sdf
[2.669s] -- Up-to-date: /home/tomo/ae7785-intro-to-robo/ros2_ws/install/turtlebot3_gazebo/share/turtlebot3_gazebo//models/turtlebot3_burger/meshes
[2.671s] -- Up-to-date: /home/tomo/ae7785-intro-to-robo/ros2_ws/install/turtlebot3_gazebo/share/turtlebot3_gazebo//models/turtlebot3_burger/meshes/burger_base.dae
[2.671s] -- Up-to-date: /home/tomo/ae7785-intro-to-robo/ros2_ws/install/turtlebot3_gazebo/share/turtlebot3_gazebo//models/turtlebot3_burger/meshes/lds.dae
[2.671s] -- Up-to-date: /home/tomo/ae7785-intro-to-robo/ros2_ws/install/turtlebot3_gazebo/share/turtlebot3_gazebo//models/turtlebot3_burger/meshes/tire.dae
[2.671s] -- Up-to-date: /home/tomo/ae7785-intro-to-robo/ros2_ws/install/turtlebot3_gazebo/share/turtlebot3_gazebo//models/turtlebot3_burger/model-1_4.sdf
[2.672s] -- Up-to-date: /home/tomo/ae7785-intro-to-robo/ros2_ws/install/turtlebot3_gazebo/share/turtlebot3_gazebo//models/turtlebot3_waffle_pi
[2.672s] -- Up-to-date: /home/tomo/ae7785-intro-to-robo/ros2_ws/install/turtlebot3_gazebo/share/turtlebot3_gazebo//models/turtlebot3_waffle_pi/model.config
[2.672s] -- Up-to-date: /home/tomo/ae7785-intro-to-robo/ros2_ws/install/turtlebot3_gazebo/share/turtlebot3_gazebo//models/turtlebot3_waffle_pi/model.sdf
[2.672s] -- Up-to-date: /home/tomo/ae7785-intro-to-robo/ros2_ws/install/turtlebot3_gazebo/share/turtlebot3_gazebo//models/turtlebot3_waffle_pi/meshes
[2.673s] -- Up-to-date: /home/tomo/ae7785-intro-to-robo/ros2_ws/install/turtlebot3_gazebo/share/turtlebot3_gazebo//models/turtlebot3_waffle_pi/meshes/lds.dae
[2.673s] -- Up-to-date: /home/tomo/ae7785-intro-to-robo/ros2_ws/install/turtlebot3_gazebo/share/turtlebot3_gazebo//models/turtlebot3_waffle_pi/meshes/waffle_pi_base.dae
[2.673s] -- Up-to-date: /home/tomo/ae7785-intro-to-robo/ros2_ws/install/turtlebot3_gazebo/share/turtlebot3_gazebo//models/turtlebot3_waffle_pi/meshes/tire.dae
[2.673s] -- Up-to-date: /home/tomo/ae7785-intro-to-robo/ros2_ws/install/turtlebot3_gazebo/share/turtlebot3_gazebo//models/turtlebot3_waffle_pi/model-1_4_.sdf
[2.674s] -- Up-to-date: /home/tomo/ae7785-intro-to-robo/ros2_ws/install/turtlebot3_gazebo/share/turtlebot3_gazebo//models/turtlebot3_house
[2.674s] -- Up-to-date: /home/tomo/ae7785-intro-to-robo/ros2_ws/install/turtlebot3_gazebo/share/turtlebot3_gazebo//models/turtlebot3_house/model.config
[2.674s] -- Up-to-date: /home/tomo/ae7785-intro-to-robo/ros2_ws/install/turtlebot3_gazebo/share/turtlebot3_gazebo//models/turtlebot3_house/model.sdf
[2.675s] -- Up-to-date: /home/tomo/ae7785-intro-to-robo/ros2_ws/install/turtlebot3_gazebo/share/turtlebot3_gazebo//models/turtlebot3_dqn_world
[2.675s] -- Up-to-date: /home/tomo/ae7785-intro-to-robo/ros2_ws/install/turtlebot3_gazebo/share/turtlebot3_gazebo//models/turtlebot3_dqn_world/model.config
[2.675s] -- Up-to-date: /home/tomo/ae7785-intro-to-robo/ros2_ws/install/turtlebot3_gazebo/share/turtlebot3_gazebo//models/turtlebot3_dqn_world/model.sdf
[2.675s] -- Up-to-date: /home/tomo/ae7785-intro-to-robo/ros2_ws/install/turtlebot3_gazebo/share/turtlebot3_gazebo//models/turtlebot3_dqn_world/obstacle_plugin
[2.676s] -- Up-to-date: /home/tomo/ae7785-intro-to-robo/ros2_ws/install/turtlebot3_gazebo/share/turtlebot3_gazebo//models/turtlebot3_dqn_world/obstacle_plugin/obstacle2.cc
[2.676s] -- Up-to-date: /home/tomo/ae7785-intro-to-robo/ros2_ws/install/turtlebot3_gazebo/share/turtlebot3_gazebo//models/turtlebot3_dqn_world/obstacle_plugin/obstacle1.cc
[2.676s] -- Up-to-date: /home/tomo/ae7785-intro-to-robo/ros2_ws/install/turtlebot3_gazebo/share/turtlebot3_gazebo//models/turtlebot3_dqn_world/obstacle_plugin/CMakeLists.txt
[2.676s] -- Up-to-date: /home/tomo/ae7785-intro-to-robo/ros2_ws/install/turtlebot3_gazebo/share/turtlebot3_gazebo//models/turtlebot3_dqn_world/obstacle_plugin/obstacles.cc
[2.677s] -- Up-to-date: /home/tomo/ae7785-intro-to-robo/ros2_ws/install/turtlebot3_gazebo/share/turtlebot3_gazebo//models/turtlebot3_dqn_world/inner_walls
[2.677s] -- Up-to-date: /home/tomo/ae7785-intro-to-robo/ros2_ws/install/turtlebot3_gazebo/share/turtlebot3_gazebo//models/turtlebot3_dqn_world/inner_walls/model.config
[2.677s] -- Up-to-date: /home/tomo/ae7785-intro-to-robo/ros2_ws/install/turtlebot3_gazebo/share/turtlebot3_gazebo//models/turtlebot3_dqn_world/inner_walls/model.sdf
[2.677s] -- Up-to-date: /home/tomo/ae7785-intro-to-robo/ros2_ws/install/turtlebot3_gazebo/share/turtlebot3_gazebo//models/turtlebot3_dqn_world/obstacle1
[2.678s] -- Up-to-date: /home/tomo/ae7785-intro-to-robo/ros2_ws/install/turtlebot3_gazebo/share/turtlebot3_gazebo//models/turtlebot3_dqn_world/obstacle1/model.config
[2.678s] -- Up-to-date: /home/tomo/ae7785-intro-to-robo/ros2_ws/install/turtlebot3_gazebo/share/turtlebot3_gazebo//models/turtlebot3_dqn_world/obstacle1/model.sdf
[2.679s] -- Up-to-date: /home/tomo/ae7785-intro-to-robo/ros2_ws/install/turtlebot3_gazebo/share/turtlebot3_gazebo//models/turtlebot3_dqn_world/goal_box
[2.680s] -- Up-to-date: /home/tomo/ae7785-intro-to-robo/ros2_ws/install/turtlebot3_gazebo/share/turtlebot3_gazebo//models/turtlebot3_dqn_world/goal_box/model.config
[2.680s] -- Up-to-date: /home/tomo/ae7785-intro-to-robo/ros2_ws/install/turtlebot3_gazebo/share/turtlebot3_gazebo//models/turtlebot3_dqn_world/goal_box/model.sdf
[2.680s] -- Up-to-date: /home/tomo/ae7785-intro-to-robo/ros2_ws/install/turtlebot3_gazebo/share/turtlebot3_gazebo//models/turtlebot3_dqn_world/obstacle2
[2.680s] -- Up-to-date: /home/tomo/ae7785-intro-to-robo/ros2_ws/install/turtlebot3_gazebo/share/turtlebot3_gazebo//models/turtlebot3_dqn_world/obstacle2/model.config
[2.681s] -- Up-to-date: /home/tomo/ae7785-intro-to-robo/ros2_ws/install/turtlebot3_gazebo/share/turtlebot3_gazebo//models/turtlebot3_dqn_world/obstacle2/model.sdf
[2.681s] -- Up-to-date: /home/tomo/ae7785-intro-to-robo/ros2_ws/install/turtlebot3_gazebo/share/turtlebot3_gazebo//models/turtlebot3_dqn_world/obstacles
[2.681s] -- Up-to-date: /home/tomo/ae7785-intro-to-robo/ros2_ws/install/turtlebot3_gazebo/share/turtlebot3_gazebo//models/turtlebot3_dqn_world/obstacles/model.config
[2.682s] -- Up-to-date: /home/tomo/ae7785-intro-to-robo/ros2_ws/install/turtlebot3_gazebo/share/turtlebot3_gazebo//models/turtlebot3_dqn_world/obstacles/model.sdf
[2.682s] -- Up-to-date: /home/tomo/ae7785-intro-to-robo/ros2_ws/install/turtlebot3_gazebo/share/turtlebot3_gazebo//models/turtlebot3_world
[2.682s] -- Up-to-date: /home/tomo/ae7785-intro-to-robo/ros2_ws/install/turtlebot3_gazebo/share/turtlebot3_gazebo//models/turtlebot3_world/model.config
[2.682s] -- Up-to-date: /home/tomo/ae7785-intro-to-robo/ros2_ws/install/turtlebot3_gazebo/share/turtlebot3_gazebo//models/turtlebot3_world/model.sdf
[2.683s] -- Up-to-date: /home/tomo/ae7785-intro-to-robo/ros2_ws/install/turtlebot3_gazebo/share/turtlebot3_gazebo//models/turtlebot3_world/meshes
[2.683s] -- Up-to-date: /home/tomo/ae7785-intro-to-robo/ros2_ws/install/turtlebot3_gazebo/share/turtlebot3_gazebo//models/turtlebot3_world/meshes/wall.dae
[2.683s] -- Up-to-date: /home/tomo/ae7785-intro-to-robo/ros2_ws/install/turtlebot3_gazebo/share/turtlebot3_gazebo//models/turtlebot3_world/meshes/hexagon.dae
[2.683s] -- Up-to-date: /home/tomo/ae7785-intro-to-robo/ros2_ws/install/turtlebot3_gazebo/share/turtlebot3_gazebo//models/turtlebot3_world/model-1_4.sdf
[2.684s] -- Up-to-date: /home/tomo/ae7785-intro-to-robo/ros2_ws/install/turtlebot3_gazebo/share/turtlebot3_gazebo//rviz
[2.684s] -- Up-to-date: /home/tomo/ae7785-intro-to-robo/ros2_ws/install/turtlebot3_gazebo/share/turtlebot3_gazebo//rviz/tb3_gazebo.rviz
[2.686s] -- Up-to-date: /home/tomo/ae7785-intro-to-robo/ros2_ws/install/turtlebot3_gazebo/share/turtlebot3_gazebo//worlds
[2.686s] -- Up-to-date: /home/tomo/ae7785-intro-to-robo/ros2_ws/install/turtlebot3_gazebo/share/turtlebot3_gazebo//worlds/lab2_worlds
[2.686s] -- Up-to-date: /home/tomo/ae7785-intro-to-robo/ros2_ws/install/turtlebot3_gazebo/share/turtlebot3_gazebo//worlds/lab2_worlds/burger.model
[2.686s] -- Up-to-date: /home/tomo/ae7785-intro-to-robo/ros2_ws/install/turtlebot3_gazebo/share/turtlebot3_gazebo//worlds/turtlebot3_worlds
[2.686s] -- Up-to-date: /home/tomo/ae7785-intro-to-robo/ros2_ws/install/turtlebot3_gazebo/share/turtlebot3_gazebo//worlds/turtlebot3_worlds/burger.model
[2.686s] -- Up-to-date: /home/tomo/ae7785-intro-to-robo/ros2_ws/install/turtlebot3_gazebo/share/turtlebot3_gazebo//worlds/turtlebot3_worlds/waffle.model
[2.686s] -- Up-to-date: /home/tomo/ae7785-intro-to-robo/ros2_ws/install/turtlebot3_gazebo/share/turtlebot3_gazebo//worlds/turtlebot3_worlds/waffle_pi.model
[2.686s] -- Up-to-date: /home/tomo/ae7785-intro-to-robo/ros2_ws/install/turtlebot3_gazebo/share/turtlebot3_gazebo//worlds/turtlebot3_dqn_stage3
[2.686s] -- Up-to-date: /home/tomo/ae7785-intro-to-robo/ros2_ws/install/turtlebot3_gazebo/share/turtlebot3_gazebo//worlds/turtlebot3_dqn_stage3/burger.model
[2.686s] -- Up-to-date: /home/tomo/ae7785-intro-to-robo/ros2_ws/install/turtlebot3_gazebo/share/turtlebot3_gazebo//worlds/turtlebot3_dqn_stage3/waffle.model
[2.687s] -- Up-to-date: /home/tomo/ae7785-intro-to-robo/ros2_ws/install/turtlebot3_gazebo/share/turtlebot3_gazebo//worlds/turtlebot3_dqn_stage3/waffle_pi.model
[2.687s] -- Up-to-date: /home/tomo/ae7785-intro-to-robo/ros2_ws/install/turtlebot3_gazebo/share/turtlebot3_gazebo//worlds/turtlebot3_autoraces
[2.687s] -- Up-to-date: /home/tomo/ae7785-intro-to-robo/ros2_ws/install/turtlebot3_gazebo/share/turtlebot3_gazebo//worlds/turtlebot3_autoraces/burger.model
[2.687s] -- Up-to-date: /home/tomo/ae7785-intro-to-robo/ros2_ws/install/turtlebot3_gazebo/share/turtlebot3_gazebo//worlds/turtlebot3_autoraces/waffle.model
[2.687s] -- Up-to-date: /home/tomo/ae7785-intro-to-robo/ros2_ws/install/turtlebot3_gazebo/share/turtlebot3_gazebo//worlds/turtlebot3_autoraces/waffle_pi.model
[2.687s] -- Up-to-date: /home/tomo/ae7785-intro-to-robo/ros2_ws/install/turtlebot3_gazebo/share/turtlebot3_gazebo//worlds/turtlebot3_houses
[2.687s] -- Up-to-date: /home/tomo/ae7785-intro-to-robo/ros2_ws/install/turtlebot3_gazebo/share/turtlebot3_gazebo//worlds/turtlebot3_houses/burger.model
[2.687s] -- Up-to-date: /home/tomo/ae7785-intro-to-robo/ros2_ws/install/turtlebot3_gazebo/share/turtlebot3_gazebo//worlds/turtlebot3_houses/waffle.model
[2.687s] -- Up-to-date: /home/tomo/ae7785-intro-to-robo/ros2_ws/install/turtlebot3_gazebo/share/turtlebot3_gazebo//worlds/turtlebot3_houses/waffle_pi.model
[2.687s] -- Up-to-date: /home/tomo/ae7785-intro-to-robo/ros2_ws/install/turtlebot3_gazebo/share/turtlebot3_gazebo//worlds/turtlebot3_dqn_stage1
[2.687s] -- Up-to-date: /home/tomo/ae7785-intro-to-robo/ros2_ws/install/turtlebot3_gazebo/share/turtlebot3_gazebo//worlds/turtlebot3_dqn_stage1/burger.model
[2.687s] -- Up-to-date: /home/tomo/ae7785-intro-to-robo/ros2_ws/install/turtlebot3_gazebo/share/turtlebot3_gazebo//worlds/turtlebot3_dqn_stage1/waffle.model
[2.687s] -- Up-to-date: /home/tomo/ae7785-intro-to-robo/ros2_ws/install/turtlebot3_gazebo/share/turtlebot3_gazebo//worlds/turtlebot3_dqn_stage1/waffle_pi.model
[2.688s] -- Up-to-date: /home/tomo/ae7785-intro-to-robo/ros2_ws/install/turtlebot3_gazebo/share/turtlebot3_gazebo//worlds/empty_worlds
[2.688s] -- Up-to-date: /home/tomo/ae7785-intro-to-robo/ros2_ws/install/turtlebot3_gazebo/share/turtlebot3_gazebo//worlds/empty_worlds/burger.model
[2.688s] -- Up-to-date: /home/tomo/ae7785-intro-to-robo/ros2_ws/install/turtlebot3_gazebo/share/turtlebot3_gazebo//worlds/empty_worlds/waffle.model
[2.688s] -- Up-to-date: /home/tomo/ae7785-intro-to-robo/ros2_ws/install/turtlebot3_gazebo/share/turtlebot3_gazebo//worlds/empty_worlds/waffle_pi.model
[2.688s] -- Up-to-date: /home/tomo/ae7785-intro-to-robo/ros2_ws/install/turtlebot3_gazebo/share/turtlebot3_gazebo//worlds/turtlebot3_dqn_stage4
[2.688s] -- Up-to-date: /home/tomo/ae7785-intro-to-robo/ros2_ws/install/turtlebot3_gazebo/share/turtlebot3_gazebo//worlds/turtlebot3_dqn_stage4/burger.model
[2.688s] -- Up-to-date: /home/tomo/ae7785-intro-to-robo/ros2_ws/install/turtlebot3_gazebo/share/turtlebot3_gazebo//worlds/turtlebot3_dqn_stage4/waffle.model
[2.688s] -- Up-to-date: /home/tomo/ae7785-intro-to-robo/ros2_ws/install/turtlebot3_gazebo/share/turtlebot3_gazebo//worlds/turtlebot3_dqn_stage4/waffle_pi.model
[2.688s] -- Up-to-date: /home/tomo/ae7785-intro-to-robo/ros2_ws/install/turtlebot3_gazebo/share/turtlebot3_gazebo//worlds/turtlebot3_dqn_stage2
[2.688s] -- Up-to-date: /home/tomo/ae7785-intro-to-robo/ros2_ws/install/turtlebot3_gazebo/share/turtlebot3_gazebo//worlds/turtlebot3_dqn_stage2/burger.model
[2.688s] -- Up-to-date: /home/tomo/ae7785-intro-to-robo/ros2_ws/install/turtlebot3_gazebo/share/turtlebot3_gazebo//worlds/turtlebot3_dqn_stage2/waffle.model
[2.689s] -- Up-to-date: /home/tomo/ae7785-intro-to-robo/ros2_ws/install/turtlebot3_gazebo/share/turtlebot3_gazebo//worlds/turtlebot3_dqn_stage2/waffle_pi.model
[2.689s] -- Up-to-date: /home/tomo/ae7785-intro-to-robo/ros2_ws/install/turtlebot3_gazebo/include/
[2.689s] -- Up-to-date: /home/tomo/ae7785-intro-to-robo/ros2_ws/install/turtlebot3_gazebo/include//turtlebot3_gazebo
[2.689s] -- Up-to-date: /home/tomo/ae7785-intro-to-robo/ros2_ws/install/turtlebot3_gazebo/include//turtlebot3_gazebo/turtlebot3_drive.hpp
[2.689s] -- Up-to-date: /home/tomo/ae7785-intro-to-robo/ros2_ws/install/turtlebot3_gazebo/share/ament_index/resource_index/package_run_dependencies/turtlebot3_gazebo
[2.689s] -- Up-to-date: /home/tomo/ae7785-intro-to-robo/ros2_ws/install/turtlebot3_gazebo/share/ament_index/resource_index/parent_prefix_path/turtlebot3_gazebo
[2.689s] -- Up-to-date: /home/tomo/ae7785-intro-to-robo/ros2_ws/install/turtlebot3_gazebo/share/turtlebot3_gazebo/environment/ament_prefix_path.sh
[2.689s] -- Up-to-date: /home/tomo/ae7785-intro-to-robo/ros2_ws/install/turtlebot3_gazebo/share/turtlebot3_gazebo/environment/ament_prefix_path.dsv
[2.689s] -- Up-to-date: /home/tomo/ae7785-intro-to-robo/ros2_ws/install/turtlebot3_gazebo/share/turtlebot3_gazebo/environment/path.sh
[2.689s] -- Up-to-date: /home/tomo/ae7785-intro-to-robo/ros2_ws/install/turtlebot3_gazebo/share/turtlebot3_gazebo/environment/path.dsv
[2.690s] -- Up-to-date: /home/tomo/ae7785-intro-to-robo/ros2_ws/install/turtlebot3_gazebo/share/turtlebot3_gazebo/local_setup.bash
[2.690s] -- Up-to-date: /home/tomo/ae7785-intro-to-robo/ros2_ws/install/turtlebot3_gazebo/share/turtlebot3_gazebo/local_setup.sh
[2.690s] -- Up-to-date: /home/tomo/ae7785-intro-to-robo/ros2_ws/install/turtlebot3_gazebo/share/turtlebot3_gazebo/local_setup.zsh
[2.690s] -- Up-to-date: /home/tomo/ae7785-intro-to-robo/ros2_ws/install/turtlebot3_gazebo/share/turtlebot3_gazebo/local_setup.dsv
[2.691s] -- Installing: /home/tomo/ae7785-intro-to-robo/ros2_ws/install/turtlebot3_gazebo/share/turtlebot3_gazebo/package.dsv
[2.691s] -- Up-to-date: /home/tomo/ae7785-intro-to-robo/ros2_ws/install/turtlebot3_gazebo/share/ament_index/resource_index/packages/turtlebot3_gazebo
[2.691s] -- Up-to-date: /home/tomo/ae7785-intro-to-robo/ros2_ws/install/turtlebot3_gazebo/share/turtlebot3_gazebo/cmake/ament_cmake_export_include_directories-extras.cmake
[2.691s] -- Up-to-date: /home/tomo/ae7785-intro-to-robo/ros2_ws/install/turtlebot3_gazebo/share/turtlebot3_gazebo/cmake/ament_cmake_export_dependencies-extras.cmake
[2.691s] -- Up-to-date: /home/tomo/ae7785-intro-to-robo/ros2_ws/install/turtlebot3_gazebo/share/turtlebot3_gazebo/cmake/turtlebot3_gazeboConfig.cmake
[2.691s] -- Up-to-date: /home/tomo/ae7785-intro-to-robo/ros2_ws/install/turtlebot3_gazebo/share/turtlebot3_gazebo/cmake/turtlebot3_gazeboConfig-version.cmake
[2.692s] -- Up-to-date: /home/tomo/ae7785-intro-to-robo/ros2_ws/install/turtlebot3_gazebo/share/turtlebot3_gazebo/package.xml
[2.692s] Invoked command in '/home/tomo/ae7785-intro-to-robo/ros2_ws/build/turtlebot3_gazebo' returned '0': CMAKE_PREFIX_PATH=${CMAKE_PREFIX_PATH}:/home/tomo/ae7785-intro-to-robo/turtlesim_ws/install/turtlesim_chaser:/home/tomo/Documents/turtlebot3_ws/install/turtlebot3_teleop:/home/tomo/Documents/turtlebot3_ws/install/turtlebot3_example:/opt/ros/foxy /usr/bin/cmake --install /home/tomo/ae7785-intro-to-robo/ros2_ws/build/turtlebot3_gazebo
