[2.258s] Invoking command in '/home/tomo/ae7785-intro-to-robo/ros2_ws/src/team99_object_follower': PYTHONPATH=/home/tomo/ae7785-intro-to-robo/ros2_ws/build/team99_object_follower/prefix_override:/home/tomo/ae7785-intro-to-robo/ros2_ws/install/team99_object_follower/lib/python3.8/site-packages:${PYTHONPATH} /usr/bin/python3 setup.py egg_info --egg-base ../../build/team99_object_follower build --build-base /home/tomo/ae7785-intro-to-robo/ros2_ws/build/team99_object_follower/build install --record /home/tomo/ae7785-intro-to-robo/ros2_ws/build/team99_object_follower/install.log --install-scripts $base/lib/team99_object_follower --single-version-externally-managed
[2.622s] running egg_info
[2.624s] creating ../../build/team99_object_follower/team99_object_follower.egg-info
[2.624s] writing ../../build/team99_object_follower/team99_object_follower.egg-info/PKG-INFO
[2.624s] writing dependency_links to ../../build/team99_object_follower/team99_object_follower.egg-info/dependency_links.txt
[2.625s] writing entry points to ../../build/team99_object_follower/team99_object_follower.egg-info/entry_points.txt
[2.625s] writing requirements to ../../build/team99_object_follower/team99_object_follower.egg-info/requires.txt
[2.626s] writing top-level names to ../../build/team99_object_follower/team99_object_follower.egg-info/top_level.txt
[2.671s] writing manifest file '../../build/team99_object_follower/team99_object_follower.egg-info/SOURCES.txt'
[2.731s] reading manifest file '../../build/team99_object_follower/team99_object_follower.egg-info/SOURCES.txt'
[2.733s] writing manifest file '../../build/team99_object_follower/team99_object_follower.egg-info/SOURCES.txt'
[2.733s] running build
[2.734s] running build_py
[2.734s] creating /home/tomo/ae7785-intro-to-robo/ros2_ws/build/team99_object_follower/build
[2.734s] creating /home/tomo/ae7785-intro-to-robo/ros2_ws/build/team99_object_follower/build/lib
[2.735s] creating /home/tomo/ae7785-intro-to-robo/ros2_ws/build/team99_object_follower/build/lib/team99_object_follower
[2.735s] copying team99_object_follower/__init__.py -> /home/tomo/ae7785-intro-to-robo/ros2_ws/build/team99_object_follower/build/lib/team99_object_follower
[2.735s] copying team99_object_follower/rotate_robot.py -> /home/tomo/ae7785-intro-to-robo/ros2_ws/build/team99_object_follower/build/lib/team99_object_follower
[2.736s] copying team99_object_follower/find_object.py -> /home/tomo/ae7785-intro-to-robo/ros2_ws/build/team99_object_follower/build/lib/team99_object_follower
[2.736s] running install
[2.738s] running install_lib
[2.739s] creating /home/tomo/ae7785-intro-to-robo/ros2_ws/install/team99_object_follower/lib/python3.8/site-packages/team99_object_follower
[2.740s] copying /home/tomo/ae7785-intro-to-robo/ros2_ws/build/team99_object_follower/build/lib/team99_object_follower/__init__.py -> /home/tomo/ae7785-intro-to-robo/ros2_ws/install/team99_object_follower/lib/python3.8/site-packages/team99_object_follower
[2.740s] copying /home/tomo/ae7785-intro-to-robo/ros2_ws/build/team99_object_follower/build/lib/team99_object_follower/rotate_robot.py -> /home/tomo/ae7785-intro-to-robo/ros2_ws/install/team99_object_follower/lib/python3.8/site-packages/team99_object_follower
[2.741s] copying /home/tomo/ae7785-intro-to-robo/ros2_ws/build/team99_object_follower/build/lib/team99_object_follower/find_object.py -> /home/tomo/ae7785-intro-to-robo/ros2_ws/install/team99_object_follower/lib/python3.8/site-packages/team99_object_follower
[2.742s] byte-compiling /home/tomo/ae7785-intro-to-robo/ros2_ws/install/team99_object_follower/lib/python3.8/site-packages/team99_object_follower/__init__.py to __init__.cpython-38.pyc
[2.744s] byte-compiling /home/tomo/ae7785-intro-to-robo/ros2_ws/install/team99_object_follower/lib/python3.8/site-packages/team99_object_follower/rotate_robot.py to rotate_robot.cpython-38.pyc
[2.746s] byte-compiling /home/tomo/ae7785-intro-to-robo/ros2_ws/install/team99_object_follower/lib/python3.8/site-packages/team99_object_follower/find_object.py to find_object.cpython-38.pyc
[2.747s] running install_data
[2.748s] creating /home/tomo/ae7785-intro-to-robo/ros2_ws/install/team99_object_follower/share/ament_index
[2.749s] creating /home/tomo/ae7785-intro-to-robo/ros2_ws/install/team99_object_follower/share/ament_index/resource_index
[2.749s] creating /home/tomo/ae7785-intro-to-robo/ros2_ws/install/team99_object_follower/share/ament_index/resource_index/packages
[2.749s] copying resource/team99_object_follower -> /home/tomo/ae7785-intro-to-robo/ros2_ws/install/team99_object_follower/share/ament_index/resource_index/packages
[2.749s] copying package.xml -> /home/tomo/ae7785-intro-to-robo/ros2_ws/install/team99_object_follower/share/team99_object_follower
[2.750s] running install_egg_info
[2.752s] Copying ../../build/team99_object_follower/team99_object_follower.egg-info to /home/tomo/ae7785-intro-to-robo/ros2_ws/install/team99_object_follower/lib/python3.8/site-packages/team99_object_follower-0.0.0-py3.8.egg-info
[2.753s] running install_scripts
[2.779s] Installing find_object script to /home/tomo/ae7785-intro-to-robo/ros2_ws/install/team99_object_follower/lib/team99_object_follower
[2.779s] Installing rotate_robot script to /home/tomo/ae7785-intro-to-robo/ros2_ws/install/team99_object_follower/lib/team99_object_follower
[2.779s] writing list of installed files to '/home/tomo/ae7785-intro-to-robo/ros2_ws/build/team99_object_follower/install.log'
[2.811s] Invoked command in '/home/tomo/ae7785-intro-to-robo/ros2_ws/src/team99_object_follower' returned '0': PYTHONPATH=/home/tomo/ae7785-intro-to-robo/ros2_ws/build/team99_object_follower/prefix_override:/home/tomo/ae7785-intro-to-robo/ros2_ws/install/team99_object_follower/lib/python3.8/site-packages:${PYTHONPATH} /usr/bin/python3 setup.py egg_info --egg-base ../../build/team99_object_follower build --build-base /home/tomo/ae7785-intro-to-robo/ros2_ws/build/team99_object_follower/build install --record /home/tomo/ae7785-intro-to-robo/ros2_ws/build/team99_object_follower/install.log --install-scripts $base/lib/team99_object_follower --single-version-externally-managed
