[0.043s] Invoking command in '/home/tomo/ae7785-intro-to-robo/turtlesim_cpp_ws/build/turtlesim_cpp_chaser': AMENT_PREFIX_PATH=/home/tomo/ae7785-intro-to-robo/turtlesim_cpp_ws/install/turtlesim_cpp_interfaces:${AMENT_PREFIX_PATH} CMAKE_PREFIX_PATH=/home/tomo/ae7785-intro-to-robo/turtlesim_cpp_ws/install/turtlesim_cpp_interfaces:/home/tomo/ae7785-intro-to-robo/turtlesim_cpp_ws/install/turtlesim_cpp_chaser:/home/tomo/ae7785-intro-to-robo/turtlesim_ws/install/turtlesim_bringup:/home/tomo/ae7785-intro-to-robo/turtlesim_ws/install/turtlesim_interfaces:/home/tomo/ae7785-intro-to-robo/turtlesim_ws/install/my_robot_interfaces:/home/tomo/Documents/turtlebot3_ws/install/turtlebot3:/home/tomo/Documents/turtlebot3_ws/install/turtlebot3_simulations:/home/tomo/Documents/turtlebot3_ws/install/turtlebot3_bringup:/home/tomo/Documents/turtlebot3_ws/install/turtlebot3_node:/home/tomo/Documents/turtlebot3_ws/install/turtlebot3_navigation2:/home/tomo/Documents/turtlebot3_ws/install/turtlebot3_fake_node:/home/tomo/Documents/turtlebot3_ws/install/turtlebot3_msgs:/home/tomo/Documents/turtlebot3_ws/install/turtlebot3_gazebo:/home/tomo/Documents/turtlebot3_ws/install/turtlebot3_description:/home/tomo/Documents/turtlebot3_ws/install/turtlebot3_cartographer:/home/tomo/Documents/turtlebot3_ws/install/dynamixel_sdk_examples:/home/tomo/Documents/turtlebot3_ws/install/dynamixel_sdk_custom_interfaces:/home/tomo/Documents/turtlebot3_ws/install/dynamixel_sdk:/home/tomo/ae7785-intro-to-robo/turtlesim_ws/install/turtlesim_chaser:/home/tomo/Documents/turtlebot3_ws/install/turtlebot3_teleop:/home/tomo/Documents/turtlebot3_ws/install/turtlebot3_example:/opt/ros/foxy LD_LIBRARY_PATH=/home/tomo/ae7785-intro-to-robo/turtlesim_cpp_ws/install/turtlesim_cpp_interfaces/lib:${LD_LIBRARY_PATH} PYTHONPATH=/home/tomo/ae7785-intro-to-robo/turtlesim_cpp_ws/install/turtlesim_cpp_interfaces/lib/python3.8/site-packages:${PYTHONPATH} /usr/bin/cmake --build /home/tomo/ae7785-intro-to-robo/turtlesim_cpp_ws/build/turtlesim_cpp_chaser -- -j6 -l6
[0.096s] -- Found ament_cmake: 0.9.11 (/opt/ros/foxy/share/ament_cmake/cmake)
[0.155s] -- Using PYTHON_EXECUTABLE: /usr/bin/python3
[0.480s] -- Found rclcpp: 2.4.2 (/opt/ros/foxy/share/rclcpp/cmake)
[0.537s] -- Using all available rosidl_typesupport_c: rosidl_typesupport_fastrtps_c;rosidl_typesupport_introspection_c
[0.542s] -- Found rosidl_adapter: 1.3.0 (/opt/ros/foxy/share/rosidl_adapter/cmake)
[0.724s] -- Using all available rosidl_typesupport_cpp: rosidl_typesupport_fastrtps_cpp;rosidl_typesupport_introspection_cpp
[0.810s] -- Found rmw_implementation_cmake: 1.0.3 (/opt/ros/foxy/share/rmw_implementation_cmake/cmake)
[0.814s] -- Using RMW implementation 'rmw_fastrtps_cpp' as default
[1.146s] -- Found turtlesim_cpp_interfaces: 0.0.0 (/home/tomo/ae7785-intro-to-robo/turtlesim_cpp_ws/install/turtlesim_cpp_interfaces/share/turtlesim_cpp_interfaces/cmake)
[1.249s] -- Found turtlesim: 1.2.6 (/opt/ros/foxy/share/turtlesim/cmake)
[1.532s] -- Found geometry_msgs: 2.0.5 (/opt/ros/foxy/share/geometry_msgs/cmake)
[1.724s] -- Configuring done
[1.726s] CMake Error at CMakeLists.txt:23 (add_executable):
[1.726s]   Cannot find source file:
[1.726s] 
[1.726s]     src/turtle_spawner.cpp
[1.726s] 
[1.726s]   Tried extensions .c .C .c++ .cc .cpp .cxx .cu .m .M .mm .h .hh .h++ .hm
[1.727s]   .hpp .hxx .in .txx
[1.727s] 
[1.727s] 
[1.728s] CMake Error at CMakeLists.txt:20 (add_executable):
[1.728s]   Cannot find source file:
[1.728s] 
[1.728s]     src/turtle_controller.cpp
[1.728s] 
[1.729s]   Tried extensions .c .C .c++ .cc .cpp .cxx .cu .m .M .mm .h .hh .h++ .hm
[1.729s]   .hpp .hxx .in .txx
[1.729s] 
[1.729s] 
[1.729s] CMake Error at CMakeLists.txt:23 (add_executable):
[1.729s]   No SOURCES given to target: turtle_cpp_spawner
[1.729s] 
[1.729s] 
[1.730s] CMake Error at CMakeLists.txt:20 (add_executable):
[1.730s]   No SOURCES given to target: turtle_cpp_controller
[1.730s] 
[1.730s] 
[1.730s] CMake Generate step failed.  Build files cannot be regenerated correctly.
[1.736s] make: *** [Makefile:222: cmake_check_build_system] Error 1
[1.740s] Invoked command in '/home/tomo/ae7785-intro-to-robo/turtlesim_cpp_ws/build/turtlesim_cpp_chaser' returned '2': AMENT_PREFIX_PATH=/home/tomo/ae7785-intro-to-robo/turtlesim_cpp_ws/install/turtlesim_cpp_interfaces:${AMENT_PREFIX_PATH} CMAKE_PREFIX_PATH=/home/tomo/ae7785-intro-to-robo/turtlesim_cpp_ws/install/turtlesim_cpp_interfaces:/home/tomo/ae7785-intro-to-robo/turtlesim_cpp_ws/install/turtlesim_cpp_chaser:/home/tomo/ae7785-intro-to-robo/turtlesim_ws/install/turtlesim_bringup:/home/tomo/ae7785-intro-to-robo/turtlesim_ws/install/turtlesim_interfaces:/home/tomo/ae7785-intro-to-robo/turtlesim_ws/install/my_robot_interfaces:/home/tomo/Documents/turtlebot3_ws/install/turtlebot3:/home/tomo/Documents/turtlebot3_ws/install/turtlebot3_simulations:/home/tomo/Documents/turtlebot3_ws/install/turtlebot3_bringup:/home/tomo/Documents/turtlebot3_ws/install/turtlebot3_node:/home/tomo/Documents/turtlebot3_ws/install/turtlebot3_navigation2:/home/tomo/Documents/turtlebot3_ws/install/turtlebot3_fake_node:/home/tomo/Documents/turtlebot3_ws/install/turtlebot3_msgs:/home/tomo/Documents/turtlebot3_ws/install/turtlebot3_gazebo:/home/tomo/Documents/turtlebot3_ws/install/turtlebot3_description:/home/tomo/Documents/turtlebot3_ws/install/turtlebot3_cartographer:/home/tomo/Documents/turtlebot3_ws/install/dynamixel_sdk_examples:/home/tomo/Documents/turtlebot3_ws/install/dynamixel_sdk_custom_interfaces:/home/tomo/Documents/turtlebot3_ws/install/dynamixel_sdk:/home/tomo/ae7785-intro-to-robo/turtlesim_ws/install/turtlesim_chaser:/home/tomo/Documents/turtlebot3_ws/install/turtlebot3_teleop:/home/tomo/Documents/turtlebot3_ws/install/turtlebot3_example:/opt/ros/foxy LD_LIBRARY_PATH=/home/tomo/ae7785-intro-to-robo/turtlesim_cpp_ws/install/turtlesim_cpp_interfaces/lib:${LD_LIBRARY_PATH} PYTHONPATH=/home/tomo/ae7785-intro-to-robo/turtlesim_cpp_ws/install/turtlesim_cpp_interfaces/lib/python3.8/site-packages:${PYTHONPATH} /usr/bin/cmake --build /home/tomo/ae7785-intro-to-robo/turtlesim_cpp_ws/build/turtlesim_cpp_chaser -- -j6 -l6
