[0.843s] Invoking command in '/home/tomo/Documents/ae7785-intro-to-robo/ros2_demo_ws/src/my_py_pkg': PYTHONPATH=/home/tomo/Documents/ae7785-intro-to-robo/ros2_demo_ws/build/my_py_pkg/prefix_override:/home/tomo/Documents/ae7785-intro-to-robo/ros2_demo_ws/install/my_py_pkg/lib/python3.8/site-packages:${PYTHONPATH} /usr/bin/python3 setup.py egg_info --egg-base ../../build/my_py_pkg build --build-base /home/tomo/Documents/ae7785-intro-to-robo/ros2_demo_ws/build/my_py_pkg/build install --record /home/tomo/Documents/ae7785-intro-to-robo/ros2_demo_ws/build/my_py_pkg/install.log --install-scripts $base/lib/my_py_pkg --single-version-externally-managed
[1.121s] running egg_info
[1.122s] creating ../../build/my_py_pkg/my_py_pkg.egg-info
[1.122s] writing ../../build/my_py_pkg/my_py_pkg.egg-info/PKG-INFO
[1.123s] writing dependency_links to ../../build/my_py_pkg/my_py_pkg.egg-info/dependency_links.txt
[1.123s] writing entry points to ../../build/my_py_pkg/my_py_pkg.egg-info/entry_points.txt
[1.123s] writing requirements to ../../build/my_py_pkg/my_py_pkg.egg-info/requires.txt
[1.123s] writing top-level names to ../../build/my_py_pkg/my_py_pkg.egg-info/top_level.txt
[1.124s] writing manifest file '../../build/my_py_pkg/my_py_pkg.egg-info/SOURCES.txt'
[1.168s] reading manifest file '../../build/my_py_pkg/my_py_pkg.egg-info/SOURCES.txt'
[1.169s] writing manifest file '../../build/my_py_pkg/my_py_pkg.egg-info/SOURCES.txt'
[1.170s] running build
[1.171s] running build_py
[1.171s] creating /home/tomo/Documents/ae7785-intro-to-robo/ros2_demo_ws/build/my_py_pkg/build
[1.171s] creating /home/tomo/Documents/ae7785-intro-to-robo/ros2_demo_ws/build/my_py_pkg/build/lib
[1.172s] creating /home/tomo/Documents/ae7785-intro-to-robo/ros2_demo_ws/build/my_py_pkg/build/lib/my_py_pkg
[1.172s] copying my_py_pkg/__init__.py -> /home/tomo/Documents/ae7785-intro-to-robo/ros2_demo_ws/build/my_py_pkg/build/lib/my_py_pkg
[1.172s] running install
[1.172s] running install_lib
[1.173s] creating /home/tomo/Documents/ae7785-intro-to-robo/ros2_demo_ws/install/my_py_pkg/lib/python3.8/site-packages/my_py_pkg
[1.173s] copying /home/tomo/Documents/ae7785-intro-to-robo/ros2_demo_ws/build/my_py_pkg/build/lib/my_py_pkg/__init__.py -> /home/tomo/Documents/ae7785-intro-to-robo/ros2_demo_ws/install/my_py_pkg/lib/python3.8/site-packages/my_py_pkg
[1.174s] byte-compiling /home/tomo/Documents/ae7785-intro-to-robo/ros2_demo_ws/install/my_py_pkg/lib/python3.8/site-packages/my_py_pkg/__init__.py to __init__.cpython-38.pyc
[1.175s] running install_data
[1.176s] creating /home/tomo/Documents/ae7785-intro-to-robo/ros2_demo_ws/install/my_py_pkg/share/ament_index
[1.176s] creating /home/tomo/Documents/ae7785-intro-to-robo/ros2_demo_ws/install/my_py_pkg/share/ament_index/resource_index
[1.177s] creating /home/tomo/Documents/ae7785-intro-to-robo/ros2_demo_ws/install/my_py_pkg/share/ament_index/resource_index/packages
[1.178s] copying resource/my_py_pkg -> /home/tomo/Documents/ae7785-intro-to-robo/ros2_demo_ws/install/my_py_pkg/share/ament_index/resource_index/packages
[1.178s] copying package.xml -> /home/tomo/Documents/ae7785-intro-to-robo/ros2_demo_ws/install/my_py_pkg/share/my_py_pkg
[1.178s] running install_egg_info
[1.180s] Copying ../../build/my_py_pkg/my_py_pkg.egg-info to /home/tomo/Documents/ae7785-intro-to-robo/ros2_demo_ws/install/my_py_pkg/lib/python3.8/site-packages/my_py_pkg-0.0.0-py3.8.egg-info
[1.182s] running install_scripts
[1.202s] writing list of installed files to '/home/tomo/Documents/ae7785-intro-to-robo/ros2_demo_ws/build/my_py_pkg/install.log'
[1.226s] Invoked command in '/home/tomo/Documents/ae7785-intro-to-robo/ros2_demo_ws/src/my_py_pkg' returned '0': PYTHONPATH=/home/tomo/Documents/ae7785-intro-to-robo/ros2_demo_ws/build/my_py_pkg/prefix_override:/home/tomo/Documents/ae7785-intro-to-robo/ros2_demo_ws/install/my_py_pkg/lib/python3.8/site-packages:${PYTHONPATH} /usr/bin/python3 setup.py egg_info --egg-base ../../build/my_py_pkg build --build-base /home/tomo/Documents/ae7785-intro-to-robo/ros2_demo_ws/build/my_py_pkg/build install --record /home/tomo/Documents/ae7785-intro-to-robo/ros2_demo_ws/build/my_py_pkg/install.log --install-scripts $base/lib/my_py_pkg --single-version-externally-managed
