[0.998s] Invoking command in '/home/tomo/ae7785-intro-to-robo/ros2_ws/src/team99_object_follower': PYTHONPATH=/home/tomo/ae7785-intro-to-robo/ros2_ws/build/team99_object_follower/prefix_override:/home/tomo/ae7785-intro-to-robo/ros2_ws/install/team99_object_follower/lib/python3.8/site-packages:${PYTHONPATH} /usr/bin/python3 setup.py egg_info --egg-base ../../build/team99_object_follower build --build-base /home/tomo/ae7785-intro-to-robo/ros2_ws/build/team99_object_follower/build install --record /home/tomo/ae7785-intro-to-robo/ros2_ws/build/team99_object_follower/install.log --install-scripts $base/lib/team99_object_follower --single-version-externally-managed
[1.316s] running egg_info
[1.316s] writing ../../build/team99_object_follower/team99_object_follower.egg-info/PKG-INFO
[1.317s] writing dependency_links to ../../build/team99_object_follower/team99_object_follower.egg-info/dependency_links.txt
[1.317s] writing entry points to ../../build/team99_object_follower/team99_object_follower.egg-info/entry_points.txt
[1.318s] writing requirements to ../../build/team99_object_follower/team99_object_follower.egg-info/requires.txt
[1.318s] writing top-level names to ../../build/team99_object_follower/team99_object_follower.egg-info/top_level.txt
[1.363s] reading manifest file '../../build/team99_object_follower/team99_object_follower.egg-info/SOURCES.txt'
[1.365s] writing manifest file '../../build/team99_object_follower/team99_object_follower.egg-info/SOURCES.txt'
[1.365s] running build
[1.365s] running build_py
[1.365s] running install
[1.366s] running install_lib
[1.368s] running install_data
[1.368s] running install_egg_info
[1.371s] removing '/home/tomo/ae7785-intro-to-robo/ros2_ws/install/team99_object_follower/lib/python3.8/site-packages/team99_object_follower-0.0.0-py3.8.egg-info' (and everything under it)
[1.371s] Copying ../../build/team99_object_follower/team99_object_follower.egg-info to /home/tomo/ae7785-intro-to-robo/ros2_ws/install/team99_object_follower/lib/python3.8/site-packages/team99_object_follower-0.0.0-py3.8.egg-info
[1.372s] running install_scripts
[1.391s] Installing find_object script to /home/tomo/ae7785-intro-to-robo/ros2_ws/install/team99_object_follower/lib/team99_object_follower
[1.391s] Installing rotate_robot script to /home/tomo/ae7785-intro-to-robo/ros2_ws/install/team99_object_follower/lib/team99_object_follower
[1.391s] writing list of installed files to '/home/tomo/ae7785-intro-to-robo/ros2_ws/build/team99_object_follower/install.log'
[1.418s] Invoked command in '/home/tomo/ae7785-intro-to-robo/ros2_ws/src/team99_object_follower' returned '0': PYTHONPATH=/home/tomo/ae7785-intro-to-robo/ros2_ws/build/team99_object_follower/prefix_override:/home/tomo/ae7785-intro-to-robo/ros2_ws/install/team99_object_follower/lib/python3.8/site-packages:${PYTHONPATH} /usr/bin/python3 setup.py egg_info --egg-base ../../build/team99_object_follower build --build-base /home/tomo/ae7785-intro-to-robo/ros2_ws/build/team99_object_follower/build install --record /home/tomo/ae7785-intro-to-robo/ros2_ws/build/team99_object_follower/install.log --install-scripts $base/lib/team99_object_follower --single-version-externally-managed
