[0.211s] DEBUG:colcon:Command line arguments: ['/usr/bin/colcon', 'build', '--packages-select', 'turtlesim_chaser']
[0.211s] DEBUG:colcon:Parsed command line arguments: Namespace(allow_overriding=[], ament_cmake_args=None, base_paths=['.'], build_base='build', catkin_cmake_args=None, catkin_skip_building_tests=False, cmake_args=None, cmake_clean_cache=False, cmake_clean_first=False, cmake_force_configure=False, cmake_target=None, cmake_target_skip_unavailable=False, continue_on_error=False, event_handlers=None, executor='parallel', ignore_user_meta=False, install_base='install', log_base=None, log_level=None, main=<bound method BuildVerb.main of <colcon_core.verb.build.BuildVerb object at 0x7feb1b900c70>>, merge_install=False, metas=['./colcon.meta'], packages_above=None, packages_above_and_dependencies=None, packages_above_depth=None, packages_end=None, packages_ignore=None, packages_ignore_regex=None, packages_select=['turtlesim_chaser'], packages_select_build_failed=False, packages_select_by_dep=None, packages_select_regex=None, packages_select_test_failures=False, packages_skip=None, packages_skip_build_finished=False, packages_skip_by_dep=None, packages_skip_regex=None, packages_skip_test_passed=False, packages_skip_up_to=None, packages_start=None, packages_up_to=None, packages_up_to_regex=None, parallel_workers=6, paths=None, symlink_install=False, test_result_base=None, verb_extension=<colcon_core.verb.build.BuildVerb object at 0x7feb1b900c70>, verb_name='build', verb_parser=<colcon_defaults.argument_parser.defaults.DefaultArgumentsDecorator object at 0x7feb1b889220>)
[0.242s] Level 1:colcon.colcon_core.package_discovery:discover_packages(colcon_meta) check parameters
[0.242s] Level 1:colcon.colcon_core.package_discovery:discover_packages(recursive) check parameters
[0.242s] Level 1:colcon.colcon_core.package_discovery:discover_packages(ignore) check parameters
[0.242s] Level 1:colcon.colcon_core.package_discovery:discover_packages(path) check parameters
[0.242s] Level 1:colcon.colcon_core.package_discovery:discover_packages(colcon_meta) discover
[0.243s] Level 1:colcon.colcon_core.package_discovery:discover_packages(recursive) discover
[0.243s] INFO:colcon.colcon_core.package_discovery:Crawling recursively for packages in '/home/tomo/ae7785-intro-to-robo/turtlesim_ws'
[0.243s] Level 1:colcon.colcon_core.package_identification:_identify(.) by extensions ['ignore', 'ignore_ament_install']
[0.243s] Level 1:colcon.colcon_core.package_identification:_identify(.) by extension 'ignore'
[0.243s] Level 1:colcon.colcon_core.package_identification:_identify(.) by extension 'ignore_ament_install'
[0.243s] Level 1:colcon.colcon_core.package_identification:_identify(.) by extensions ['colcon_pkg']
[0.244s] Level 1:colcon.colcon_core.package_identification:_identify(.) by extension 'colcon_pkg'
[0.244s] Level 1:colcon.colcon_core.package_identification:_identify(.) by extensions ['colcon_meta']
[0.244s] Level 1:colcon.colcon_core.package_identification:_identify(.) by extension 'colcon_meta'
[0.244s] Level 1:colcon.colcon_core.package_identification:_identify(.) by extensions ['ros']
[0.244s] Level 1:colcon.colcon_core.package_identification:_identify(.) by extension 'ros'
[0.258s] Level 1:colcon.colcon_core.package_identification:_identify(.) by extensions ['cmake', 'python']
[0.258s] Level 1:colcon.colcon_core.package_identification:_identify(.) by extension 'cmake'
[0.258s] Level 1:colcon.colcon_core.package_identification:_identify(.) by extension 'python'
[0.259s] Level 1:colcon.colcon_core.package_identification:_identify(.) by extensions ['python_setup_py']
[0.259s] Level 1:colcon.colcon_core.package_identification:_identify(.) by extension 'python_setup_py'
[0.259s] Level 1:colcon.colcon_core.package_identification:_identify(build) by extensions ['ignore', 'ignore_ament_install']
[0.259s] Level 1:colcon.colcon_core.package_identification:_identify(build) by extension 'ignore'
[0.259s] Level 1:colcon.colcon_core.package_identification:_identify(build) ignored
[0.260s] Level 1:colcon.colcon_core.package_identification:_identify(install) by extensions ['ignore', 'ignore_ament_install']
[0.260s] Level 1:colcon.colcon_core.package_identification:_identify(install) by extension 'ignore'
[0.260s] Level 1:colcon.colcon_core.package_identification:_identify(install) ignored
[0.260s] Level 1:colcon.colcon_core.package_identification:_identify(log) by extensions ['ignore', 'ignore_ament_install']
[0.260s] Level 1:colcon.colcon_core.package_identification:_identify(log) by extension 'ignore'
[0.261s] Level 1:colcon.colcon_core.package_identification:_identify(log) ignored
[0.261s] Level 1:colcon.colcon_core.package_identification:_identify(src) by extensions ['ignore', 'ignore_ament_install']
[0.261s] Level 1:colcon.colcon_core.package_identification:_identify(src) by extension 'ignore'
[0.261s] Level 1:colcon.colcon_core.package_identification:_identify(src) by extension 'ignore_ament_install'
[0.261s] Level 1:colcon.colcon_core.package_identification:_identify(src) by extensions ['colcon_pkg']
[0.261s] Level 1:colcon.colcon_core.package_identification:_identify(src) by extension 'colcon_pkg'
[0.262s] Level 1:colcon.colcon_core.package_identification:_identify(src) by extensions ['colcon_meta']
[0.262s] Level 1:colcon.colcon_core.package_identification:_identify(src) by extension 'colcon_meta'
[0.262s] Level 1:colcon.colcon_core.package_identification:_identify(src) by extensions ['ros']
[0.262s] Level 1:colcon.colcon_core.package_identification:_identify(src) by extension 'ros'
[0.262s] Level 1:colcon.colcon_core.package_identification:_identify(src) by extensions ['cmake', 'python']
[0.262s] Level 1:colcon.colcon_core.package_identification:_identify(src) by extension 'cmake'
[0.262s] Level 1:colcon.colcon_core.package_identification:_identify(src) by extension 'python'
[0.263s] Level 1:colcon.colcon_core.package_identification:_identify(src) by extensions ['python_setup_py']
[0.263s] Level 1:colcon.colcon_core.package_identification:_identify(src) by extension 'python_setup_py'
[0.263s] Level 1:colcon.colcon_core.package_identification:_identify(src/my_robot_interfaces) by extensions ['ignore', 'ignore_ament_install']
[0.263s] Level 1:colcon.colcon_core.package_identification:_identify(src/my_robot_interfaces) by extension 'ignore'
[0.263s] Level 1:colcon.colcon_core.package_identification:_identify(src/my_robot_interfaces) by extension 'ignore_ament_install'
[0.264s] Level 1:colcon.colcon_core.package_identification:_identify(src/my_robot_interfaces) by extensions ['colcon_pkg']
[0.264s] Level 1:colcon.colcon_core.package_identification:_identify(src/my_robot_interfaces) by extension 'colcon_pkg'
[0.264s] Level 1:colcon.colcon_core.package_identification:_identify(src/my_robot_interfaces) by extensions ['colcon_meta']
[0.264s] Level 1:colcon.colcon_core.package_identification:_identify(src/my_robot_interfaces) by extension 'colcon_meta'
[0.264s] Level 1:colcon.colcon_core.package_identification:_identify(src/my_robot_interfaces) by extensions ['ros']
[0.264s] Level 1:colcon.colcon_core.package_identification:_identify(src/my_robot_interfaces) by extension 'ros'
[0.267s] DEBUG:colcon.colcon_core.package_identification:Package 'src/my_robot_interfaces' with type 'ros.ament_cmake' and name 'my_robot_interfaces'
[0.267s] Level 1:colcon.colcon_core.package_identification:_identify(src/turtlesim_chaser) by extensions ['ignore', 'ignore_ament_install']
[0.267s] Level 1:colcon.colcon_core.package_identification:_identify(src/turtlesim_chaser) by extension 'ignore'
[0.268s] Level 1:colcon.colcon_core.package_identification:_identify(src/turtlesim_chaser) by extension 'ignore_ament_install'
[0.268s] Level 1:colcon.colcon_core.package_identification:_identify(src/turtlesim_chaser) by extensions ['colcon_pkg']
[0.268s] Level 1:colcon.colcon_core.package_identification:_identify(src/turtlesim_chaser) by extension 'colcon_pkg'
[0.268s] Level 1:colcon.colcon_core.package_identification:_identify(src/turtlesim_chaser) by extensions ['colcon_meta']
[0.268s] Level 1:colcon.colcon_core.package_identification:_identify(src/turtlesim_chaser) by extension 'colcon_meta'
[0.268s] Level 1:colcon.colcon_core.package_identification:_identify(src/turtlesim_chaser) by extensions ['ros']
[0.269s] Level 1:colcon.colcon_core.package_identification:_identify(src/turtlesim_chaser) by extension 'ros'
[0.270s] DEBUG:colcon.colcon_core.package_identification:Package 'src/turtlesim_chaser' with type 'ros.ament_python' and name 'turtlesim_chaser'
[0.270s] Level 1:colcon.colcon_core.package_discovery:discover_packages(recursive) using defaults
[0.270s] Level 1:colcon.colcon_core.package_discovery:discover_packages(ignore) discover
[0.270s] Level 1:colcon.colcon_core.package_discovery:discover_packages(ignore) using defaults
[0.270s] Level 1:colcon.colcon_core.package_discovery:discover_packages(path) discover
[0.270s] Level 1:colcon.colcon_core.package_discovery:discover_packages(path) using defaults
[0.312s] INFO:colcon.colcon_core.package_selection:Skipping not selected package 'my_robot_interfaces' in 'src/my_robot_interfaces'
[0.313s] Level 1:colcon.colcon_core.package_discovery:discover_packages(prefix_path) check parameters
[0.313s] Level 1:colcon.colcon_core.package_discovery:discover_packages(prefix_path) discover
[0.319s] DEBUG:colcon.colcon_installed_package_information.package_discovery:Found 15 installed packages in /home/tomo/Documents/turtlebot3_ws/install
[0.320s] DEBUG:colcon.colcon_installed_package_information.package_discovery:Found 0 installed packages in /home/tomo/colcon_ws/install
[0.322s] DEBUG:colcon.colcon_installed_package_information.package_discovery:Found 4 installed packages in /home/tomo/Documents/ae7785-intro-to-robo/ros2_demo_ws/install
[0.325s] DEBUG:colcon.colcon_installed_package_information.package_discovery:Found 339 installed packages in /opt/ros/foxy
[0.329s] Level 1:colcon.colcon_core.package_discovery:discover_packages(prefix_path) using defaults
[0.442s] Level 5:colcon.colcon_core.verb:set package 'turtlesim_chaser' build argument 'cmake_args' from command line to 'None'
[0.442s] Level 5:colcon.colcon_core.verb:set package 'turtlesim_chaser' build argument 'cmake_target' from command line to 'None'
[0.442s] Level 5:colcon.colcon_core.verb:set package 'turtlesim_chaser' build argument 'cmake_target_skip_unavailable' from command line to 'False'
[0.442s] Level 5:colcon.colcon_core.verb:set package 'turtlesim_chaser' build argument 'cmake_clean_cache' from command line to 'False'
[0.443s] Level 5:colcon.colcon_core.verb:set package 'turtlesim_chaser' build argument 'cmake_clean_first' from command line to 'False'
[0.443s] Level 5:colcon.colcon_core.verb:set package 'turtlesim_chaser' build argument 'cmake_force_configure' from command line to 'False'
[0.443s] Level 5:colcon.colcon_core.verb:set package 'turtlesim_chaser' build argument 'ament_cmake_args' from command line to 'None'
[0.443s] Level 5:colcon.colcon_core.verb:set package 'turtlesim_chaser' build argument 'catkin_cmake_args' from command line to 'None'
[0.443s] Level 5:colcon.colcon_core.verb:set package 'turtlesim_chaser' build argument 'catkin_skip_building_tests' from command line to 'False'
[0.443s] DEBUG:colcon.colcon_core.verb:Building package 'turtlesim_chaser' with the following arguments: {'ament_cmake_args': None, 'build_base': '/home/tomo/ae7785-intro-to-robo/turtlesim_ws/build/turtlesim_chaser', 'catkin_cmake_args': None, 'catkin_skip_building_tests': False, 'cmake_args': None, 'cmake_clean_cache': False, 'cmake_clean_first': False, 'cmake_force_configure': False, 'cmake_target': None, 'cmake_target_skip_unavailable': False, 'install_base': '/home/tomo/ae7785-intro-to-robo/turtlesim_ws/install/turtlesim_chaser', 'merge_install': False, 'path': '/home/tomo/ae7785-intro-to-robo/turtlesim_ws/src/turtlesim_chaser', 'symlink_install': False, 'test_result_base': None}
[0.444s] INFO:colcon.colcon_core.executor:Executing jobs using 'parallel' executor
[0.449s] DEBUG:colcon.colcon_parallel_executor.executor.parallel:run_until_complete
[0.449s] INFO:colcon.colcon_ros.task.ament_python.build:Building ROS package in '/home/tomo/ae7785-intro-to-robo/turtlesim_ws/src/turtlesim_chaser' with build type 'ament_python'
[0.450s] Level 1:colcon.colcon_core.shell:create_environment_hook('turtlesim_chaser', 'ament_prefix_path')
[0.458s] INFO:colcon.colcon_core.plugin_system:Skipping extension 'colcon_core.shell.bat': Not used on non-Windows systems
[0.459s] INFO:colcon.colcon_core.shell:Creating environment hook '/home/tomo/ae7785-intro-to-robo/turtlesim_ws/install/turtlesim_chaser/share/turtlesim_chaser/hook/ament_prefix_path.ps1'
[0.460s] INFO:colcon.colcon_core.shell:Creating environment descriptor '/home/tomo/ae7785-intro-to-robo/turtlesim_ws/install/turtlesim_chaser/share/turtlesim_chaser/hook/ament_prefix_path.dsv'
[0.460s] INFO:colcon.colcon_core.shell:Creating environment hook '/home/tomo/ae7785-intro-to-robo/turtlesim_ws/install/turtlesim_chaser/share/turtlesim_chaser/hook/ament_prefix_path.sh'
[0.464s] INFO:colcon.colcon_core.shell:Skip shell extension 'powershell' for command environment: Not usable outside of PowerShell
[0.464s] DEBUG:colcon.colcon_core.shell:Skip shell extension 'dsv' for command environment
[0.876s] INFO:colcon.colcon_core.task.python.build:Building Python package in '/home/tomo/ae7785-intro-to-robo/turtlesim_ws/src/turtlesim_chaser'
[0.878s] INFO:colcon.colcon_core.shell:Skip shell extension 'powershell' for command environment: Not usable outside of PowerShell
[0.879s] DEBUG:colcon.colcon_core.shell:Skip shell extension 'dsv' for command environment
[1.597s] DEBUG:colcon.colcon_core.event_handler.log_command:Invoking command in '/home/tomo/ae7785-intro-to-robo/turtlesim_ws/build/turtlesim_chaser': PYTHONPATH=/home/tomo/ae7785-intro-to-robo/turtlesim_ws/build/turtlesim_chaser/prefix_override:/home/tomo/ae7785-intro-to-robo/turtlesim_ws/install/turtlesim_chaser/lib/python3.8/site-packages:${PYTHONPATH} /usr/bin/python3 setup.py develop --uninstall --editable --build-directory /home/tomo/ae7785-intro-to-robo/turtlesim_ws/build/turtlesim_chaser/build
[2.223s] DEBUG:colcon.colcon_core.event_handler.log_command:Invoked command in '/home/tomo/ae7785-intro-to-robo/turtlesim_ws/build/turtlesim_chaser' returned '0': PYTHONPATH=/home/tomo/ae7785-intro-to-robo/turtlesim_ws/build/turtlesim_chaser/prefix_override:/home/tomo/ae7785-intro-to-robo/turtlesim_ws/install/turtlesim_chaser/lib/python3.8/site-packages:${PYTHONPATH} /usr/bin/python3 setup.py develop --uninstall --editable --build-directory /home/tomo/ae7785-intro-to-robo/turtlesim_ws/build/turtlesim_chaser/build
[2.229s] DEBUG:colcon.colcon_core.event_handler.log_command:Invoking command in '/home/tomo/ae7785-intro-to-robo/turtlesim_ws/src/turtlesim_chaser': PYTHONPATH=/home/tomo/ae7785-intro-to-robo/turtlesim_ws/build/turtlesim_chaser/prefix_override:/home/tomo/ae7785-intro-to-robo/turtlesim_ws/install/turtlesim_chaser/lib/python3.8/site-packages:${PYTHONPATH} /usr/bin/python3 setup.py egg_info --egg-base ../../build/turtlesim_chaser build --build-base /home/tomo/ae7785-intro-to-robo/turtlesim_ws/build/turtlesim_chaser/build install --record /home/tomo/ae7785-intro-to-robo/turtlesim_ws/build/turtlesim_chaser/install.log --install-scripts $base/lib/turtlesim_chaser --single-version-externally-managed
[2.764s] DEBUG:colcon.colcon_core.event_handler.log_command:Invoked command in '/home/tomo/ae7785-intro-to-robo/turtlesim_ws/src/turtlesim_chaser' returned '0': PYTHONPATH=/home/tomo/ae7785-intro-to-robo/turtlesim_ws/build/turtlesim_chaser/prefix_override:/home/tomo/ae7785-intro-to-robo/turtlesim_ws/install/turtlesim_chaser/lib/python3.8/site-packages:${PYTHONPATH} /usr/bin/python3 setup.py egg_info --egg-base ../../build/turtlesim_chaser build --build-base /home/tomo/ae7785-intro-to-robo/turtlesim_ws/build/turtlesim_chaser/build install --record /home/tomo/ae7785-intro-to-robo/turtlesim_ws/build/turtlesim_chaser/install.log --install-scripts $base/lib/turtlesim_chaser --single-version-externally-managed
[2.772s] Level 1:colcon.colcon_core.environment:checking '/home/tomo/ae7785-intro-to-robo/turtlesim_ws/install/turtlesim_chaser' for CMake module files
[2.772s] Level 1:colcon.colcon_core.environment:checking '/home/tomo/ae7785-intro-to-robo/turtlesim_ws/install/turtlesim_chaser' for CMake config files
[2.774s] Level 1:colcon.colcon_core.environment:checking '/home/tomo/ae7785-intro-to-robo/turtlesim_ws/install/turtlesim_chaser/lib'
[2.774s] Level 1:colcon.colcon_core.environment:checking '/home/tomo/ae7785-intro-to-robo/turtlesim_ws/install/turtlesim_chaser/bin'
[2.774s] Level 1:colcon.colcon_core.environment:checking '/home/tomo/ae7785-intro-to-robo/turtlesim_ws/install/turtlesim_chaser/lib/pkgconfig/turtlesim_chaser.pc'
[2.775s] Level 1:colcon.colcon_core.environment:checking '/home/tomo/ae7785-intro-to-robo/turtlesim_ws/install/turtlesim_chaser/lib/python3.8/site-packages'
[2.775s] Level 1:colcon.colcon_core.shell:create_environment_hook('turtlesim_chaser', 'pythonpath')
[2.777s] INFO:colcon.colcon_core.shell:Creating environment hook '/home/tomo/ae7785-intro-to-robo/turtlesim_ws/install/turtlesim_chaser/share/turtlesim_chaser/hook/pythonpath.ps1'
[2.778s] INFO:colcon.colcon_core.shell:Creating environment descriptor '/home/tomo/ae7785-intro-to-robo/turtlesim_ws/install/turtlesim_chaser/share/turtlesim_chaser/hook/pythonpath.dsv'
[2.779s] INFO:colcon.colcon_core.shell:Creating environment hook '/home/tomo/ae7785-intro-to-robo/turtlesim_ws/install/turtlesim_chaser/share/turtlesim_chaser/hook/pythonpath.sh'
[2.780s] Level 1:colcon.colcon_core.environment:checking '/home/tomo/ae7785-intro-to-robo/turtlesim_ws/install/turtlesim_chaser/bin'
[2.780s] Level 1:colcon.colcon_core.environment:create_environment_scripts_only(turtlesim_chaser)
[2.783s] INFO:colcon.colcon_core.shell:Creating package script '/home/tomo/ae7785-intro-to-robo/turtlesim_ws/install/turtlesim_chaser/share/turtlesim_chaser/package.ps1'
[2.785s] INFO:colcon.colcon_core.shell:Creating package descriptor '/home/tomo/ae7785-intro-to-robo/turtlesim_ws/install/turtlesim_chaser/share/turtlesim_chaser/package.dsv'
[2.786s] INFO:colcon.colcon_core.shell:Creating package script '/home/tomo/ae7785-intro-to-robo/turtlesim_ws/install/turtlesim_chaser/share/turtlesim_chaser/package.sh'
[2.787s] INFO:colcon.colcon_core.shell:Creating package script '/home/tomo/ae7785-intro-to-robo/turtlesim_ws/install/turtlesim_chaser/share/turtlesim_chaser/package.bash'
[2.789s] INFO:colcon.colcon_core.shell:Creating package script '/home/tomo/ae7785-intro-to-robo/turtlesim_ws/install/turtlesim_chaser/share/turtlesim_chaser/package.zsh'
[2.790s] Level 1:colcon.colcon_core.environment:create_file_with_runtime_dependencies(/home/tomo/ae7785-intro-to-robo/turtlesim_ws/install/turtlesim_chaser/share/colcon-core/packages/turtlesim_chaser)
[2.791s] DEBUG:colcon.colcon_parallel_executor.executor.parallel:closing loop
[2.793s] DEBUG:colcon.colcon_parallel_executor.executor.parallel:loop closed
[2.793s] DEBUG:colcon.colcon_parallel_executor.executor.parallel:run_until_complete finished with '0'
[2.793s] DEBUG:colcon.colcon_core.event_reactor:joining thread
[2.801s] INFO:colcon.colcon_core.plugin_system:Skipping extension 'colcon_notification.desktop_notification.terminal_notifier': Not used on non-Darwin systems
[2.802s] INFO:colcon.colcon_core.plugin_system:Skipping extension 'colcon_notification.desktop_notification.win32': Not used on non-Windows systems
[2.802s] INFO:colcon.colcon_notification.desktop_notification:Sending desktop notification using 'notify2'
[2.828s] DEBUG:colcon.colcon_core.event_reactor:joined thread
[2.831s] INFO:colcon.colcon_core.shell:Creating prefix script '/home/tomo/ae7785-intro-to-robo/turtlesim_ws/install/local_setup.ps1'
[2.835s] INFO:colcon.colcon_core.shell:Creating prefix util module '/home/tomo/ae7785-intro-to-robo/turtlesim_ws/install/_local_setup_util_ps1.py'
[2.839s] INFO:colcon.colcon_core.shell:Creating prefix chain script '/home/tomo/ae7785-intro-to-robo/turtlesim_ws/install/setup.ps1'
[2.843s] INFO:colcon.colcon_core.shell:Creating prefix script '/home/tomo/ae7785-intro-to-robo/turtlesim_ws/install/local_setup.sh'
[2.844s] INFO:colcon.colcon_core.shell:Creating prefix util module '/home/tomo/ae7785-intro-to-robo/turtlesim_ws/install/_local_setup_util_sh.py'
[2.846s] INFO:colcon.colcon_core.shell:Creating prefix chain script '/home/tomo/ae7785-intro-to-robo/turtlesim_ws/install/setup.sh'
[2.849s] INFO:colcon.colcon_core.shell:Creating prefix script '/home/tomo/ae7785-intro-to-robo/turtlesim_ws/install/local_setup.bash'
[2.851s] INFO:colcon.colcon_core.shell:Creating prefix chain script '/home/tomo/ae7785-intro-to-robo/turtlesim_ws/install/setup.bash'
[2.859s] INFO:colcon.colcon_core.shell:Creating prefix script '/home/tomo/ae7785-intro-to-robo/turtlesim_ws/install/local_setup.zsh'
[2.862s] INFO:colcon.colcon_core.shell:Creating prefix chain script '/home/tomo/ae7785-intro-to-robo/turtlesim_ws/install/setup.zsh'
