[0.944s] Invoking command in '/home/tomo/Documents/ae7785-intro-to-robo/ros2_demo_ws/build/my_py_pkg': PYTHONPATH=/home/tomo/Documents/ae7785-intro-to-robo/ros2_demo_ws/build/my_py_pkg/prefix_override:/home/tomo/Documents/ae7785-intro-to-robo/ros2_demo_ws/install/my_py_pkg/lib/python3.8/site-packages:${PYTHONPATH} /usr/bin/python3 setup.py develop --uninstall --editable --build-directory /home/tomo/Documents/ae7785-intro-to-robo/ros2_demo_ws/build/my_py_pkg/build
[1.268s] running develop
[1.475s] Invoked command in '/home/tomo/Documents/ae7785-intro-to-robo/ros2_demo_ws/build/my_py_pkg' returned '0': PYTHONPATH=/home/tomo/Documents/ae7785-intro-to-robo/ros2_demo_ws/build/my_py_pkg/prefix_override:/home/tomo/Documents/ae7785-intro-to-robo/ros2_demo_ws/install/my_py_pkg/lib/python3.8/site-packages:${PYTHONPATH} /usr/bin/python3 setup.py develop --uninstall --editable --build-directory /home/tomo/Documents/ae7785-intro-to-robo/ros2_demo_ws/build/my_py_pkg/build
[1.477s] Invoking command in '/home/tomo/Documents/ae7785-intro-to-robo/ros2_demo_ws/src/my_py_pkg': PYTHONPATH=/home/tomo/Documents/ae7785-intro-to-robo/ros2_demo_ws/build/my_py_pkg/prefix_override:/home/tomo/Documents/ae7785-intro-to-robo/ros2_demo_ws/install/my_py_pkg/lib/python3.8/site-packages:${PYTHONPATH} /usr/bin/python3 setup.py egg_info --egg-base ../../build/my_py_pkg build --build-base /home/tomo/Documents/ae7785-intro-to-robo/ros2_demo_ws/build/my_py_pkg/build install --record /home/tomo/Documents/ae7785-intro-to-robo/ros2_demo_ws/build/my_py_pkg/install.log --install-scripts $base/lib/my_py_pkg --single-version-externally-managed
[1.768s] running egg_info
[1.768s] writing ../../build/my_py_pkg/my_py_pkg.egg-info/PKG-INFO
[1.770s] writing dependency_links to ../../build/my_py_pkg/my_py_pkg.egg-info/dependency_links.txt
[1.771s] writing entry points to ../../build/my_py_pkg/my_py_pkg.egg-info/entry_points.txt
[1.773s] writing requirements to ../../build/my_py_pkg/my_py_pkg.egg-info/requires.txt
[1.776s] writing top-level names to ../../build/my_py_pkg/my_py_pkg.egg-info/top_level.txt
[1.824s] reading manifest file '../../build/my_py_pkg/my_py_pkg.egg-info/SOURCES.txt'
[1.825s] writing manifest file '../../build/my_py_pkg/my_py_pkg.egg-info/SOURCES.txt'
[1.825s] running build
[1.826s] running build_py
[1.826s] copying my_py_pkg/__init__.py -> /home/tomo/Documents/ae7785-intro-to-robo/ros2_demo_ws/build/my_py_pkg/build/lib/my_py_pkg
[1.826s] running install
[1.827s] running install_lib
[1.828s] copying /home/tomo/Documents/ae7785-intro-to-robo/ros2_demo_ws/build/my_py_pkg/build/lib/my_py_pkg/__init__.py -> /home/tomo/Documents/ae7785-intro-to-robo/ros2_demo_ws/install/my_py_pkg/lib/python3.8/site-packages/my_py_pkg
[1.828s] byte-compiling /home/tomo/Documents/ae7785-intro-to-robo/ros2_demo_ws/install/my_py_pkg/lib/python3.8/site-packages/my_py_pkg/__init__.py to __init__.cpython-38.pyc
[1.830s] running install_data
[1.831s] copying resource/my_py_pkg -> /home/tomo/Documents/ae7785-intro-to-robo/ros2_demo_ws/install/my_py_pkg/share/ament_index/resource_index/packages
[1.836s] copying package.xml -> /home/tomo/Documents/ae7785-intro-to-robo/ros2_demo_ws/install/my_py_pkg/share/my_py_pkg
[1.836s] running install_egg_info
[1.836s] Copying ../../build/my_py_pkg/my_py_pkg.egg-info to /home/tomo/Documents/ae7785-intro-to-robo/ros2_demo_ws/install/my_py_pkg/lib/python3.8/site-packages/my_py_pkg-0.0.0-py3.8.egg-info
[1.836s] running install_scripts
[1.861s] writing list of installed files to '/home/tomo/Documents/ae7785-intro-to-robo/ros2_demo_ws/build/my_py_pkg/install.log'
[1.898s] Invoked command in '/home/tomo/Documents/ae7785-intro-to-robo/ros2_demo_ws/src/my_py_pkg' returned '0': PYTHONPATH=/home/tomo/Documents/ae7785-intro-to-robo/ros2_demo_ws/build/my_py_pkg/prefix_override:/home/tomo/Documents/ae7785-intro-to-robo/ros2_demo_ws/install/my_py_pkg/lib/python3.8/site-packages:${PYTHONPATH} /usr/bin/python3 setup.py egg_info --egg-base ../../build/my_py_pkg build --build-base /home/tomo/Documents/ae7785-intro-to-robo/ros2_demo_ws/build/my_py_pkg/build install --record /home/tomo/Documents/ae7785-intro-to-robo/ros2_demo_ws/build/my_py_pkg/install.log --install-scripts $base/lib/my_py_pkg --single-version-externally-managed
