[0.175s] Invoking command in '/home/tomo/Documents/ae7785-intro-to-robo/ros2_demo_ws/build/my_robot_interfaces': CMAKE_PREFIX_PATH=${CMAKE_PREFIX_PATH}:/home/tomo/Documents/ae7785-intro-to-robo/ros2_demo_ws/install/my_py_pkg:/home/tomo/Documents/turtlebot3_ws/install/turtlebot3_teleop:/home/tomo/Documents/turtlebot3_ws/install/turtlebot3_example:/opt/ros/foxy /usr/bin/cmake /home/tomo/Documents/ae7785-intro-to-robo/ros2_demo_ws/src/my_robot_interfaces -DCMAKE_INSTALL_PREFIX=/home/tomo/Documents/ae7785-intro-to-robo/ros2_demo_ws/install/my_robot_interfaces
[1.535s] -- The C compiler identification is GNU 9.4.0
[2.398s] -- The CXX compiler identification is GNU 9.4.0
[2.484s] -- Check for working C compiler: /usr/bin/cc
[2.669s] -- Check for working C compiler: /usr/bin/cc -- works
[2.673s] -- Detecting C compiler ABI info
[2.838s] -- Detecting C compiler ABI info - done
[3.013s] -- Detecting C compile features
[3.014s] -- Detecting C compile features - done
[3.021s] -- Check for working CXX compiler: /usr/bin/c++
[3.170s] -- Check for working CXX compiler: /usr/bin/c++ -- works
[3.173s] -- Detecting CXX compiler ABI info
[3.349s] -- Detecting CXX compiler ABI info - done
[3.369s] -- Detecting CXX compile features
[3.369s] -- Detecting CXX compile features - done
[3.517s] -- Found ament_cmake: 0.9.11 (/opt/ros/foxy/share/ament_cmake/cmake)
[3.653s] -- Found PythonInterp: /usr/bin/python3 (found suitable version "3.8.10", minimum required is "3") 
[3.653s] -- Using PYTHON_EXECUTABLE: /usr/bin/python3
[4.273s] -- Found rosidl_default_generators: 1.0.1 (/opt/ros/foxy/share/rosidl_default_generators/cmake)
[4.295s] -- Using all available rosidl_typesupport_c: rosidl_typesupport_fastrtps_c;rosidl_typesupport_introspection_c
[4.390s] -- Found rosidl_adapter: 1.3.0 (/opt/ros/foxy/share/rosidl_adapter/cmake)
[5.003s] -- Found OpenSSL: /usr/lib/x86_64-linux-gnu/libcrypto.so (found version "1.1.1f")  
[5.060s] -- Found FastRTPS: /opt/ros/foxy/include  
[5.594s] -- Using all available rosidl_typesupport_cpp: rosidl_typesupport_fastrtps_cpp;rosidl_typesupport_introspection_cpp
[5.711s] CMake Error at CMakeLists.txt:20 (rosidl_default_generators):
[5.711s]   Unknown CMake command "rosidl_default_generators".
[5.711s] 
[5.712s] 
[5.713s] -- Configuring incomplete, errors occurred!
[5.713s] See also "/home/tomo/Documents/ae7785-intro-to-robo/ros2_demo_ws/build/my_robot_interfaces/CMakeFiles/CMakeOutput.log".
[5.734s] Invoked command in '/home/tomo/Documents/ae7785-intro-to-robo/ros2_demo_ws/build/my_robot_interfaces' returned '1': CMAKE_PREFIX_PATH=${CMAKE_PREFIX_PATH}:/home/tomo/Documents/ae7785-intro-to-robo/ros2_demo_ws/install/my_py_pkg:/home/tomo/Documents/turtlebot3_ws/install/turtlebot3_teleop:/home/tomo/Documents/turtlebot3_ws/install/turtlebot3_example:/opt/ros/foxy /usr/bin/cmake /home/tomo/Documents/ae7785-intro-to-robo/ros2_demo_ws/src/my_robot_interfaces -DCMAKE_INSTALL_PREFIX=/home/tomo/Documents/ae7785-intro-to-robo/ros2_demo_ws/install/my_robot_interfaces
