[0.820s] Invoking command in '/home/tomo/ae7785-intro-to-robo/ros2_ws/build/object_follower_bringup': CMAKE_PREFIX_PATH=${CMAKE_PREFIX_PATH}:/home/tomo/ae7785-intro-to-robo/ros2_ws/install/object_follower:/home/tomo/ae7785-intro-to-robo/ros2_ws/install/team99_object_follower:/opt/ros/foxy /usr/bin/cmake --build /home/tomo/ae7785-intro-to-robo/ros2_ws/build/object_follower_bringup -- -j6 -l6
[1.011s] Invoked command in '/home/tomo/ae7785-intro-to-robo/ros2_ws/build/object_follower_bringup' returned '0': CMAKE_PREFIX_PATH=${CMAKE_PREFIX_PATH}:/home/tomo/ae7785-intro-to-robo/ros2_ws/install/object_follower:/home/tomo/ae7785-intro-to-robo/ros2_ws/install/team99_object_follower:/opt/ros/foxy /usr/bin/cmake --build /home/tomo/ae7785-intro-to-robo/ros2_ws/build/object_follower_bringup -- -j6 -l6
[1.143s] Invoking command in '/home/tomo/ae7785-intro-to-robo/ros2_ws/build/object_follower_bringup': CMAKE_PREFIX_PATH=${CMAKE_PREFIX_PATH}:/home/tomo/ae7785-intro-to-robo/ros2_ws/install/object_follower:/home/tomo/ae7785-intro-to-robo/ros2_ws/install/team99_object_follower:/opt/ros/foxy /usr/bin/cmake --install /home/tomo/ae7785-intro-to-robo/ros2_ws/build/object_follower_bringup
[1.169s] -- Install configuration: ""
[1.170s] -- Up-to-date: /home/tomo/ae7785-intro-to-robo/ros2_ws/install/object_follower_bringup/share/object_follower_bringup/launch
[1.170s] -- Up-to-date: /home/tomo/ae7785-intro-to-robo/ros2_ws/install/object_follower_bringup/share/object_follower_bringup/launch/object_follower.launch.py
[1.170s] -- Up-to-date: /home/tomo/ae7785-intro-to-robo/ros2_ws/install/object_follower_bringup/share/ament_index/resource_index/package_run_dependencies/object_follower_bringup
[1.170s] -- Up-to-date: /home/tomo/ae7785-intro-to-robo/ros2_ws/install/object_follower_bringup/share/ament_index/resource_index/parent_prefix_path/object_follower_bringup
[1.170s] -- Up-to-date: /home/tomo/ae7785-intro-to-robo/ros2_ws/install/object_follower_bringup/share/object_follower_bringup/environment/ament_prefix_path.sh
[1.170s] -- Up-to-date: /home/tomo/ae7785-intro-to-robo/ros2_ws/install/object_follower_bringup/share/object_follower_bringup/environment/ament_prefix_path.dsv
[1.170s] -- Up-to-date: /home/tomo/ae7785-intro-to-robo/ros2_ws/install/object_follower_bringup/share/object_follower_bringup/environment/path.sh
[1.170s] -- Up-to-date: /home/tomo/ae7785-intro-to-robo/ros2_ws/install/object_follower_bringup/share/object_follower_bringup/environment/path.dsv
[1.171s] -- Up-to-date: /home/tomo/ae7785-intro-to-robo/ros2_ws/install/object_follower_bringup/share/object_follower_bringup/local_setup.bash
[1.171s] -- Up-to-date: /home/tomo/ae7785-intro-to-robo/ros2_ws/install/object_follower_bringup/share/object_follower_bringup/local_setup.sh
[1.171s] -- Up-to-date: /home/tomo/ae7785-intro-to-robo/ros2_ws/install/object_follower_bringup/share/object_follower_bringup/local_setup.zsh
[1.171s] -- Up-to-date: /home/tomo/ae7785-intro-to-robo/ros2_ws/install/object_follower_bringup/share/object_follower_bringup/local_setup.dsv
[1.171s] -- Installing: /home/tomo/ae7785-intro-to-robo/ros2_ws/install/object_follower_bringup/share/object_follower_bringup/package.dsv
[1.171s] -- Up-to-date: /home/tomo/ae7785-intro-to-robo/ros2_ws/install/object_follower_bringup/share/ament_index/resource_index/packages/object_follower_bringup
[1.171s] -- Up-to-date: /home/tomo/ae7785-intro-to-robo/ros2_ws/install/object_follower_bringup/share/object_follower_bringup/cmake/object_follower_bringupConfig.cmake
[1.172s] -- Up-to-date: /home/tomo/ae7785-intro-to-robo/ros2_ws/install/object_follower_bringup/share/object_follower_bringup/cmake/object_follower_bringupConfig-version.cmake
[1.172s] -- Up-to-date: /home/tomo/ae7785-intro-to-robo/ros2_ws/install/object_follower_bringup/share/object_follower_bringup/package.xml
[1.172s] Invoked command in '/home/tomo/ae7785-intro-to-robo/ros2_ws/build/object_follower_bringup' returned '0': CMAKE_PREFIX_PATH=${CMAKE_PREFIX_PATH}:/home/tomo/ae7785-intro-to-robo/ros2_ws/install/object_follower:/home/tomo/ae7785-intro-to-robo/ros2_ws/install/team99_object_follower:/opt/ros/foxy /usr/bin/cmake --install /home/tomo/ae7785-intro-to-robo/ros2_ws/build/object_follower_bringup
