[1.947s] Invoking command in '/home/tomo/Documents/ae7785-intro-to-robo/my_first_node/src/my_py_pkg': PYTHONPATH=/home/tomo/Documents/ae7785-intro-to-robo/my_first_node/build/my_py_pkg/prefix_override:/home/tomo/Documents/ae7785-intro-to-robo/my_first_node/install/my_py_pkg/lib/python3.8/site-packages:${PYTHONPATH} /usr/bin/python3 setup.py egg_info --egg-base ../../build/my_py_pkg build --build-base /home/tomo/Documents/ae7785-intro-to-robo/my_first_node/build/my_py_pkg/build install --record /home/tomo/Documents/ae7785-intro-to-robo/my_first_node/build/my_py_pkg/install.log --single-version-externally-managed
[2.283s] running egg_info
[2.283s] writing ../../build/my_py_pkg/my_py_pkg.egg-info/PKG-INFO
[2.285s] writing dependency_links to ../../build/my_py_pkg/my_py_pkg.egg-info/dependency_links.txt
[2.285s] writing entry points to ../../build/my_py_pkg/my_py_pkg.egg-info/entry_points.txt
[2.286s] writing requirements to ../../build/my_py_pkg/my_py_pkg.egg-info/requires.txt
[2.286s] writing top-level names to ../../build/my_py_pkg/my_py_pkg.egg-info/top_level.txt
[2.462s] reading manifest file '../../build/my_py_pkg/my_py_pkg.egg-info/SOURCES.txt'
[2.483s] writing manifest file '../../build/my_py_pkg/my_py_pkg.egg-info/SOURCES.txt'
[2.483s] running build
[2.484s] running build_py
[2.484s] running install
[2.485s] running install_lib
[2.487s] running install_data
[2.487s] running install_egg_info
[2.490s] removing '/home/tomo/Documents/ae7785-intro-to-robo/my_first_node/install/my_py_pkg/lib/python3.8/site-packages/my_py_pkg-0.0.0-py3.8.egg-info' (and everything under it)
[2.491s] Copying ../../build/my_py_pkg/my_py_pkg.egg-info to /home/tomo/Documents/ae7785-intro-to-robo/my_first_node/install/my_py_pkg/lib/python3.8/site-packages/my_py_pkg-0.0.0-py3.8.egg-info
[2.505s] running install_scripts
[2.536s] Installing py_node script to /home/tomo/Documents/ae7785-intro-to-robo/my_first_node/install/my_py_pkg/lib/my_py_pkg
[2.538s] writing list of installed files to '/home/tomo/Documents/ae7785-intro-to-robo/my_first_node/build/my_py_pkg/install.log'
[2.561s] Invoked command in '/home/tomo/Documents/ae7785-intro-to-robo/my_first_node/src/my_py_pkg' returned '0': PYTHONPATH=/home/tomo/Documents/ae7785-intro-to-robo/my_first_node/build/my_py_pkg/prefix_override:/home/tomo/Documents/ae7785-intro-to-robo/my_first_node/install/my_py_pkg/lib/python3.8/site-packages:${PYTHONPATH} /usr/bin/python3 setup.py egg_info --egg-base ../../build/my_py_pkg build --build-base /home/tomo/Documents/ae7785-intro-to-robo/my_first_node/build/my_py_pkg/build install --record /home/tomo/Documents/ae7785-intro-to-robo/my_first_node/build/my_py_pkg/install.log --single-version-externally-managed
