running egg_info
writing ../../build/my_py_pkg/my_py_pkg.egg-info/PKG-INFO
writing dependency_links to ../../build/my_py_pkg/my_py_pkg.egg-info/dependency_links.txt
writing entry points to ../../build/my_py_pkg/my_py_pkg.egg-info/entry_points.txt
writing requirements to ../../build/my_py_pkg/my_py_pkg.egg-info/requires.txt
writing top-level names to ../../build/my_py_pkg/my_py_pkg.egg-info/top_level.txt
reading manifest file '../../build/my_py_pkg/my_py_pkg.egg-info/SOURCES.txt'
writing manifest file '../../build/my_py_pkg/my_py_pkg.egg-info/SOURCES.txt'
running build
running build_py
running install
running install_lib
creating /home/tomo/Documents/ae7785-intro-to-robo/ros-ws-main/install/my_py_pkg/lib/python3.8/site-packages/my_py_pkg
copying /home/tomo/Documents/ae7785-intro-to-robo/ros-ws-main/build/my_py_pkg/build/lib/my_py_pkg/__init__.py -> /home/tomo/Documents/ae7785-intro-to-robo/ros-ws-main/install/my_py_pkg/lib/python3.8/site-packages/my_py_pkg
copying /home/tomo/Documents/ae7785-intro-to-robo/ros-ws-main/build/my_py_pkg/build/lib/my_py_pkg/my_first_node.py -> /home/tomo/Documents/ae7785-intro-to-robo/ros-ws-main/install/my_py_pkg/lib/python3.8/site-packages/my_py_pkg
byte-compiling /home/tomo/Documents/ae7785-intro-to-robo/ros-ws-main/install/my_py_pkg/lib/python3.8/site-packages/my_py_pkg/__init__.py to __init__.cpython-38.pyc
byte-compiling /home/tomo/Documents/ae7785-intro-to-robo/ros-ws-main/install/my_py_pkg/lib/python3.8/site-packages/my_py_pkg/my_first_node.py to my_first_node.cpython-38.pyc
running install_data
running install_egg_info
Copying ../../build/my_py_pkg/my_py_pkg.egg-info to /home/tomo/Documents/ae7785-intro-to-robo/ros-ws-main/install/my_py_pkg/lib/python3.8/site-packages/my_py_pkg-0.0.0-py3.8.egg-info
running install_scripts
Installing py_node script to /home/tomo/Documents/ae7785-intro-to-robo/ros-ws-main/install/my_py_pkg/lib/my_py_pkg
writing list of installed files to '/home/tomo/Documents/ae7785-intro-to-robo/ros-ws-main/build/my_py_pkg/install.log'
