[1.192s] Invoking command in '/home/tomo/Documents/ae7785-intro-to-robo/ros-ws-main/src/my_py_pkg': PYTHONPATH=/home/tomo/Documents/ae7785-intro-to-robo/ros-ws-main/build/my_py_pkg/prefix_override:/home/tomo/Documents/ae7785-intro-to-robo/ros-ws-main/install/my_py_pkg/lib/python3.8/site-packages: /usr/bin/python3 setup.py egg_info --egg-base ../../build/my_py_pkg build --build-base /home/tomo/Documents/ae7785-intro-to-robo/ros-ws-main/build/my_py_pkg/build install --record /home/tomo/Documents/ae7785-intro-to-robo/ros-ws-main/build/my_py_pkg/install.log --single-version-externally-managed
[1.418s] running egg_info
[1.419s] writing ../../build/my_py_pkg/my_py_pkg.egg-info/PKG-INFO
[1.422s] writing dependency_links to ../../build/my_py_pkg/my_py_pkg.egg-info/dependency_links.txt
[1.422s] writing entry points to ../../build/my_py_pkg/my_py_pkg.egg-info/entry_points.txt
[1.525s] writing requirements to ../../build/my_py_pkg/my_py_pkg.egg-info/requires.txt
[1.525s] writing top-level names to ../../build/my_py_pkg/my_py_pkg.egg-info/top_level.txt
[1.607s] reading manifest file '../../build/my_py_pkg/my_py_pkg.egg-info/SOURCES.txt'
[1.608s] writing manifest file '../../build/my_py_pkg/my_py_pkg.egg-info/SOURCES.txt'
[1.609s] running build
[1.609s] running build_py
[1.610s] running install
[1.611s] running install_lib
[1.612s] creating /home/tomo/Documents/ae7785-intro-to-robo/ros-ws-main/install/my_py_pkg/lib/python3.8/site-packages/my_py_pkg
[1.613s] copying /home/tomo/Documents/ae7785-intro-to-robo/ros-ws-main/build/my_py_pkg/build/lib/my_py_pkg/__init__.py -> /home/tomo/Documents/ae7785-intro-to-robo/ros-ws-main/install/my_py_pkg/lib/python3.8/site-packages/my_py_pkg
[1.613s] copying /home/tomo/Documents/ae7785-intro-to-robo/ros-ws-main/build/my_py_pkg/build/lib/my_py_pkg/my_first_node.py -> /home/tomo/Documents/ae7785-intro-to-robo/ros-ws-main/install/my_py_pkg/lib/python3.8/site-packages/my_py_pkg
[1.614s] byte-compiling /home/tomo/Documents/ae7785-intro-to-robo/ros-ws-main/install/my_py_pkg/lib/python3.8/site-packages/my_py_pkg/__init__.py to __init__.cpython-38.pyc
[1.615s] byte-compiling /home/tomo/Documents/ae7785-intro-to-robo/ros-ws-main/install/my_py_pkg/lib/python3.8/site-packages/my_py_pkg/my_first_node.py to my_first_node.cpython-38.pyc
[1.616s] running install_data
[1.619s] running install_egg_info
[1.623s] Copying ../../build/my_py_pkg/my_py_pkg.egg-info to /home/tomo/Documents/ae7785-intro-to-robo/ros-ws-main/install/my_py_pkg/lib/python3.8/site-packages/my_py_pkg-0.0.0-py3.8.egg-info
[1.625s] running install_scripts
[1.646s] Installing py_node script to /home/tomo/Documents/ae7785-intro-to-robo/ros-ws-main/install/my_py_pkg/lib/my_py_pkg
[1.648s] writing list of installed files to '/home/tomo/Documents/ae7785-intro-to-robo/ros-ws-main/build/my_py_pkg/install.log'
[1.677s] Invoked command in '/home/tomo/Documents/ae7785-intro-to-robo/ros-ws-main/src/my_py_pkg' returned '0': PYTHONPATH=/home/tomo/Documents/ae7785-intro-to-robo/ros-ws-main/build/my_py_pkg/prefix_override:/home/tomo/Documents/ae7785-intro-to-robo/ros-ws-main/install/my_py_pkg/lib/python3.8/site-packages: /usr/bin/python3 setup.py egg_info --egg-base ../../build/my_py_pkg build --build-base /home/tomo/Documents/ae7785-intro-to-robo/ros-ws-main/build/my_py_pkg/build install --record /home/tomo/Documents/ae7785-intro-to-robo/ros-ws-main/build/my_py_pkg/install.log --single-version-externally-managed
