[  2%] Built target my_robot_interfaces__cpp
[ 12%] Built target my_robot_interfaces__rosidl_generator_c
[ 25%] Built target my_robot_interfaces__rosidl_typesupport_cpp
[ 43%] Built target my_robot_interfaces__rosidl_typesupport_c
[ 41%] Built target my_robot_interfaces__rosidl_typesupport_introspection_c
[ 53%] Built target my_robot_interfaces__rosidl_typesupport_introspection_cpp
[ 64%] Built target my_robot_interfaces__rosidl_typesupport_fastrtps_cpp
[ 74%] Built target my_robot_interfaces__rosidl_typesupport_fastrtps_c
[ 74%] Built target my_robot_interfaces
[ 76%] Built target my_robot_interfaces__py
[ 84%] Built target my_robot_interfaces__python
[ 89%] Built target my_robot_interfaces__rosidl_typesupport_introspection_c__pyext
[ 94%] Built target my_robot_interfaces__rosidl_typesupport_c__pyext
[100%] Built target my_robot_interfaces__rosidl_typesupport_fastrtps_c__pyext
-- Install configuration: ""
-- Execute custom install script
-- Up-to-date symlink: /home/tomo/ae7785-intro-to-robo/turtlesim_ws/install/my_robot_interfaces/share/ament_index/resource_index/rosidl_interfaces/my_robot_interfaces
-- Up-to-date symlink: /home/tomo/ae7785-intro-to-robo/turtlesim_ws/install/my_robot_interfaces/include/my_robot_interfaces/msg/detail/turtle__functions.h
-- Up-to-date symlink: /home/tomo/ae7785-intro-to-robo/turtlesim_ws/install/my_robot_interfaces/include/my_robot_interfaces/msg/detail/turtle__struct.h
-- Up-to-date symlink: /home/tomo/ae7785-intro-to-robo/turtlesim_ws/install/my_robot_interfaces/include/my_robot_interfaces/msg/detail/turtle__type_support.h
-- Up-to-date symlink: /home/tomo/ae7785-intro-to-robo/turtlesim_ws/install/my_robot_interfaces/include/my_robot_interfaces/msg/detail/turtle_array__functions.h
-- Up-to-date symlink: /home/tomo/ae7785-intro-to-robo/turtlesim_ws/install/my_robot_interfaces/include/my_robot_interfaces/msg/detail/turtle_array__struct.h
-- Up-to-date symlink: /home/tomo/ae7785-intro-to-robo/turtlesim_ws/install/my_robot_interfaces/include/my_robot_interfaces/msg/detail/turtle_array__type_support.h
-- Up-to-date symlink: /home/tomo/ae7785-intro-to-robo/turtlesim_ws/install/my_robot_interfaces/include/my_robot_interfaces/msg/rosidl_generator_c__visibility_control.h
-- Up-to-date symlink: /home/tomo/ae7785-intro-to-robo/turtlesim_ws/install/my_robot_interfaces/include/my_robot_interfaces/msg/turtle.h
-- Up-to-date symlink: /home/tomo/ae7785-intro-to-robo/turtlesim_ws/install/my_robot_interfaces/include/my_robot_interfaces/msg/turtle_array.h
-- Up-to-date symlink: /home/tomo/ae7785-intro-to-robo/turtlesim_ws/install/my_robot_interfaces/share/my_robot_interfaces/environment/library_path.sh
-- Up-to-date symlink: /home/tomo/ae7785-intro-to-robo/turtlesim_ws/install/my_robot_interfaces/share/my_robot_interfaces/environment/library_path.dsv
-- Up-to-date symlink: /home/tomo/ae7785-intro-to-robo/turtlesim_ws/install/my_robot_interfaces/include/my_robot_interfaces/msg/detail/turtle__rosidl_typesupport_fastrtps_c.h
-- Up-to-date symlink: /home/tomo/ae7785-intro-to-robo/turtlesim_ws/install/my_robot_interfaces/include/my_robot_interfaces/msg/detail/turtle_array__rosidl_typesupport_fastrtps_c.h
-- Up-to-date symlink: /home/tomo/ae7785-intro-to-robo/turtlesim_ws/install/my_robot_interfaces/include/my_robot_interfaces/msg/rosidl_typesupport_fastrtps_c__visibility_control.h
-- Up-to-date symlink: /home/tomo/ae7785-intro-to-robo/turtlesim_ws/install/my_robot_interfaces/lib/libmy_robot_interfaces__rosidl_typesupport_fastrtps_c.so
-- Up-to-date symlink: /home/tomo/ae7785-intro-to-robo/turtlesim_ws/install/my_robot_interfaces/include/my_robot_interfaces/msg/detail/turtle__rosidl_typesupport_fastrtps_cpp.hpp
-- Up-to-date symlink: /home/tomo/ae7785-intro-to-robo/turtlesim_ws/install/my_robot_interfaces/include/my_robot_interfaces/msg/detail/turtle_array__rosidl_typesupport_fastrtps_cpp.hpp
-- Up-to-date symlink: /home/tomo/ae7785-intro-to-robo/turtlesim_ws/install/my_robot_interfaces/include/my_robot_interfaces/msg/rosidl_typesupport_fastrtps_cpp__visibility_control.h
-- Up-to-date symlink: /home/tomo/ae7785-intro-to-robo/turtlesim_ws/install/my_robot_interfaces/lib/libmy_robot_interfaces__rosidl_typesupport_fastrtps_cpp.so
-- Up-to-date symlink: /home/tomo/ae7785-intro-to-robo/turtlesim_ws/install/my_robot_interfaces/include/my_robot_interfaces/msg/detail/turtle__rosidl_typesupport_introspection_c.h
-- Up-to-date symlink: /home/tomo/ae7785-intro-to-robo/turtlesim_ws/install/my_robot_interfaces/include/my_robot_interfaces/msg/detail/turtle_array__rosidl_typesupport_introspection_c.h
-- Up-to-date symlink: /home/tomo/ae7785-intro-to-robo/turtlesim_ws/install/my_robot_interfaces/include/my_robot_interfaces/msg/rosidl_typesupport_introspection_c__visibility_control.h
-- Up-to-date symlink: /home/tomo/ae7785-intro-to-robo/turtlesim_ws/install/my_robot_interfaces/include/my_robot_interfaces/msg/detail/turtle__builder.hpp
-- Up-to-date symlink: /home/tomo/ae7785-intro-to-robo/turtlesim_ws/install/my_robot_interfaces/include/my_robot_interfaces/msg/detail/turtle__struct.hpp
-- Up-to-date symlink: /home/tomo/ae7785-intro-to-robo/turtlesim_ws/install/my_robot_interfaces/include/my_robot_interfaces/msg/detail/turtle__traits.hpp
-- Up-to-date symlink: /home/tomo/ae7785-intro-to-robo/turtlesim_ws/install/my_robot_interfaces/include/my_robot_interfaces/msg/detail/turtle_array__builder.hpp
-- Up-to-date symlink: /home/tomo/ae7785-intro-to-robo/turtlesim_ws/install/my_robot_interfaces/include/my_robot_interfaces/msg/detail/turtle_array__struct.hpp
-- Up-to-date symlink: /home/tomo/ae7785-intro-to-robo/turtlesim_ws/install/my_robot_interfaces/include/my_robot_interfaces/msg/detail/turtle_array__traits.hpp
-- Up-to-date symlink: /home/tomo/ae7785-intro-to-robo/turtlesim_ws/install/my_robot_interfaces/include/my_robot_interfaces/msg/turtle.hpp
-- Up-to-date symlink: /home/tomo/ae7785-intro-to-robo/turtlesim_ws/install/my_robot_interfaces/include/my_robot_interfaces/msg/turtle_array.hpp
-- Up-to-date symlink: /home/tomo/ae7785-intro-to-robo/turtlesim_ws/install/my_robot_interfaces/include/my_robot_interfaces/msg/detail/turtle__rosidl_typesupport_introspection_cpp.hpp
-- Up-to-date symlink: /home/tomo/ae7785-intro-to-robo/turtlesim_ws/install/my_robot_interfaces/include/my_robot_interfaces/msg/detail/turtle_array__rosidl_typesupport_introspection_cpp.hpp
-- Up-to-date symlink: /home/tomo/ae7785-intro-to-robo/turtlesim_ws/install/my_robot_interfaces/share/my_robot_interfaces/environment/pythonpath.sh
-- Up-to-date symlink: /home/tomo/ae7785-intro-to-robo/turtlesim_ws/install/my_robot_interfaces/share/my_robot_interfaces/environment/pythonpath.dsv
-- Up-to-date symlink: /home/tomo/ae7785-intro-to-robo/turtlesim_ws/install/my_robot_interfaces/lib/python3.8/site-packages/my_robot_interfaces/__init__.py
-- Up-to-date symlink: /home/tomo/ae7785-intro-to-robo/turtlesim_ws/install/my_robot_interfaces/lib/python3.8/site-packages/my_robot_interfaces/msg/__init__.py
-- Up-to-date symlink: /home/tomo/ae7785-intro-to-robo/turtlesim_ws/install/my_robot_interfaces/lib/python3.8/site-packages/my_robot_interfaces/msg/_turtle.py
-- Up-to-date symlink: /home/tomo/ae7785-intro-to-robo/turtlesim_ws/install/my_robot_interfaces/lib/python3.8/site-packages/my_robot_interfaces/msg/_turtle_array.py
-- Up-to-date symlink: /home/tomo/ae7785-intro-to-robo/turtlesim_ws/install/my_robot_interfaces/lib/python3.8/site-packages/my_robot_interfaces/my_robot_interfaces_s__rosidl_typesupport_fastrtps_c.cpython-38-x86_64-linux-gnu.so
-- Up-to-date symlink: /home/tomo/ae7785-intro-to-robo/turtlesim_ws/install/my_robot_interfaces/lib/python3.8/site-packages/my_robot_interfaces/my_robot_interfaces_s__rosidl_typesupport_introspection_c.cpython-38-x86_64-linux-gnu.so
-- Up-to-date symlink: /home/tomo/ae7785-intro-to-robo/turtlesim_ws/install/my_robot_interfaces/lib/python3.8/site-packages/my_robot_interfaces/my_robot_interfaces_s__rosidl_typesupport_c.cpython-38-x86_64-linux-gnu.so
-- Up-to-date symlink: /home/tomo/ae7785-intro-to-robo/turtlesim_ws/install/my_robot_interfaces/lib/libmy_robot_interfaces__python.so
-- Up-to-date symlink: /home/tomo/ae7785-intro-to-robo/turtlesim_ws/install/my_robot_interfaces/share/my_robot_interfaces/msg/Turtle.idl
-- Up-to-date symlink: /home/tomo/ae7785-intro-to-robo/turtlesim_ws/install/my_robot_interfaces/share/my_robot_interfaces/msg/TurtleArray.idl
-- Up-to-date symlink: /home/tomo/ae7785-intro-to-robo/turtlesim_ws/install/my_robot_interfaces/share/my_robot_interfaces/msg/Turtle.msg
-- Up-to-date symlink: /home/tomo/ae7785-intro-to-robo/turtlesim_ws/install/my_robot_interfaces/share/my_robot_interfaces/msg/TurtleArray.msg
-- Up-to-date symlink: /home/tomo/ae7785-intro-to-robo/turtlesim_ws/install/my_robot_interfaces/share/ament_index/resource_index/package_run_dependencies/my_robot_interfaces
-- Up-to-date symlink: /home/tomo/ae7785-intro-to-robo/turtlesim_ws/install/my_robot_interfaces/share/ament_index/resource_index/parent_prefix_path/my_robot_interfaces
-- Up-to-date symlink: /home/tomo/ae7785-intro-to-robo/turtlesim_ws/install/my_robot_interfaces/share/my_robot_interfaces/environment/ament_prefix_path.sh
-- Up-to-date symlink: /home/tomo/ae7785-intro-to-robo/turtlesim_ws/install/my_robot_interfaces/share/my_robot_interfaces/environment/ament_prefix_path.dsv
-- Up-to-date symlink: /home/tomo/ae7785-intro-to-robo/turtlesim_ws/install/my_robot_interfaces/share/my_robot_interfaces/environment/path.sh
-- Up-to-date symlink: /home/tomo/ae7785-intro-to-robo/turtlesim_ws/install/my_robot_interfaces/share/my_robot_interfaces/environment/path.dsv
-- Up-to-date symlink: /home/tomo/ae7785-intro-to-robo/turtlesim_ws/install/my_robot_interfaces/share/my_robot_interfaces/local_setup.bash
-- Up-to-date symlink: /home/tomo/ae7785-intro-to-robo/turtlesim_ws/install/my_robot_interfaces/share/my_robot_interfaces/local_setup.sh
-- Up-to-date symlink: /home/tomo/ae7785-intro-to-robo/turtlesim_ws/install/my_robot_interfaces/share/my_robot_interfaces/local_setup.zsh
-- Up-to-date symlink: /home/tomo/ae7785-intro-to-robo/turtlesim_ws/install/my_robot_interfaces/share/my_robot_interfaces/local_setup.dsv
-- Symlinking: /home/tomo/ae7785-intro-to-robo/turtlesim_ws/install/my_robot_interfaces/share/my_robot_interfaces/package.dsv
-- Up-to-date symlink: /home/tomo/ae7785-intro-to-robo/turtlesim_ws/install/my_robot_interfaces/share/ament_index/resource_index/packages/my_robot_interfaces
-- Up-to-date symlink: /home/tomo/ae7785-intro-to-robo/turtlesim_ws/install/my_robot_interfaces/share/my_robot_interfaces/cmake/rosidl_cmake-extras.cmake
-- Up-to-date symlink: /home/tomo/ae7785-intro-to-robo/turtlesim_ws/install/my_robot_interfaces/share/my_robot_interfaces/cmake/ament_cmake_export_dependencies-extras.cmake
-- Up-to-date symlink: /home/tomo/ae7785-intro-to-robo/turtlesim_ws/install/my_robot_interfaces/share/my_robot_interfaces/cmake/ament_cmake_export_libraries-extras.cmake
-- Up-to-date symlink: /home/tomo/ae7785-intro-to-robo/turtlesim_ws/install/my_robot_interfaces/share/my_robot_interfaces/cmake/ament_cmake_export_targets-extras.cmake
-- Up-to-date symlink: /home/tomo/ae7785-intro-to-robo/turtlesim_ws/install/my_robot_interfaces/share/my_robot_interfaces/cmake/ament_cmake_export_include_directories-extras.cmake
-- Up-to-date symlink: /home/tomo/ae7785-intro-to-robo/turtlesim_ws/install/my_robot_interfaces/share/my_robot_interfaces/cmake/rosidl_cmake_export_typesupport_libraries-extras.cmake
-- Up-to-date symlink: /home/tomo/ae7785-intro-to-robo/turtlesim_ws/install/my_robot_interfaces/share/my_robot_interfaces/cmake/rosidl_cmake_export_typesupport_targets-extras.cmake
-- Up-to-date symlink: /home/tomo/ae7785-intro-to-robo/turtlesim_ws/install/my_robot_interfaces/share/my_robot_interfaces/cmake/my_robot_interfacesConfig.cmake
-- Up-to-date symlink: /home/tomo/ae7785-intro-to-robo/turtlesim_ws/install/my_robot_interfaces/share/my_robot_interfaces/cmake/my_robot_interfacesConfig-version.cmake
-- Up-to-date symlink: /home/tomo/ae7785-intro-to-robo/turtlesim_ws/install/my_robot_interfaces/share/my_robot_interfaces/package.xml
-- Up-to-date: /home/tomo/ae7785-intro-to-robo/turtlesim_ws/install/my_robot_interfaces/lib/libmy_robot_interfaces__rosidl_generator_c.so
-- Up-to-date: /home/tomo/ae7785-intro-to-robo/turtlesim_ws/install/my_robot_interfaces/lib/libmy_robot_interfaces__rosidl_typesupport_introspection_c.so
-- Up-to-date: /home/tomo/ae7785-intro-to-robo/turtlesim_ws/install/my_robot_interfaces/lib/libmy_robot_interfaces__rosidl_typesupport_c.so
-- Up-to-date: /home/tomo/ae7785-intro-to-robo/turtlesim_ws/install/my_robot_interfaces/lib/libmy_robot_interfaces__rosidl_typesupport_introspection_cpp.so
-- Up-to-date: /home/tomo/ae7785-intro-to-robo/turtlesim_ws/install/my_robot_interfaces/lib/libmy_robot_interfaces__rosidl_typesupport_cpp.so
-- Up-to-date: /home/tomo/ae7785-intro-to-robo/turtlesim_ws/install/my_robot_interfaces/share/my_robot_interfaces/cmake/my_robot_interfaces__rosidl_generator_cExport.cmake
-- Up-to-date: /home/tomo/ae7785-intro-to-robo/turtlesim_ws/install/my_robot_interfaces/share/my_robot_interfaces/cmake/my_robot_interfaces__rosidl_generator_cExport-noconfig.cmake
-- Up-to-date: /home/tomo/ae7785-intro-to-robo/turtlesim_ws/install/my_robot_interfaces/share/my_robot_interfaces/cmake/my_robot_interfaces__rosidl_typesupport_introspection_cExport.cmake
-- Up-to-date: /home/tomo/ae7785-intro-to-robo/turtlesim_ws/install/my_robot_interfaces/share/my_robot_interfaces/cmake/my_robot_interfaces__rosidl_typesupport_introspection_cExport-noconfig.cmake
-- Up-to-date: /home/tomo/ae7785-intro-to-robo/turtlesim_ws/install/my_robot_interfaces/share/my_robot_interfaces/cmake/my_robot_interfaces__rosidl_typesupport_cExport.cmake
-- Up-to-date: /home/tomo/ae7785-intro-to-robo/turtlesim_ws/install/my_robot_interfaces/share/my_robot_interfaces/cmake/my_robot_interfaces__rosidl_typesupport_cExport-noconfig.cmake
-- Up-to-date: /home/tomo/ae7785-intro-to-robo/turtlesim_ws/install/my_robot_interfaces/share/my_robot_interfaces/cmake/my_robot_interfaces__rosidl_generator_cppExport.cmake
-- Up-to-date: /home/tomo/ae7785-intro-to-robo/turtlesim_ws/install/my_robot_interfaces/share/my_robot_interfaces/cmake/my_robot_interfaces__rosidl_typesupport_introspection_cppExport.cmake
-- Up-to-date: /home/tomo/ae7785-intro-to-robo/turtlesim_ws/install/my_robot_interfaces/share/my_robot_interfaces/cmake/my_robot_interfaces__rosidl_typesupport_introspection_cppExport-noconfig.cmake
-- Up-to-date: /home/tomo/ae7785-intro-to-robo/turtlesim_ws/install/my_robot_interfaces/share/my_robot_interfaces/cmake/my_robot_interfaces__rosidl_typesupport_cppExport.cmake
-- Up-to-date: /home/tomo/ae7785-intro-to-robo/turtlesim_ws/install/my_robot_interfaces/share/my_robot_interfaces/cmake/my_robot_interfaces__rosidl_typesupport_cppExport-noconfig.cmake
