[0.064s] Invoking command in '/home/tomo/ae7785-intro-to-robo/turtlesim_ws/build/my_robot_interfaces': CMAKE_PREFIX_PATH=${CMAKE_PREFIX_PATH}:/home/tomo/Documents/ae7785-intro-to-robo/ros2_demo_ws/install/my_py_pkg:/home/tomo/Documents/turtlebot3_ws/install/turtlebot3_teleop:/home/tomo/Documents/turtlebot3_ws/install/turtlebot3_example:/opt/ros/foxy /usr/bin/cmake --build /home/tomo/ae7785-intro-to-robo/turtlesim_ws/build/my_robot_interfaces -- -j6 -l6
[0.176s] [  2%] Built target my_robot_interfaces__cpp
[0.176s] [ 12%] Built target my_robot_interfaces__rosidl_generator_c
[0.236s] [ 25%] Built target my_robot_interfaces__rosidl_typesupport_cpp
[0.237s] [ 43%] Built target my_robot_interfaces__rosidl_typesupport_c
[0.239s] [ 41%] Built target my_robot_interfaces__rosidl_typesupport_introspection_c
[0.240s] [ 53%] Built target my_robot_interfaces__rosidl_typesupport_introspection_cpp
[0.249s] [ 64%] Built target my_robot_interfaces__rosidl_typesupport_fastrtps_cpp
[0.298s] [ 74%] Built target my_robot_interfaces__rosidl_typesupport_fastrtps_c
[0.340s] [ 74%] Built target my_robot_interfaces
[0.383s] [ 76%] Built target my_robot_interfaces__py
[0.428s] [ 84%] Built target my_robot_interfaces__python
[0.495s] [ 89%] Built target my_robot_interfaces__rosidl_typesupport_introspection_c__pyext
[0.496s] [ 94%] Built target my_robot_interfaces__rosidl_typesupport_c__pyext
[0.499s] [100%] Built target my_robot_interfaces__rosidl_typesupport_fastrtps_c__pyext
[0.527s] Invoked command in '/home/tomo/ae7785-intro-to-robo/turtlesim_ws/build/my_robot_interfaces' returned '0': CMAKE_PREFIX_PATH=${CMAKE_PREFIX_PATH}:/home/tomo/Documents/ae7785-intro-to-robo/ros2_demo_ws/install/my_py_pkg:/home/tomo/Documents/turtlebot3_ws/install/turtlebot3_teleop:/home/tomo/Documents/turtlebot3_ws/install/turtlebot3_example:/opt/ros/foxy /usr/bin/cmake --build /home/tomo/ae7785-intro-to-robo/turtlesim_ws/build/my_robot_interfaces -- -j6 -l6
[0.788s] Invoking command in '/home/tomo/ae7785-intro-to-robo/turtlesim_ws/build/my_robot_interfaces': CMAKE_PREFIX_PATH=${CMAKE_PREFIX_PATH}:/home/tomo/Documents/ae7785-intro-to-robo/ros2_demo_ws/install/my_py_pkg:/home/tomo/Documents/turtlebot3_ws/install/turtlebot3_teleop:/home/tomo/Documents/turtlebot3_ws/install/turtlebot3_example:/opt/ros/foxy /usr/bin/cmake --install /home/tomo/ae7785-intro-to-robo/turtlesim_ws/build/my_robot_interfaces
[0.803s] -- Install configuration: ""
[0.804s] -- Execute custom install script
[0.805s] -- Up-to-date symlink: /home/tomo/ae7785-intro-to-robo/turtlesim_ws/install/my_robot_interfaces/share/ament_index/resource_index/rosidl_interfaces/my_robot_interfaces
[0.806s] -- Up-to-date symlink: /home/tomo/ae7785-intro-to-robo/turtlesim_ws/install/my_robot_interfaces/include/my_robot_interfaces/msg/detail/turtle__functions.h
[0.807s] -- Up-to-date symlink: /home/tomo/ae7785-intro-to-robo/turtlesim_ws/install/my_robot_interfaces/include/my_robot_interfaces/msg/detail/turtle__struct.h
[0.808s] -- Up-to-date symlink: /home/tomo/ae7785-intro-to-robo/turtlesim_ws/install/my_robot_interfaces/include/my_robot_interfaces/msg/detail/turtle__type_support.h
[0.809s] -- Up-to-date symlink: /home/tomo/ae7785-intro-to-robo/turtlesim_ws/install/my_robot_interfaces/include/my_robot_interfaces/msg/detail/turtle_array__functions.h
[0.809s] -- Up-to-date symlink: /home/tomo/ae7785-intro-to-robo/turtlesim_ws/install/my_robot_interfaces/include/my_robot_interfaces/msg/detail/turtle_array__struct.h
[0.810s] -- Up-to-date symlink: /home/tomo/ae7785-intro-to-robo/turtlesim_ws/install/my_robot_interfaces/include/my_robot_interfaces/msg/detail/turtle_array__type_support.h
[0.810s] -- Up-to-date symlink: /home/tomo/ae7785-intro-to-robo/turtlesim_ws/install/my_robot_interfaces/include/my_robot_interfaces/msg/rosidl_generator_c__visibility_control.h
[0.811s] -- Up-to-date symlink: /home/tomo/ae7785-intro-to-robo/turtlesim_ws/install/my_robot_interfaces/include/my_robot_interfaces/msg/turtle.h
[0.811s] -- Up-to-date symlink: /home/tomo/ae7785-intro-to-robo/turtlesim_ws/install/my_robot_interfaces/include/my_robot_interfaces/msg/turtle_array.h
[0.812s] -- Up-to-date symlink: /home/tomo/ae7785-intro-to-robo/turtlesim_ws/install/my_robot_interfaces/share/my_robot_interfaces/environment/library_path.sh
[0.812s] -- Up-to-date symlink: /home/tomo/ae7785-intro-to-robo/turtlesim_ws/install/my_robot_interfaces/share/my_robot_interfaces/environment/library_path.dsv
[0.814s] -- Up-to-date symlink: /home/tomo/ae7785-intro-to-robo/turtlesim_ws/install/my_robot_interfaces/include/my_robot_interfaces/msg/detail/turtle__rosidl_typesupport_fastrtps_c.h
[0.814s] -- Up-to-date symlink: /home/tomo/ae7785-intro-to-robo/turtlesim_ws/install/my_robot_interfaces/include/my_robot_interfaces/msg/detail/turtle_array__rosidl_typesupport_fastrtps_c.h
[0.815s] -- Up-to-date symlink: /home/tomo/ae7785-intro-to-robo/turtlesim_ws/install/my_robot_interfaces/include/my_robot_interfaces/msg/rosidl_typesupport_fastrtps_c__visibility_control.h
[0.816s] -- Up-to-date symlink: /home/tomo/ae7785-intro-to-robo/turtlesim_ws/install/my_robot_interfaces/lib/libmy_robot_interfaces__rosidl_typesupport_fastrtps_c.so
[0.817s] -- Up-to-date symlink: /home/tomo/ae7785-intro-to-robo/turtlesim_ws/install/my_robot_interfaces/include/my_robot_interfaces/msg/detail/turtle__rosidl_typesupport_fastrtps_cpp.hpp
[0.818s] -- Up-to-date symlink: /home/tomo/ae7785-intro-to-robo/turtlesim_ws/install/my_robot_interfaces/include/my_robot_interfaces/msg/detail/turtle_array__rosidl_typesupport_fastrtps_cpp.hpp
[0.819s] -- Up-to-date symlink: /home/tomo/ae7785-intro-to-robo/turtlesim_ws/install/my_robot_interfaces/include/my_robot_interfaces/msg/rosidl_typesupport_fastrtps_cpp__visibility_control.h
[0.820s] -- Up-to-date symlink: /home/tomo/ae7785-intro-to-robo/turtlesim_ws/install/my_robot_interfaces/lib/libmy_robot_interfaces__rosidl_typesupport_fastrtps_cpp.so
[0.821s] -- Up-to-date symlink: /home/tomo/ae7785-intro-to-robo/turtlesim_ws/install/my_robot_interfaces/include/my_robot_interfaces/msg/detail/turtle__rosidl_typesupport_introspection_c.h
[0.821s] -- Up-to-date symlink: /home/tomo/ae7785-intro-to-robo/turtlesim_ws/install/my_robot_interfaces/include/my_robot_interfaces/msg/detail/turtle_array__rosidl_typesupport_introspection_c.h
[0.822s] -- Up-to-date symlink: /home/tomo/ae7785-intro-to-robo/turtlesim_ws/install/my_robot_interfaces/include/my_robot_interfaces/msg/rosidl_typesupport_introspection_c__visibility_control.h
[0.823s] -- Up-to-date symlink: /home/tomo/ae7785-intro-to-robo/turtlesim_ws/install/my_robot_interfaces/include/my_robot_interfaces/msg/detail/turtle__builder.hpp
[0.824s] -- Up-to-date symlink: /home/tomo/ae7785-intro-to-robo/turtlesim_ws/install/my_robot_interfaces/include/my_robot_interfaces/msg/detail/turtle__struct.hpp
[0.824s] -- Up-to-date symlink: /home/tomo/ae7785-intro-to-robo/turtlesim_ws/install/my_robot_interfaces/include/my_robot_interfaces/msg/detail/turtle__traits.hpp
[0.825s] -- Up-to-date symlink: /home/tomo/ae7785-intro-to-robo/turtlesim_ws/install/my_robot_interfaces/include/my_robot_interfaces/msg/detail/turtle_array__builder.hpp
[0.826s] -- Up-to-date symlink: /home/tomo/ae7785-intro-to-robo/turtlesim_ws/install/my_robot_interfaces/include/my_robot_interfaces/msg/detail/turtle_array__struct.hpp
[0.826s] -- Up-to-date symlink: /home/tomo/ae7785-intro-to-robo/turtlesim_ws/install/my_robot_interfaces/include/my_robot_interfaces/msg/detail/turtle_array__traits.hpp
[0.827s] -- Up-to-date symlink: /home/tomo/ae7785-intro-to-robo/turtlesim_ws/install/my_robot_interfaces/include/my_robot_interfaces/msg/turtle.hpp
[0.827s] -- Up-to-date symlink: /home/tomo/ae7785-intro-to-robo/turtlesim_ws/install/my_robot_interfaces/include/my_robot_interfaces/msg/turtle_array.hpp
[0.829s] -- Up-to-date symlink: /home/tomo/ae7785-intro-to-robo/turtlesim_ws/install/my_robot_interfaces/include/my_robot_interfaces/msg/detail/turtle__rosidl_typesupport_introspection_cpp.hpp
[0.829s] -- Up-to-date symlink: /home/tomo/ae7785-intro-to-robo/turtlesim_ws/install/my_robot_interfaces/include/my_robot_interfaces/msg/detail/turtle_array__rosidl_typesupport_introspection_cpp.hpp
[0.831s] -- Up-to-date symlink: /home/tomo/ae7785-intro-to-robo/turtlesim_ws/install/my_robot_interfaces/share/my_robot_interfaces/environment/pythonpath.sh
[0.831s] -- Up-to-date symlink: /home/tomo/ae7785-intro-to-robo/turtlesim_ws/install/my_robot_interfaces/share/my_robot_interfaces/environment/pythonpath.dsv
[0.831s] -- Up-to-date symlink: /home/tomo/ae7785-intro-to-robo/turtlesim_ws/install/my_robot_interfaces/lib/python3.8/site-packages/my_robot_interfaces/__init__.py
[0.833s] -- Up-to-date symlink: /home/tomo/ae7785-intro-to-robo/turtlesim_ws/install/my_robot_interfaces/lib/python3.8/site-packages/my_robot_interfaces/msg/__init__.py
[0.833s] -- Up-to-date symlink: /home/tomo/ae7785-intro-to-robo/turtlesim_ws/install/my_robot_interfaces/lib/python3.8/site-packages/my_robot_interfaces/msg/_turtle.py
[0.834s] -- Up-to-date symlink: /home/tomo/ae7785-intro-to-robo/turtlesim_ws/install/my_robot_interfaces/lib/python3.8/site-packages/my_robot_interfaces/msg/_turtle_array.py
[0.834s] -- Up-to-date symlink: /home/tomo/ae7785-intro-to-robo/turtlesim_ws/install/my_robot_interfaces/lib/python3.8/site-packages/my_robot_interfaces/my_robot_interfaces_s__rosidl_typesupport_fastrtps_c.cpython-38-x86_64-linux-gnu.so
[0.835s] -- Up-to-date symlink: /home/tomo/ae7785-intro-to-robo/turtlesim_ws/install/my_robot_interfaces/lib/python3.8/site-packages/my_robot_interfaces/my_robot_interfaces_s__rosidl_typesupport_introspection_c.cpython-38-x86_64-linux-gnu.so
[0.835s] -- Up-to-date symlink: /home/tomo/ae7785-intro-to-robo/turtlesim_ws/install/my_robot_interfaces/lib/python3.8/site-packages/my_robot_interfaces/my_robot_interfaces_s__rosidl_typesupport_c.cpython-38-x86_64-linux-gnu.so
[0.836s] -- Up-to-date symlink: /home/tomo/ae7785-intro-to-robo/turtlesim_ws/install/my_robot_interfaces/lib/libmy_robot_interfaces__python.so
[0.837s] -- Up-to-date symlink: /home/tomo/ae7785-intro-to-robo/turtlesim_ws/install/my_robot_interfaces/share/my_robot_interfaces/msg/Turtle.idl
[0.838s] -- Up-to-date symlink: /home/tomo/ae7785-intro-to-robo/turtlesim_ws/install/my_robot_interfaces/share/my_robot_interfaces/msg/TurtleArray.idl
[0.838s] -- Up-to-date symlink: /home/tomo/ae7785-intro-to-robo/turtlesim_ws/install/my_robot_interfaces/share/my_robot_interfaces/msg/Turtle.msg
[0.839s] -- Up-to-date symlink: /home/tomo/ae7785-intro-to-robo/turtlesim_ws/install/my_robot_interfaces/share/my_robot_interfaces/msg/TurtleArray.msg
[0.840s] -- Up-to-date symlink: /home/tomo/ae7785-intro-to-robo/turtlesim_ws/install/my_robot_interfaces/share/ament_index/resource_index/package_run_dependencies/my_robot_interfaces
[0.841s] -- Up-to-date symlink: /home/tomo/ae7785-intro-to-robo/turtlesim_ws/install/my_robot_interfaces/share/ament_index/resource_index/parent_prefix_path/my_robot_interfaces
[0.841s] -- Up-to-date symlink: /home/tomo/ae7785-intro-to-robo/turtlesim_ws/install/my_robot_interfaces/share/my_robot_interfaces/environment/ament_prefix_path.sh
[0.842s] -- Up-to-date symlink: /home/tomo/ae7785-intro-to-robo/turtlesim_ws/install/my_robot_interfaces/share/my_robot_interfaces/environment/ament_prefix_path.dsv
[0.844s] -- Up-to-date symlink: /home/tomo/ae7785-intro-to-robo/turtlesim_ws/install/my_robot_interfaces/share/my_robot_interfaces/environment/path.sh
[0.845s] -- Up-to-date symlink: /home/tomo/ae7785-intro-to-robo/turtlesim_ws/install/my_robot_interfaces/share/my_robot_interfaces/environment/path.dsv
[0.845s] -- Up-to-date symlink: /home/tomo/ae7785-intro-to-robo/turtlesim_ws/install/my_robot_interfaces/share/my_robot_interfaces/local_setup.bash
[0.846s] -- Up-to-date symlink: /home/tomo/ae7785-intro-to-robo/turtlesim_ws/install/my_robot_interfaces/share/my_robot_interfaces/local_setup.sh
[0.846s] -- Up-to-date symlink: /home/tomo/ae7785-intro-to-robo/turtlesim_ws/install/my_robot_interfaces/share/my_robot_interfaces/local_setup.zsh
[0.847s] -- Up-to-date symlink: /home/tomo/ae7785-intro-to-robo/turtlesim_ws/install/my_robot_interfaces/share/my_robot_interfaces/local_setup.dsv
[0.848s] -- Symlinking: /home/tomo/ae7785-intro-to-robo/turtlesim_ws/install/my_robot_interfaces/share/my_robot_interfaces/package.dsv
[0.867s] -- Up-to-date symlink: /home/tomo/ae7785-intro-to-robo/turtlesim_ws/install/my_robot_interfaces/share/ament_index/resource_index/packages/my_robot_interfaces
[0.868s] -- Up-to-date symlink: /home/tomo/ae7785-intro-to-robo/turtlesim_ws/install/my_robot_interfaces/share/my_robot_interfaces/cmake/rosidl_cmake-extras.cmake
[0.869s] -- Up-to-date symlink: /home/tomo/ae7785-intro-to-robo/turtlesim_ws/install/my_robot_interfaces/share/my_robot_interfaces/cmake/ament_cmake_export_dependencies-extras.cmake
[0.870s] -- Up-to-date symlink: /home/tomo/ae7785-intro-to-robo/turtlesim_ws/install/my_robot_interfaces/share/my_robot_interfaces/cmake/ament_cmake_export_libraries-extras.cmake
[0.871s] -- Up-to-date symlink: /home/tomo/ae7785-intro-to-robo/turtlesim_ws/install/my_robot_interfaces/share/my_robot_interfaces/cmake/ament_cmake_export_targets-extras.cmake
[0.871s] -- Up-to-date symlink: /home/tomo/ae7785-intro-to-robo/turtlesim_ws/install/my_robot_interfaces/share/my_robot_interfaces/cmake/ament_cmake_export_include_directories-extras.cmake
[0.872s] -- Up-to-date symlink: /home/tomo/ae7785-intro-to-robo/turtlesim_ws/install/my_robot_interfaces/share/my_robot_interfaces/cmake/rosidl_cmake_export_typesupport_libraries-extras.cmake
[0.873s] -- Up-to-date symlink: /home/tomo/ae7785-intro-to-robo/turtlesim_ws/install/my_robot_interfaces/share/my_robot_interfaces/cmake/rosidl_cmake_export_typesupport_targets-extras.cmake
[0.873s] -- Up-to-date symlink: /home/tomo/ae7785-intro-to-robo/turtlesim_ws/install/my_robot_interfaces/share/my_robot_interfaces/cmake/my_robot_interfacesConfig.cmake
[0.874s] -- Up-to-date symlink: /home/tomo/ae7785-intro-to-robo/turtlesim_ws/install/my_robot_interfaces/share/my_robot_interfaces/cmake/my_robot_interfacesConfig-version.cmake
[0.875s] -- Up-to-date symlink: /home/tomo/ae7785-intro-to-robo/turtlesim_ws/install/my_robot_interfaces/share/my_robot_interfaces/package.xml
[0.875s] -- Up-to-date: /home/tomo/ae7785-intro-to-robo/turtlesim_ws/install/my_robot_interfaces/lib/libmy_robot_interfaces__rosidl_generator_c.so
[0.876s] -- Up-to-date: /home/tomo/ae7785-intro-to-robo/turtlesim_ws/install/my_robot_interfaces/lib/libmy_robot_interfaces__rosidl_typesupport_introspection_c.so
[0.877s] -- Up-to-date: /home/tomo/ae7785-intro-to-robo/turtlesim_ws/install/my_robot_interfaces/lib/libmy_robot_interfaces__rosidl_typesupport_c.so
[0.878s] -- Up-to-date: /home/tomo/ae7785-intro-to-robo/turtlesim_ws/install/my_robot_interfaces/lib/libmy_robot_interfaces__rosidl_typesupport_introspection_cpp.so
[0.879s] -- Up-to-date: /home/tomo/ae7785-intro-to-robo/turtlesim_ws/install/my_robot_interfaces/lib/libmy_robot_interfaces__rosidl_typesupport_cpp.so
[0.945s] -- Up-to-date: /home/tomo/ae7785-intro-to-robo/turtlesim_ws/install/my_robot_interfaces/share/my_robot_interfaces/cmake/my_robot_interfaces__rosidl_generator_cExport.cmake
[0.946s] -- Up-to-date: /home/tomo/ae7785-intro-to-robo/turtlesim_ws/install/my_robot_interfaces/share/my_robot_interfaces/cmake/my_robot_interfaces__rosidl_generator_cExport-noconfig.cmake
[0.947s] -- Up-to-date: /home/tomo/ae7785-intro-to-robo/turtlesim_ws/install/my_robot_interfaces/share/my_robot_interfaces/cmake/my_robot_interfaces__rosidl_typesupport_introspection_cExport.cmake
[0.948s] -- Up-to-date: /home/tomo/ae7785-intro-to-robo/turtlesim_ws/install/my_robot_interfaces/share/my_robot_interfaces/cmake/my_robot_interfaces__rosidl_typesupport_introspection_cExport-noconfig.cmake
[0.948s] -- Up-to-date: /home/tomo/ae7785-intro-to-robo/turtlesim_ws/install/my_robot_interfaces/share/my_robot_interfaces/cmake/my_robot_interfaces__rosidl_typesupport_cExport.cmake
[0.949s] -- Up-to-date: /home/tomo/ae7785-intro-to-robo/turtlesim_ws/install/my_robot_interfaces/share/my_robot_interfaces/cmake/my_robot_interfaces__rosidl_typesupport_cExport-noconfig.cmake
[0.949s] -- Up-to-date: /home/tomo/ae7785-intro-to-robo/turtlesim_ws/install/my_robot_interfaces/share/my_robot_interfaces/cmake/my_robot_interfaces__rosidl_generator_cppExport.cmake
[0.949s] -- Up-to-date: /home/tomo/ae7785-intro-to-robo/turtlesim_ws/install/my_robot_interfaces/share/my_robot_interfaces/cmake/my_robot_interfaces__rosidl_typesupport_introspection_cppExport.cmake
[0.950s] -- Up-to-date: /home/tomo/ae7785-intro-to-robo/turtlesim_ws/install/my_robot_interfaces/share/my_robot_interfaces/cmake/my_robot_interfaces__rosidl_typesupport_introspection_cppExport-noconfig.cmake
[0.950s] -- Up-to-date: /home/tomo/ae7785-intro-to-robo/turtlesim_ws/install/my_robot_interfaces/share/my_robot_interfaces/cmake/my_robot_interfaces__rosidl_typesupport_cppExport.cmake
[0.950s] -- Up-to-date: /home/tomo/ae7785-intro-to-robo/turtlesim_ws/install/my_robot_interfaces/share/my_robot_interfaces/cmake/my_robot_interfaces__rosidl_typesupport_cppExport-noconfig.cmake
[0.960s] Invoked command in '/home/tomo/ae7785-intro-to-robo/turtlesim_ws/build/my_robot_interfaces' returned '0': CMAKE_PREFIX_PATH=${CMAKE_PREFIX_PATH}:/home/tomo/Documents/ae7785-intro-to-robo/ros2_demo_ws/install/my_py_pkg:/home/tomo/Documents/turtlebot3_ws/install/turtlebot3_teleop:/home/tomo/Documents/turtlebot3_ws/install/turtlebot3_example:/opt/ros/foxy /usr/bin/cmake --install /home/tomo/ae7785-intro-to-robo/turtlesim_ws/build/my_robot_interfaces
