running egg_info
writing ../../build/object_follower/object_follower.egg-info/PKG-INFO
writing dependency_links to ../../build/object_follower/object_follower.egg-info/dependency_links.txt
writing entry points to ../../build/object_follower/object_follower.egg-info/entry_points.txt
writing requirements to ../../build/object_follower/object_follower.egg-info/requires.txt
writing top-level names to ../../build/object_follower/object_follower.egg-info/top_level.txt
reading manifest file '../../build/object_follower/object_follower.egg-info/SOURCES.txt'
writing manifest file '../../build/object_follower/object_follower.egg-info/SOURCES.txt'
running build
running build_py
copying object_follower/rotate_robot.py -> /home/tomo/ae7785-intro-to-robo/ros2_ws/build/object_follower/build/lib/object_follower
running install
running install_lib
copying /home/tomo/ae7785-intro-to-robo/ros2_ws/build/object_follower/build/lib/object_follower/rotate_robot.py -> /home/tomo/ae7785-intro-to-robo/ros2_ws/install/object_follower/lib/python3.8/site-packages/object_follower
byte-compiling /home/tomo/ae7785-intro-to-robo/ros2_ws/install/object_follower/lib/python3.8/site-packages/object_follower/rotate_robot.py to rotate_robot.cpython-38.pyc
running install_data
running install_egg_info
removing '/home/tomo/ae7785-intro-to-robo/ros2_ws/install/object_follower/lib/python3.8/site-packages/object_follower-0.0.0-py3.8.egg-info' (and everything under it)
Copying ../../build/object_follower/object_follower.egg-info to /home/tomo/ae7785-intro-to-robo/ros2_ws/install/object_follower/lib/python3.8/site-packages/object_follower-0.0.0-py3.8.egg-info
running install_scripts
Installing find_object script to /home/tomo/ae7785-intro-to-robo/ros2_ws/install/object_follower/lib/object_follower
Installing rotate_robot script to /home/tomo/ae7785-intro-to-robo/ros2_ws/install/object_follower/lib/object_follower
writing list of installed files to '/home/tomo/ae7785-intro-to-robo/ros2_ws/build/object_follower/install.log'
