[0.042s] Invoking command in '/home/tomo/ae7785-intro-to-robo/turtlesim_ws/build/turtlesim_bringup': CMAKE_PREFIX_PATH=${CMAKE_PREFIX_PATH}:/home/tomo/ae7785-intro-to-robo/turtlesim_ws/install/turtlesim_chaser:/home/tomo/Documents/turtlebot3_ws/install/turtlebot3_teleop:/home/tomo/Documents/turtlebot3_ws/install/turtlebot3_example:/opt/ros/foxy /usr/bin/cmake --build /home/tomo/ae7785-intro-to-robo/turtlesim_ws/build/turtlesim_bringup -- -j6 -l6
[0.173s] Invoked command in '/home/tomo/ae7785-intro-to-robo/turtlesim_ws/build/turtlesim_bringup' returned '0': CMAKE_PREFIX_PATH=${CMAKE_PREFIX_PATH}:/home/tomo/ae7785-intro-to-robo/turtlesim_ws/install/turtlesim_chaser:/home/tomo/Documents/turtlebot3_ws/install/turtlebot3_teleop:/home/tomo/Documents/turtlebot3_ws/install/turtlebot3_example:/opt/ros/foxy /usr/bin/cmake --build /home/tomo/ae7785-intro-to-robo/turtlesim_ws/build/turtlesim_bringup -- -j6 -l6
[0.312s] Invoking command in '/home/tomo/ae7785-intro-to-robo/turtlesim_ws/build/turtlesim_bringup': CMAKE_PREFIX_PATH=${CMAKE_PREFIX_PATH}:/home/tomo/ae7785-intro-to-robo/turtlesim_ws/install/turtlesim_chaser:/home/tomo/Documents/turtlebot3_ws/install/turtlebot3_teleop:/home/tomo/Documents/turtlebot3_ws/install/turtlebot3_example:/opt/ros/foxy /usr/bin/cmake --install /home/tomo/ae7785-intro-to-robo/turtlesim_ws/build/turtlesim_bringup
[0.349s] -- Install configuration: ""
[0.350s] -- Up-to-date: /home/tomo/ae7785-intro-to-robo/turtlesim_ws/install/turtlesim_bringup/share/turtlesim_bringup/launch
[0.352s] -- Up-to-date: /home/tomo/ae7785-intro-to-robo/turtlesim_ws/install/turtlesim_bringup/share/turtlesim_bringup/launch/turtlesim_chaser.launch.py
[0.352s] -- Up-to-date: /home/tomo/ae7785-intro-to-robo/turtlesim_ws/install/turtlesim_bringup/share/ament_index/resource_index/package_run_dependencies/turtlesim_bringup
[0.353s] -- Up-to-date: /home/tomo/ae7785-intro-to-robo/turtlesim_ws/install/turtlesim_bringup/share/ament_index/resource_index/parent_prefix_path/turtlesim_bringup
[0.354s] -- Up-to-date: /home/tomo/ae7785-intro-to-robo/turtlesim_ws/install/turtlesim_bringup/share/turtlesim_bringup/environment/ament_prefix_path.sh
[0.355s] -- Up-to-date: /home/tomo/ae7785-intro-to-robo/turtlesim_ws/install/turtlesim_bringup/share/turtlesim_bringup/environment/ament_prefix_path.dsv
[0.355s] -- Up-to-date: /home/tomo/ae7785-intro-to-robo/turtlesim_ws/install/turtlesim_bringup/share/turtlesim_bringup/environment/path.sh
[0.356s] -- Up-to-date: /home/tomo/ae7785-intro-to-robo/turtlesim_ws/install/turtlesim_bringup/share/turtlesim_bringup/environment/path.dsv
[0.356s] -- Up-to-date: /home/tomo/ae7785-intro-to-robo/turtlesim_ws/install/turtlesim_bringup/share/turtlesim_bringup/local_setup.bash
[0.358s] -- Up-to-date: /home/tomo/ae7785-intro-to-robo/turtlesim_ws/install/turtlesim_bringup/share/turtlesim_bringup/local_setup.sh
[0.360s] -- Up-to-date: /home/tomo/ae7785-intro-to-robo/turtlesim_ws/install/turtlesim_bringup/share/turtlesim_bringup/local_setup.zsh
[0.361s] -- Up-to-date: /home/tomo/ae7785-intro-to-robo/turtlesim_ws/install/turtlesim_bringup/share/turtlesim_bringup/local_setup.dsv
[0.362s] -- Installing: /home/tomo/ae7785-intro-to-robo/turtlesim_ws/install/turtlesim_bringup/share/turtlesim_bringup/package.dsv
[0.362s] -- Up-to-date: /home/tomo/ae7785-intro-to-robo/turtlesim_ws/install/turtlesim_bringup/share/ament_index/resource_index/packages/turtlesim_bringup
[0.363s] -- Up-to-date: /home/tomo/ae7785-intro-to-robo/turtlesim_ws/install/turtlesim_bringup/share/turtlesim_bringup/cmake/turtlesim_bringupConfig.cmake
[0.364s] -- Up-to-date: /home/tomo/ae7785-intro-to-robo/turtlesim_ws/install/turtlesim_bringup/share/turtlesim_bringup/cmake/turtlesim_bringupConfig-version.cmake
[0.365s] -- Up-to-date: /home/tomo/ae7785-intro-to-robo/turtlesim_ws/install/turtlesim_bringup/share/turtlesim_bringup/package.xml
[0.378s] Invoked command in '/home/tomo/ae7785-intro-to-robo/turtlesim_ws/build/turtlesim_bringup' returned '0': CMAKE_PREFIX_PATH=${CMAKE_PREFIX_PATH}:/home/tomo/ae7785-intro-to-robo/turtlesim_ws/install/turtlesim_chaser:/home/tomo/Documents/turtlebot3_ws/install/turtlebot3_teleop:/home/tomo/Documents/turtlebot3_ws/install/turtlebot3_example:/opt/ros/foxy /usr/bin/cmake --install /home/tomo/ae7785-intro-to-robo/turtlesim_ws/build/turtlesim_bringup
