running egg_info
creating ../../build/object_follower/object_follower.egg-info
writing ../../build/object_follower/object_follower.egg-info/PKG-INFO
writing dependency_links to ../../build/object_follower/object_follower.egg-info/dependency_links.txt
writing entry points to ../../build/object_follower/object_follower.egg-info/entry_points.txt
writing requirements to ../../build/object_follower/object_follower.egg-info/requires.txt
writing top-level names to ../../build/object_follower/object_follower.egg-info/top_level.txt
writing manifest file '../../build/object_follower/object_follower.egg-info/SOURCES.txt'
reading manifest file '../../build/object_follower/object_follower.egg-info/SOURCES.txt'
writing manifest file '../../build/object_follower/object_follower.egg-info/SOURCES.txt'
running build
running build_py
creating /home/tomo/ae7785-intro-to-robo/ros2_ws/build/object_follower/build
creating /home/tomo/ae7785-intro-to-robo/ros2_ws/build/object_follower/build/lib
creating /home/tomo/ae7785-intro-to-robo/ros2_ws/build/object_follower/build/lib/object_follower
copying object_follower/__init__.py -> /home/tomo/ae7785-intro-to-robo/ros2_ws/build/object_follower/build/lib/object_follower
copying object_follower/rotate_robot.py -> /home/tomo/ae7785-intro-to-robo/ros2_ws/build/object_follower/build/lib/object_follower
copying object_follower/find_object.py -> /home/tomo/ae7785-intro-to-robo/ros2_ws/build/object_follower/build/lib/object_follower
running install
running install_lib
creating /home/tomo/ae7785-intro-to-robo/ros2_ws/install/object_follower/lib/python3.8/site-packages/object_follower
copying /home/tomo/ae7785-intro-to-robo/ros2_ws/build/object_follower/build/lib/object_follower/__init__.py -> /home/tomo/ae7785-intro-to-robo/ros2_ws/install/object_follower/lib/python3.8/site-packages/object_follower
copying /home/tomo/ae7785-intro-to-robo/ros2_ws/build/object_follower/build/lib/object_follower/rotate_robot.py -> /home/tomo/ae7785-intro-to-robo/ros2_ws/install/object_follower/lib/python3.8/site-packages/object_follower
copying /home/tomo/ae7785-intro-to-robo/ros2_ws/build/object_follower/build/lib/object_follower/find_object.py -> /home/tomo/ae7785-intro-to-robo/ros2_ws/install/object_follower/lib/python3.8/site-packages/object_follower
byte-compiling /home/tomo/ae7785-intro-to-robo/ros2_ws/install/object_follower/lib/python3.8/site-packages/object_follower/__init__.py to __init__.cpython-38.pyc
byte-compiling /home/tomo/ae7785-intro-to-robo/ros2_ws/install/object_follower/lib/python3.8/site-packages/object_follower/rotate_robot.py to rotate_robot.cpython-38.pyc
byte-compiling /home/tomo/ae7785-intro-to-robo/ros2_ws/install/object_follower/lib/python3.8/site-packages/object_follower/find_object.py to find_object.cpython-38.pyc
running install_data
creating /home/tomo/ae7785-intro-to-robo/ros2_ws/install/object_follower/share/ament_index
creating /home/tomo/ae7785-intro-to-robo/ros2_ws/install/object_follower/share/ament_index/resource_index
creating /home/tomo/ae7785-intro-to-robo/ros2_ws/install/object_follower/share/ament_index/resource_index/packages
copying resource/object_follower -> /home/tomo/ae7785-intro-to-robo/ros2_ws/install/object_follower/share/ament_index/resource_index/packages
copying package.xml -> /home/tomo/ae7785-intro-to-robo/ros2_ws/install/object_follower/share/object_follower
running install_egg_info
Copying ../../build/object_follower/object_follower.egg-info to /home/tomo/ae7785-intro-to-robo/ros2_ws/install/object_follower/lib/python3.8/site-packages/object_follower-0.0.0-py3.8.egg-info
running install_scripts
Installing find_object script to /home/tomo/ae7785-intro-to-robo/ros2_ws/install/object_follower/lib/object_follower
Installing rotate_robot script to /home/tomo/ae7785-intro-to-robo/ros2_ws/install/object_follower/lib/object_follower
writing list of installed files to '/home/tomo/ae7785-intro-to-robo/ros2_ws/build/object_follower/install.log'
