[1.173s] Invoking command in '/home/tomo/ae7785-intro-to-robo/ros2_ws/src/object_follower': PYTHONPATH=/home/tomo/ae7785-intro-to-robo/ros2_ws/build/object_follower/prefix_override:/home/tomo/ae7785-intro-to-robo/ros2_ws/install/object_follower/lib/python3.8/site-packages:${PYTHONPATH} /usr/bin/python3 setup.py egg_info --egg-base ../../build/object_follower build --build-base /home/tomo/ae7785-intro-to-robo/ros2_ws/build/object_follower/build install --record /home/tomo/ae7785-intro-to-robo/ros2_ws/build/object_follower/install.log --install-scripts $base/lib/object_follower --single-version-externally-managed
[1.504s] running egg_info
[1.505s] creating ../../build/object_follower/object_follower.egg-info
[1.505s] writing ../../build/object_follower/object_follower.egg-info/PKG-INFO
[1.505s] writing dependency_links to ../../build/object_follower/object_follower.egg-info/dependency_links.txt
[1.506s] writing entry points to ../../build/object_follower/object_follower.egg-info/entry_points.txt
[1.506s] writing requirements to ../../build/object_follower/object_follower.egg-info/requires.txt
[1.506s] writing top-level names to ../../build/object_follower/object_follower.egg-info/top_level.txt
[1.508s] writing manifest file '../../build/object_follower/object_follower.egg-info/SOURCES.txt'
[1.566s] reading manifest file '../../build/object_follower/object_follower.egg-info/SOURCES.txt'
[1.567s] writing manifest file '../../build/object_follower/object_follower.egg-info/SOURCES.txt'
[1.568s] running build
[1.569s] running build_py
[1.569s] creating /home/tomo/ae7785-intro-to-robo/ros2_ws/build/object_follower/build
[1.569s] creating /home/tomo/ae7785-intro-to-robo/ros2_ws/build/object_follower/build/lib
[1.570s] creating /home/tomo/ae7785-intro-to-robo/ros2_ws/build/object_follower/build/lib/object_follower
[1.570s] copying object_follower/__init__.py -> /home/tomo/ae7785-intro-to-robo/ros2_ws/build/object_follower/build/lib/object_follower
[1.570s] copying object_follower/rotate_robot.py -> /home/tomo/ae7785-intro-to-robo/ros2_ws/build/object_follower/build/lib/object_follower
[1.570s] copying object_follower/find_object.py -> /home/tomo/ae7785-intro-to-robo/ros2_ws/build/object_follower/build/lib/object_follower
[1.570s] running install
[1.571s] running install_lib
[1.573s] creating /home/tomo/ae7785-intro-to-robo/ros2_ws/install/object_follower/lib/python3.8/site-packages/object_follower
[1.573s] copying /home/tomo/ae7785-intro-to-robo/ros2_ws/build/object_follower/build/lib/object_follower/__init__.py -> /home/tomo/ae7785-intro-to-robo/ros2_ws/install/object_follower/lib/python3.8/site-packages/object_follower
[1.574s] copying /home/tomo/ae7785-intro-to-robo/ros2_ws/build/object_follower/build/lib/object_follower/rotate_robot.py -> /home/tomo/ae7785-intro-to-robo/ros2_ws/install/object_follower/lib/python3.8/site-packages/object_follower
[1.574s] copying /home/tomo/ae7785-intro-to-robo/ros2_ws/build/object_follower/build/lib/object_follower/find_object.py -> /home/tomo/ae7785-intro-to-robo/ros2_ws/install/object_follower/lib/python3.8/site-packages/object_follower
[1.575s] byte-compiling /home/tomo/ae7785-intro-to-robo/ros2_ws/install/object_follower/lib/python3.8/site-packages/object_follower/__init__.py to __init__.cpython-38.pyc
[1.576s] byte-compiling /home/tomo/ae7785-intro-to-robo/ros2_ws/install/object_follower/lib/python3.8/site-packages/object_follower/rotate_robot.py to rotate_robot.cpython-38.pyc
[1.577s] byte-compiling /home/tomo/ae7785-intro-to-robo/ros2_ws/install/object_follower/lib/python3.8/site-packages/object_follower/find_object.py to find_object.cpython-38.pyc
[1.578s] running install_data
[1.578s] creating /home/tomo/ae7785-intro-to-robo/ros2_ws/install/object_follower/share/ament_index
[1.579s] creating /home/tomo/ae7785-intro-to-robo/ros2_ws/install/object_follower/share/ament_index/resource_index
[1.579s] creating /home/tomo/ae7785-intro-to-robo/ros2_ws/install/object_follower/share/ament_index/resource_index/packages
[1.579s] copying resource/object_follower -> /home/tomo/ae7785-intro-to-robo/ros2_ws/install/object_follower/share/ament_index/resource_index/packages
[1.579s] copying package.xml -> /home/tomo/ae7785-intro-to-robo/ros2_ws/install/object_follower/share/object_follower
[1.579s] running install_egg_info
[1.581s] Copying ../../build/object_follower/object_follower.egg-info to /home/tomo/ae7785-intro-to-robo/ros2_ws/install/object_follower/lib/python3.8/site-packages/object_follower-0.0.0-py3.8.egg-info
[1.583s] running install_scripts
[1.612s] Installing find_object script to /home/tomo/ae7785-intro-to-robo/ros2_ws/install/object_follower/lib/object_follower
[1.612s] Installing rotate_robot script to /home/tomo/ae7785-intro-to-robo/ros2_ws/install/object_follower/lib/object_follower
[1.612s] writing list of installed files to '/home/tomo/ae7785-intro-to-robo/ros2_ws/build/object_follower/install.log'
[1.640s] Invoked command in '/home/tomo/ae7785-intro-to-robo/ros2_ws/src/object_follower' returned '0': PYTHONPATH=/home/tomo/ae7785-intro-to-robo/ros2_ws/build/object_follower/prefix_override:/home/tomo/ae7785-intro-to-robo/ros2_ws/install/object_follower/lib/python3.8/site-packages:${PYTHONPATH} /usr/bin/python3 setup.py egg_info --egg-base ../../build/object_follower build --build-base /home/tomo/ae7785-intro-to-robo/ros2_ws/build/object_follower/build install --record /home/tomo/ae7785-intro-to-robo/ros2_ws/build/object_follower/install.log --install-scripts $base/lib/object_follower --single-version-externally-managed
