[0.969s] DEBUG:colcon:Command line arguments: ['/usr/bin/colcon', 'build']
[0.969s] DEBUG:colcon:Parsed command line arguments: Namespace(log_base=None, log_level=None, verb_name='build', build_base='build', install_base='install', merge_install=False, symlink_install=False, test_result_base=None, continue_on_error=False, executor='parallel', parallel_workers=6, event_handlers=None, ignore_user_meta=False, metas=['./colcon.meta'], base_paths=['.'], packages_ignore=None, packages_ignore_regex=None, paths=None, packages_up_to=None, packages_up_to_regex=None, packages_above=None, packages_above_and_dependencies=None, packages_above_depth=None, packages_select_by_dep=None, packages_skip_by_dep=None, packages_skip_up_to=None, packages_select_build_failed=False, packages_skip_build_finished=False, packages_select_test_failures=False, packages_skip_test_passed=False, packages_select=None, packages_skip=None, packages_select_regex=None, packages_skip_regex=None, packages_start=None, packages_end=None, allow_overriding=[], cmake_args=None, cmake_target=None, cmake_target_skip_unavailable=False, cmake_clean_cache=False, cmake_clean_first=False, cmake_force_configure=False, ament_cmake_args=None, catkin_cmake_args=None, catkin_skip_building_tests=False, verb_parser=<colcon_defaults.argument_parser.defaults.DefaultArgumentsDecorator object at 0x7f366a245cf0>, verb_extension=<colcon_core.verb.build.BuildVerb object at 0x7f366a41b4c0>, main=<bound method BuildVerb.main of <colcon_core.verb.build.BuildVerb object at 0x7f366a41b4c0>>)
[1.106s] Level 1:colcon.colcon_core.package_discovery:discover_packages(colcon_meta) check parameters
[1.106s] Level 1:colcon.colcon_core.package_discovery:discover_packages(recursive) check parameters
[1.107s] Level 1:colcon.colcon_core.package_discovery:discover_packages(ignore) check parameters
[1.107s] Level 1:colcon.colcon_core.package_discovery:discover_packages(path) check parameters
[1.107s] Level 1:colcon.colcon_core.package_discovery:discover_packages(colcon_meta) discover
[1.107s] Level 1:colcon.colcon_core.package_discovery:discover_packages(recursive) discover
[1.108s] INFO:colcon.colcon_core.package_discovery:Crawling recursively for packages in '/home/tom/Documents/github_projects/ros-ws'
[1.108s] Level 1:colcon.colcon_core.package_identification:_identify(.) by extensions ['ignore', 'ignore_ament_install']
[1.112s] Level 1:colcon.colcon_core.package_identification:_identify(.) by extension 'ignore'
[1.113s] Level 1:colcon.colcon_core.package_identification:_identify(.) by extension 'ignore_ament_install'
[1.113s] Level 1:colcon.colcon_core.package_identification:_identify(.) by extensions ['colcon_pkg']
[1.113s] Level 1:colcon.colcon_core.package_identification:_identify(.) by extension 'colcon_pkg'
[1.113s] Level 1:colcon.colcon_core.package_identification:_identify(.) by extensions ['colcon_meta']
[1.113s] Level 1:colcon.colcon_core.package_identification:_identify(.) by extension 'colcon_meta'
[1.114s] Level 1:colcon.colcon_core.package_identification:_identify(.) by extensions ['ros']
[1.114s] Level 1:colcon.colcon_core.package_identification:_identify(.) by extension 'ros'
[1.165s] Level 1:colcon.colcon_core.package_identification:_identify(.) by extensions ['cmake', 'python']
[1.165s] Level 1:colcon.colcon_core.package_identification:_identify(.) by extension 'cmake'
[1.165s] Level 1:colcon.colcon_core.package_identification:_identify(.) by extension 'python'
[1.165s] Level 1:colcon.colcon_core.package_identification:_identify(.) by extensions ['python_setup_py']
[1.165s] Level 1:colcon.colcon_core.package_identification:_identify(.) by extension 'python_setup_py'
[1.165s] Level 1:colcon.colcon_core.package_identification:_identify(build) by extensions ['ignore', 'ignore_ament_install']
[1.166s] Level 1:colcon.colcon_core.package_identification:_identify(build) by extension 'ignore'
[1.166s] Level 1:colcon.colcon_core.package_identification:_identify(build) ignored
[1.166s] Level 1:colcon.colcon_core.package_identification:_identify(install) by extensions ['ignore', 'ignore_ament_install']
[1.166s] Level 1:colcon.colcon_core.package_identification:_identify(install) by extension 'ignore'
[1.166s] Level 1:colcon.colcon_core.package_identification:_identify(install) ignored
[1.166s] Level 1:colcon.colcon_core.package_identification:_identify(log) by extensions ['ignore', 'ignore_ament_install']
[1.167s] Level 1:colcon.colcon_core.package_identification:_identify(log) by extension 'ignore'
[1.167s] Level 1:colcon.colcon_core.package_identification:_identify(log) ignored
[1.167s] Level 1:colcon.colcon_core.package_identification:_identify(src) by extensions ['ignore', 'ignore_ament_install']
[1.167s] Level 1:colcon.colcon_core.package_identification:_identify(src) by extension 'ignore'
[1.167s] Level 1:colcon.colcon_core.package_identification:_identify(src) by extension 'ignore_ament_install'
[1.168s] Level 1:colcon.colcon_core.package_identification:_identify(src) by extensions ['colcon_pkg']
[1.168s] Level 1:colcon.colcon_core.package_identification:_identify(src) by extension 'colcon_pkg'
[1.168s] Level 1:colcon.colcon_core.package_identification:_identify(src) by extensions ['colcon_meta']
[1.168s] Level 1:colcon.colcon_core.package_identification:_identify(src) by extension 'colcon_meta'
[1.168s] Level 1:colcon.colcon_core.package_identification:_identify(src) by extensions ['ros']
[1.168s] Level 1:colcon.colcon_core.package_identification:_identify(src) by extension 'ros'
[1.168s] Level 1:colcon.colcon_core.package_identification:_identify(src) by extensions ['cmake', 'python']
[1.169s] Level 1:colcon.colcon_core.package_identification:_identify(src) by extension 'cmake'
[1.169s] Level 1:colcon.colcon_core.package_identification:_identify(src) by extension 'python'
[1.169s] Level 1:colcon.colcon_core.package_identification:_identify(src) by extensions ['python_setup_py']
[1.169s] Level 1:colcon.colcon_core.package_identification:_identify(src) by extension 'python_setup_py'
[1.169s] Level 1:colcon.colcon_core.package_identification:_identify(src/build) by extensions ['ignore', 'ignore_ament_install']
[1.170s] Level 1:colcon.colcon_core.package_identification:_identify(src/build) by extension 'ignore'
[1.170s] Level 1:colcon.colcon_core.package_identification:_identify(src/build) ignored
[1.170s] Level 1:colcon.colcon_core.package_identification:_identify(src/install) by extensions ['ignore', 'ignore_ament_install']
[1.171s] Level 1:colcon.colcon_core.package_identification:_identify(src/install) by extension 'ignore'
[1.171s] Level 1:colcon.colcon_core.package_identification:_identify(src/install) ignored
[1.172s] Level 1:colcon.colcon_core.package_identification:_identify(src/log) by extensions ['ignore', 'ignore_ament_install']
[1.173s] Level 1:colcon.colcon_core.package_identification:_identify(src/log) by extension 'ignore'
[1.174s] Level 1:colcon.colcon_core.package_identification:_identify(src/log) ignored
[1.174s] Level 1:colcon.colcon_core.package_identification:_identify(src/my_cpp_pkg) by extensions ['ignore', 'ignore_ament_install']
[1.174s] Level 1:colcon.colcon_core.package_identification:_identify(src/my_cpp_pkg) by extension 'ignore'
[1.175s] Level 1:colcon.colcon_core.package_identification:_identify(src/my_cpp_pkg) by extension 'ignore_ament_install'
[1.175s] Level 1:colcon.colcon_core.package_identification:_identify(src/my_cpp_pkg) by extensions ['colcon_pkg']
[1.175s] Level 1:colcon.colcon_core.package_identification:_identify(src/my_cpp_pkg) by extension 'colcon_pkg'
[1.176s] Level 1:colcon.colcon_core.package_identification:_identify(src/my_cpp_pkg) by extensions ['colcon_meta']
[1.176s] Level 1:colcon.colcon_core.package_identification:_identify(src/my_cpp_pkg) by extension 'colcon_meta'
[1.178s] Level 1:colcon.colcon_core.package_identification:_identify(src/my_cpp_pkg) by extensions ['ros']
[1.178s] Level 1:colcon.colcon_core.package_identification:_identify(src/my_cpp_pkg) by extension 'ros'
[1.182s] DEBUG:colcon.colcon_core.package_identification:Package 'src/my_cpp_pkg' with type 'ros.ament_cmake' and name 'my_cpp_pkg'
[1.183s] Level 1:colcon.colcon_core.package_identification:_identify(src/my_py_pkg) by extensions ['ignore', 'ignore_ament_install']
[1.183s] Level 1:colcon.colcon_core.package_identification:_identify(src/my_py_pkg) by extension 'ignore'
[1.183s] Level 1:colcon.colcon_core.package_identification:_identify(src/my_py_pkg) by extension 'ignore_ament_install'
[1.183s] Level 1:colcon.colcon_core.package_identification:_identify(src/my_py_pkg) by extensions ['colcon_pkg']
[1.183s] Level 1:colcon.colcon_core.package_identification:_identify(src/my_py_pkg) by extension 'colcon_pkg'
[1.184s] Level 1:colcon.colcon_core.package_identification:_identify(src/my_py_pkg) by extensions ['colcon_meta']
[1.184s] Level 1:colcon.colcon_core.package_identification:_identify(src/my_py_pkg) by extension 'colcon_meta'
[1.184s] Level 1:colcon.colcon_core.package_identification:_identify(src/my_py_pkg) by extensions ['ros']
[1.184s] Level 1:colcon.colcon_core.package_identification:_identify(src/my_py_pkg) by extension 'ros'
[1.185s] DEBUG:colcon.colcon_core.package_identification:Package 'src/my_py_pkg' with type 'ros.ament_python' and name 'my_py_pkg'
[1.185s] Level 1:colcon.colcon_core.package_discovery:discover_packages(recursive) using defaults
[1.185s] Level 1:colcon.colcon_core.package_discovery:discover_packages(ignore) discover
[1.185s] Level 1:colcon.colcon_core.package_discovery:discover_packages(ignore) using defaults
[1.185s] Level 1:colcon.colcon_core.package_discovery:discover_packages(path) discover
[1.186s] Level 1:colcon.colcon_core.package_discovery:discover_packages(path) using defaults
[1.237s] Level 1:colcon.colcon_core.package_discovery:discover_packages(prefix_path) check parameters
[1.237s] Level 1:colcon.colcon_core.package_discovery:discover_packages(prefix_path) discover
[1.244s] DEBUG:colcon.colcon_installed_package_information.package_discovery:Found 270 installed packages in /opt/ros/humble
[1.247s] Level 1:colcon.colcon_core.package_discovery:discover_packages(prefix_path) using defaults
[1.445s] Level 5:colcon.colcon_core.verb:set package 'my_cpp_pkg' build argument 'cmake_args' from command line to 'None'
[1.446s] Level 5:colcon.colcon_core.verb:set package 'my_cpp_pkg' build argument 'cmake_target' from command line to 'None'
[1.447s] Level 5:colcon.colcon_core.verb:set package 'my_cpp_pkg' build argument 'cmake_target_skip_unavailable' from command line to 'False'
[1.447s] Level 5:colcon.colcon_core.verb:set package 'my_cpp_pkg' build argument 'cmake_clean_cache' from command line to 'False'
[1.447s] Level 5:colcon.colcon_core.verb:set package 'my_cpp_pkg' build argument 'cmake_clean_first' from command line to 'False'
[1.447s] Level 5:colcon.colcon_core.verb:set package 'my_cpp_pkg' build argument 'cmake_force_configure' from command line to 'False'
[1.448s] Level 5:colcon.colcon_core.verb:set package 'my_cpp_pkg' build argument 'ament_cmake_args' from command line to 'None'
[1.448s] Level 5:colcon.colcon_core.verb:set package 'my_cpp_pkg' build argument 'catkin_cmake_args' from command line to 'None'
[1.448s] Level 5:colcon.colcon_core.verb:set package 'my_cpp_pkg' build argument 'catkin_skip_building_tests' from command line to 'False'
[1.448s] DEBUG:colcon.colcon_core.verb:Building package 'my_cpp_pkg' with the following arguments: {'ament_cmake_args': None, 'build_base': '/home/tom/Documents/github_projects/ros-ws/build/my_cpp_pkg', 'catkin_cmake_args': None, 'catkin_skip_building_tests': False, 'cmake_args': None, 'cmake_clean_cache': False, 'cmake_clean_first': False, 'cmake_force_configure': False, 'cmake_target': None, 'cmake_target_skip_unavailable': False, 'install_base': '/home/tom/Documents/github_projects/ros-ws/install/my_cpp_pkg', 'merge_install': False, 'path': '/home/tom/Documents/github_projects/ros-ws/src/my_cpp_pkg', 'symlink_install': False, 'test_result_base': None}
[1.454s] Level 5:colcon.colcon_core.verb:set package 'my_py_pkg' build argument 'cmake_args' from command line to 'None'
[1.454s] Level 5:colcon.colcon_core.verb:set package 'my_py_pkg' build argument 'cmake_target' from command line to 'None'
[1.454s] Level 5:colcon.colcon_core.verb:set package 'my_py_pkg' build argument 'cmake_target_skip_unavailable' from command line to 'False'
[1.455s] Level 5:colcon.colcon_core.verb:set package 'my_py_pkg' build argument 'cmake_clean_cache' from command line to 'False'
[1.455s] Level 5:colcon.colcon_core.verb:set package 'my_py_pkg' build argument 'cmake_clean_first' from command line to 'False'
[1.455s] Level 5:colcon.colcon_core.verb:set package 'my_py_pkg' build argument 'cmake_force_configure' from command line to 'False'
[1.455s] Level 5:colcon.colcon_core.verb:set package 'my_py_pkg' build argument 'ament_cmake_args' from command line to 'None'
[1.455s] Level 5:colcon.colcon_core.verb:set package 'my_py_pkg' build argument 'catkin_cmake_args' from command line to 'None'
[1.455s] Level 5:colcon.colcon_core.verb:set package 'my_py_pkg' build argument 'catkin_skip_building_tests' from command line to 'False'
[1.455s] DEBUG:colcon.colcon_core.verb:Building package 'my_py_pkg' with the following arguments: {'ament_cmake_args': None, 'build_base': '/home/tom/Documents/github_projects/ros-ws/build/my_py_pkg', 'catkin_cmake_args': None, 'catkin_skip_building_tests': False, 'cmake_args': None, 'cmake_clean_cache': False, 'cmake_clean_first': False, 'cmake_force_configure': False, 'cmake_target': None, 'cmake_target_skip_unavailable': False, 'install_base': '/home/tom/Documents/github_projects/ros-ws/install/my_py_pkg', 'merge_install': False, 'path': '/home/tom/Documents/github_projects/ros-ws/src/my_py_pkg', 'symlink_install': False, 'test_result_base': None}
[1.460s] INFO:colcon.colcon_core.executor:Executing jobs using 'parallel' executor
[1.485s] DEBUG:colcon.colcon_parallel_executor.executor.parallel:run_until_complete
[1.487s] INFO:colcon.colcon_ros.task.ament_cmake.build:Building ROS package in '/home/tom/Documents/github_projects/ros-ws/src/my_cpp_pkg' with build type 'ament_cmake'
[1.487s] INFO:colcon.colcon_cmake.task.cmake.build:Building CMake package in '/home/tom/Documents/github_projects/ros-ws/src/my_cpp_pkg'
[1.519s] INFO:colcon.colcon_core.plugin_system:Skipping extension 'colcon_core.shell.bat': Not used on non-Windows systems
[1.521s] INFO:colcon.colcon_core.shell:Skip shell extension 'powershell' for command environment: Not usable outside of PowerShell
[1.521s] DEBUG:colcon.colcon_core.shell:Skip shell extension 'dsv' for command environment
[1.540s] INFO:colcon.colcon_ros.task.ament_python.build:Building ROS package in '/home/tom/Documents/github_projects/ros-ws/src/my_py_pkg' with build type 'ament_python'
[1.540s] Level 1:colcon.colcon_core.shell:create_environment_hook('my_py_pkg', 'ament_prefix_path')
[1.545s] INFO:colcon.colcon_core.shell:Creating environment hook '/home/tom/Documents/github_projects/ros-ws/install/my_py_pkg/share/my_py_pkg/hook/ament_prefix_path.ps1'
[1.554s] INFO:colcon.colcon_core.shell:Creating environment descriptor '/home/tom/Documents/github_projects/ros-ws/install/my_py_pkg/share/my_py_pkg/hook/ament_prefix_path.dsv'
[1.558s] INFO:colcon.colcon_core.shell:Creating environment hook '/home/tom/Documents/github_projects/ros-ws/install/my_py_pkg/share/my_py_pkg/hook/ament_prefix_path.sh'
[1.569s] INFO:colcon.colcon_core.shell:Skip shell extension 'powershell' for command environment: Not usable outside of PowerShell
[1.570s] DEBUG:colcon.colcon_core.shell:Skip shell extension 'dsv' for command environment
[1.651s] DEBUG:colcon.colcon_core.event_handler.log_command:Invoking command in '/home/tom/Documents/github_projects/ros-ws/build/my_cpp_pkg': CMAKE_PREFIX_PATH=/opt/ros/humble /usr/bin/cmake /home/tom/Documents/github_projects/ros-ws/src/my_cpp_pkg -DCMAKE_INSTALL_PREFIX=/home/tom/Documents/github_projects/ros-ws/install/my_cpp_pkg
[4.583s] INFO:colcon.colcon_core.task.python.build:Building Python package in '/home/tom/Documents/github_projects/ros-ws/src/my_py_pkg'
[4.597s] INFO:colcon.colcon_core.shell:Skip shell extension 'powershell' for command environment: Not usable outside of PowerShell
[4.598s] DEBUG:colcon.colcon_core.shell:Skip shell extension 'dsv' for command environment
[6.114s] DEBUG:colcon.colcon_core.event_handler.log_command:Invoking command in '/home/tom/Documents/github_projects/ros-ws/src/my_py_pkg': PYTHONPATH=/home/tom/Documents/github_projects/ros-ws/install/my_py_pkg/lib/python3.10/site-packages:${PYTHONPATH} /usr/bin/python3 setup.py egg_info --egg-base ../../build/my_py_pkg build --build-base /home/tom/Documents/github_projects/ros-ws/build/my_py_pkg/build install --prefix /home/tom/Documents/github_projects/ros-ws/install/my_py_pkg --record /home/tom/Documents/github_projects/ros-ws/build/my_py_pkg/install.log --single-version-externally-managed
[6.920s] DEBUG:colcon.colcon_core.event_handler.log_command:Invoked command in '/home/tom/Documents/github_projects/ros-ws/src/my_py_pkg' returned '0': PYTHONPATH=/home/tom/Documents/github_projects/ros-ws/install/my_py_pkg/lib/python3.10/site-packages:${PYTHONPATH} /usr/bin/python3 setup.py egg_info --egg-base ../../build/my_py_pkg build --build-base /home/tom/Documents/github_projects/ros-ws/build/my_py_pkg/build install --prefix /home/tom/Documents/github_projects/ros-ws/install/my_py_pkg --record /home/tom/Documents/github_projects/ros-ws/build/my_py_pkg/install.log --single-version-externally-managed
[6.940s] Level 1:colcon.colcon_core.environment:checking '/home/tom/Documents/github_projects/ros-ws/install/my_py_pkg' for CMake module files
[6.943s] Level 1:colcon.colcon_core.environment:checking '/home/tom/Documents/github_projects/ros-ws/install/my_py_pkg' for CMake config files
[6.946s] Level 1:colcon.colcon_core.environment:checking '/home/tom/Documents/github_projects/ros-ws/install/my_py_pkg/lib'
[6.946s] Level 1:colcon.colcon_core.environment:checking '/home/tom/Documents/github_projects/ros-ws/install/my_py_pkg/bin'
[6.946s] Level 1:colcon.colcon_core.environment:checking '/home/tom/Documents/github_projects/ros-ws/install/my_py_pkg/lib/pkgconfig/my_py_pkg.pc'
[6.947s] Level 1:colcon.colcon_core.environment:checking '/home/tom/Documents/github_projects/ros-ws/install/my_py_pkg/lib/python3.10/site-packages'
[6.947s] Level 1:colcon.colcon_core.shell:create_environment_hook('my_py_pkg', 'pythonpath')
[6.952s] INFO:colcon.colcon_core.shell:Creating environment hook '/home/tom/Documents/github_projects/ros-ws/install/my_py_pkg/share/my_py_pkg/hook/pythonpath.ps1'
[6.954s] INFO:colcon.colcon_core.shell:Creating environment descriptor '/home/tom/Documents/github_projects/ros-ws/install/my_py_pkg/share/my_py_pkg/hook/pythonpath.dsv'
[6.955s] INFO:colcon.colcon_core.shell:Creating environment hook '/home/tom/Documents/github_projects/ros-ws/install/my_py_pkg/share/my_py_pkg/hook/pythonpath.sh'
[6.956s] Level 1:colcon.colcon_core.environment:checking '/home/tom/Documents/github_projects/ros-ws/install/my_py_pkg/bin'
[6.957s] Level 1:colcon.colcon_core.environment:create_environment_scripts_only(my_py_pkg)
[6.959s] INFO:colcon.colcon_core.shell:Creating package script '/home/tom/Documents/github_projects/ros-ws/install/my_py_pkg/share/my_py_pkg/package.ps1'
[6.961s] INFO:colcon.colcon_core.shell:Creating package descriptor '/home/tom/Documents/github_projects/ros-ws/install/my_py_pkg/share/my_py_pkg/package.dsv'
[6.962s] INFO:colcon.colcon_core.shell:Creating package script '/home/tom/Documents/github_projects/ros-ws/install/my_py_pkg/share/my_py_pkg/package.sh'
[6.965s] INFO:colcon.colcon_core.shell:Creating package script '/home/tom/Documents/github_projects/ros-ws/install/my_py_pkg/share/my_py_pkg/package.bash'
[6.966s] INFO:colcon.colcon_core.shell:Creating package script '/home/tom/Documents/github_projects/ros-ws/install/my_py_pkg/share/my_py_pkg/package.zsh'
[6.968s] Level 1:colcon.colcon_core.environment:create_file_with_runtime_dependencies(/home/tom/Documents/github_projects/ros-ws/install/my_py_pkg/share/colcon-core/packages/my_py_pkg)
[9.136s] DEBUG:colcon.colcon_core.event_handler.log_command:Invoked command in '/home/tom/Documents/github_projects/ros-ws/build/my_cpp_pkg' returned '0': CMAKE_PREFIX_PATH=/opt/ros/humble /usr/bin/cmake /home/tom/Documents/github_projects/ros-ws/src/my_cpp_pkg -DCMAKE_INSTALL_PREFIX=/home/tom/Documents/github_projects/ros-ws/install/my_cpp_pkg
[9.139s] DEBUG:colcon.colcon_core.event_handler.log_command:Invoking command in '/home/tom/Documents/github_projects/ros-ws/build/my_cpp_pkg': CMAKE_PREFIX_PATH=/opt/ros/humble /usr/bin/cmake --build /home/tom/Documents/github_projects/ros-ws/build/my_cpp_pkg -- -j6 -l6
[9.225s] DEBUG:colcon.colcon_core.event_handler.log_command:Invoked command in '/home/tom/Documents/github_projects/ros-ws/build/my_cpp_pkg' returned '0': CMAKE_PREFIX_PATH=/opt/ros/humble /usr/bin/cmake --build /home/tom/Documents/github_projects/ros-ws/build/my_cpp_pkg -- -j6 -l6
[9.311s] DEBUG:colcon.colcon_core.event_handler.log_command:Invoking command in '/home/tom/Documents/github_projects/ros-ws/build/my_cpp_pkg': CMAKE_PREFIX_PATH=/opt/ros/humble /usr/bin/cmake --install /home/tom/Documents/github_projects/ros-ws/build/my_cpp_pkg
[9.349s] Level 1:colcon.colcon_core.environment:create_environment_scripts_only(my_cpp_pkg)
[9.351s] DEBUG:colcon.colcon_core.event_handler.log_command:Invoked command in '/home/tom/Documents/github_projects/ros-ws/build/my_cpp_pkg' returned '0': CMAKE_PREFIX_PATH=/opt/ros/humble /usr/bin/cmake --install /home/tom/Documents/github_projects/ros-ws/build/my_cpp_pkg
[9.355s] Level 1:colcon.colcon_core.environment:checking '/home/tom/Documents/github_projects/ros-ws/install/my_cpp_pkg' for CMake module files
[9.357s] Level 1:colcon.colcon_core.environment:checking '/home/tom/Documents/github_projects/ros-ws/install/my_cpp_pkg' for CMake config files
[9.358s] Level 1:colcon.colcon_core.shell:create_environment_hook('my_cpp_pkg', 'cmake_prefix_path')
[9.360s] INFO:colcon.colcon_core.shell:Creating environment hook '/home/tom/Documents/github_projects/ros-ws/install/my_cpp_pkg/share/my_cpp_pkg/hook/cmake_prefix_path.ps1'
[9.361s] INFO:colcon.colcon_core.shell:Creating environment descriptor '/home/tom/Documents/github_projects/ros-ws/install/my_cpp_pkg/share/my_cpp_pkg/hook/cmake_prefix_path.dsv'
[9.361s] INFO:colcon.colcon_core.shell:Creating environment hook '/home/tom/Documents/github_projects/ros-ws/install/my_cpp_pkg/share/my_cpp_pkg/hook/cmake_prefix_path.sh'
[9.365s] Level 1:colcon.colcon_core.environment:checking '/home/tom/Documents/github_projects/ros-ws/install/my_cpp_pkg/bin'
[9.366s] Level 1:colcon.colcon_core.environment:checking '/home/tom/Documents/github_projects/ros-ws/install/my_cpp_pkg/lib/pkgconfig/my_cpp_pkg.pc'
[9.367s] Level 1:colcon.colcon_core.environment:checking '/home/tom/Documents/github_projects/ros-ws/install/my_cpp_pkg/lib/python3.10/site-packages'
[9.367s] Level 1:colcon.colcon_core.environment:checking '/home/tom/Documents/github_projects/ros-ws/install/my_cpp_pkg/bin'
[9.378s] INFO:colcon.colcon_core.shell:Creating package script '/home/tom/Documents/github_projects/ros-ws/install/my_cpp_pkg/share/my_cpp_pkg/package.ps1'
[9.382s] INFO:colcon.colcon_core.shell:Creating package descriptor '/home/tom/Documents/github_projects/ros-ws/install/my_cpp_pkg/share/my_cpp_pkg/package.dsv'
[9.383s] INFO:colcon.colcon_core.shell:Creating package script '/home/tom/Documents/github_projects/ros-ws/install/my_cpp_pkg/share/my_cpp_pkg/package.sh'
[9.384s] INFO:colcon.colcon_core.shell:Creating package script '/home/tom/Documents/github_projects/ros-ws/install/my_cpp_pkg/share/my_cpp_pkg/package.bash'
[9.385s] INFO:colcon.colcon_core.shell:Creating package script '/home/tom/Documents/github_projects/ros-ws/install/my_cpp_pkg/share/my_cpp_pkg/package.zsh'
[9.385s] Level 1:colcon.colcon_core.environment:create_file_with_runtime_dependencies(/home/tom/Documents/github_projects/ros-ws/install/my_cpp_pkg/share/colcon-core/packages/my_cpp_pkg)
[9.444s] Level 1:colcon.colcon_core.environment:create_environment_scripts_only(my_cpp_pkg)
[9.449s] Level 1:colcon.colcon_core.environment:checking '/home/tom/Documents/github_projects/ros-ws/install/my_cpp_pkg' for CMake module files
[9.449s] Level 1:colcon.colcon_core.environment:checking '/home/tom/Documents/github_projects/ros-ws/install/my_cpp_pkg' for CMake config files
[9.450s] Level 1:colcon.colcon_core.shell:create_environment_hook('my_cpp_pkg', 'cmake_prefix_path')
[9.452s] INFO:colcon.colcon_core.shell:Creating environment hook '/home/tom/Documents/github_projects/ros-ws/install/my_cpp_pkg/share/my_cpp_pkg/hook/cmake_prefix_path.ps1'
[9.453s] INFO:colcon.colcon_core.shell:Creating environment descriptor '/home/tom/Documents/github_projects/ros-ws/install/my_cpp_pkg/share/my_cpp_pkg/hook/cmake_prefix_path.dsv'
[9.454s] INFO:colcon.colcon_core.shell:Creating environment hook '/home/tom/Documents/github_projects/ros-ws/install/my_cpp_pkg/share/my_cpp_pkg/hook/cmake_prefix_path.sh'
[9.455s] Level 1:colcon.colcon_core.environment:checking '/home/tom/Documents/github_projects/ros-ws/install/my_cpp_pkg/bin'
[9.455s] Level 1:colcon.colcon_core.environment:checking '/home/tom/Documents/github_projects/ros-ws/install/my_cpp_pkg/lib/pkgconfig/my_cpp_pkg.pc'
[9.456s] Level 1:colcon.colcon_core.environment:checking '/home/tom/Documents/github_projects/ros-ws/install/my_cpp_pkg/lib/python3.10/site-packages'
[9.456s] Level 1:colcon.colcon_core.environment:checking '/home/tom/Documents/github_projects/ros-ws/install/my_cpp_pkg/bin'
[9.458s] INFO:colcon.colcon_core.shell:Creating package script '/home/tom/Documents/github_projects/ros-ws/install/my_cpp_pkg/share/my_cpp_pkg/package.ps1'
[9.459s] INFO:colcon.colcon_core.shell:Creating package descriptor '/home/tom/Documents/github_projects/ros-ws/install/my_cpp_pkg/share/my_cpp_pkg/package.dsv'
[9.462s] INFO:colcon.colcon_core.shell:Creating package script '/home/tom/Documents/github_projects/ros-ws/install/my_cpp_pkg/share/my_cpp_pkg/package.sh'
[9.463s] INFO:colcon.colcon_core.shell:Creating package script '/home/tom/Documents/github_projects/ros-ws/install/my_cpp_pkg/share/my_cpp_pkg/package.bash'
[9.467s] INFO:colcon.colcon_core.shell:Creating package script '/home/tom/Documents/github_projects/ros-ws/install/my_cpp_pkg/share/my_cpp_pkg/package.zsh'
[9.468s] Level 1:colcon.colcon_core.environment:create_file_with_runtime_dependencies(/home/tom/Documents/github_projects/ros-ws/install/my_cpp_pkg/share/colcon-core/packages/my_cpp_pkg)
[9.471s] DEBUG:colcon.colcon_parallel_executor.executor.parallel:closing loop
[9.472s] DEBUG:colcon.colcon_parallel_executor.executor.parallel:loop closed
[9.472s] DEBUG:colcon.colcon_parallel_executor.executor.parallel:run_until_complete finished with '0'
[9.472s] DEBUG:colcon.colcon_core.event_reactor:joining thread
[9.488s] INFO:colcon.colcon_core.plugin_system:Skipping extension 'colcon_notification.desktop_notification.terminal_notifier': Not used on non-Darwin systems
[9.488s] INFO:colcon.colcon_core.plugin_system:Skipping extension 'colcon_notification.desktop_notification.win32': Not used on non-Windows systems
[9.488s] INFO:colcon.colcon_notification.desktop_notification:Sending desktop notification using 'notify2'
[9.558s] DEBUG:colcon.colcon_core.event_reactor:joined thread
[9.561s] INFO:colcon.colcon_core.shell:Creating prefix script '/home/tom/Documents/github_projects/ros-ws/install/local_setup.ps1'
[9.566s] INFO:colcon.colcon_core.shell:Creating prefix util module '/home/tom/Documents/github_projects/ros-ws/install/_local_setup_util_ps1.py'
[9.570s] INFO:colcon.colcon_core.shell:Creating prefix chain script '/home/tom/Documents/github_projects/ros-ws/install/setup.ps1'
[9.576s] INFO:colcon.colcon_core.shell:Creating prefix script '/home/tom/Documents/github_projects/ros-ws/install/local_setup.sh'
[9.577s] INFO:colcon.colcon_core.shell:Creating prefix util module '/home/tom/Documents/github_projects/ros-ws/install/_local_setup_util_sh.py'
[9.578s] INFO:colcon.colcon_core.shell:Creating prefix chain script '/home/tom/Documents/github_projects/ros-ws/install/setup.sh'
[9.582s] INFO:colcon.colcon_core.shell:Creating prefix script '/home/tom/Documents/github_projects/ros-ws/install/local_setup.bash'
[9.583s] INFO:colcon.colcon_core.shell:Creating prefix chain script '/home/tom/Documents/github_projects/ros-ws/install/setup.bash'
[9.592s] INFO:colcon.colcon_core.shell:Creating prefix script '/home/tom/Documents/github_projects/ros-ws/install/local_setup.zsh'
[9.596s] INFO:colcon.colcon_core.shell:Creating prefix chain script '/home/tom/Documents/github_projects/ros-ws/install/setup.zsh'
