[0.070s] Invoking command in '/home/tomo/ae7785-intro-to-robo/turtlesim_cpp_ws/build/turtlesim_cpp_interfaces': CMAKE_PREFIX_PATH=${CMAKE_PREFIX_PATH}:/home/tomo/ae7785-intro-to-robo/turtlesim_ws/install/turtlesim_chaser:/home/tomo/Documents/turtlebot3_ws/install/turtlebot3_teleop:/home/tomo/Documents/turtlebot3_ws/install/turtlebot3_example:/opt/ros/foxy /usr/bin/cmake --build /home/tomo/ae7785-intro-to-robo/turtlesim_cpp_ws/build/turtlesim_cpp_interfaces -- -j6 -l6
[0.127s] -- Found ament_cmake: 0.9.11 (/opt/ros/foxy/share/ament_cmake/cmake)
[0.197s] -- Using PYTHON_EXECUTABLE: /usr/bin/python3
[0.621s] -- Found rosidl_default_generators: 1.0.1 (/opt/ros/foxy/share/rosidl_default_generators/cmake)
[0.631s] -- Using all available rosidl_typesupport_c: rosidl_typesupport_fastrtps_c;rosidl_typesupport_introspection_c
[0.638s] -- Found rosidl_adapter: 1.3.0 (/opt/ros/foxy/share/rosidl_adapter/cmake)
[0.936s] -- Using all available rosidl_typesupport_cpp: rosidl_typesupport_fastrtps_cpp;rosidl_typesupport_introspection_cpp
[1.035s] -- Found PythonInterp: /usr/bin/python3 (found version "3.8.10") 
[1.525s] -- Found ament_cmake_ros: 0.9.2 (/opt/ros/foxy/share/ament_cmake_ros/cmake)
[1.796s] -- Using all available rosidl_typesupport_c: rosidl_typesupport_fastrtps_c;rosidl_typesupport_introspection_c
[1.848s] -- Using all available rosidl_typesupport_cpp: rosidl_typesupport_fastrtps_cpp;rosidl_typesupport_introspection_cpp
[1.905s] -- Found PythonInterp: /usr/bin/python3 (found suitable version "3.8.10", minimum required is "3.5") 
[1.928s] -- Found python_cmake_module: 0.8.1 (/opt/ros/foxy/share/python_cmake_module/cmake)
[2.100s] -- Found PythonLibs: /usr/lib/x86_64-linux-gnu/libpython3.8.so (found suitable version "3.8.10", minimum required is "3.5") 
[2.101s] -- Using PYTHON_EXECUTABLE: /usr/bin/python3
[2.101s] -- Using PYTHON_INCLUDE_DIRS: /usr/include/python3.8
[2.101s] -- Using PYTHON_LIBRARIES: /usr/lib/x86_64-linux-gnu/libpython3.8.so
[2.149s] -- Found PythonExtra: .so  
[2.378s] -- Configuring done
[2.543s] -- Generating done
[2.553s] -- Build files have been written to: /home/tomo/ae7785-intro-to-robo/turtlesim_cpp_ws/build/turtlesim_cpp_interfaces
[2.609s] [35m[1mScanning dependencies of target turtlesim_cpp_interfaces__cpp[0m
[2.618s] [  2%] [34m[1mGenerating C code for ROS interfaces[0m
[2.633s] [  4%] [34m[1mGenerating C++ code for ROS interfaces[0m
[3.430s] [  4%] Built target turtlesim_cpp_interfaces__cpp
[3.450s] [  6%] [34m[1mGenerating C++ type support for eProsima Fast-RTPS[0m
[3.456s] [  8%] [34m[1mGenerating C++ introspection for ROS interfaces[0m
[3.457s] [ 10%] [34m[1mGenerating C++ type support dispatch for ROS interfaces[0m
[3.616s] [35m[1mScanning dependencies of target turtlesim_cpp_interfaces__rosidl_generator_c[0m
[3.680s] [ 12%] [32mBuilding C object CMakeFiles/turtlesim_cpp_interfaces__rosidl_generator_c.dir/rosidl_generator_c/turtlesim_cpp_interfaces/srv/detail/catch_turtle__functions.c.o[0m
[3.681s] [ 14%] [32mBuilding C object CMakeFiles/turtlesim_cpp_interfaces__rosidl_generator_c.dir/rosidl_generator_c/turtlesim_cpp_interfaces/msg/detail/turtle__functions.c.o[0m
[3.709s] [ 17%] [32mBuilding C object CMakeFiles/turtlesim_cpp_interfaces__rosidl_generator_c.dir/rosidl_generator_c/turtlesim_cpp_interfaces/msg/detail/turtle_array__functions.c.o[0m
[4.065s] [35m[1mScanning dependencies of target turtlesim_cpp_interfaces__rosidl_typesupport_cpp[0m
[4.142s] [ 19%] [32mBuilding CXX object CMakeFiles/turtlesim_cpp_interfaces__rosidl_typesupport_cpp.dir/rosidl_typesupport_cpp/turtlesim_cpp_interfaces/msg/turtle__type_support.cpp.o[0m
[4.142s] [35m[1mScanning dependencies of target turtlesim_cpp_interfaces__rosidl_typesupport_introspection_cpp[0m
[4.291s] [35m[1mScanning dependencies of target turtlesim_cpp_interfaces__rosidl_typesupport_fastrtps_cpp[0m
[4.305s] [ 21%] [32mBuilding CXX object CMakeFiles/turtlesim_cpp_interfaces__rosidl_typesupport_introspection_cpp.dir/rosidl_typesupport_introspection_cpp/turtlesim_cpp_interfaces/msg/detail/turtle__type_support.cpp.o[0m
[4.599s] [ 23%] [32mBuilding CXX object CMakeFiles/turtlesim_cpp_interfaces__rosidl_typesupport_fastrtps_cpp.dir/rosidl_typesupport_fastrtps_cpp/turtlesim_cpp_interfaces/msg/detail/dds_fastrtps/turtle__type_support.cpp.o[0m
[5.421s] [ 25%] [32mBuilding CXX object CMakeFiles/turtlesim_cpp_interfaces__rosidl_typesupport_introspection_cpp.dir/rosidl_typesupport_introspection_cpp/turtlesim_cpp_interfaces/msg/detail/turtle_array__type_support.cpp.o[0m
[5.423s] [ 27%] [32m[1mLinking C shared library libturtlesim_cpp_interfaces__rosidl_generator_c.so[0m
[5.438s] [ 29%] [32mBuilding CXX object CMakeFiles/turtlesim_cpp_interfaces__rosidl_typesupport_fastrtps_cpp.dir/rosidl_typesupport_fastrtps_cpp/turtlesim_cpp_interfaces/msg/detail/dds_fastrtps/turtle_array__type_support.cpp.o[0m
[5.717s] [ 29%] Built target turtlesim_cpp_interfaces__rosidl_generator_c
[5.748s] [ 31%] [32mBuilding CXX object CMakeFiles/turtlesim_cpp_interfaces__rosidl_typesupport_fastrtps_cpp.dir/rosidl_typesupport_fastrtps_cpp/turtlesim_cpp_interfaces/srv/detail/dds_fastrtps/catch_turtle__type_support.cpp.o[0m
[6.187s] [ 36%] [32mBuilding CXX object CMakeFiles/turtlesim_cpp_interfaces__rosidl_typesupport_introspection_cpp.dir/rosidl_typesupport_introspection_cpp/turtlesim_cpp_interfaces/srv/detail/catch_turtle__type_support.cpp.o[0m
[6.188s] [ 36%] [32mBuilding CXX object CMakeFiles/turtlesim_cpp_interfaces__rosidl_typesupport_cpp.dir/rosidl_typesupport_cpp/turtlesim_cpp_interfaces/msg/turtle_array__type_support.cpp.o[0m
[6.212s] [ 38%] [32mBuilding CXX object CMakeFiles/turtlesim_cpp_interfaces__rosidl_typesupport_cpp.dir/rosidl_typesupport_cpp/turtlesim_cpp_interfaces/srv/catch_turtle__type_support.cpp.o[0m
[6.250s] [ 40%] [34m[1mGenerating C type support dispatch for ROS interfaces[0m
[6.272s] [ 42%] [34m[1mGenerating C introspection for ROS interfaces[0m
[6.668s] [ 44%] [32m[1mLinking CXX shared library libturtlesim_cpp_interfaces__rosidl_typesupport_fastrtps_cpp.so[0m
[6.695s] [ 46%] [32m[1mLinking CXX shared library libturtlesim_cpp_interfaces__rosidl_typesupport_cpp.so[0m
[6.719s] [ 48%] [32m[1mLinking CXX shared library libturtlesim_cpp_interfaces__rosidl_typesupport_introspection_cpp.so[0m
[6.918s] [ 48%] Built target turtlesim_cpp_interfaces__rosidl_typesupport_introspection_cpp
[6.943s] [ 48%] Built target turtlesim_cpp_interfaces__rosidl_typesupport_cpp
[7.110s] [ 48%] Built target turtlesim_cpp_interfaces__rosidl_typesupport_fastrtps_cpp
[7.137s] [35m[1mScanning dependencies of target turtlesim_cpp_interfaces__rosidl_typesupport_c[0m
[7.137s] [ 51%] [34m[1mGenerating C type support for eProsima Fast-RTPS[0m
[7.180s] [ 53%] [32mBuilding CXX object CMakeFiles/turtlesim_cpp_interfaces__rosidl_typesupport_c.dir/rosidl_typesupport_c/turtlesim_cpp_interfaces/msg/turtle__type_support.cpp.o[0m
[7.191s] [ 55%] [32mBuilding CXX object CMakeFiles/turtlesim_cpp_interfaces__rosidl_typesupport_c.dir/rosidl_typesupport_c/turtlesim_cpp_interfaces/msg/turtle_array__type_support.cpp.o[0m
[7.203s] [ 57%] [32mBuilding CXX object CMakeFiles/turtlesim_cpp_interfaces__rosidl_typesupport_c.dir/rosidl_typesupport_c/turtlesim_cpp_interfaces/srv/catch_turtle__type_support.cpp.o[0m
[7.246s] [35m[1mScanning dependencies of target turtlesim_cpp_interfaces__rosidl_typesupport_introspection_c[0m
[7.286s] [ 59%] [32mBuilding C object CMakeFiles/turtlesim_cpp_interfaces__rosidl_typesupport_introspection_c.dir/rosidl_typesupport_introspection_c/turtlesim_cpp_interfaces/msg/detail/turtle__type_support.c.o[0m
[7.293s] [ 61%] [32mBuilding C object CMakeFiles/turtlesim_cpp_interfaces__rosidl_typesupport_introspection_c.dir/rosidl_typesupport_introspection_c/turtlesim_cpp_interfaces/msg/detail/turtle_array__type_support.c.o[0m
[7.303s] [ 63%] [32mBuilding C object CMakeFiles/turtlesim_cpp_interfaces__rosidl_typesupport_introspection_c.dir/rosidl_typesupport_introspection_c/turtlesim_cpp_interfaces/srv/detail/catch_turtle__type_support.c.o[0m
[7.314s] [ 65%] [32m[1mLinking CXX shared library libturtlesim_cpp_interfaces__rosidl_typesupport_c.so[0m
[7.374s] [ 68%] [32m[1mLinking C shared library libturtlesim_cpp_interfaces__rosidl_typesupport_introspection_c.so[0m
[7.426s] [ 68%] Built target turtlesim_cpp_interfaces__rosidl_typesupport_c
[7.465s] [ 68%] Built target turtlesim_cpp_interfaces__rosidl_typesupport_introspection_c
[8.066s] [35m[1mScanning dependencies of target turtlesim_cpp_interfaces__rosidl_typesupport_fastrtps_c[0m
[8.144s] [ 70%] [32mBuilding CXX object CMakeFiles/turtlesim_cpp_interfaces__rosidl_typesupport_fastrtps_c.dir/rosidl_typesupport_fastrtps_c/turtlesim_cpp_interfaces/msg/detail/turtle__type_support_c.cpp.o[0m
[8.154s] [ 72%] [32mBuilding CXX object CMakeFiles/turtlesim_cpp_interfaces__rosidl_typesupport_fastrtps_c.dir/rosidl_typesupport_fastrtps_c/turtlesim_cpp_interfaces/srv/detail/catch_turtle__type_support_c.cpp.o[0m
[8.154s] [ 74%] [32mBuilding CXX object CMakeFiles/turtlesim_cpp_interfaces__rosidl_typesupport_fastrtps_c.dir/rosidl_typesupport_fastrtps_c/turtlesim_cpp_interfaces/msg/detail/turtle_array__type_support_c.cpp.o[0m
[8.730s] [ 76%] [32m[1mLinking CXX shared library libturtlesim_cpp_interfaces__rosidl_typesupport_fastrtps_c.so[0m
[8.852s] [ 76%] Built target turtlesim_cpp_interfaces__rosidl_typesupport_fastrtps_c
[8.871s] [35m[1mScanning dependencies of target turtlesim_cpp_interfaces[0m
[8.891s] [ 76%] Built target turtlesim_cpp_interfaces
[8.912s] [35m[1mScanning dependencies of target turtlesim_cpp_interfaces__py[0m
[8.931s] [ 78%] [34m[1mGenerating Python code for ROS interfaces[0m
[11.015s] [ 78%] Built target turtlesim_cpp_interfaces__py
[11.032s] [35m[1mScanning dependencies of target turtlesim_cpp_interfaces__python[0m
[11.233s] [ 85%] [32mBuilding C object CMakeFiles/turtlesim_cpp_interfaces__python.dir/rosidl_generator_py/turtlesim_cpp_interfaces/msg/_turtle_s.c.o[0m
[11.233s] [ 85%] [32mBuilding C object CMakeFiles/turtlesim_cpp_interfaces__python.dir/rosidl_generator_py/turtlesim_cpp_interfaces/msg/_turtle_array_s.c.o[0m
[11.233s] [ 85%] [32mBuilding C object CMakeFiles/turtlesim_cpp_interfaces__python.dir/rosidl_generator_py/turtlesim_cpp_interfaces/srv/_catch_turtle_s.c.o[0m
[11.579s] [ 87%] [32m[1mLinking C shared library rosidl_generator_py/turtlesim_cpp_interfaces/libturtlesim_cpp_interfaces__python.so[0m
[11.664s] [ 87%] Built target turtlesim_cpp_interfaces__python
[11.684s] [35m[1mScanning dependencies of target turtlesim_cpp_interfaces__rosidl_typesupport_c__pyext[0m
[11.685s] [35m[1mScanning dependencies of target turtlesim_cpp_interfaces__rosidl_typesupport_introspection_c__pyext[0m
[11.697s] [35m[1mScanning dependencies of target turtlesim_cpp_interfaces__rosidl_typesupport_fastrtps_c__pyext[0m
[11.721s] [ 89%] [32mBuilding C object CMakeFiles/turtlesim_cpp_interfaces__rosidl_typesupport_introspection_c__pyext.dir/rosidl_generator_py/turtlesim_cpp_interfaces/_turtlesim_cpp_interfaces_s.ep.rosidl_typesupport_introspection_c.c.o[0m
[11.724s] [ 91%] [32mBuilding C object CMakeFiles/turtlesim_cpp_interfaces__rosidl_typesupport_c__pyext.dir/rosidl_generator_py/turtlesim_cpp_interfaces/_turtlesim_cpp_interfaces_s.ep.rosidl_typesupport_c.c.o[0m
[11.735s] [ 93%] [32mBuilding C object CMakeFiles/turtlesim_cpp_interfaces__rosidl_typesupport_fastrtps_c__pyext.dir/rosidl_generator_py/turtlesim_cpp_interfaces/_turtlesim_cpp_interfaces_s.ep.rosidl_typesupport_fastrtps_c.c.o[0m
[11.855s] [ 95%] [32m[1mLinking C shared library rosidl_generator_py/turtlesim_cpp_interfaces/turtlesim_cpp_interfaces_s__rosidl_typesupport_introspection_c.cpython-38-x86_64-linux-gnu.so[0m
[11.858s] [ 97%] [32m[1mLinking CXX shared library rosidl_generator_py/turtlesim_cpp_interfaces/turtlesim_cpp_interfaces_s__rosidl_typesupport_fastrtps_c.cpython-38-x86_64-linux-gnu.so[0m
[11.858s] [100%] [32m[1mLinking C shared library rosidl_generator_py/turtlesim_cpp_interfaces/turtlesim_cpp_interfaces_s__rosidl_typesupport_c.cpython-38-x86_64-linux-gnu.so[0m
[11.916s] [100%] Built target turtlesim_cpp_interfaces__rosidl_typesupport_introspection_c__pyext
[11.921s] [100%] Built target turtlesim_cpp_interfaces__rosidl_typesupport_c__pyext
[11.982s] [100%] Built target turtlesim_cpp_interfaces__rosidl_typesupport_fastrtps_c__pyext
[11.999s] Invoked command in '/home/tomo/ae7785-intro-to-robo/turtlesim_cpp_ws/build/turtlesim_cpp_interfaces' returned '0': CMAKE_PREFIX_PATH=${CMAKE_PREFIX_PATH}:/home/tomo/ae7785-intro-to-robo/turtlesim_ws/install/turtlesim_chaser:/home/tomo/Documents/turtlebot3_ws/install/turtlebot3_teleop:/home/tomo/Documents/turtlebot3_ws/install/turtlebot3_example:/opt/ros/foxy /usr/bin/cmake --build /home/tomo/ae7785-intro-to-robo/turtlesim_cpp_ws/build/turtlesim_cpp_interfaces -- -j6 -l6
[12.172s] Invoking command in '/home/tomo/ae7785-intro-to-robo/turtlesim_cpp_ws/build/turtlesim_cpp_interfaces': CMAKE_PREFIX_PATH=${CMAKE_PREFIX_PATH}:/home/tomo/ae7785-intro-to-robo/turtlesim_ws/install/turtlesim_chaser:/home/tomo/Documents/turtlebot3_ws/install/turtlebot3_teleop:/home/tomo/Documents/turtlebot3_ws/install/turtlebot3_example:/opt/ros/foxy /usr/bin/cmake --install /home/tomo/ae7785-intro-to-robo/turtlesim_cpp_ws/build/turtlesim_cpp_interfaces
[12.190s] -- Install configuration: ""
[12.190s] -- Installing: /home/tomo/ae7785-intro-to-robo/turtlesim_cpp_ws/install/turtlesim_cpp_interfaces/share/ament_index/resource_index/rosidl_interfaces/turtlesim_cpp_interfaces
[12.190s] -- Installing: /home/tomo/ae7785-intro-to-robo/turtlesim_cpp_ws/install/turtlesim_cpp_interfaces/include/turtlesim_cpp_interfaces
[12.190s] -- Installing: /home/tomo/ae7785-intro-to-robo/turtlesim_cpp_ws/install/turtlesim_cpp_interfaces/include/turtlesim_cpp_interfaces/srv
[12.191s] -- Installing: /home/tomo/ae7785-intro-to-robo/turtlesim_cpp_ws/install/turtlesim_cpp_interfaces/include/turtlesim_cpp_interfaces/srv/catch_turtle.h
[12.191s] -- Installing: /home/tomo/ae7785-intro-to-robo/turtlesim_cpp_ws/install/turtlesim_cpp_interfaces/include/turtlesim_cpp_interfaces/srv/detail
[12.191s] -- Installing: /home/tomo/ae7785-intro-to-robo/turtlesim_cpp_ws/install/turtlesim_cpp_interfaces/include/turtlesim_cpp_interfaces/srv/detail/catch_turtle__functions.h
[12.191s] -- Installing: /home/tomo/ae7785-intro-to-robo/turtlesim_cpp_ws/install/turtlesim_cpp_interfaces/include/turtlesim_cpp_interfaces/srv/detail/catch_turtle__struct.h
[12.191s] -- Installing: /home/tomo/ae7785-intro-to-robo/turtlesim_cpp_ws/install/turtlesim_cpp_interfaces/include/turtlesim_cpp_interfaces/srv/detail/catch_turtle__type_support.h
[12.192s] -- Installing: /home/tomo/ae7785-intro-to-robo/turtlesim_cpp_ws/install/turtlesim_cpp_interfaces/include/turtlesim_cpp_interfaces/srv/detail/catch_turtle__functions.c
[12.192s] -- Installing: /home/tomo/ae7785-intro-to-robo/turtlesim_cpp_ws/install/turtlesim_cpp_interfaces/include/turtlesim_cpp_interfaces/msg
[12.192s] -- Installing: /home/tomo/ae7785-intro-to-robo/turtlesim_cpp_ws/install/turtlesim_cpp_interfaces/include/turtlesim_cpp_interfaces/msg/rosidl_generator_c__visibility_control.h
[12.192s] -- Installing: /home/tomo/ae7785-intro-to-robo/turtlesim_cpp_ws/install/turtlesim_cpp_interfaces/include/turtlesim_cpp_interfaces/msg/turtle.h
[12.192s] -- Installing: /home/tomo/ae7785-intro-to-robo/turtlesim_cpp_ws/install/turtlesim_cpp_interfaces/include/turtlesim_cpp_interfaces/msg/turtle_array.h
[12.193s] -- Installing: /home/tomo/ae7785-intro-to-robo/turtlesim_cpp_ws/install/turtlesim_cpp_interfaces/include/turtlesim_cpp_interfaces/msg/detail
[12.193s] -- Installing: /home/tomo/ae7785-intro-to-robo/turtlesim_cpp_ws/install/turtlesim_cpp_interfaces/include/turtlesim_cpp_interfaces/msg/detail/turtle_array__functions.c
[12.193s] -- Installing: /home/tomo/ae7785-intro-to-robo/turtlesim_cpp_ws/install/turtlesim_cpp_interfaces/include/turtlesim_cpp_interfaces/msg/detail/turtle__functions.h
[12.193s] -- Installing: /home/tomo/ae7785-intro-to-robo/turtlesim_cpp_ws/install/turtlesim_cpp_interfaces/include/turtlesim_cpp_interfaces/msg/detail/turtle__type_support.h
[12.193s] -- Installing: /home/tomo/ae7785-intro-to-robo/turtlesim_cpp_ws/install/turtlesim_cpp_interfaces/include/turtlesim_cpp_interfaces/msg/detail/turtle_array__struct.h
[12.194s] -- Installing: /home/tomo/ae7785-intro-to-robo/turtlesim_cpp_ws/install/turtlesim_cpp_interfaces/include/turtlesim_cpp_interfaces/msg/detail/turtle__struct.h
[12.194s] -- Installing: /home/tomo/ae7785-intro-to-robo/turtlesim_cpp_ws/install/turtlesim_cpp_interfaces/include/turtlesim_cpp_interfaces/msg/detail/turtle_array__type_support.h
[12.194s] -- Installing: /home/tomo/ae7785-intro-to-robo/turtlesim_cpp_ws/install/turtlesim_cpp_interfaces/include/turtlesim_cpp_interfaces/msg/detail/turtle__functions.c
[12.194s] -- Installing: /home/tomo/ae7785-intro-to-robo/turtlesim_cpp_ws/install/turtlesim_cpp_interfaces/include/turtlesim_cpp_interfaces/msg/detail/turtle_array__functions.h
[12.194s] -- Installing: /home/tomo/ae7785-intro-to-robo/turtlesim_cpp_ws/install/turtlesim_cpp_interfaces/share/turtlesim_cpp_interfaces/environment/library_path.sh
[12.195s] -- Installing: /home/tomo/ae7785-intro-to-robo/turtlesim_cpp_ws/install/turtlesim_cpp_interfaces/share/turtlesim_cpp_interfaces/environment/library_path.dsv
[12.195s] -- Installing: /home/tomo/ae7785-intro-to-robo/turtlesim_cpp_ws/install/turtlesim_cpp_interfaces/lib/libturtlesim_cpp_interfaces__rosidl_generator_c.so
[12.195s] -- Set runtime path of "/home/tomo/ae7785-intro-to-robo/turtlesim_cpp_ws/install/turtlesim_cpp_interfaces/lib/libturtlesim_cpp_interfaces__rosidl_generator_c.so" to ""
[12.196s] -- Up-to-date: /home/tomo/ae7785-intro-to-robo/turtlesim_cpp_ws/install/turtlesim_cpp_interfaces/include/turtlesim_cpp_interfaces
[12.196s] -- Up-to-date: /home/tomo/ae7785-intro-to-robo/turtlesim_cpp_ws/install/turtlesim_cpp_interfaces/include/turtlesim_cpp_interfaces/srv
[12.196s] -- Up-to-date: /home/tomo/ae7785-intro-to-robo/turtlesim_cpp_ws/install/turtlesim_cpp_interfaces/include/turtlesim_cpp_interfaces/srv/detail
[12.196s] -- Installing: /home/tomo/ae7785-intro-to-robo/turtlesim_cpp_ws/install/turtlesim_cpp_interfaces/include/turtlesim_cpp_interfaces/srv/detail/catch_turtle__rosidl_typesupport_fastrtps_c.h
[12.197s] -- Up-to-date: /home/tomo/ae7785-intro-to-robo/turtlesim_cpp_ws/install/turtlesim_cpp_interfaces/include/turtlesim_cpp_interfaces/msg
[12.197s] -- Up-to-date: /home/tomo/ae7785-intro-to-robo/turtlesim_cpp_ws/install/turtlesim_cpp_interfaces/include/turtlesim_cpp_interfaces/msg/detail
[12.197s] -- Installing: /home/tomo/ae7785-intro-to-robo/turtlesim_cpp_ws/install/turtlesim_cpp_interfaces/include/turtlesim_cpp_interfaces/msg/detail/turtle__rosidl_typesupport_fastrtps_c.h
[12.197s] -- Installing: /home/tomo/ae7785-intro-to-robo/turtlesim_cpp_ws/install/turtlesim_cpp_interfaces/include/turtlesim_cpp_interfaces/msg/detail/turtle_array__rosidl_typesupport_fastrtps_c.h
[12.197s] -- Installing: /home/tomo/ae7785-intro-to-robo/turtlesim_cpp_ws/install/turtlesim_cpp_interfaces/include/turtlesim_cpp_interfaces/msg/rosidl_typesupport_fastrtps_c__visibility_control.h
[12.197s] -- Installing: /home/tomo/ae7785-intro-to-robo/turtlesim_cpp_ws/install/turtlesim_cpp_interfaces/lib/libturtlesim_cpp_interfaces__rosidl_typesupport_fastrtps_c.so
[12.198s] -- Set runtime path of "/home/tomo/ae7785-intro-to-robo/turtlesim_cpp_ws/install/turtlesim_cpp_interfaces/lib/libturtlesim_cpp_interfaces__rosidl_typesupport_fastrtps_c.so" to ""
[12.198s] -- Up-to-date: /home/tomo/ae7785-intro-to-robo/turtlesim_cpp_ws/install/turtlesim_cpp_interfaces/include/turtlesim_cpp_interfaces
[12.198s] -- Up-to-date: /home/tomo/ae7785-intro-to-robo/turtlesim_cpp_ws/install/turtlesim_cpp_interfaces/include/turtlesim_cpp_interfaces/srv
[12.199s] -- Up-to-date: /home/tomo/ae7785-intro-to-robo/turtlesim_cpp_ws/install/turtlesim_cpp_interfaces/include/turtlesim_cpp_interfaces/srv/detail
[12.199s] -- Installing: /home/tomo/ae7785-intro-to-robo/turtlesim_cpp_ws/install/turtlesim_cpp_interfaces/include/turtlesim_cpp_interfaces/srv/detail/catch_turtle__rosidl_typesupport_fastrtps_cpp.hpp
[12.199s] -- Installing: /home/tomo/ae7785-intro-to-robo/turtlesim_cpp_ws/install/turtlesim_cpp_interfaces/include/turtlesim_cpp_interfaces/srv/detail/dds_fastrtps
[12.199s] -- Up-to-date: /home/tomo/ae7785-intro-to-robo/turtlesim_cpp_ws/install/turtlesim_cpp_interfaces/include/turtlesim_cpp_interfaces/msg
[12.199s] -- Installing: /home/tomo/ae7785-intro-to-robo/turtlesim_cpp_ws/install/turtlesim_cpp_interfaces/include/turtlesim_cpp_interfaces/msg/rosidl_typesupport_fastrtps_cpp__visibility_control.h
[12.199s] -- Up-to-date: /home/tomo/ae7785-intro-to-robo/turtlesim_cpp_ws/install/turtlesim_cpp_interfaces/include/turtlesim_cpp_interfaces/msg/detail
[12.199s] -- Installing: /home/tomo/ae7785-intro-to-robo/turtlesim_cpp_ws/install/turtlesim_cpp_interfaces/include/turtlesim_cpp_interfaces/msg/detail/turtle__rosidl_typesupport_fastrtps_cpp.hpp
[12.199s] -- Installing: /home/tomo/ae7785-intro-to-robo/turtlesim_cpp_ws/install/turtlesim_cpp_interfaces/include/turtlesim_cpp_interfaces/msg/detail/turtle_array__rosidl_typesupport_fastrtps_cpp.hpp
[12.200s] -- Installing: /home/tomo/ae7785-intro-to-robo/turtlesim_cpp_ws/install/turtlesim_cpp_interfaces/include/turtlesim_cpp_interfaces/msg/detail/dds_fastrtps
[12.200s] -- Installing: /home/tomo/ae7785-intro-to-robo/turtlesim_cpp_ws/install/turtlesim_cpp_interfaces/lib/libturtlesim_cpp_interfaces__rosidl_typesupport_fastrtps_cpp.so
[12.201s] -- Set runtime path of "/home/tomo/ae7785-intro-to-robo/turtlesim_cpp_ws/install/turtlesim_cpp_interfaces/lib/libturtlesim_cpp_interfaces__rosidl_typesupport_fastrtps_cpp.so" to ""
[12.201s] -- Up-to-date: /home/tomo/ae7785-intro-to-robo/turtlesim_cpp_ws/install/turtlesim_cpp_interfaces/include/turtlesim_cpp_interfaces
[12.201s] -- Up-to-date: /home/tomo/ae7785-intro-to-robo/turtlesim_cpp_ws/install/turtlesim_cpp_interfaces/include/turtlesim_cpp_interfaces/srv
[12.201s] -- Up-to-date: /home/tomo/ae7785-intro-to-robo/turtlesim_cpp_ws/install/turtlesim_cpp_interfaces/include/turtlesim_cpp_interfaces/srv/detail
[12.201s] -- Installing: /home/tomo/ae7785-intro-to-robo/turtlesim_cpp_ws/install/turtlesim_cpp_interfaces/include/turtlesim_cpp_interfaces/srv/detail/catch_turtle__rosidl_typesupport_introspection_c.h
[12.202s] -- Installing: /home/tomo/ae7785-intro-to-robo/turtlesim_cpp_ws/install/turtlesim_cpp_interfaces/include/turtlesim_cpp_interfaces/srv/detail/catch_turtle__type_support.c
[12.202s] -- Up-to-date: /home/tomo/ae7785-intro-to-robo/turtlesim_cpp_ws/install/turtlesim_cpp_interfaces/include/turtlesim_cpp_interfaces/msg
[12.202s] -- Installing: /home/tomo/ae7785-intro-to-robo/turtlesim_cpp_ws/install/turtlesim_cpp_interfaces/include/turtlesim_cpp_interfaces/msg/rosidl_typesupport_introspection_c__visibility_control.h
[12.202s] -- Up-to-date: /home/tomo/ae7785-intro-to-robo/turtlesim_cpp_ws/install/turtlesim_cpp_interfaces/include/turtlesim_cpp_interfaces/msg/detail
[12.202s] -- Installing: /home/tomo/ae7785-intro-to-robo/turtlesim_cpp_ws/install/turtlesim_cpp_interfaces/include/turtlesim_cpp_interfaces/msg/detail/turtle_array__type_support.c
[12.202s] -- Installing: /home/tomo/ae7785-intro-to-robo/turtlesim_cpp_ws/install/turtlesim_cpp_interfaces/include/turtlesim_cpp_interfaces/msg/detail/turtle__rosidl_typesupport_introspection_c.h
[12.202s] -- Installing: /home/tomo/ae7785-intro-to-robo/turtlesim_cpp_ws/install/turtlesim_cpp_interfaces/include/turtlesim_cpp_interfaces/msg/detail/turtle_array__rosidl_typesupport_introspection_c.h
[12.203s] -- Installing: /home/tomo/ae7785-intro-to-robo/turtlesim_cpp_ws/install/turtlesim_cpp_interfaces/include/turtlesim_cpp_interfaces/msg/detail/turtle__type_support.c
[12.203s] -- Installing: /home/tomo/ae7785-intro-to-robo/turtlesim_cpp_ws/install/turtlesim_cpp_interfaces/lib/libturtlesim_cpp_interfaces__rosidl_typesupport_introspection_c.so
[12.203s] -- Set runtime path of "/home/tomo/ae7785-intro-to-robo/turtlesim_cpp_ws/install/turtlesim_cpp_interfaces/lib/libturtlesim_cpp_interfaces__rosidl_typesupport_introspection_c.so" to ""
[12.203s] -- Installing: /home/tomo/ae7785-intro-to-robo/turtlesim_cpp_ws/install/turtlesim_cpp_interfaces/lib/libturtlesim_cpp_interfaces__rosidl_typesupport_c.so
[12.203s] -- Set runtime path of "/home/tomo/ae7785-intro-to-robo/turtlesim_cpp_ws/install/turtlesim_cpp_interfaces/lib/libturtlesim_cpp_interfaces__rosidl_typesupport_c.so" to ""
[12.204s] -- Up-to-date: /home/tomo/ae7785-intro-to-robo/turtlesim_cpp_ws/install/turtlesim_cpp_interfaces/include/turtlesim_cpp_interfaces
[12.204s] -- Up-to-date: /home/tomo/ae7785-intro-to-robo/turtlesim_cpp_ws/install/turtlesim_cpp_interfaces/include/turtlesim_cpp_interfaces/srv
[12.204s] -- Up-to-date: /home/tomo/ae7785-intro-to-robo/turtlesim_cpp_ws/install/turtlesim_cpp_interfaces/include/turtlesim_cpp_interfaces/srv/detail
[12.204s] -- Installing: /home/tomo/ae7785-intro-to-robo/turtlesim_cpp_ws/install/turtlesim_cpp_interfaces/include/turtlesim_cpp_interfaces/srv/detail/catch_turtle__builder.hpp
[12.205s] -- Installing: /home/tomo/ae7785-intro-to-robo/turtlesim_cpp_ws/install/turtlesim_cpp_interfaces/include/turtlesim_cpp_interfaces/srv/detail/catch_turtle__traits.hpp
[12.205s] -- Installing: /home/tomo/ae7785-intro-to-robo/turtlesim_cpp_ws/install/turtlesim_cpp_interfaces/include/turtlesim_cpp_interfaces/srv/detail/catch_turtle__struct.hpp
[12.205s] -- Installing: /home/tomo/ae7785-intro-to-robo/turtlesim_cpp_ws/install/turtlesim_cpp_interfaces/include/turtlesim_cpp_interfaces/srv/catch_turtle.hpp
[12.205s] -- Up-to-date: /home/tomo/ae7785-intro-to-robo/turtlesim_cpp_ws/install/turtlesim_cpp_interfaces/include/turtlesim_cpp_interfaces/msg
[12.205s] -- Installing: /home/tomo/ae7785-intro-to-robo/turtlesim_cpp_ws/install/turtlesim_cpp_interfaces/include/turtlesim_cpp_interfaces/msg/turtle.hpp
[12.206s] -- Installing: /home/tomo/ae7785-intro-to-robo/turtlesim_cpp_ws/install/turtlesim_cpp_interfaces/include/turtlesim_cpp_interfaces/msg/turtle_array.hpp
[12.206s] -- Up-to-date: /home/tomo/ae7785-intro-to-robo/turtlesim_cpp_ws/install/turtlesim_cpp_interfaces/include/turtlesim_cpp_interfaces/msg/detail
[12.206s] -- Installing: /home/tomo/ae7785-intro-to-robo/turtlesim_cpp_ws/install/turtlesim_cpp_interfaces/include/turtlesim_cpp_interfaces/msg/detail/turtle__builder.hpp
[12.206s] -- Installing: /home/tomo/ae7785-intro-to-robo/turtlesim_cpp_ws/install/turtlesim_cpp_interfaces/include/turtlesim_cpp_interfaces/msg/detail/turtle__struct.hpp
[12.207s] -- Installing: /home/tomo/ae7785-intro-to-robo/turtlesim_cpp_ws/install/turtlesim_cpp_interfaces/include/turtlesim_cpp_interfaces/msg/detail/turtle_array__traits.hpp
[12.207s] -- Installing: /home/tomo/ae7785-intro-to-robo/turtlesim_cpp_ws/install/turtlesim_cpp_interfaces/include/turtlesim_cpp_interfaces/msg/detail/turtle_array__builder.hpp
[12.207s] -- Installing: /home/tomo/ae7785-intro-to-robo/turtlesim_cpp_ws/install/turtlesim_cpp_interfaces/include/turtlesim_cpp_interfaces/msg/detail/turtle__traits.hpp
[12.207s] -- Installing: /home/tomo/ae7785-intro-to-robo/turtlesim_cpp_ws/install/turtlesim_cpp_interfaces/include/turtlesim_cpp_interfaces/msg/detail/turtle_array__struct.hpp
[12.207s] -- Up-to-date: /home/tomo/ae7785-intro-to-robo/turtlesim_cpp_ws/install/turtlesim_cpp_interfaces/include/turtlesim_cpp_interfaces
[12.208s] -- Up-to-date: /home/tomo/ae7785-intro-to-robo/turtlesim_cpp_ws/install/turtlesim_cpp_interfaces/include/turtlesim_cpp_interfaces/srv
[12.208s] -- Up-to-date: /home/tomo/ae7785-intro-to-robo/turtlesim_cpp_ws/install/turtlesim_cpp_interfaces/include/turtlesim_cpp_interfaces/srv/detail
[12.208s] -- Installing: /home/tomo/ae7785-intro-to-robo/turtlesim_cpp_ws/install/turtlesim_cpp_interfaces/include/turtlesim_cpp_interfaces/srv/detail/catch_turtle__type_support.cpp
[12.208s] -- Installing: /home/tomo/ae7785-intro-to-robo/turtlesim_cpp_ws/install/turtlesim_cpp_interfaces/include/turtlesim_cpp_interfaces/srv/detail/catch_turtle__rosidl_typesupport_introspection_cpp.hpp
[12.208s] -- Up-to-date: /home/tomo/ae7785-intro-to-robo/turtlesim_cpp_ws/install/turtlesim_cpp_interfaces/include/turtlesim_cpp_interfaces/msg
[12.208s] -- Up-to-date: /home/tomo/ae7785-intro-to-robo/turtlesim_cpp_ws/install/turtlesim_cpp_interfaces/include/turtlesim_cpp_interfaces/msg/detail
[12.208s] -- Installing: /home/tomo/ae7785-intro-to-robo/turtlesim_cpp_ws/install/turtlesim_cpp_interfaces/include/turtlesim_cpp_interfaces/msg/detail/turtle__rosidl_typesupport_introspection_cpp.hpp
[12.209s] -- Installing: /home/tomo/ae7785-intro-to-robo/turtlesim_cpp_ws/install/turtlesim_cpp_interfaces/include/turtlesim_cpp_interfaces/msg/detail/turtle_array__type_support.cpp
[12.209s] -- Installing: /home/tomo/ae7785-intro-to-robo/turtlesim_cpp_ws/install/turtlesim_cpp_interfaces/include/turtlesim_cpp_interfaces/msg/detail/turtle_array__rosidl_typesupport_introspection_cpp.hpp
[12.209s] -- Installing: /home/tomo/ae7785-intro-to-robo/turtlesim_cpp_ws/install/turtlesim_cpp_interfaces/include/turtlesim_cpp_interfaces/msg/detail/turtle__type_support.cpp
[12.209s] -- Installing: /home/tomo/ae7785-intro-to-robo/turtlesim_cpp_ws/install/turtlesim_cpp_interfaces/lib/libturtlesim_cpp_interfaces__rosidl_typesupport_introspection_cpp.so
[12.209s] -- Set runtime path of "/home/tomo/ae7785-intro-to-robo/turtlesim_cpp_ws/install/turtlesim_cpp_interfaces/lib/libturtlesim_cpp_interfaces__rosidl_typesupport_introspection_cpp.so" to ""
[12.209s] -- Installing: /home/tomo/ae7785-intro-to-robo/turtlesim_cpp_ws/install/turtlesim_cpp_interfaces/lib/libturtlesim_cpp_interfaces__rosidl_typesupport_cpp.so
[12.209s] -- Set runtime path of "/home/tomo/ae7785-intro-to-robo/turtlesim_cpp_ws/install/turtlesim_cpp_interfaces/lib/libturtlesim_cpp_interfaces__rosidl_typesupport_cpp.so" to ""
[12.210s] -- Installing: /home/tomo/ae7785-intro-to-robo/turtlesim_cpp_ws/install/turtlesim_cpp_interfaces/share/turtlesim_cpp_interfaces/environment/pythonpath.sh
[12.210s] -- Installing: /home/tomo/ae7785-intro-to-robo/turtlesim_cpp_ws/install/turtlesim_cpp_interfaces/share/turtlesim_cpp_interfaces/environment/pythonpath.dsv
[12.210s] -- Installing: /home/tomo/ae7785-intro-to-robo/turtlesim_cpp_ws/install/turtlesim_cpp_interfaces/lib/python3.8/site-packages/turtlesim_cpp_interfaces/__init__.py
[12.329s] Compiling '/home/tomo/ae7785-intro-to-robo/turtlesim_cpp_ws/install/turtlesim_cpp_interfaces/lib/python3.8/site-packages/turtlesim_cpp_interfaces/__init__.py'...
[12.333s] -- Installing: /home/tomo/ae7785-intro-to-robo/turtlesim_cpp_ws/install/turtlesim_cpp_interfaces/lib/python3.8/site-packages/turtlesim_cpp_interfaces/msg
[12.333s] -- Installing: /home/tomo/ae7785-intro-to-robo/turtlesim_cpp_ws/install/turtlesim_cpp_interfaces/lib/python3.8/site-packages/turtlesim_cpp_interfaces/msg/_turtle.py
[12.334s] -- Installing: /home/tomo/ae7785-intro-to-robo/turtlesim_cpp_ws/install/turtlesim_cpp_interfaces/lib/python3.8/site-packages/turtlesim_cpp_interfaces/msg/_turtle_array_s.c
[12.334s] -- Installing: /home/tomo/ae7785-intro-to-robo/turtlesim_cpp_ws/install/turtlesim_cpp_interfaces/lib/python3.8/site-packages/turtlesim_cpp_interfaces/msg/__init__.py
[12.334s] -- Installing: /home/tomo/ae7785-intro-to-robo/turtlesim_cpp_ws/install/turtlesim_cpp_interfaces/lib/python3.8/site-packages/turtlesim_cpp_interfaces/msg/_turtle_array.py
[12.334s] -- Installing: /home/tomo/ae7785-intro-to-robo/turtlesim_cpp_ws/install/turtlesim_cpp_interfaces/lib/python3.8/site-packages/turtlesim_cpp_interfaces/msg/_turtle_s.c
[12.335s] -- Installing: /home/tomo/ae7785-intro-to-robo/turtlesim_cpp_ws/install/turtlesim_cpp_interfaces/lib/python3.8/site-packages/turtlesim_cpp_interfaces/srv
[12.335s] -- Installing: /home/tomo/ae7785-intro-to-robo/turtlesim_cpp_ws/install/turtlesim_cpp_interfaces/lib/python3.8/site-packages/turtlesim_cpp_interfaces/srv/__init__.py
[12.335s] -- Installing: /home/tomo/ae7785-intro-to-robo/turtlesim_cpp_ws/install/turtlesim_cpp_interfaces/lib/python3.8/site-packages/turtlesim_cpp_interfaces/srv/_catch_turtle.py
[12.335s] -- Installing: /home/tomo/ae7785-intro-to-robo/turtlesim_cpp_ws/install/turtlesim_cpp_interfaces/lib/python3.8/site-packages/turtlesim_cpp_interfaces/srv/_catch_turtle_s.c
[12.335s] -- Installing: /home/tomo/ae7785-intro-to-robo/turtlesim_cpp_ws/install/turtlesim_cpp_interfaces/lib/python3.8/site-packages/turtlesim_cpp_interfaces/turtlesim_cpp_interfaces_s__rosidl_typesupport_fastrtps_c.cpython-38-x86_64-linux-gnu.so
[12.337s] -- Set runtime path of "/home/tomo/ae7785-intro-to-robo/turtlesim_cpp_ws/install/turtlesim_cpp_interfaces/lib/python3.8/site-packages/turtlesim_cpp_interfaces/turtlesim_cpp_interfaces_s__rosidl_typesupport_fastrtps_c.cpython-38-x86_64-linux-gnu.so" to ""
[12.337s] -- Installing: /home/tomo/ae7785-intro-to-robo/turtlesim_cpp_ws/install/turtlesim_cpp_interfaces/lib/python3.8/site-packages/turtlesim_cpp_interfaces/turtlesim_cpp_interfaces_s__rosidl_typesupport_introspection_c.cpython-38-x86_64-linux-gnu.so
[12.338s] -- Set runtime path of "/home/tomo/ae7785-intro-to-robo/turtlesim_cpp_ws/install/turtlesim_cpp_interfaces/lib/python3.8/site-packages/turtlesim_cpp_interfaces/turtlesim_cpp_interfaces_s__rosidl_typesupport_introspection_c.cpython-38-x86_64-linux-gnu.so" to ""
[12.338s] -- Installing: /home/tomo/ae7785-intro-to-robo/turtlesim_cpp_ws/install/turtlesim_cpp_interfaces/lib/python3.8/site-packages/turtlesim_cpp_interfaces/turtlesim_cpp_interfaces_s__rosidl_typesupport_c.cpython-38-x86_64-linux-gnu.so
[12.340s] -- Set runtime path of "/home/tomo/ae7785-intro-to-robo/turtlesim_cpp_ws/install/turtlesim_cpp_interfaces/lib/python3.8/site-packages/turtlesim_cpp_interfaces/turtlesim_cpp_interfaces_s__rosidl_typesupport_c.cpython-38-x86_64-linux-gnu.so" to ""
[12.340s] -- Installing: /home/tomo/ae7785-intro-to-robo/turtlesim_cpp_ws/install/turtlesim_cpp_interfaces/lib/libturtlesim_cpp_interfaces__python.so
[12.341s] -- Set runtime path of "/home/tomo/ae7785-intro-to-robo/turtlesim_cpp_ws/install/turtlesim_cpp_interfaces/lib/libturtlesim_cpp_interfaces__python.so" to ""
[12.341s] -- Installing: /home/tomo/ae7785-intro-to-robo/turtlesim_cpp_ws/install/turtlesim_cpp_interfaces/share/turtlesim_cpp_interfaces/msg/Turtle.idl
[12.341s] -- Installing: /home/tomo/ae7785-intro-to-robo/turtlesim_cpp_ws/install/turtlesim_cpp_interfaces/share/turtlesim_cpp_interfaces/msg/TurtleArray.idl
[12.341s] -- Installing: /home/tomo/ae7785-intro-to-robo/turtlesim_cpp_ws/install/turtlesim_cpp_interfaces/share/turtlesim_cpp_interfaces/srv/CatchTurtle.idl
[12.342s] -- Installing: /home/tomo/ae7785-intro-to-robo/turtlesim_cpp_ws/install/turtlesim_cpp_interfaces/share/turtlesim_cpp_interfaces/msg/Turtle.msg
[12.342s] -- Installing: /home/tomo/ae7785-intro-to-robo/turtlesim_cpp_ws/install/turtlesim_cpp_interfaces/share/turtlesim_cpp_interfaces/msg/TurtleArray.msg
[12.342s] -- Installing: /home/tomo/ae7785-intro-to-robo/turtlesim_cpp_ws/install/turtlesim_cpp_interfaces/share/turtlesim_cpp_interfaces/srv/CatchTurtle.srv
[12.342s] -- Installing: /home/tomo/ae7785-intro-to-robo/turtlesim_cpp_ws/install/turtlesim_cpp_interfaces/share/turtlesim_cpp_interfaces/srv/CatchTurtle_Request.msg
[12.342s] -- Installing: /home/tomo/ae7785-intro-to-robo/turtlesim_cpp_ws/install/turtlesim_cpp_interfaces/share/turtlesim_cpp_interfaces/srv/CatchTurtle_Response.msg
[12.343s] -- Installing: /home/tomo/ae7785-intro-to-robo/turtlesim_cpp_ws/install/turtlesim_cpp_interfaces/share/ament_index/resource_index/package_run_dependencies/turtlesim_cpp_interfaces
[12.343s] -- Up-to-date: /home/tomo/ae7785-intro-to-robo/turtlesim_cpp_ws/install/turtlesim_cpp_interfaces/share/ament_index/resource_index/parent_prefix_path/turtlesim_cpp_interfaces
[12.343s] -- Up-to-date: /home/tomo/ae7785-intro-to-robo/turtlesim_cpp_ws/install/turtlesim_cpp_interfaces/share/turtlesim_cpp_interfaces/environment/ament_prefix_path.sh
[12.343s] -- Installing: /home/tomo/ae7785-intro-to-robo/turtlesim_cpp_ws/install/turtlesim_cpp_interfaces/share/turtlesim_cpp_interfaces/environment/ament_prefix_path.dsv
[12.343s] -- Up-to-date: /home/tomo/ae7785-intro-to-robo/turtlesim_cpp_ws/install/turtlesim_cpp_interfaces/share/turtlesim_cpp_interfaces/environment/path.sh
[12.344s] -- Installing: /home/tomo/ae7785-intro-to-robo/turtlesim_cpp_ws/install/turtlesim_cpp_interfaces/share/turtlesim_cpp_interfaces/environment/path.dsv
[12.344s] -- Up-to-date: /home/tomo/ae7785-intro-to-robo/turtlesim_cpp_ws/install/turtlesim_cpp_interfaces/share/turtlesim_cpp_interfaces/local_setup.bash
[12.344s] -- Installing: /home/tomo/ae7785-intro-to-robo/turtlesim_cpp_ws/install/turtlesim_cpp_interfaces/share/turtlesim_cpp_interfaces/local_setup.sh
[12.344s] -- Up-to-date: /home/tomo/ae7785-intro-to-robo/turtlesim_cpp_ws/install/turtlesim_cpp_interfaces/share/turtlesim_cpp_interfaces/local_setup.zsh
[12.344s] -- Installing: /home/tomo/ae7785-intro-to-robo/turtlesim_cpp_ws/install/turtlesim_cpp_interfaces/share/turtlesim_cpp_interfaces/local_setup.dsv
[12.345s] -- Installing: /home/tomo/ae7785-intro-to-robo/turtlesim_cpp_ws/install/turtlesim_cpp_interfaces/share/turtlesim_cpp_interfaces/package.dsv
[12.345s] -- Up-to-date: /home/tomo/ae7785-intro-to-robo/turtlesim_cpp_ws/install/turtlesim_cpp_interfaces/share/ament_index/resource_index/packages/turtlesim_cpp_interfaces
[12.345s] -- Installing: /home/tomo/ae7785-intro-to-robo/turtlesim_cpp_ws/install/turtlesim_cpp_interfaces/share/turtlesim_cpp_interfaces/cmake/turtlesim_cpp_interfaces__rosidl_generator_cExport.cmake
[12.345s] -- Installing: /home/tomo/ae7785-intro-to-robo/turtlesim_cpp_ws/install/turtlesim_cpp_interfaces/share/turtlesim_cpp_interfaces/cmake/turtlesim_cpp_interfaces__rosidl_generator_cExport-noconfig.cmake
[12.345s] -- Installing: /home/tomo/ae7785-intro-to-robo/turtlesim_cpp_ws/install/turtlesim_cpp_interfaces/share/turtlesim_cpp_interfaces/cmake/turtlesim_cpp_interfaces__rosidl_typesupport_introspection_cExport.cmake
[12.345s] -- Installing: /home/tomo/ae7785-intro-to-robo/turtlesim_cpp_ws/install/turtlesim_cpp_interfaces/share/turtlesim_cpp_interfaces/cmake/turtlesim_cpp_interfaces__rosidl_typesupport_introspection_cExport-noconfig.cmake
[12.346s] -- Installing: /home/tomo/ae7785-intro-to-robo/turtlesim_cpp_ws/install/turtlesim_cpp_interfaces/share/turtlesim_cpp_interfaces/cmake/turtlesim_cpp_interfaces__rosidl_typesupport_cExport.cmake
[12.346s] -- Installing: /home/tomo/ae7785-intro-to-robo/turtlesim_cpp_ws/install/turtlesim_cpp_interfaces/share/turtlesim_cpp_interfaces/cmake/turtlesim_cpp_interfaces__rosidl_typesupport_cExport-noconfig.cmake
[12.346s] -- Installing: /home/tomo/ae7785-intro-to-robo/turtlesim_cpp_ws/install/turtlesim_cpp_interfaces/share/turtlesim_cpp_interfaces/cmake/turtlesim_cpp_interfaces__rosidl_generator_cppExport.cmake
[12.346s] -- Installing: /home/tomo/ae7785-intro-to-robo/turtlesim_cpp_ws/install/turtlesim_cpp_interfaces/share/turtlesim_cpp_interfaces/cmake/turtlesim_cpp_interfaces__rosidl_typesupport_introspection_cppExport.cmake
[12.347s] -- Installing: /home/tomo/ae7785-intro-to-robo/turtlesim_cpp_ws/install/turtlesim_cpp_interfaces/share/turtlesim_cpp_interfaces/cmake/turtlesim_cpp_interfaces__rosidl_typesupport_introspection_cppExport-noconfig.cmake
[12.347s] -- Installing: /home/tomo/ae7785-intro-to-robo/turtlesim_cpp_ws/install/turtlesim_cpp_interfaces/share/turtlesim_cpp_interfaces/cmake/turtlesim_cpp_interfaces__rosidl_typesupport_cppExport.cmake
[12.347s] -- Installing: /home/tomo/ae7785-intro-to-robo/turtlesim_cpp_ws/install/turtlesim_cpp_interfaces/share/turtlesim_cpp_interfaces/cmake/turtlesim_cpp_interfaces__rosidl_typesupport_cppExport-noconfig.cmake
[12.348s] -- Installing: /home/tomo/ae7785-intro-to-robo/turtlesim_cpp_ws/install/turtlesim_cpp_interfaces/share/turtlesim_cpp_interfaces/cmake/rosidl_cmake-extras.cmake
[12.348s] -- Installing: /home/tomo/ae7785-intro-to-robo/turtlesim_cpp_ws/install/turtlesim_cpp_interfaces/share/turtlesim_cpp_interfaces/cmake/ament_cmake_export_dependencies-extras.cmake
[12.348s] -- Installing: /home/tomo/ae7785-intro-to-robo/turtlesim_cpp_ws/install/turtlesim_cpp_interfaces/share/turtlesim_cpp_interfaces/cmake/ament_cmake_export_libraries-extras.cmake
[12.348s] -- Installing: /home/tomo/ae7785-intro-to-robo/turtlesim_cpp_ws/install/turtlesim_cpp_interfaces/share/turtlesim_cpp_interfaces/cmake/ament_cmake_export_targets-extras.cmake
[12.349s] -- Installing: /home/tomo/ae7785-intro-to-robo/turtlesim_cpp_ws/install/turtlesim_cpp_interfaces/share/turtlesim_cpp_interfaces/cmake/ament_cmake_export_include_directories-extras.cmake
[12.349s] -- Installing: /home/tomo/ae7785-intro-to-robo/turtlesim_cpp_ws/install/turtlesim_cpp_interfaces/share/turtlesim_cpp_interfaces/cmake/rosidl_cmake_export_typesupport_libraries-extras.cmake
[12.350s] -- Installing: /home/tomo/ae7785-intro-to-robo/turtlesim_cpp_ws/install/turtlesim_cpp_interfaces/share/turtlesim_cpp_interfaces/cmake/rosidl_cmake_export_typesupport_targets-extras.cmake
[12.351s] -- Installing: /home/tomo/ae7785-intro-to-robo/turtlesim_cpp_ws/install/turtlesim_cpp_interfaces/share/turtlesim_cpp_interfaces/cmake/turtlesim_cpp_interfacesConfig.cmake
[12.351s] -- Up-to-date: /home/tomo/ae7785-intro-to-robo/turtlesim_cpp_ws/install/turtlesim_cpp_interfaces/share/turtlesim_cpp_interfaces/cmake/turtlesim_cpp_interfacesConfig-version.cmake
[12.351s] -- Installing: /home/tomo/ae7785-intro-to-robo/turtlesim_cpp_ws/install/turtlesim_cpp_interfaces/share/turtlesim_cpp_interfaces/package.xml
[12.355s] Invoked command in '/home/tomo/ae7785-intro-to-robo/turtlesim_cpp_ws/build/turtlesim_cpp_interfaces' returned '0': CMAKE_PREFIX_PATH=${CMAKE_PREFIX_PATH}:/home/tomo/ae7785-intro-to-robo/turtlesim_ws/install/turtlesim_chaser:/home/tomo/Documents/turtlebot3_ws/install/turtlebot3_teleop:/home/tomo/Documents/turtlebot3_ws/install/turtlebot3_example:/opt/ros/foxy /usr/bin/cmake --install /home/tomo/ae7785-intro-to-robo/turtlesim_cpp_ws/build/turtlesim_cpp_interfaces
