[0.046s] Invoking command in '/home/tomo/Documents/ae7785-intro-to-robo/ros2_demo_ws/build/my_robot_interfaces': CMAKE_PREFIX_PATH=${CMAKE_PREFIX_PATH}:/home/tomo/Documents/ae7785-intro-to-robo/ros2_demo_ws/install/my_py_pkg:/home/tomo/Documents/turtlebot3_ws/install/turtlebot3_teleop:/home/tomo/Documents/turtlebot3_ws/install/turtlebot3_example:/opt/ros/foxy /usr/bin/cmake /home/tomo/Documents/ae7785-intro-to-robo/ros2_demo_ws/src/my_robot_interfaces -DCMAKE_INSTALL_PREFIX=/home/tomo/Documents/ae7785-intro-to-robo/ros2_demo_ws/install/my_robot_interfaces
[0.070s] -- Found ament_cmake: 0.9.11 (/opt/ros/foxy/share/ament_cmake/cmake)
[0.134s] -- Found PythonInterp: /usr/bin/python3 (found suitable version "3.8.10", minimum required is "3") 
[0.135s] -- Using PYTHON_EXECUTABLE: /usr/bin/python3
[0.455s] -- Found rosidl_default_generators: 1.0.1 (/opt/ros/foxy/share/rosidl_default_generators/cmake)
[0.465s] -- Using all available rosidl_typesupport_c: rosidl_typesupport_fastrtps_c;rosidl_typesupport_introspection_c
[0.472s] -- Found rosidl_adapter: 1.3.0 (/opt/ros/foxy/share/rosidl_adapter/cmake)
[0.774s] -- Using all available rosidl_typesupport_cpp: rosidl_typesupport_fastrtps_cpp;rosidl_typesupport_introspection_cpp
[0.847s] -- Found PythonInterp: /usr/bin/python3 (found version "3.8.10") 
[1.228s] -- Found ament_cmake_ros: 0.9.2 (/opt/ros/foxy/share/ament_cmake_ros/cmake)
[1.496s] -- Using all available rosidl_typesupport_c: rosidl_typesupport_fastrtps_c;rosidl_typesupport_introspection_c
[1.583s] -- Using all available rosidl_typesupport_cpp: rosidl_typesupport_fastrtps_cpp;rosidl_typesupport_introspection_cpp
[1.645s] -- Found PythonInterp: /usr/bin/python3 (found suitable version "3.8.10", minimum required is "3.5") 
[1.682s] -- Found python_cmake_module: 0.8.1 (/opt/ros/foxy/share/python_cmake_module/cmake)
[1.819s] -- Found PythonLibs: /usr/lib/x86_64-linux-gnu/libpython3.8.so (found suitable version "3.8.10", minimum required is "3.5") 
[1.819s] -- Using PYTHON_EXECUTABLE: /usr/bin/python3
[1.819s] -- Using PYTHON_INCLUDE_DIRS: /usr/include/python3.8
[1.819s] -- Using PYTHON_LIBRARIES: /usr/lib/x86_64-linux-gnu/libpython3.8.so
[1.873s] -- Found PythonExtra: .so  
[2.048s] -- Configuring done
[2.189s] -- Generating done
[2.195s] -- Build files have been written to: /home/tomo/Documents/ae7785-intro-to-robo/ros2_demo_ws/build/my_robot_interfaces
[2.206s] Invoked command in '/home/tomo/Documents/ae7785-intro-to-robo/ros2_demo_ws/build/my_robot_interfaces' returned '0': CMAKE_PREFIX_PATH=${CMAKE_PREFIX_PATH}:/home/tomo/Documents/ae7785-intro-to-robo/ros2_demo_ws/install/my_py_pkg:/home/tomo/Documents/turtlebot3_ws/install/turtlebot3_teleop:/home/tomo/Documents/turtlebot3_ws/install/turtlebot3_example:/opt/ros/foxy /usr/bin/cmake /home/tomo/Documents/ae7785-intro-to-robo/ros2_demo_ws/src/my_robot_interfaces -DCMAKE_INSTALL_PREFIX=/home/tomo/Documents/ae7785-intro-to-robo/ros2_demo_ws/install/my_robot_interfaces
[2.211s] Invoking command in '/home/tomo/Documents/ae7785-intro-to-robo/ros2_demo_ws/build/my_robot_interfaces': CMAKE_PREFIX_PATH=${CMAKE_PREFIX_PATH}:/home/tomo/Documents/ae7785-intro-to-robo/ros2_demo_ws/install/my_py_pkg:/home/tomo/Documents/turtlebot3_ws/install/turtlebot3_teleop:/home/tomo/Documents/turtlebot3_ws/install/turtlebot3_example:/opt/ros/foxy /usr/bin/cmake --build /home/tomo/Documents/ae7785-intro-to-robo/ros2_demo_ws/build/my_robot_interfaces -- -j6 -l6
[2.292s] [  3%] [34m[1mGenerating C code for ROS interfaces[0m
[2.293s] [35m[1mScanning dependencies of target my_robot_interfaces__cpp[0m
[2.309s] [  6%] [34m[1mGenerating C++ code for ROS interfaces[0m
[2.873s] [  6%] Built target my_robot_interfaces__cpp
[2.883s] [35m[1mScanning dependencies of target my_robot_interfaces__rosidl_generator_c[0m
[2.895s] [  9%] [34m[1mGenerating C++ type support dispatch for ROS interfaces[0m
[2.899s] [ 12%] [34m[1mGenerating C++ introspection for ROS interfaces[0m
[2.899s] [ 16%] [34m[1mGenerating C++ type support for eProsima Fast-RTPS[0m
[2.944s] [ 19%] [32mBuilding C object CMakeFiles/my_robot_interfaces__rosidl_generator_c.dir/rosidl_generator_c/my_robot_interfaces/msg/detail/hardware_status__functions.c.o[0m
[3.267s] [ 22%] [32m[1mLinking C shared library libmy_robot_interfaces__rosidl_generator_c.so[0m
[3.372s] [35m[1mScanning dependencies of target my_robot_interfaces__rosidl_typesupport_cpp[0m
[3.391s] [ 22%] Built target my_robot_interfaces__rosidl_generator_c
[3.414s] [ 25%] [32mBuilding CXX object CMakeFiles/my_robot_interfaces__rosidl_typesupport_cpp.dir/rosidl_typesupport_cpp/my_robot_interfaces/msg/hardware_status__type_support.cpp.o[0m
[3.419s] [ 29%] [34m[1mGenerating C introspection for ROS interfaces[0m
[3.425s] [ 32%] [34m[1mGenerating C type support dispatch for ROS interfaces[0m
[3.432s] [35m[1mScanning dependencies of target my_robot_interfaces__rosidl_typesupport_introspection_cpp[0m
[3.453s] [35m[1mScanning dependencies of target my_robot_interfaces__rosidl_typesupport_fastrtps_cpp[0m
[3.490s] [ 35%] [32mBuilding CXX object CMakeFiles/my_robot_interfaces__rosidl_typesupport_introspection_cpp.dir/rosidl_typesupport_introspection_cpp/my_robot_interfaces/msg/detail/hardware_status__type_support.cpp.o[0m
[3.563s] [ 38%] [32mBuilding CXX object CMakeFiles/my_robot_interfaces__rosidl_typesupport_fastrtps_cpp.dir/rosidl_typesupport_fastrtps_cpp/my_robot_interfaces/msg/detail/dds_fastrtps/hardware_status__type_support.cpp.o[0m
[3.893s] [35m[1mScanning dependencies of target my_robot_interfaces__rosidl_typesupport_c[0m
[3.949s] [ 41%] [32mBuilding CXX object CMakeFiles/my_robot_interfaces__rosidl_typesupport_c.dir/rosidl_typesupport_c/my_robot_interfaces/msg/hardware_status__type_support.cpp.o[0m
[3.998s] [35m[1mScanning dependencies of target my_robot_interfaces__rosidl_typesupport_introspection_c[0m
[4.028s] [ 45%] [32mBuilding C object CMakeFiles/my_robot_interfaces__rosidl_typesupport_introspection_c.dir/rosidl_typesupport_introspection_c/my_robot_interfaces/msg/detail/hardware_status__type_support.c.o[0m
[4.100s] [ 48%] [32m[1mLinking CXX shared library libmy_robot_interfaces__rosidl_typesupport_c.so[0m
[4.121s] [ 51%] [32m[1mLinking C shared library libmy_robot_interfaces__rosidl_typesupport_introspection_c.so[0m
[4.179s] [ 54%] [32m[1mLinking CXX shared library libmy_robot_interfaces__rosidl_typesupport_cpp.so[0m
[4.202s] [ 54%] Built target my_robot_interfaces__rosidl_typesupport_introspection_c
[4.220s] [ 58%] [32m[1mLinking CXX shared library libmy_robot_interfaces__rosidl_typesupport_introspection_cpp.so[0m
[4.273s] [ 58%] Built target my_robot_interfaces__rosidl_typesupport_c
[4.282s] [ 58%] Built target my_robot_interfaces__rosidl_typesupport_cpp
[4.365s] [ 58%] Built target my_robot_interfaces__rosidl_typesupport_introspection_cpp
[4.557s] [ 61%] [32m[1mLinking CXX shared library libmy_robot_interfaces__rosidl_typesupport_fastrtps_cpp.so[0m
[4.771s] [ 61%] Built target my_robot_interfaces__rosidl_typesupport_fastrtps_cpp
[4.792s] [ 64%] [34m[1mGenerating C type support for eProsima Fast-RTPS[0m
[5.151s] [35m[1mScanning dependencies of target my_robot_interfaces__rosidl_typesupport_fastrtps_c[0m
[5.181s] [ 67%] [32mBuilding CXX object CMakeFiles/my_robot_interfaces__rosidl_typesupport_fastrtps_c.dir/rosidl_typesupport_fastrtps_c/my_robot_interfaces/msg/detail/hardware_status__type_support_c.cpp.o[0m
[5.632s] [ 70%] [32m[1mLinking CXX shared library libmy_robot_interfaces__rosidl_typesupport_fastrtps_c.so[0m
[5.765s] [ 70%] Built target my_robot_interfaces__rosidl_typesupport_fastrtps_c
[5.784s] [35m[1mScanning dependencies of target my_robot_interfaces[0m
[5.802s] [ 70%] Built target my_robot_interfaces
[5.820s] [35m[1mScanning dependencies of target my_robot_interfaces__py[0m
[5.844s] [ 74%] [34m[1mGenerating Python code for ROS interfaces[0m
[7.578s] [ 74%] Built target my_robot_interfaces__py
[7.599s] [35m[1mScanning dependencies of target my_robot_interfaces__python[0m
[7.738s] [ 77%] [32mBuilding C object CMakeFiles/my_robot_interfaces__python.dir/rosidl_generator_py/my_robot_interfaces/msg/_hardware_status_s.c.o[0m
[7.980s] [ 80%] [32m[1mLinking C shared library rosidl_generator_py/my_robot_interfaces/libmy_robot_interfaces__python.so[0m
[8.042s] [ 80%] Built target my_robot_interfaces__python
[8.061s] [35m[1mScanning dependencies of target my_robot_interfaces__rosidl_typesupport_c__pyext[0m
[8.067s] [35m[1mScanning dependencies of target my_robot_interfaces__rosidl_typesupport_fastrtps_c__pyext[0m
[8.068s] [35m[1mScanning dependencies of target my_robot_interfaces__rosidl_typesupport_introspection_c__pyext[0m
[8.099s] [ 87%] [32mBuilding C object CMakeFiles/my_robot_interfaces__rosidl_typesupport_fastrtps_c__pyext.dir/rosidl_generator_py/my_robot_interfaces/_my_robot_interfaces_s.ep.rosidl_typesupport_fastrtps_c.c.o[0m
[8.100s] [ 87%] [32mBuilding C object CMakeFiles/my_robot_interfaces__rosidl_typesupport_introspection_c__pyext.dir/rosidl_generator_py/my_robot_interfaces/_my_robot_interfaces_s.ep.rosidl_typesupport_introspection_c.c.o[0m
[8.102s] [ 90%] [32mBuilding C object CMakeFiles/my_robot_interfaces__rosidl_typesupport_c__pyext.dir/rosidl_generator_py/my_robot_interfaces/_my_robot_interfaces_s.ep.rosidl_typesupport_c.c.o[0m
[8.221s] [ 93%] [32m[1mLinking C shared library rosidl_generator_py/my_robot_interfaces/my_robot_interfaces_s__rosidl_typesupport_c.cpython-38-x86_64-linux-gnu.so[0m
[8.232s] [ 96%] [32m[1mLinking C shared library rosidl_generator_py/my_robot_interfaces/my_robot_interfaces_s__rosidl_typesupport_introspection_c.cpython-38-x86_64-linux-gnu.so[0m
[8.234s] [100%] [32m[1mLinking CXX shared library rosidl_generator_py/my_robot_interfaces/my_robot_interfaces_s__rosidl_typesupport_fastrtps_c.cpython-38-x86_64-linux-gnu.so[0m
[8.279s] [100%] Built target my_robot_interfaces__rosidl_typesupport_c__pyext
[8.298s] [100%] Built target my_robot_interfaces__rosidl_typesupport_introspection_c__pyext
[8.333s] [100%] Built target my_robot_interfaces__rosidl_typesupport_fastrtps_c__pyext
[8.356s] Invoked command in '/home/tomo/Documents/ae7785-intro-to-robo/ros2_demo_ws/build/my_robot_interfaces' returned '0': CMAKE_PREFIX_PATH=${CMAKE_PREFIX_PATH}:/home/tomo/Documents/ae7785-intro-to-robo/ros2_demo_ws/install/my_py_pkg:/home/tomo/Documents/turtlebot3_ws/install/turtlebot3_teleop:/home/tomo/Documents/turtlebot3_ws/install/turtlebot3_example:/opt/ros/foxy /usr/bin/cmake --build /home/tomo/Documents/ae7785-intro-to-robo/ros2_demo_ws/build/my_robot_interfaces -- -j6 -l6
[8.497s] Invoking command in '/home/tomo/Documents/ae7785-intro-to-robo/ros2_demo_ws/build/my_robot_interfaces': CMAKE_PREFIX_PATH=${CMAKE_PREFIX_PATH}:/home/tomo/Documents/ae7785-intro-to-robo/ros2_demo_ws/install/my_py_pkg:/home/tomo/Documents/turtlebot3_ws/install/turtlebot3_teleop:/home/tomo/Documents/turtlebot3_ws/install/turtlebot3_example:/opt/ros/foxy /usr/bin/cmake --install /home/tomo/Documents/ae7785-intro-to-robo/ros2_demo_ws/build/my_robot_interfaces
[8.512s] -- Install configuration: ""
[8.513s] -- Installing: /home/tomo/Documents/ae7785-intro-to-robo/ros2_demo_ws/install/my_robot_interfaces/share/ament_index/resource_index/rosidl_interfaces/my_robot_interfaces
[8.514s] -- Installing: /home/tomo/Documents/ae7785-intro-to-robo/ros2_demo_ws/install/my_robot_interfaces/include/my_robot_interfaces
[8.515s] -- Installing: /home/tomo/Documents/ae7785-intro-to-robo/ros2_demo_ws/install/my_robot_interfaces/include/my_robot_interfaces/msg
[8.515s] -- Installing: /home/tomo/Documents/ae7785-intro-to-robo/ros2_demo_ws/install/my_robot_interfaces/include/my_robot_interfaces/msg/rosidl_generator_c__visibility_control.h
[8.515s] -- Installing: /home/tomo/Documents/ae7785-intro-to-robo/ros2_demo_ws/install/my_robot_interfaces/include/my_robot_interfaces/msg/detail
[8.516s] -- Installing: /home/tomo/Documents/ae7785-intro-to-robo/ros2_demo_ws/install/my_robot_interfaces/include/my_robot_interfaces/msg/detail/hardware_status__type_support.h
[8.516s] -- Installing: /home/tomo/Documents/ae7785-intro-to-robo/ros2_demo_ws/install/my_robot_interfaces/include/my_robot_interfaces/msg/detail/hardware_status__struct.h
[8.516s] -- Installing: /home/tomo/Documents/ae7785-intro-to-robo/ros2_demo_ws/install/my_robot_interfaces/include/my_robot_interfaces/msg/detail/hardware_status__functions.h
[8.517s] -- Installing: /home/tomo/Documents/ae7785-intro-to-robo/ros2_demo_ws/install/my_robot_interfaces/include/my_robot_interfaces/msg/detail/hardware_status__functions.c
[8.518s] -- Installing: /home/tomo/Documents/ae7785-intro-to-robo/ros2_demo_ws/install/my_robot_interfaces/include/my_robot_interfaces/msg/hardware_status.h
[8.518s] -- Installing: /home/tomo/Documents/ae7785-intro-to-robo/ros2_demo_ws/install/my_robot_interfaces/share/my_robot_interfaces/environment/library_path.sh
[8.519s] -- Installing: /home/tomo/Documents/ae7785-intro-to-robo/ros2_demo_ws/install/my_robot_interfaces/share/my_robot_interfaces/environment/library_path.dsv
[8.519s] -- Installing: /home/tomo/Documents/ae7785-intro-to-robo/ros2_demo_ws/install/my_robot_interfaces/lib/libmy_robot_interfaces__rosidl_generator_c.so
[8.520s] -- Set runtime path of "/home/tomo/Documents/ae7785-intro-to-robo/ros2_demo_ws/install/my_robot_interfaces/lib/libmy_robot_interfaces__rosidl_generator_c.so" to ""
[8.520s] -- Up-to-date: /home/tomo/Documents/ae7785-intro-to-robo/ros2_demo_ws/install/my_robot_interfaces/include/my_robot_interfaces
[8.520s] -- Up-to-date: /home/tomo/Documents/ae7785-intro-to-robo/ros2_demo_ws/install/my_robot_interfaces/include/my_robot_interfaces/msg
[8.521s] -- Up-to-date: /home/tomo/Documents/ae7785-intro-to-robo/ros2_demo_ws/install/my_robot_interfaces/include/my_robot_interfaces/msg/detail
[8.521s] -- Installing: /home/tomo/Documents/ae7785-intro-to-robo/ros2_demo_ws/install/my_robot_interfaces/include/my_robot_interfaces/msg/detail/hardware_status__rosidl_typesupport_fastrtps_c.h
[8.522s] -- Installing: /home/tomo/Documents/ae7785-intro-to-robo/ros2_demo_ws/install/my_robot_interfaces/include/my_robot_interfaces/msg/rosidl_typesupport_fastrtps_c__visibility_control.h
[8.522s] -- Installing: /home/tomo/Documents/ae7785-intro-to-robo/ros2_demo_ws/install/my_robot_interfaces/lib/libmy_robot_interfaces__rosidl_typesupport_fastrtps_c.so
[8.523s] -- Set runtime path of "/home/tomo/Documents/ae7785-intro-to-robo/ros2_demo_ws/install/my_robot_interfaces/lib/libmy_robot_interfaces__rosidl_typesupport_fastrtps_c.so" to ""
[8.523s] -- Up-to-date: /home/tomo/Documents/ae7785-intro-to-robo/ros2_demo_ws/install/my_robot_interfaces/include/my_robot_interfaces
[8.524s] -- Up-to-date: /home/tomo/Documents/ae7785-intro-to-robo/ros2_demo_ws/install/my_robot_interfaces/include/my_robot_interfaces/msg
[8.524s] -- Installing: /home/tomo/Documents/ae7785-intro-to-robo/ros2_demo_ws/install/my_robot_interfaces/include/my_robot_interfaces/msg/rosidl_typesupport_fastrtps_cpp__visibility_control.h
[8.525s] -- Up-to-date: /home/tomo/Documents/ae7785-intro-to-robo/ros2_demo_ws/install/my_robot_interfaces/include/my_robot_interfaces/msg/detail
[8.526s] -- Installing: /home/tomo/Documents/ae7785-intro-to-robo/ros2_demo_ws/install/my_robot_interfaces/include/my_robot_interfaces/msg/detail/hardware_status__rosidl_typesupport_fastrtps_cpp.hpp
[8.526s] -- Installing: /home/tomo/Documents/ae7785-intro-to-robo/ros2_demo_ws/install/my_robot_interfaces/include/my_robot_interfaces/msg/detail/dds_fastrtps
[8.527s] -- Installing: /home/tomo/Documents/ae7785-intro-to-robo/ros2_demo_ws/install/my_robot_interfaces/lib/libmy_robot_interfaces__rosidl_typesupport_fastrtps_cpp.so
[8.527s] -- Set runtime path of "/home/tomo/Documents/ae7785-intro-to-robo/ros2_demo_ws/install/my_robot_interfaces/lib/libmy_robot_interfaces__rosidl_typesupport_fastrtps_cpp.so" to ""
[8.527s] -- Up-to-date: /home/tomo/Documents/ae7785-intro-to-robo/ros2_demo_ws/install/my_robot_interfaces/include/my_robot_interfaces
[8.528s] -- Up-to-date: /home/tomo/Documents/ae7785-intro-to-robo/ros2_demo_ws/install/my_robot_interfaces/include/my_robot_interfaces/msg
[8.528s] -- Installing: /home/tomo/Documents/ae7785-intro-to-robo/ros2_demo_ws/install/my_robot_interfaces/include/my_robot_interfaces/msg/rosidl_typesupport_introspection_c__visibility_control.h
[8.528s] -- Up-to-date: /home/tomo/Documents/ae7785-intro-to-robo/ros2_demo_ws/install/my_robot_interfaces/include/my_robot_interfaces/msg/detail
[8.529s] -- Installing: /home/tomo/Documents/ae7785-intro-to-robo/ros2_demo_ws/install/my_robot_interfaces/include/my_robot_interfaces/msg/detail/hardware_status__rosidl_typesupport_introspection_c.h
[8.529s] -- Installing: /home/tomo/Documents/ae7785-intro-to-robo/ros2_demo_ws/install/my_robot_interfaces/include/my_robot_interfaces/msg/detail/hardware_status__type_support.c
[8.530s] -- Installing: /home/tomo/Documents/ae7785-intro-to-robo/ros2_demo_ws/install/my_robot_interfaces/lib/libmy_robot_interfaces__rosidl_typesupport_introspection_c.so
[8.530s] -- Set runtime path of "/home/tomo/Documents/ae7785-intro-to-robo/ros2_demo_ws/install/my_robot_interfaces/lib/libmy_robot_interfaces__rosidl_typesupport_introspection_c.so" to ""
[8.531s] -- Installing: /home/tomo/Documents/ae7785-intro-to-robo/ros2_demo_ws/install/my_robot_interfaces/lib/libmy_robot_interfaces__rosidl_typesupport_c.so
[8.531s] -- Set runtime path of "/home/tomo/Documents/ae7785-intro-to-robo/ros2_demo_ws/install/my_robot_interfaces/lib/libmy_robot_interfaces__rosidl_typesupport_c.so" to ""
[8.531s] -- Up-to-date: /home/tomo/Documents/ae7785-intro-to-robo/ros2_demo_ws/install/my_robot_interfaces/include/my_robot_interfaces
[8.531s] -- Up-to-date: /home/tomo/Documents/ae7785-intro-to-robo/ros2_demo_ws/install/my_robot_interfaces/include/my_robot_interfaces/msg
[8.532s] -- Up-to-date: /home/tomo/Documents/ae7785-intro-to-robo/ros2_demo_ws/install/my_robot_interfaces/include/my_robot_interfaces/msg/detail
[8.532s] -- Installing: /home/tomo/Documents/ae7785-intro-to-robo/ros2_demo_ws/install/my_robot_interfaces/include/my_robot_interfaces/msg/detail/hardware_status__traits.hpp
[8.532s] -- Installing: /home/tomo/Documents/ae7785-intro-to-robo/ros2_demo_ws/install/my_robot_interfaces/include/my_robot_interfaces/msg/detail/hardware_status__builder.hpp
[8.532s] -- Installing: /home/tomo/Documents/ae7785-intro-to-robo/ros2_demo_ws/install/my_robot_interfaces/include/my_robot_interfaces/msg/detail/hardware_status__struct.hpp
[8.533s] -- Installing: /home/tomo/Documents/ae7785-intro-to-robo/ros2_demo_ws/install/my_robot_interfaces/include/my_robot_interfaces/msg/hardware_status.hpp
[8.533s] -- Up-to-date: /home/tomo/Documents/ae7785-intro-to-robo/ros2_demo_ws/install/my_robot_interfaces/include/my_robot_interfaces
[8.533s] -- Up-to-date: /home/tomo/Documents/ae7785-intro-to-robo/ros2_demo_ws/install/my_robot_interfaces/include/my_robot_interfaces/msg
[8.534s] -- Up-to-date: /home/tomo/Documents/ae7785-intro-to-robo/ros2_demo_ws/install/my_robot_interfaces/include/my_robot_interfaces/msg/detail
[8.534s] -- Installing: /home/tomo/Documents/ae7785-intro-to-robo/ros2_demo_ws/install/my_robot_interfaces/include/my_robot_interfaces/msg/detail/hardware_status__rosidl_typesupport_introspection_cpp.hpp
[8.535s] -- Installing: /home/tomo/Documents/ae7785-intro-to-robo/ros2_demo_ws/install/my_robot_interfaces/include/my_robot_interfaces/msg/detail/hardware_status__type_support.cpp
[8.535s] -- Installing: /home/tomo/Documents/ae7785-intro-to-robo/ros2_demo_ws/install/my_robot_interfaces/lib/libmy_robot_interfaces__rosidl_typesupport_introspection_cpp.so
[8.535s] -- Set runtime path of "/home/tomo/Documents/ae7785-intro-to-robo/ros2_demo_ws/install/my_robot_interfaces/lib/libmy_robot_interfaces__rosidl_typesupport_introspection_cpp.so" to ""
[8.536s] -- Installing: /home/tomo/Documents/ae7785-intro-to-robo/ros2_demo_ws/install/my_robot_interfaces/lib/libmy_robot_interfaces__rosidl_typesupport_cpp.so
[8.536s] -- Set runtime path of "/home/tomo/Documents/ae7785-intro-to-robo/ros2_demo_ws/install/my_robot_interfaces/lib/libmy_robot_interfaces__rosidl_typesupport_cpp.so" to ""
[8.536s] -- Installing: /home/tomo/Documents/ae7785-intro-to-robo/ros2_demo_ws/install/my_robot_interfaces/share/my_robot_interfaces/environment/pythonpath.sh
[8.536s] -- Installing: /home/tomo/Documents/ae7785-intro-to-robo/ros2_demo_ws/install/my_robot_interfaces/share/my_robot_interfaces/environment/pythonpath.dsv
[8.536s] -- Installing: /home/tomo/Documents/ae7785-intro-to-robo/ros2_demo_ws/install/my_robot_interfaces/lib/python3.8/site-packages/my_robot_interfaces/__init__.py
[8.683s] Compiling '/home/tomo/Documents/ae7785-intro-to-robo/ros2_demo_ws/install/my_robot_interfaces/lib/python3.8/site-packages/my_robot_interfaces/__init__.py'...
[8.690s] -- Installing: /home/tomo/Documents/ae7785-intro-to-robo/ros2_demo_ws/install/my_robot_interfaces/lib/python3.8/site-packages/my_robot_interfaces/msg
[8.694s] -- Installing: /home/tomo/Documents/ae7785-intro-to-robo/ros2_demo_ws/install/my_robot_interfaces/lib/python3.8/site-packages/my_robot_interfaces/msg/_hardware_status_s.c
[8.694s] -- Installing: /home/tomo/Documents/ae7785-intro-to-robo/ros2_demo_ws/install/my_robot_interfaces/lib/python3.8/site-packages/my_robot_interfaces/msg/__init__.py
[8.694s] -- Installing: /home/tomo/Documents/ae7785-intro-to-robo/ros2_demo_ws/install/my_robot_interfaces/lib/python3.8/site-packages/my_robot_interfaces/msg/_hardware_status.py
[8.694s] -- Installing: /home/tomo/Documents/ae7785-intro-to-robo/ros2_demo_ws/install/my_robot_interfaces/lib/python3.8/site-packages/my_robot_interfaces/my_robot_interfaces_s__rosidl_typesupport_fastrtps_c.cpython-38-x86_64-linux-gnu.so
[8.695s] -- Set runtime path of "/home/tomo/Documents/ae7785-intro-to-robo/ros2_demo_ws/install/my_robot_interfaces/lib/python3.8/site-packages/my_robot_interfaces/my_robot_interfaces_s__rosidl_typesupport_fastrtps_c.cpython-38-x86_64-linux-gnu.so" to ""
[8.695s] -- Installing: /home/tomo/Documents/ae7785-intro-to-robo/ros2_demo_ws/install/my_robot_interfaces/lib/python3.8/site-packages/my_robot_interfaces/my_robot_interfaces_s__rosidl_typesupport_introspection_c.cpython-38-x86_64-linux-gnu.so
[8.697s] -- Set runtime path of "/home/tomo/Documents/ae7785-intro-to-robo/ros2_demo_ws/install/my_robot_interfaces/lib/python3.8/site-packages/my_robot_interfaces/my_robot_interfaces_s__rosidl_typesupport_introspection_c.cpython-38-x86_64-linux-gnu.so" to ""
[8.697s] -- Installing: /home/tomo/Documents/ae7785-intro-to-robo/ros2_demo_ws/install/my_robot_interfaces/lib/python3.8/site-packages/my_robot_interfaces/my_robot_interfaces_s__rosidl_typesupport_c.cpython-38-x86_64-linux-gnu.so
[8.698s] -- Set runtime path of "/home/tomo/Documents/ae7785-intro-to-robo/ros2_demo_ws/install/my_robot_interfaces/lib/python3.8/site-packages/my_robot_interfaces/my_robot_interfaces_s__rosidl_typesupport_c.cpython-38-x86_64-linux-gnu.so" to ""
[8.698s] -- Installing: /home/tomo/Documents/ae7785-intro-to-robo/ros2_demo_ws/install/my_robot_interfaces/lib/libmy_robot_interfaces__python.so
[8.699s] -- Set runtime path of "/home/tomo/Documents/ae7785-intro-to-robo/ros2_demo_ws/install/my_robot_interfaces/lib/libmy_robot_interfaces__python.so" to ""
[8.699s] -- Installing: /home/tomo/Documents/ae7785-intro-to-robo/ros2_demo_ws/install/my_robot_interfaces/share/my_robot_interfaces/msg/HardwareStatus.idl
[8.700s] -- Installing: /home/tomo/Documents/ae7785-intro-to-robo/ros2_demo_ws/install/my_robot_interfaces/share/my_robot_interfaces/msg/HardwareStatus.msg
[8.701s] -- Installing: /home/tomo/Documents/ae7785-intro-to-robo/ros2_demo_ws/install/my_robot_interfaces/share/ament_index/resource_index/package_run_dependencies/my_robot_interfaces
[8.701s] -- Installing: /home/tomo/Documents/ae7785-intro-to-robo/ros2_demo_ws/install/my_robot_interfaces/share/ament_index/resource_index/parent_prefix_path/my_robot_interfaces
[8.703s] -- Installing: /home/tomo/Documents/ae7785-intro-to-robo/ros2_demo_ws/install/my_robot_interfaces/share/my_robot_interfaces/environment/ament_prefix_path.sh
[8.704s] -- Installing: /home/tomo/Documents/ae7785-intro-to-robo/ros2_demo_ws/install/my_robot_interfaces/share/my_robot_interfaces/environment/ament_prefix_path.dsv
[8.705s] -- Installing: /home/tomo/Documents/ae7785-intro-to-robo/ros2_demo_ws/install/my_robot_interfaces/share/my_robot_interfaces/environment/path.sh
[8.706s] -- Installing: /home/tomo/Documents/ae7785-intro-to-robo/ros2_demo_ws/install/my_robot_interfaces/share/my_robot_interfaces/environment/path.dsv
[8.706s] -- Installing: /home/tomo/Documents/ae7785-intro-to-robo/ros2_demo_ws/install/my_robot_interfaces/share/my_robot_interfaces/local_setup.bash
[8.707s] -- Installing: /home/tomo/Documents/ae7785-intro-to-robo/ros2_demo_ws/install/my_robot_interfaces/share/my_robot_interfaces/local_setup.sh
[8.707s] -- Installing: /home/tomo/Documents/ae7785-intro-to-robo/ros2_demo_ws/install/my_robot_interfaces/share/my_robot_interfaces/local_setup.zsh
[8.707s] -- Installing: /home/tomo/Documents/ae7785-intro-to-robo/ros2_demo_ws/install/my_robot_interfaces/share/my_robot_interfaces/local_setup.dsv
[8.708s] -- Installing: /home/tomo/Documents/ae7785-intro-to-robo/ros2_demo_ws/install/my_robot_interfaces/share/my_robot_interfaces/package.dsv
[8.708s] -- Installing: /home/tomo/Documents/ae7785-intro-to-robo/ros2_demo_ws/install/my_robot_interfaces/share/ament_index/resource_index/packages/my_robot_interfaces
[8.708s] -- Installing: /home/tomo/Documents/ae7785-intro-to-robo/ros2_demo_ws/install/my_robot_interfaces/share/my_robot_interfaces/cmake/my_robot_interfaces__rosidl_generator_cExport.cmake
[8.709s] -- Installing: /home/tomo/Documents/ae7785-intro-to-robo/ros2_demo_ws/install/my_robot_interfaces/share/my_robot_interfaces/cmake/my_robot_interfaces__rosidl_generator_cExport-noconfig.cmake
[8.713s] -- Installing: /home/tomo/Documents/ae7785-intro-to-robo/ros2_demo_ws/install/my_robot_interfaces/share/my_robot_interfaces/cmake/my_robot_interfaces__rosidl_typesupport_introspection_cExport.cmake
[8.713s] -- Installing: /home/tomo/Documents/ae7785-intro-to-robo/ros2_demo_ws/install/my_robot_interfaces/share/my_robot_interfaces/cmake/my_robot_interfaces__rosidl_typesupport_introspection_cExport-noconfig.cmake
[8.714s] -- Installing: /home/tomo/Documents/ae7785-intro-to-robo/ros2_demo_ws/install/my_robot_interfaces/share/my_robot_interfaces/cmake/my_robot_interfaces__rosidl_typesupport_cExport.cmake
[8.714s] -- Installing: /home/tomo/Documents/ae7785-intro-to-robo/ros2_demo_ws/install/my_robot_interfaces/share/my_robot_interfaces/cmake/my_robot_interfaces__rosidl_typesupport_cExport-noconfig.cmake
[8.715s] -- Installing: /home/tomo/Documents/ae7785-intro-to-robo/ros2_demo_ws/install/my_robot_interfaces/share/my_robot_interfaces/cmake/my_robot_interfaces__rosidl_generator_cppExport.cmake
[8.715s] -- Installing: /home/tomo/Documents/ae7785-intro-to-robo/ros2_demo_ws/install/my_robot_interfaces/share/my_robot_interfaces/cmake/my_robot_interfaces__rosidl_typesupport_introspection_cppExport.cmake
[8.716s] -- Installing: /home/tomo/Documents/ae7785-intro-to-robo/ros2_demo_ws/install/my_robot_interfaces/share/my_robot_interfaces/cmake/my_robot_interfaces__rosidl_typesupport_introspection_cppExport-noconfig.cmake
[8.716s] -- Installing: /home/tomo/Documents/ae7785-intro-to-robo/ros2_demo_ws/install/my_robot_interfaces/share/my_robot_interfaces/cmake/my_robot_interfaces__rosidl_typesupport_cppExport.cmake
[8.716s] -- Installing: /home/tomo/Documents/ae7785-intro-to-robo/ros2_demo_ws/install/my_robot_interfaces/share/my_robot_interfaces/cmake/my_robot_interfaces__rosidl_typesupport_cppExport-noconfig.cmake
[8.717s] -- Installing: /home/tomo/Documents/ae7785-intro-to-robo/ros2_demo_ws/install/my_robot_interfaces/share/my_robot_interfaces/cmake/rosidl_cmake-extras.cmake
[8.717s] -- Installing: /home/tomo/Documents/ae7785-intro-to-robo/ros2_demo_ws/install/my_robot_interfaces/share/my_robot_interfaces/cmake/ament_cmake_export_dependencies-extras.cmake
[8.717s] -- Installing: /home/tomo/Documents/ae7785-intro-to-robo/ros2_demo_ws/install/my_robot_interfaces/share/my_robot_interfaces/cmake/ament_cmake_export_libraries-extras.cmake
[8.718s] -- Installing: /home/tomo/Documents/ae7785-intro-to-robo/ros2_demo_ws/install/my_robot_interfaces/share/my_robot_interfaces/cmake/ament_cmake_export_targets-extras.cmake
[8.718s] -- Installing: /home/tomo/Documents/ae7785-intro-to-robo/ros2_demo_ws/install/my_robot_interfaces/share/my_robot_interfaces/cmake/ament_cmake_export_include_directories-extras.cmake
[8.719s] -- Installing: /home/tomo/Documents/ae7785-intro-to-robo/ros2_demo_ws/install/my_robot_interfaces/share/my_robot_interfaces/cmake/rosidl_cmake_export_typesupport_libraries-extras.cmake
[8.720s] -- Installing: /home/tomo/Documents/ae7785-intro-to-robo/ros2_demo_ws/install/my_robot_interfaces/share/my_robot_interfaces/cmake/rosidl_cmake_export_typesupport_targets-extras.cmake
[8.720s] -- Installing: /home/tomo/Documents/ae7785-intro-to-robo/ros2_demo_ws/install/my_robot_interfaces/share/my_robot_interfaces/cmake/my_robot_interfacesConfig.cmake
[8.720s] -- Installing: /home/tomo/Documents/ae7785-intro-to-robo/ros2_demo_ws/install/my_robot_interfaces/share/my_robot_interfaces/cmake/my_robot_interfacesConfig-version.cmake
[8.720s] -- Installing: /home/tomo/Documents/ae7785-intro-to-robo/ros2_demo_ws/install/my_robot_interfaces/share/my_robot_interfaces/package.xml
[8.724s] Invoked command in '/home/tomo/Documents/ae7785-intro-to-robo/ros2_demo_ws/build/my_robot_interfaces' returned '0': CMAKE_PREFIX_PATH=${CMAKE_PREFIX_PATH}:/home/tomo/Documents/ae7785-intro-to-robo/ros2_demo_ws/install/my_py_pkg:/home/tomo/Documents/turtlebot3_ws/install/turtlebot3_teleop:/home/tomo/Documents/turtlebot3_ws/install/turtlebot3_example:/opt/ros/foxy /usr/bin/cmake --install /home/tomo/Documents/ae7785-intro-to-robo/ros2_demo_ws/build/my_robot_interfaces
