[0.943s] Invoking command in '/home/tomo/Documents/ae7785-intro-to-robo/my_first_node_ws/src/my_py_pkg': PYTHONPATH=/home/tomo/Documents/ae7785-intro-to-robo/my_first_node_ws/build/my_py_pkg/prefix_override:/home/tomo/Documents/ae7785-intro-to-robo/my_first_node_ws/install/my_py_pkg/lib/python3.8/site-packages:${PYTHONPATH} /usr/bin/python3 setup.py egg_info --egg-base ../../build/my_py_pkg build --build-base /home/tomo/Documents/ae7785-intro-to-robo/my_first_node_ws/build/my_py_pkg/build install --record /home/tomo/Documents/ae7785-intro-to-robo/my_first_node_ws/build/my_py_pkg/install.log --single-version-externally-managed
[1.248s] running egg_info
[1.249s] writing ../../build/my_py_pkg/my_py_pkg.egg-info/PKG-INFO
[1.250s] writing dependency_links to ../../build/my_py_pkg/my_py_pkg.egg-info/dependency_links.txt
[1.250s] writing entry points to ../../build/my_py_pkg/my_py_pkg.egg-info/entry_points.txt
[1.250s] writing requirements to ../../build/my_py_pkg/my_py_pkg.egg-info/requires.txt
[1.251s] writing top-level names to ../../build/my_py_pkg/my_py_pkg.egg-info/top_level.txt
[1.335s] reading manifest file '../../build/my_py_pkg/my_py_pkg.egg-info/SOURCES.txt'
[1.338s] writing manifest file '../../build/my_py_pkg/my_py_pkg.egg-info/SOURCES.txt'
[1.338s] running build
[1.339s] running build_py
[1.339s] copying my_py_pkg/my_first_node.py -> /home/tomo/Documents/ae7785-intro-to-robo/my_first_node_ws/build/my_py_pkg/build/lib/my_py_pkg
[1.339s] running install
[1.340s] running install_lib
[1.342s] copying /home/tomo/Documents/ae7785-intro-to-robo/my_first_node_ws/build/my_py_pkg/build/lib/my_py_pkg/my_first_node.py -> /home/tomo/Documents/ae7785-intro-to-robo/my_first_node_ws/install/my_py_pkg/lib/python3.8/site-packages/my_py_pkg
[1.344s] byte-compiling /home/tomo/Documents/ae7785-intro-to-robo/my_first_node_ws/install/my_py_pkg/lib/python3.8/site-packages/my_py_pkg/my_first_node.py to my_first_node.cpython-38.pyc
[1.346s] running install_data
[1.347s] running install_egg_info
[1.349s] removing '/home/tomo/Documents/ae7785-intro-to-robo/my_first_node_ws/install/my_py_pkg/lib/python3.8/site-packages/my_py_pkg-0.0.0-py3.8.egg-info' (and everything under it)
[1.350s] Copying ../../build/my_py_pkg/my_py_pkg.egg-info to /home/tomo/Documents/ae7785-intro-to-robo/my_first_node_ws/install/my_py_pkg/lib/python3.8/site-packages/my_py_pkg-0.0.0-py3.8.egg-info
[1.352s] running install_scripts
[1.386s] Installing py_node script to /home/tomo/Documents/ae7785-intro-to-robo/my_first_node_ws/install/my_py_pkg/lib/my_py_pkg
[1.386s] writing list of installed files to '/home/tomo/Documents/ae7785-intro-to-robo/my_first_node_ws/build/my_py_pkg/install.log'
[1.409s] Invoked command in '/home/tomo/Documents/ae7785-intro-to-robo/my_first_node_ws/src/my_py_pkg' returned '0': PYTHONPATH=/home/tomo/Documents/ae7785-intro-to-robo/my_first_node_ws/build/my_py_pkg/prefix_override:/home/tomo/Documents/ae7785-intro-to-robo/my_first_node_ws/install/my_py_pkg/lib/python3.8/site-packages:${PYTHONPATH} /usr/bin/python3 setup.py egg_info --egg-base ../../build/my_py_pkg build --build-base /home/tomo/Documents/ae7785-intro-to-robo/my_first_node_ws/build/my_py_pkg/build install --record /home/tomo/Documents/ae7785-intro-to-robo/my_first_node_ws/build/my_py_pkg/install.log --single-version-externally-managed
