[0.051s] Invoking command in '/home/tomo/ae7785-intro-to-robo/turtlesim_ws/build/my_robot_interfaces': CMAKE_PREFIX_PATH=${CMAKE_PREFIX_PATH}:/home/tomo/Documents/ae7785-intro-to-robo/ros2_demo_ws/install/my_py_pkg:/home/tomo/Documents/turtlebot3_ws/install/turtlebot3_teleop:/home/tomo/Documents/turtlebot3_ws/install/turtlebot3_example:/opt/ros/foxy /usr/bin/cmake /home/tomo/ae7785-intro-to-robo/turtlesim_ws/src/my_robot_interfaces -DAMENT_CMAKE_SYMLINK_INSTALL=1 -DCMAKE_INSTALL_PREFIX=/home/tomo/ae7785-intro-to-robo/turtlesim_ws/install/my_robot_interfaces
[0.183s] -- The C compiler identification is GNU 9.4.0
[0.281s] -- The CXX compiler identification is GNU 9.4.0
[0.289s] -- Check for working C compiler: /usr/bin/cc
[0.432s] -- Check for working C compiler: /usr/bin/cc -- works
[0.435s] -- Detecting C compiler ABI info
[0.626s] -- Detecting C compiler ABI info - done
[0.664s] -- Detecting C compile features
[0.665s] -- Detecting C compile features - done
[0.673s] -- Check for working CXX compiler: /usr/bin/c++
[0.821s] -- Check for working CXX compiler: /usr/bin/c++ -- works
[0.822s] -- Detecting CXX compiler ABI info
[0.975s] -- Detecting CXX compiler ABI info - done
[0.997s] -- Detecting CXX compile features
[0.998s] -- Detecting CXX compile features - done
[1.004s] -- Found ament_cmake: 0.9.11 (/opt/ros/foxy/share/ament_cmake/cmake)
[1.072s] -- Found PythonInterp: /usr/bin/python3 (found suitable version "3.8.10", minimum required is "3") 
[1.072s] -- Using PYTHON_EXECUTABLE: /usr/bin/python3
[1.572s] -- Override CMake install command with custom implementation using symlinks instead of copying resources
[1.693s] -- Found rosidl_default_generators: 1.0.1 (/opt/ros/foxy/share/rosidl_default_generators/cmake)
[1.718s] -- Using all available rosidl_typesupport_c: rosidl_typesupport_fastrtps_c;rosidl_typesupport_introspection_c
[1.770s] -- Found rosidl_adapter: 1.3.0 (/opt/ros/foxy/share/rosidl_adapter/cmake)
[2.553s] -- Found OpenSSL: /usr/lib/x86_64-linux-gnu/libcrypto.so (found version "1.1.1f")  
[2.712s] -- Found FastRTPS: /opt/ros/foxy/include  
[2.993s] -- Using all available rosidl_typesupport_cpp: rosidl_typesupport_fastrtps_cpp;rosidl_typesupport_introspection_cpp
[3.210s] -- Found PythonInterp: /usr/bin/python3 (found version "3.8.10") 
[3.570s] -- Found ament_cmake_ros: 0.9.2 (/opt/ros/foxy/share/ament_cmake_ros/cmake)
[3.788s] -- Using all available rosidl_typesupport_c: rosidl_typesupport_fastrtps_c;rosidl_typesupport_introspection_c
[3.807s] -- Using all available rosidl_typesupport_cpp: rosidl_typesupport_fastrtps_cpp;rosidl_typesupport_introspection_cpp
[3.867s] -- Found PythonInterp: /usr/bin/python3 (found suitable version "3.8.10", minimum required is "3.5") 
[3.874s] -- Found python_cmake_module: 0.8.1 (/opt/ros/foxy/share/python_cmake_module/cmake)
[3.940s] -- Found PythonLibs: /usr/lib/x86_64-linux-gnu/libpython3.8.so (found suitable version "3.8.10", minimum required is "3.5") 
[3.941s] -- Using PYTHON_EXECUTABLE: /usr/bin/python3
[3.941s] -- Using PYTHON_INCLUDE_DIRS: /usr/include/python3.8
[3.942s] -- Using PYTHON_LIBRARIES: /usr/lib/x86_64-linux-gnu/libpython3.8.so
[3.990s] -- Found PythonExtra: .so  
[4.125s] -- Configuring done
[4.208s] -- Generating done
[4.218s] -- Build files have been written to: /home/tomo/ae7785-intro-to-robo/turtlesim_ws/build/my_robot_interfaces
[4.229s] Invoked command in '/home/tomo/ae7785-intro-to-robo/turtlesim_ws/build/my_robot_interfaces' returned '0': CMAKE_PREFIX_PATH=${CMAKE_PREFIX_PATH}:/home/tomo/Documents/ae7785-intro-to-robo/ros2_demo_ws/install/my_py_pkg:/home/tomo/Documents/turtlebot3_ws/install/turtlebot3_teleop:/home/tomo/Documents/turtlebot3_ws/install/turtlebot3_example:/opt/ros/foxy /usr/bin/cmake /home/tomo/ae7785-intro-to-robo/turtlesim_ws/src/my_robot_interfaces -DAMENT_CMAKE_SYMLINK_INSTALL=1 -DCMAKE_INSTALL_PREFIX=/home/tomo/ae7785-intro-to-robo/turtlesim_ws/install/my_robot_interfaces
[4.238s] Invoking command in '/home/tomo/ae7785-intro-to-robo/turtlesim_ws/build/my_robot_interfaces': CMAKE_PREFIX_PATH=${CMAKE_PREFIX_PATH}:/home/tomo/Documents/ae7785-intro-to-robo/ros2_demo_ws/install/my_py_pkg:/home/tomo/Documents/turtlebot3_ws/install/turtlebot3_teleop:/home/tomo/Documents/turtlebot3_ws/install/turtlebot3_example:/opt/ros/foxy /usr/bin/cmake --build /home/tomo/ae7785-intro-to-robo/turtlesim_ws/build/my_robot_interfaces -- -j6 -l6
[4.332s] [  2%] [34m[1mGenerating C code for ROS interfaces[0m
[4.342s] [35m[1mScanning dependencies of target my_robot_interfaces__cpp[0m
[4.390s] [  5%] [34m[1mGenerating C++ code for ROS interfaces[0m
[5.067s] [35m[1mScanning dependencies of target my_robot_interfaces__rosidl_generator_c[0m
[5.129s] [  5%] Built target my_robot_interfaces__cpp
[5.133s] [  7%] [32mBuilding C object CMakeFiles/my_robot_interfaces__rosidl_generator_c.dir/rosidl_generator_c/my_robot_interfaces/msg/detail/turtle_array__functions.c.o[0m
[5.148s] [ 10%] [32mBuilding C object CMakeFiles/my_robot_interfaces__rosidl_generator_c.dir/rosidl_generator_c/my_robot_interfaces/msg/detail/turtle__functions.c.o[0m
[5.166s] [ 15%] [34m[1mGenerating C++ introspection for ROS interfaces[0m
[5.167s] [ 15%] [34m[1mGenerating C++ type support dispatch for ROS interfaces[0m
[5.169s] [ 17%] [34m[1mGenerating C++ type support for eProsima Fast-RTPS[0m
[5.333s] [ 20%] [32m[1mLinking C shared library libmy_robot_interfaces__rosidl_generator_c.so[0m
[5.521s] [ 20%] Built target my_robot_interfaces__rosidl_generator_c
[5.574s] [ 23%] [34m[1mGenerating C introspection for ROS interfaces[0m
[5.595s] [ 25%] [34m[1mGenerating C type support dispatch for ROS interfaces[0m
[5.950s] [35m[1mScanning dependencies of target my_robot_interfaces__rosidl_typesupport_cpp[0m
[6.025s] [ 28%] [32mBuilding CXX object CMakeFiles/my_robot_interfaces__rosidl_typesupport_cpp.dir/rosidl_typesupport_cpp/my_robot_interfaces/msg/turtle__type_support.cpp.o[0m
[6.056s] [ 30%] [32mBuilding CXX object CMakeFiles/my_robot_interfaces__rosidl_typesupport_cpp.dir/rosidl_typesupport_cpp/my_robot_interfaces/msg/turtle_array__type_support.cpp.o[0m
[6.295s] [35m[1mScanning dependencies of target my_robot_interfaces__rosidl_typesupport_introspection_cpp[0m
[6.429s] [ 33%] [32mBuilding CXX object CMakeFiles/my_robot_interfaces__rosidl_typesupport_introspection_cpp.dir/rosidl_typesupport_introspection_cpp/my_robot_interfaces/msg/detail/turtle__type_support.cpp.o[0m
[6.429s] [35m[1mScanning dependencies of target my_robot_interfaces__rosidl_typesupport_fastrtps_cpp[0m
[6.569s] [ 35%] [32mBuilding CXX object CMakeFiles/my_robot_interfaces__rosidl_typesupport_fastrtps_cpp.dir/rosidl_typesupport_fastrtps_cpp/my_robot_interfaces/msg/detail/dds_fastrtps/turtle__type_support.cpp.o[0m
[6.671s] [35m[1mScanning dependencies of target my_robot_interfaces__rosidl_typesupport_c[0m
[6.695s] [35m[1mScanning dependencies of target my_robot_interfaces__rosidl_typesupport_introspection_c[0m
[6.992s] [ 38%] [32mBuilding C object CMakeFiles/my_robot_interfaces__rosidl_typesupport_introspection_c.dir/rosidl_typesupport_introspection_c/my_robot_interfaces/msg/detail/turtle__type_support.c.o[0m
[7.295s] [ 41%] [32mBuilding CXX object CMakeFiles/my_robot_interfaces__rosidl_typesupport_c.dir/rosidl_typesupport_c/my_robot_interfaces/msg/turtle__type_support.cpp.o[0m
[7.759s] [ 43%] [32mBuilding CXX object CMakeFiles/my_robot_interfaces__rosidl_typesupport_c.dir/rosidl_typesupport_c/my_robot_interfaces/msg/turtle_array__type_support.cpp.o[0m
[7.851s] [ 46%] [32mBuilding C object CMakeFiles/my_robot_interfaces__rosidl_typesupport_introspection_c.dir/rosidl_typesupport_introspection_c/my_robot_interfaces/msg/detail/turtle_array__type_support.c.o[0m
[8.267s] [ 48%] [32m[1mLinking CXX shared library libmy_robot_interfaces__rosidl_typesupport_c.so[0m
[8.359s] [ 51%] [32mBuilding CXX object CMakeFiles/my_robot_interfaces__rosidl_typesupport_fastrtps_cpp.dir/rosidl_typesupport_fastrtps_cpp/my_robot_interfaces/msg/detail/dds_fastrtps/turtle_array__type_support.cpp.o[0m
[8.415s] [ 53%] [32m[1mLinking C shared library libmy_robot_interfaces__rosidl_typesupport_introspection_c.so[0m
[8.619s] [ 53%] Built target my_robot_interfaces__rosidl_typesupport_c
[8.660s] [ 53%] Built target my_robot_interfaces__rosidl_typesupport_introspection_c
[8.672s] [ 56%] [32m[1mLinking CXX shared library libmy_robot_interfaces__rosidl_typesupport_cpp.so[0m
[8.697s] [ 58%] [32mBuilding CXX object CMakeFiles/my_robot_interfaces__rosidl_typesupport_introspection_cpp.dir/rosidl_typesupport_introspection_cpp/my_robot_interfaces/msg/detail/turtle_array__type_support.cpp.o[0m
[8.961s] [ 58%] Built target my_robot_interfaces__rosidl_typesupport_cpp
[9.961s] [ 61%] [32m[1mLinking CXX shared library libmy_robot_interfaces__rosidl_typesupport_introspection_cpp.so[0m
[10.196s] [ 61%] Built target my_robot_interfaces__rosidl_typesupport_introspection_cpp
[10.326s] [ 64%] [32m[1mLinking CXX shared library libmy_robot_interfaces__rosidl_typesupport_fastrtps_cpp.so[0m
[10.634s] [ 64%] Built target my_robot_interfaces__rosidl_typesupport_fastrtps_cpp
[10.679s] [ 66%] [34m[1mGenerating C type support for eProsima Fast-RTPS[0m
[11.511s] [35m[1mScanning dependencies of target my_robot_interfaces__rosidl_typesupport_fastrtps_c[0m
[11.569s] [ 69%] [32mBuilding CXX object CMakeFiles/my_robot_interfaces__rosidl_typesupport_fastrtps_c.dir/rosidl_typesupport_fastrtps_c/my_robot_interfaces/msg/detail/turtle_array__type_support_c.cpp.o[0m
[11.570s] [ 71%] [32mBuilding CXX object CMakeFiles/my_robot_interfaces__rosidl_typesupport_fastrtps_c.dir/rosidl_typesupport_fastrtps_c/my_robot_interfaces/msg/detail/turtle__type_support_c.cpp.o[0m
[12.333s] [ 74%] [32m[1mLinking CXX shared library libmy_robot_interfaces__rosidl_typesupport_fastrtps_c.so[0m
[12.514s] [ 74%] Built target my_robot_interfaces__rosidl_typesupport_fastrtps_c
[12.541s] [35m[1mScanning dependencies of target my_robot_interfaces[0m
[12.564s] [ 74%] Built target my_robot_interfaces
[12.588s] [35m[1mScanning dependencies of target my_robot_interfaces__py[0m
[12.615s] [ 76%] [34m[1mGenerating Python code for ROS interfaces[0m
[14.166s] [ 76%] Built target my_robot_interfaces__py
[14.226s] [35m[1mScanning dependencies of target my_robot_interfaces__python[0m
[14.335s] [ 79%] [32mBuilding C object CMakeFiles/my_robot_interfaces__python.dir/rosidl_generator_py/my_robot_interfaces/msg/_turtle_s.c.o[0m
[14.359s] [ 82%] [32mBuilding C object CMakeFiles/my_robot_interfaces__python.dir/rosidl_generator_py/my_robot_interfaces/msg/_turtle_array_s.c.o[0m
[14.790s] [ 84%] [32m[1mLinking C shared library rosidl_generator_py/my_robot_interfaces/libmy_robot_interfaces__python.so[0m
[14.919s] [ 84%] Built target my_robot_interfaces__python
[14.961s] [35m[1mScanning dependencies of target my_robot_interfaces__rosidl_typesupport_fastrtps_c__pyext[0m
[14.964s] [35m[1mScanning dependencies of target my_robot_interfaces__rosidl_typesupport_c__pyext[0m
[14.969s] [35m[1mScanning dependencies of target my_robot_interfaces__rosidl_typesupport_introspection_c__pyext[0m
[15.053s] [ 87%] [32mBuilding C object CMakeFiles/my_robot_interfaces__rosidl_typesupport_c__pyext.dir/rosidl_generator_py/my_robot_interfaces/_my_robot_interfaces_s.ep.rosidl_typesupport_c.c.o[0m
[15.056s] [ 89%] [32mBuilding C object CMakeFiles/my_robot_interfaces__rosidl_typesupport_fastrtps_c__pyext.dir/rosidl_generator_py/my_robot_interfaces/_my_robot_interfaces_s.ep.rosidl_typesupport_fastrtps_c.c.o[0m
[15.074s] [ 92%] [32mBuilding C object CMakeFiles/my_robot_interfaces__rosidl_typesupport_introspection_c__pyext.dir/rosidl_generator_py/my_robot_interfaces/_my_robot_interfaces_s.ep.rosidl_typesupport_introspection_c.c.o[0m
[15.449s] [ 94%] [32m[1mLinking C shared library rosidl_generator_py/my_robot_interfaces/my_robot_interfaces_s__rosidl_typesupport_introspection_c.cpython-38-x86_64-linux-gnu.so[0m
[15.457s] [ 97%] [32m[1mLinking CXX shared library rosidl_generator_py/my_robot_interfaces/my_robot_interfaces_s__rosidl_typesupport_fastrtps_c.cpython-38-x86_64-linux-gnu.so[0m
[15.483s] [100%] [32m[1mLinking C shared library rosidl_generator_py/my_robot_interfaces/my_robot_interfaces_s__rosidl_typesupport_c.cpython-38-x86_64-linux-gnu.so[0m
[15.579s] [100%] Built target my_robot_interfaces__rosidl_typesupport_introspection_c__pyext
[15.606s] [100%] Built target my_robot_interfaces__rosidl_typesupport_c__pyext
[15.684s] [100%] Built target my_robot_interfaces__rosidl_typesupport_fastrtps_c__pyext
[15.753s] Invoked command in '/home/tomo/ae7785-intro-to-robo/turtlesim_ws/build/my_robot_interfaces' returned '0': CMAKE_PREFIX_PATH=${CMAKE_PREFIX_PATH}:/home/tomo/Documents/ae7785-intro-to-robo/ros2_demo_ws/install/my_py_pkg:/home/tomo/Documents/turtlebot3_ws/install/turtlebot3_teleop:/home/tomo/Documents/turtlebot3_ws/install/turtlebot3_example:/opt/ros/foxy /usr/bin/cmake --build /home/tomo/ae7785-intro-to-robo/turtlesim_ws/build/my_robot_interfaces -- -j6 -l6
[16.034s] Invoking command in '/home/tomo/ae7785-intro-to-robo/turtlesim_ws/build/my_robot_interfaces': CMAKE_PREFIX_PATH=${CMAKE_PREFIX_PATH}:/home/tomo/Documents/ae7785-intro-to-robo/ros2_demo_ws/install/my_py_pkg:/home/tomo/Documents/turtlebot3_ws/install/turtlebot3_teleop:/home/tomo/Documents/turtlebot3_ws/install/turtlebot3_example:/opt/ros/foxy /usr/bin/cmake --install /home/tomo/ae7785-intro-to-robo/turtlesim_ws/build/my_robot_interfaces
[16.054s] -- Install configuration: ""
[16.056s] -- Execute custom install script
[16.057s] -- Symlinking: /home/tomo/ae7785-intro-to-robo/turtlesim_ws/install/my_robot_interfaces/share/ament_index/resource_index/rosidl_interfaces/my_robot_interfaces
[16.080s] -- Symlinking: /home/tomo/ae7785-intro-to-robo/turtlesim_ws/install/my_robot_interfaces/include/my_robot_interfaces/msg/detail/turtle__functions.h
[16.098s] -- Symlinking: /home/tomo/ae7785-intro-to-robo/turtlesim_ws/install/my_robot_interfaces/include/my_robot_interfaces/msg/detail/turtle__struct.h
[16.115s] -- Symlinking: /home/tomo/ae7785-intro-to-robo/turtlesim_ws/install/my_robot_interfaces/include/my_robot_interfaces/msg/detail/turtle__type_support.h
[16.134s] -- Symlinking: /home/tomo/ae7785-intro-to-robo/turtlesim_ws/install/my_robot_interfaces/include/my_robot_interfaces/msg/detail/turtle_array__functions.h
[16.161s] -- Symlinking: /home/tomo/ae7785-intro-to-robo/turtlesim_ws/install/my_robot_interfaces/include/my_robot_interfaces/msg/detail/turtle_array__struct.h
[16.184s] -- Symlinking: /home/tomo/ae7785-intro-to-robo/turtlesim_ws/install/my_robot_interfaces/include/my_robot_interfaces/msg/detail/turtle_array__type_support.h
[16.202s] -- Symlinking: /home/tomo/ae7785-intro-to-robo/turtlesim_ws/install/my_robot_interfaces/include/my_robot_interfaces/msg/rosidl_generator_c__visibility_control.h
[16.220s] -- Symlinking: /home/tomo/ae7785-intro-to-robo/turtlesim_ws/install/my_robot_interfaces/include/my_robot_interfaces/msg/turtle.h
[16.252s] -- Symlinking: /home/tomo/ae7785-intro-to-robo/turtlesim_ws/install/my_robot_interfaces/include/my_robot_interfaces/msg/turtle_array.h
[16.294s] -- Symlinking: /home/tomo/ae7785-intro-to-robo/turtlesim_ws/install/my_robot_interfaces/share/my_robot_interfaces/environment/library_path.sh
[16.319s] -- Symlinking: /home/tomo/ae7785-intro-to-robo/turtlesim_ws/install/my_robot_interfaces/share/my_robot_interfaces/environment/library_path.dsv
[16.343s] -- Symlinking: /home/tomo/ae7785-intro-to-robo/turtlesim_ws/install/my_robot_interfaces/include/my_robot_interfaces/msg/detail/turtle__rosidl_typesupport_fastrtps_c.h
[16.361s] -- Symlinking: /home/tomo/ae7785-intro-to-robo/turtlesim_ws/install/my_robot_interfaces/include/my_robot_interfaces/msg/detail/turtle_array__rosidl_typesupport_fastrtps_c.h
[16.384s] -- Symlinking: /home/tomo/ae7785-intro-to-robo/turtlesim_ws/install/my_robot_interfaces/include/my_robot_interfaces/msg/rosidl_typesupport_fastrtps_c__visibility_control.h
[16.409s] -- Symlinking: /home/tomo/ae7785-intro-to-robo/turtlesim_ws/install/my_robot_interfaces/lib/libmy_robot_interfaces__rosidl_typesupport_fastrtps_c.so
[16.434s] -- Symlinking: /home/tomo/ae7785-intro-to-robo/turtlesim_ws/install/my_robot_interfaces/include/my_robot_interfaces/msg/detail/turtle__rosidl_typesupport_fastrtps_cpp.hpp
[16.465s] -- Symlinking: /home/tomo/ae7785-intro-to-robo/turtlesim_ws/install/my_robot_interfaces/include/my_robot_interfaces/msg/detail/turtle_array__rosidl_typesupport_fastrtps_cpp.hpp
[16.492s] -- Symlinking: /home/tomo/ae7785-intro-to-robo/turtlesim_ws/install/my_robot_interfaces/include/my_robot_interfaces/msg/rosidl_typesupport_fastrtps_cpp__visibility_control.h
[16.518s] -- Symlinking: /home/tomo/ae7785-intro-to-robo/turtlesim_ws/install/my_robot_interfaces/lib/libmy_robot_interfaces__rosidl_typesupport_fastrtps_cpp.so
[16.543s] -- Symlinking: /home/tomo/ae7785-intro-to-robo/turtlesim_ws/install/my_robot_interfaces/include/my_robot_interfaces/msg/detail/turtle__rosidl_typesupport_introspection_c.h
[16.579s] -- Symlinking: /home/tomo/ae7785-intro-to-robo/turtlesim_ws/install/my_robot_interfaces/include/my_robot_interfaces/msg/detail/turtle_array__rosidl_typesupport_introspection_c.h
[16.605s] -- Symlinking: /home/tomo/ae7785-intro-to-robo/turtlesim_ws/install/my_robot_interfaces/include/my_robot_interfaces/msg/rosidl_typesupport_introspection_c__visibility_control.h
[16.648s] -- Symlinking: /home/tomo/ae7785-intro-to-robo/turtlesim_ws/install/my_robot_interfaces/include/my_robot_interfaces/msg/detail/turtle__builder.hpp
[16.667s] -- Symlinking: /home/tomo/ae7785-intro-to-robo/turtlesim_ws/install/my_robot_interfaces/include/my_robot_interfaces/msg/detail/turtle__struct.hpp
[16.687s] -- Symlinking: /home/tomo/ae7785-intro-to-robo/turtlesim_ws/install/my_robot_interfaces/include/my_robot_interfaces/msg/detail/turtle__traits.hpp
[16.717s] -- Symlinking: /home/tomo/ae7785-intro-to-robo/turtlesim_ws/install/my_robot_interfaces/include/my_robot_interfaces/msg/detail/turtle_array__builder.hpp
[16.738s] -- Symlinking: /home/tomo/ae7785-intro-to-robo/turtlesim_ws/install/my_robot_interfaces/include/my_robot_interfaces/msg/detail/turtle_array__struct.hpp
[16.764s] -- Symlinking: /home/tomo/ae7785-intro-to-robo/turtlesim_ws/install/my_robot_interfaces/include/my_robot_interfaces/msg/detail/turtle_array__traits.hpp
[16.800s] -- Symlinking: /home/tomo/ae7785-intro-to-robo/turtlesim_ws/install/my_robot_interfaces/include/my_robot_interfaces/msg/turtle.hpp
[16.846s] -- Symlinking: /home/tomo/ae7785-intro-to-robo/turtlesim_ws/install/my_robot_interfaces/include/my_robot_interfaces/msg/turtle_array.hpp
[16.869s] -- Symlinking: /home/tomo/ae7785-intro-to-robo/turtlesim_ws/install/my_robot_interfaces/include/my_robot_interfaces/msg/detail/turtle__rosidl_typesupport_introspection_cpp.hpp
[16.899s] -- Symlinking: /home/tomo/ae7785-intro-to-robo/turtlesim_ws/install/my_robot_interfaces/include/my_robot_interfaces/msg/detail/turtle_array__rosidl_typesupport_introspection_cpp.hpp
[16.924s] -- Symlinking: /home/tomo/ae7785-intro-to-robo/turtlesim_ws/install/my_robot_interfaces/share/my_robot_interfaces/environment/pythonpath.sh
[16.954s] -- Symlinking: /home/tomo/ae7785-intro-to-robo/turtlesim_ws/install/my_robot_interfaces/share/my_robot_interfaces/environment/pythonpath.dsv
[16.982s] -- Symlinking: /home/tomo/ae7785-intro-to-robo/turtlesim_ws/install/my_robot_interfaces/lib/python3.8/site-packages/my_robot_interfaces/__init__.py
[17.013s] -- Symlinking: /home/tomo/ae7785-intro-to-robo/turtlesim_ws/install/my_robot_interfaces/lib/python3.8/site-packages/my_robot_interfaces/msg/__init__.py
[17.036s] -- Symlinking: /home/tomo/ae7785-intro-to-robo/turtlesim_ws/install/my_robot_interfaces/lib/python3.8/site-packages/my_robot_interfaces/msg/_turtle.py
[17.067s] -- Symlinking: /home/tomo/ae7785-intro-to-robo/turtlesim_ws/install/my_robot_interfaces/lib/python3.8/site-packages/my_robot_interfaces/msg/_turtle_array.py
[17.098s] -- Symlinking: /home/tomo/ae7785-intro-to-robo/turtlesim_ws/install/my_robot_interfaces/lib/python3.8/site-packages/my_robot_interfaces/my_robot_interfaces_s__rosidl_typesupport_fastrtps_c.cpython-38-x86_64-linux-gnu.so
[17.124s] -- Symlinking: /home/tomo/ae7785-intro-to-robo/turtlesim_ws/install/my_robot_interfaces/lib/python3.8/site-packages/my_robot_interfaces/my_robot_interfaces_s__rosidl_typesupport_introspection_c.cpython-38-x86_64-linux-gnu.so
[17.146s] -- Symlinking: /home/tomo/ae7785-intro-to-robo/turtlesim_ws/install/my_robot_interfaces/lib/python3.8/site-packages/my_robot_interfaces/my_robot_interfaces_s__rosidl_typesupport_c.cpython-38-x86_64-linux-gnu.so
[17.171s] -- Symlinking: /home/tomo/ae7785-intro-to-robo/turtlesim_ws/install/my_robot_interfaces/lib/libmy_robot_interfaces__python.so
[17.197s] -- Symlinking: /home/tomo/ae7785-intro-to-robo/turtlesim_ws/install/my_robot_interfaces/share/my_robot_interfaces/msg/Turtle.idl
[17.225s] -- Symlinking: /home/tomo/ae7785-intro-to-robo/turtlesim_ws/install/my_robot_interfaces/share/my_robot_interfaces/msg/TurtleArray.idl
[17.252s] -- Symlinking: /home/tomo/ae7785-intro-to-robo/turtlesim_ws/install/my_robot_interfaces/share/my_robot_interfaces/msg/Turtle.msg
[17.281s] -- Symlinking: /home/tomo/ae7785-intro-to-robo/turtlesim_ws/install/my_robot_interfaces/share/my_robot_interfaces/msg/TurtleArray.msg
[17.308s] -- Symlinking: /home/tomo/ae7785-intro-to-robo/turtlesim_ws/install/my_robot_interfaces/share/ament_index/resource_index/package_run_dependencies/my_robot_interfaces
[17.336s] -- Symlinking: /home/tomo/ae7785-intro-to-robo/turtlesim_ws/install/my_robot_interfaces/share/ament_index/resource_index/parent_prefix_path/my_robot_interfaces
[17.371s] -- Symlinking: /home/tomo/ae7785-intro-to-robo/turtlesim_ws/install/my_robot_interfaces/share/my_robot_interfaces/environment/ament_prefix_path.sh
[17.416s] -- Symlinking: /home/tomo/ae7785-intro-to-robo/turtlesim_ws/install/my_robot_interfaces/share/my_robot_interfaces/environment/ament_prefix_path.dsv
[17.446s] -- Symlinking: /home/tomo/ae7785-intro-to-robo/turtlesim_ws/install/my_robot_interfaces/share/my_robot_interfaces/environment/path.sh
[17.471s] -- Symlinking: /home/tomo/ae7785-intro-to-robo/turtlesim_ws/install/my_robot_interfaces/share/my_robot_interfaces/environment/path.dsv
[17.496s] -- Symlinking: /home/tomo/ae7785-intro-to-robo/turtlesim_ws/install/my_robot_interfaces/share/my_robot_interfaces/local_setup.bash
[17.516s] -- Symlinking: /home/tomo/ae7785-intro-to-robo/turtlesim_ws/install/my_robot_interfaces/share/my_robot_interfaces/local_setup.sh
[17.538s] -- Symlinking: /home/tomo/ae7785-intro-to-robo/turtlesim_ws/install/my_robot_interfaces/share/my_robot_interfaces/local_setup.zsh
[17.561s] -- Symlinking: /home/tomo/ae7785-intro-to-robo/turtlesim_ws/install/my_robot_interfaces/share/my_robot_interfaces/local_setup.dsv
[17.582s] -- Symlinking: /home/tomo/ae7785-intro-to-robo/turtlesim_ws/install/my_robot_interfaces/share/my_robot_interfaces/package.dsv
[17.606s] -- Symlinking: /home/tomo/ae7785-intro-to-robo/turtlesim_ws/install/my_robot_interfaces/share/ament_index/resource_index/packages/my_robot_interfaces
[17.630s] -- Symlinking: /home/tomo/ae7785-intro-to-robo/turtlesim_ws/install/my_robot_interfaces/share/my_robot_interfaces/cmake/rosidl_cmake-extras.cmake
[17.659s] -- Symlinking: /home/tomo/ae7785-intro-to-robo/turtlesim_ws/install/my_robot_interfaces/share/my_robot_interfaces/cmake/ament_cmake_export_dependencies-extras.cmake
[17.686s] -- Symlinking: /home/tomo/ae7785-intro-to-robo/turtlesim_ws/install/my_robot_interfaces/share/my_robot_interfaces/cmake/ament_cmake_export_libraries-extras.cmake
[17.716s] -- Symlinking: /home/tomo/ae7785-intro-to-robo/turtlesim_ws/install/my_robot_interfaces/share/my_robot_interfaces/cmake/ament_cmake_export_targets-extras.cmake
[17.749s] -- Symlinking: /home/tomo/ae7785-intro-to-robo/turtlesim_ws/install/my_robot_interfaces/share/my_robot_interfaces/cmake/ament_cmake_export_include_directories-extras.cmake
[17.789s] -- Symlinking: /home/tomo/ae7785-intro-to-robo/turtlesim_ws/install/my_robot_interfaces/share/my_robot_interfaces/cmake/rosidl_cmake_export_typesupport_libraries-extras.cmake
[17.833s] -- Symlinking: /home/tomo/ae7785-intro-to-robo/turtlesim_ws/install/my_robot_interfaces/share/my_robot_interfaces/cmake/rosidl_cmake_export_typesupport_targets-extras.cmake
[17.860s] -- Symlinking: /home/tomo/ae7785-intro-to-robo/turtlesim_ws/install/my_robot_interfaces/share/my_robot_interfaces/cmake/my_robot_interfacesConfig.cmake
[17.905s] -- Symlinking: /home/tomo/ae7785-intro-to-robo/turtlesim_ws/install/my_robot_interfaces/share/my_robot_interfaces/cmake/my_robot_interfacesConfig-version.cmake
[17.941s] -- Symlinking: /home/tomo/ae7785-intro-to-robo/turtlesim_ws/install/my_robot_interfaces/share/my_robot_interfaces/package.xml
[17.972s] -- Installing: /home/tomo/ae7785-intro-to-robo/turtlesim_ws/install/my_robot_interfaces/lib/libmy_robot_interfaces__rosidl_generator_c.so
[17.978s] -- Set runtime path of "/home/tomo/ae7785-intro-to-robo/turtlesim_ws/install/my_robot_interfaces/lib/libmy_robot_interfaces__rosidl_generator_c.so" to ""
[17.979s] -- Installing: /home/tomo/ae7785-intro-to-robo/turtlesim_ws/install/my_robot_interfaces/lib/libmy_robot_interfaces__rosidl_typesupport_introspection_c.so
[17.979s] -- Set runtime path of "/home/tomo/ae7785-intro-to-robo/turtlesim_ws/install/my_robot_interfaces/lib/libmy_robot_interfaces__rosidl_typesupport_introspection_c.so" to ""
[17.981s] -- Installing: /home/tomo/ae7785-intro-to-robo/turtlesim_ws/install/my_robot_interfaces/lib/libmy_robot_interfaces__rosidl_typesupport_c.so
[17.982s] -- Set runtime path of "/home/tomo/ae7785-intro-to-robo/turtlesim_ws/install/my_robot_interfaces/lib/libmy_robot_interfaces__rosidl_typesupport_c.so" to ""
[17.983s] -- Installing: /home/tomo/ae7785-intro-to-robo/turtlesim_ws/install/my_robot_interfaces/lib/libmy_robot_interfaces__rosidl_typesupport_introspection_cpp.so
[17.988s] -- Set runtime path of "/home/tomo/ae7785-intro-to-robo/turtlesim_ws/install/my_robot_interfaces/lib/libmy_robot_interfaces__rosidl_typesupport_introspection_cpp.so" to ""
[17.988s] -- Installing: /home/tomo/ae7785-intro-to-robo/turtlesim_ws/install/my_robot_interfaces/lib/libmy_robot_interfaces__rosidl_typesupport_cpp.so
[17.990s] -- Set runtime path of "/home/tomo/ae7785-intro-to-robo/turtlesim_ws/install/my_robot_interfaces/lib/libmy_robot_interfaces__rosidl_typesupport_cpp.so" to ""
[18.127s] Compiling '/home/tomo/ae7785-intro-to-robo/turtlesim_ws/install/my_robot_interfaces/lib/python3.8/site-packages/my_robot_interfaces/__init__.py'...
[18.140s] -- Installing: /home/tomo/ae7785-intro-to-robo/turtlesim_ws/install/my_robot_interfaces/share/my_robot_interfaces/cmake/my_robot_interfaces__rosidl_generator_cExport.cmake
[18.142s] -- Installing: /home/tomo/ae7785-intro-to-robo/turtlesim_ws/install/my_robot_interfaces/share/my_robot_interfaces/cmake/my_robot_interfaces__rosidl_generator_cExport-noconfig.cmake
[18.143s] -- Installing: /home/tomo/ae7785-intro-to-robo/turtlesim_ws/install/my_robot_interfaces/share/my_robot_interfaces/cmake/my_robot_interfaces__rosidl_typesupport_introspection_cExport.cmake
[18.143s] -- Installing: /home/tomo/ae7785-intro-to-robo/turtlesim_ws/install/my_robot_interfaces/share/my_robot_interfaces/cmake/my_robot_interfaces__rosidl_typesupport_introspection_cExport-noconfig.cmake
[18.144s] -- Installing: /home/tomo/ae7785-intro-to-robo/turtlesim_ws/install/my_robot_interfaces/share/my_robot_interfaces/cmake/my_robot_interfaces__rosidl_typesupport_cExport.cmake
[18.144s] -- Installing: /home/tomo/ae7785-intro-to-robo/turtlesim_ws/install/my_robot_interfaces/share/my_robot_interfaces/cmake/my_robot_interfaces__rosidl_typesupport_cExport-noconfig.cmake
[18.145s] -- Installing: /home/tomo/ae7785-intro-to-robo/turtlesim_ws/install/my_robot_interfaces/share/my_robot_interfaces/cmake/my_robot_interfaces__rosidl_generator_cppExport.cmake
[18.145s] -- Installing: /home/tomo/ae7785-intro-to-robo/turtlesim_ws/install/my_robot_interfaces/share/my_robot_interfaces/cmake/my_robot_interfaces__rosidl_typesupport_introspection_cppExport.cmake
[18.146s] -- Installing: /home/tomo/ae7785-intro-to-robo/turtlesim_ws/install/my_robot_interfaces/share/my_robot_interfaces/cmake/my_robot_interfaces__rosidl_typesupport_introspection_cppExport-noconfig.cmake
[18.146s] -- Installing: /home/tomo/ae7785-intro-to-robo/turtlesim_ws/install/my_robot_interfaces/share/my_robot_interfaces/cmake/my_robot_interfaces__rosidl_typesupport_cppExport.cmake
[18.154s] -- Installing: /home/tomo/ae7785-intro-to-robo/turtlesim_ws/install/my_robot_interfaces/share/my_robot_interfaces/cmake/my_robot_interfaces__rosidl_typesupport_cppExport-noconfig.cmake
[18.160s] Invoked command in '/home/tomo/ae7785-intro-to-robo/turtlesim_ws/build/my_robot_interfaces' returned '0': CMAKE_PREFIX_PATH=${CMAKE_PREFIX_PATH}:/home/tomo/Documents/ae7785-intro-to-robo/ros2_demo_ws/install/my_py_pkg:/home/tomo/Documents/turtlebot3_ws/install/turtlebot3_teleop:/home/tomo/Documents/turtlebot3_ws/install/turtlebot3_example:/opt/ros/foxy /usr/bin/cmake --install /home/tomo/ae7785-intro-to-robo/turtlesim_ws/build/my_robot_interfaces
