[0.180s] DEBUG:colcon:Command line arguments: ['/usr/bin/colcon', 'build', '--packages-select', 'my_cpp_pkg', '--symlink-install']
[0.181s] DEBUG:colcon:Parsed command line arguments: Namespace(allow_overriding=[], ament_cmake_args=None, base_paths=['.'], build_base='build', catkin_cmake_args=None, catkin_skip_building_tests=False, cmake_args=None, cmake_clean_cache=False, cmake_clean_first=False, cmake_force_configure=False, cmake_target=None, cmake_target_skip_unavailable=False, continue_on_error=False, event_handlers=None, executor='parallel', ignore_user_meta=False, install_base='install', log_base=None, log_level=None, main=<bound method BuildVerb.main of <colcon_core.verb.build.BuildVerb object at 0x7f69d8669340>>, merge_install=False, metas=['./colcon.meta'], packages_above=None, packages_above_and_dependencies=None, packages_above_depth=None, packages_end=None, packages_ignore=None, packages_ignore_regex=None, packages_select=['my_cpp_pkg'], packages_select_build_failed=False, packages_select_by_dep=None, packages_select_regex=None, packages_select_test_failures=False, packages_skip=None, packages_skip_build_finished=False, packages_skip_by_dep=None, packages_skip_regex=None, packages_skip_test_passed=False, packages_skip_up_to=None, packages_start=None, packages_up_to=None, packages_up_to_regex=None, parallel_workers=6, paths=None, symlink_install=True, test_result_base=None, verb_extension=<colcon_core.verb.build.BuildVerb object at 0x7f69d8669340>, verb_name='build', verb_parser=<colcon_defaults.argument_parser.defaults.DefaultArgumentsDecorator object at 0x7f69d8669880>)
[0.207s] Level 1:colcon.colcon_core.package_discovery:discover_packages(colcon_meta) check parameters
[0.207s] Level 1:colcon.colcon_core.package_discovery:discover_packages(recursive) check parameters
[0.207s] Level 1:colcon.colcon_core.package_discovery:discover_packages(ignore) check parameters
[0.208s] Level 1:colcon.colcon_core.package_discovery:discover_packages(path) check parameters
[0.208s] Level 1:colcon.colcon_core.package_discovery:discover_packages(colcon_meta) discover
[0.208s] Level 1:colcon.colcon_core.package_discovery:discover_packages(recursive) discover
[0.208s] INFO:colcon.colcon_core.package_discovery:Crawling recursively for packages in '/home/tomo/Documents/ae7785-intro-to-robo/ros2_demo_ws'
[0.208s] Level 1:colcon.colcon_core.package_identification:_identify(.) by extensions ['ignore', 'ignore_ament_install']
[0.209s] Level 1:colcon.colcon_core.package_identification:_identify(.) by extension 'ignore'
[0.209s] Level 1:colcon.colcon_core.package_identification:_identify(.) by extension 'ignore_ament_install'
[0.209s] Level 1:colcon.colcon_core.package_identification:_identify(.) by extensions ['colcon_pkg']
[0.209s] Level 1:colcon.colcon_core.package_identification:_identify(.) by extension 'colcon_pkg'
[0.209s] Level 1:colcon.colcon_core.package_identification:_identify(.) by extensions ['colcon_meta']
[0.209s] Level 1:colcon.colcon_core.package_identification:_identify(.) by extension 'colcon_meta'
[0.209s] Level 1:colcon.colcon_core.package_identification:_identify(.) by extensions ['ros']
[0.210s] Level 1:colcon.colcon_core.package_identification:_identify(.) by extension 'ros'
[0.222s] Level 1:colcon.colcon_core.package_identification:_identify(.) by extensions ['cmake', 'python']
[0.222s] Level 1:colcon.colcon_core.package_identification:_identify(.) by extension 'cmake'
[0.222s] Level 1:colcon.colcon_core.package_identification:_identify(.) by extension 'python'
[0.222s] Level 1:colcon.colcon_core.package_identification:_identify(.) by extensions ['python_setup_py']
[0.222s] Level 1:colcon.colcon_core.package_identification:_identify(.) by extension 'python_setup_py'
[0.222s] Level 1:colcon.colcon_core.package_identification:_identify(build) by extensions ['ignore', 'ignore_ament_install']
[0.222s] Level 1:colcon.colcon_core.package_identification:_identify(build) by extension 'ignore'
[0.223s] Level 1:colcon.colcon_core.package_identification:_identify(build) ignored
[0.223s] Level 1:colcon.colcon_core.package_identification:_identify(install) by extensions ['ignore', 'ignore_ament_install']
[0.223s] Level 1:colcon.colcon_core.package_identification:_identify(install) by extension 'ignore'
[0.223s] Level 1:colcon.colcon_core.package_identification:_identify(install) ignored
[0.223s] Level 1:colcon.colcon_core.package_identification:_identify(log) by extensions ['ignore', 'ignore_ament_install']
[0.224s] Level 1:colcon.colcon_core.package_identification:_identify(log) by extension 'ignore'
[0.224s] Level 1:colcon.colcon_core.package_identification:_identify(log) ignored
[0.224s] Level 1:colcon.colcon_core.package_identification:_identify(src) by extensions ['ignore', 'ignore_ament_install']
[0.224s] Level 1:colcon.colcon_core.package_identification:_identify(src) by extension 'ignore'
[0.224s] Level 1:colcon.colcon_core.package_identification:_identify(src) by extension 'ignore_ament_install'
[0.224s] Level 1:colcon.colcon_core.package_identification:_identify(src) by extensions ['colcon_pkg']
[0.225s] Level 1:colcon.colcon_core.package_identification:_identify(src) by extension 'colcon_pkg'
[0.225s] Level 1:colcon.colcon_core.package_identification:_identify(src) by extensions ['colcon_meta']
[0.225s] Level 1:colcon.colcon_core.package_identification:_identify(src) by extension 'colcon_meta'
[0.225s] Level 1:colcon.colcon_core.package_identification:_identify(src) by extensions ['ros']
[0.225s] Level 1:colcon.colcon_core.package_identification:_identify(src) by extension 'ros'
[0.225s] Level 1:colcon.colcon_core.package_identification:_identify(src) by extensions ['cmake', 'python']
[0.225s] Level 1:colcon.colcon_core.package_identification:_identify(src) by extension 'cmake'
[0.226s] Level 1:colcon.colcon_core.package_identification:_identify(src) by extension 'python'
[0.226s] Level 1:colcon.colcon_core.package_identification:_identify(src) by extensions ['python_setup_py']
[0.226s] Level 1:colcon.colcon_core.package_identification:_identify(src) by extension 'python_setup_py'
[0.226s] Level 1:colcon.colcon_core.package_identification:_identify(src/my_cpp_pkg) by extensions ['ignore', 'ignore_ament_install']
[0.226s] Level 1:colcon.colcon_core.package_identification:_identify(src/my_cpp_pkg) by extension 'ignore'
[0.226s] Level 1:colcon.colcon_core.package_identification:_identify(src/my_cpp_pkg) by extension 'ignore_ament_install'
[0.226s] Level 1:colcon.colcon_core.package_identification:_identify(src/my_cpp_pkg) by extensions ['colcon_pkg']
[0.227s] Level 1:colcon.colcon_core.package_identification:_identify(src/my_cpp_pkg) by extension 'colcon_pkg'
[0.227s] Level 1:colcon.colcon_core.package_identification:_identify(src/my_cpp_pkg) by extensions ['colcon_meta']
[0.227s] Level 1:colcon.colcon_core.package_identification:_identify(src/my_cpp_pkg) by extension 'colcon_meta'
[0.227s] Level 1:colcon.colcon_core.package_identification:_identify(src/my_cpp_pkg) by extensions ['ros']
[0.227s] Level 1:colcon.colcon_core.package_identification:_identify(src/my_cpp_pkg) by extension 'ros'
[0.230s] DEBUG:colcon.colcon_core.package_identification:Package 'src/my_cpp_pkg' with type 'ros.ament_cmake' and name 'my_cpp_pkg'
[0.230s] Level 1:colcon.colcon_core.package_identification:_identify(src/my_py_pkg) by extensions ['ignore', 'ignore_ament_install']
[0.230s] Level 1:colcon.colcon_core.package_identification:_identify(src/my_py_pkg) by extension 'ignore'
[0.230s] Level 1:colcon.colcon_core.package_identification:_identify(src/my_py_pkg) by extension 'ignore_ament_install'
[0.230s] Level 1:colcon.colcon_core.package_identification:_identify(src/my_py_pkg) by extensions ['colcon_pkg']
[0.231s] Level 1:colcon.colcon_core.package_identification:_identify(src/my_py_pkg) by extension 'colcon_pkg'
[0.231s] Level 1:colcon.colcon_core.package_identification:_identify(src/my_py_pkg) by extensions ['colcon_meta']
[0.231s] Level 1:colcon.colcon_core.package_identification:_identify(src/my_py_pkg) by extension 'colcon_meta'
[0.231s] Level 1:colcon.colcon_core.package_identification:_identify(src/my_py_pkg) by extensions ['ros']
[0.231s] Level 1:colcon.colcon_core.package_identification:_identify(src/my_py_pkg) by extension 'ros'
[0.232s] DEBUG:colcon.colcon_core.package_identification:Package 'src/my_py_pkg' with type 'ros.ament_python' and name 'my_py_pkg'
[0.232s] Level 1:colcon.colcon_core.package_discovery:discover_packages(recursive) using defaults
[0.232s] Level 1:colcon.colcon_core.package_discovery:discover_packages(ignore) discover
[0.232s] Level 1:colcon.colcon_core.package_discovery:discover_packages(ignore) using defaults
[0.232s] Level 1:colcon.colcon_core.package_discovery:discover_packages(path) discover
[0.232s] Level 1:colcon.colcon_core.package_discovery:discover_packages(path) using defaults
[0.265s] INFO:colcon.colcon_core.package_selection:Skipping not selected package 'my_py_pkg' in 'src/my_py_pkg'
[0.266s] Level 1:colcon.colcon_core.package_discovery:discover_packages(prefix_path) check parameters
[0.266s] Level 1:colcon.colcon_core.package_discovery:discover_packages(prefix_path) discover
[0.270s] DEBUG:colcon.colcon_installed_package_information.package_discovery:Found 15 installed packages in /home/tomo/Documents/turtlebot3_ws/install
[0.271s] DEBUG:colcon.colcon_installed_package_information.package_discovery:Found 0 installed packages in /home/tomo/colcon_ws/install
[0.273s] DEBUG:colcon.colcon_installed_package_information.package_discovery:Found 2 installed packages in /home/tomo/Documents/ae7785-intro-to-robo/ros2_demo_ws/install
[0.275s] DEBUG:colcon.colcon_installed_package_information.package_discovery:Found 339 installed packages in /opt/ros/foxy
[0.279s] Level 1:colcon.colcon_core.package_discovery:discover_packages(prefix_path) using defaults
[0.385s] Level 5:colcon.colcon_core.verb:set package 'my_cpp_pkg' build argument 'cmake_args' from command line to 'None'
[0.385s] Level 5:colcon.colcon_core.verb:set package 'my_cpp_pkg' build argument 'cmake_target' from command line to 'None'
[0.385s] Level 5:colcon.colcon_core.verb:set package 'my_cpp_pkg' build argument 'cmake_target_skip_unavailable' from command line to 'False'
[0.385s] Level 5:colcon.colcon_core.verb:set package 'my_cpp_pkg' build argument 'cmake_clean_cache' from command line to 'False'
[0.385s] Level 5:colcon.colcon_core.verb:set package 'my_cpp_pkg' build argument 'cmake_clean_first' from command line to 'False'
[0.386s] Level 5:colcon.colcon_core.verb:set package 'my_cpp_pkg' build argument 'cmake_force_configure' from command line to 'False'
[0.386s] Level 5:colcon.colcon_core.verb:set package 'my_cpp_pkg' build argument 'ament_cmake_args' from command line to 'None'
[0.386s] Level 5:colcon.colcon_core.verb:set package 'my_cpp_pkg' build argument 'catkin_cmake_args' from command line to 'None'
[0.386s] Level 5:colcon.colcon_core.verb:set package 'my_cpp_pkg' build argument 'catkin_skip_building_tests' from command line to 'False'
[0.386s] DEBUG:colcon.colcon_core.verb:Building package 'my_cpp_pkg' with the following arguments: {'ament_cmake_args': None, 'build_base': '/home/tomo/Documents/ae7785-intro-to-robo/ros2_demo_ws/build/my_cpp_pkg', 'catkin_cmake_args': None, 'catkin_skip_building_tests': False, 'cmake_args': None, 'cmake_clean_cache': False, 'cmake_clean_first': False, 'cmake_force_configure': False, 'cmake_target': None, 'cmake_target_skip_unavailable': False, 'install_base': '/home/tomo/Documents/ae7785-intro-to-robo/ros2_demo_ws/install/my_cpp_pkg', 'merge_install': False, 'path': '/home/tomo/Documents/ae7785-intro-to-robo/ros2_demo_ws/src/my_cpp_pkg', 'symlink_install': True, 'test_result_base': None}
[0.387s] INFO:colcon.colcon_core.executor:Executing jobs using 'parallel' executor
[0.392s] DEBUG:colcon.colcon_parallel_executor.executor.parallel:run_until_complete
[0.393s] INFO:colcon.colcon_ros.task.ament_cmake.build:Building ROS package in '/home/tomo/Documents/ae7785-intro-to-robo/ros2_demo_ws/src/my_cpp_pkg' with build type 'ament_cmake'
[0.393s] INFO:colcon.colcon_cmake.task.cmake.build:Building CMake package in '/home/tomo/Documents/ae7785-intro-to-robo/ros2_demo_ws/src/my_cpp_pkg'
[0.400s] INFO:colcon.colcon_core.plugin_system:Skipping extension 'colcon_core.shell.bat': Not used on non-Windows systems
[0.401s] INFO:colcon.colcon_core.shell:Skip shell extension 'powershell' for command environment: Not usable outside of PowerShell
[0.401s] DEBUG:colcon.colcon_core.shell:Skip shell extension 'dsv' for command environment
[0.436s] DEBUG:colcon.colcon_core.event_handler.log_command:Invoking command in '/home/tomo/Documents/ae7785-intro-to-robo/ros2_demo_ws/build/my_cpp_pkg': CMAKE_PREFIX_PATH=${CMAKE_PREFIX_PATH}:/home/tomo/Documents/ae7785-intro-to-robo/ros2_demo_ws/install/my_py_pkg:/home/tomo/Documents/turtlebot3_ws/install/turtlebot3_teleop:/home/tomo/Documents/turtlebot3_ws/install/turtlebot3_example:/opt/ros/foxy /usr/bin/cmake /home/tomo/Documents/ae7785-intro-to-robo/ros2_demo_ws/src/my_cpp_pkg -DAMENT_CMAKE_SYMLINK_INSTALL=1 -DCMAKE_INSTALL_PREFIX=/home/tomo/Documents/ae7785-intro-to-robo/ros2_demo_ws/install/my_cpp_pkg
[0.786s] DEBUG:colcon.colcon_core.event_handler.log_command:Invoked command in '/home/tomo/Documents/ae7785-intro-to-robo/ros2_demo_ws/build/my_cpp_pkg' returned '1': CMAKE_PREFIX_PATH=${CMAKE_PREFIX_PATH}:/home/tomo/Documents/ae7785-intro-to-robo/ros2_demo_ws/install/my_py_pkg:/home/tomo/Documents/turtlebot3_ws/install/turtlebot3_teleop:/home/tomo/Documents/turtlebot3_ws/install/turtlebot3_example:/opt/ros/foxy /usr/bin/cmake /home/tomo/Documents/ae7785-intro-to-robo/ros2_demo_ws/src/my_cpp_pkg -DAMENT_CMAKE_SYMLINK_INSTALL=1 -DCMAKE_INSTALL_PREFIX=/home/tomo/Documents/ae7785-intro-to-robo/ros2_demo_ws/install/my_cpp_pkg
[0.806s] Level 1:colcon.colcon_core.environment:create_environment_scripts_only(my_cpp_pkg)
[0.813s] Level 1:colcon.colcon_core.environment:checking '/home/tomo/Documents/ae7785-intro-to-robo/ros2_demo_ws/install/my_cpp_pkg' for CMake module files
[0.814s] Level 1:colcon.colcon_core.environment:checking '/home/tomo/Documents/ae7785-intro-to-robo/ros2_demo_ws/install/my_cpp_pkg' for CMake config files
[0.814s] Level 1:colcon.colcon_core.shell:create_environment_hook('my_cpp_pkg', 'cmake_prefix_path')
[0.816s] INFO:colcon.colcon_core.shell:Creating environment hook '/home/tomo/Documents/ae7785-intro-to-robo/ros2_demo_ws/install/my_cpp_pkg/share/my_cpp_pkg/hook/cmake_prefix_path.ps1'
[0.817s] INFO:colcon.colcon_core.shell:Creating environment descriptor '/home/tomo/Documents/ae7785-intro-to-robo/ros2_demo_ws/install/my_cpp_pkg/share/my_cpp_pkg/hook/cmake_prefix_path.dsv'
[0.819s] INFO:colcon.colcon_core.shell:Creating environment hook '/home/tomo/Documents/ae7785-intro-to-robo/ros2_demo_ws/install/my_cpp_pkg/share/my_cpp_pkg/hook/cmake_prefix_path.sh'
[0.821s] Level 1:colcon.colcon_core.environment:checking '/home/tomo/Documents/ae7785-intro-to-robo/ros2_demo_ws/install/my_cpp_pkg/lib'
[0.822s] Level 1:colcon.colcon_core.environment:checking '/home/tomo/Documents/ae7785-intro-to-robo/ros2_demo_ws/install/my_cpp_pkg/bin'
[0.822s] Level 1:colcon.colcon_core.environment:checking '/home/tomo/Documents/ae7785-intro-to-robo/ros2_demo_ws/install/my_cpp_pkg/lib/pkgconfig/my_cpp_pkg.pc'
[0.822s] Level 1:colcon.colcon_core.environment:checking '/home/tomo/Documents/ae7785-intro-to-robo/ros2_demo_ws/install/my_cpp_pkg/lib/python3.8/site-packages'
[0.822s] Level 1:colcon.colcon_core.environment:checking '/home/tomo/Documents/ae7785-intro-to-robo/ros2_demo_ws/install/my_cpp_pkg/bin'
[0.824s] INFO:colcon.colcon_core.shell:Creating package script '/home/tomo/Documents/ae7785-intro-to-robo/ros2_demo_ws/install/my_cpp_pkg/share/my_cpp_pkg/package.ps1'
[0.826s] INFO:colcon.colcon_core.shell:Creating package descriptor '/home/tomo/Documents/ae7785-intro-to-robo/ros2_demo_ws/install/my_cpp_pkg/share/my_cpp_pkg/package.dsv'
[0.827s] INFO:colcon.colcon_core.shell:Creating package script '/home/tomo/Documents/ae7785-intro-to-robo/ros2_demo_ws/install/my_cpp_pkg/share/my_cpp_pkg/package.sh'
[0.828s] INFO:colcon.colcon_core.shell:Creating package script '/home/tomo/Documents/ae7785-intro-to-robo/ros2_demo_ws/install/my_cpp_pkg/share/my_cpp_pkg/package.bash'
[0.829s] INFO:colcon.colcon_core.shell:Creating package script '/home/tomo/Documents/ae7785-intro-to-robo/ros2_demo_ws/install/my_cpp_pkg/share/my_cpp_pkg/package.zsh'
[0.830s] Level 1:colcon.colcon_core.environment:create_file_with_runtime_dependencies(/home/tomo/Documents/ae7785-intro-to-robo/ros2_demo_ws/install/my_cpp_pkg/share/colcon-core/packages/my_cpp_pkg)
[0.846s] DEBUG:colcon.colcon_parallel_executor.executor.parallel:closing loop
[0.848s] DEBUG:colcon.colcon_parallel_executor.executor.parallel:loop closed
[0.849s] DEBUG:colcon.colcon_parallel_executor.executor.parallel:run_until_complete finished with '1'
[0.849s] DEBUG:colcon.colcon_core.event_reactor:joining thread
[0.859s] INFO:colcon.colcon_core.plugin_system:Skipping extension 'colcon_notification.desktop_notification.terminal_notifier': Not used on non-Darwin systems
[0.859s] INFO:colcon.colcon_core.plugin_system:Skipping extension 'colcon_notification.desktop_notification.win32': Not used on non-Windows systems
[0.859s] INFO:colcon.colcon_notification.desktop_notification:Sending desktop notification using 'notify2'
[0.887s] DEBUG:colcon.colcon_core.event_reactor:joined thread
[0.889s] INFO:colcon.colcon_core.shell:Creating prefix script '/home/tomo/Documents/ae7785-intro-to-robo/ros2_demo_ws/install/local_setup.ps1'
[0.891s] INFO:colcon.colcon_core.shell:Creating prefix util module '/home/tomo/Documents/ae7785-intro-to-robo/ros2_demo_ws/install/_local_setup_util_ps1.py'
[0.894s] INFO:colcon.colcon_core.shell:Creating prefix chain script '/home/tomo/Documents/ae7785-intro-to-robo/ros2_demo_ws/install/setup.ps1'
[0.897s] INFO:colcon.colcon_core.shell:Creating prefix script '/home/tomo/Documents/ae7785-intro-to-robo/ros2_demo_ws/install/local_setup.sh'
[0.898s] INFO:colcon.colcon_core.shell:Creating prefix util module '/home/tomo/Documents/ae7785-intro-to-robo/ros2_demo_ws/install/_local_setup_util_sh.py'
[0.899s] INFO:colcon.colcon_core.shell:Creating prefix chain script '/home/tomo/Documents/ae7785-intro-to-robo/ros2_demo_ws/install/setup.sh'
[0.903s] INFO:colcon.colcon_core.shell:Creating prefix script '/home/tomo/Documents/ae7785-intro-to-robo/ros2_demo_ws/install/local_setup.bash'
[0.904s] INFO:colcon.colcon_core.shell:Creating prefix chain script '/home/tomo/Documents/ae7785-intro-to-robo/ros2_demo_ws/install/setup.bash'
[0.916s] INFO:colcon.colcon_core.shell:Creating prefix script '/home/tomo/Documents/ae7785-intro-to-robo/ros2_demo_ws/install/local_setup.zsh'
[0.919s] INFO:colcon.colcon_core.shell:Creating prefix chain script '/home/tomo/Documents/ae7785-intro-to-robo/ros2_demo_ws/install/setup.zsh'
