[0.052s] Invoking command in '/home/tomo/ae7785-intro-to-robo/turtlesim_ws/build/turtlesim_interfaces': CMAKE_PREFIX_PATH=${CMAKE_PREFIX_PATH}:/home/tomo/Documents/ae7785-intro-to-robo/ros2_demo_ws/install/my_py_pkg:/home/tomo/Documents/turtlebot3_ws/install/turtlebot3_teleop:/home/tomo/Documents/turtlebot3_ws/install/turtlebot3_example:/opt/ros/foxy /usr/bin/cmake --build /home/tomo/ae7785-intro-to-robo/turtlesim_ws/build/turtlesim_interfaces -- -j6 -l6
[0.110s] -- Found ament_cmake: 0.9.11 (/opt/ros/foxy/share/ament_cmake/cmake)
[0.181s] -- Found PythonInterp: /usr/bin/python3 (found suitable version "3.8.10", minimum required is "3") 
[0.181s] -- Using PYTHON_EXECUTABLE: /usr/bin/python3
[0.584s] -- Override CMake install command with custom implementation using symlinks instead of copying resources
[0.604s] -- Found rosidl_default_generators: 1.0.1 (/opt/ros/foxy/share/rosidl_default_generators/cmake)
[0.619s] -- Using all available rosidl_typesupport_c: rosidl_typesupport_fastrtps_c;rosidl_typesupport_introspection_c
[0.628s] -- Found rosidl_adapter: 1.3.0 (/opt/ros/foxy/share/rosidl_adapter/cmake)
[0.897s] -- Using all available rosidl_typesupport_cpp: rosidl_typesupport_fastrtps_cpp;rosidl_typesupport_introspection_cpp
[0.990s] -- Found PythonInterp: /usr/bin/python3 (found version "3.8.10") 
[1.229s] -- Found ament_cmake_ros: 0.9.2 (/opt/ros/foxy/share/ament_cmake_ros/cmake)
[1.416s] -- Using all available rosidl_typesupport_c: rosidl_typesupport_fastrtps_c;rosidl_typesupport_introspection_c
[1.440s] -- Using all available rosidl_typesupport_cpp: rosidl_typesupport_fastrtps_cpp;rosidl_typesupport_introspection_cpp
[1.490s] -- Found PythonInterp: /usr/bin/python3 (found suitable version "3.8.10", minimum required is "3.5") 
[1.490s] -- Found python_cmake_module: 0.8.1 (/opt/ros/foxy/share/python_cmake_module/cmake)
[1.545s] -- Using PYTHON_EXECUTABLE: /usr/bin/python3
[1.545s] -- Using PYTHON_INCLUDE_DIRS: /usr/include/python3.8
[1.545s] -- Using PYTHON_LIBRARIES: /usr/lib/x86_64-linux-gnu/libpython3.8.so
[1.614s] -- Configuring done
[1.710s] -- Generating done
[1.722s] -- Build files have been written to: /home/tomo/ae7785-intro-to-robo/turtlesim_ws/build/turtlesim_interfaces
[1.773s] [  2%] [34m[1mGenerating C code for ROS interfaces[0m
[1.777s] [35m[1mScanning dependencies of target turtlesim_interfaces__cpp[0m
[1.800s] [  4%] [34m[1mGenerating C++ code for ROS interfaces[0m
[2.504s] [  4%] Built target turtlesim_interfaces__cpp
[2.529s] [  6%] [34m[1mGenerating C++ type support for eProsima Fast-RTPS[0m
[2.538s] [ 10%] [34m[1mGenerating C++ type support dispatch for ROS interfaces[0m
[2.539s] [ 10%] [34m[1mGenerating C++ introspection for ROS interfaces[0m
[2.554s] [35m[1mScanning dependencies of target turtlesim_interfaces__rosidl_generator_c[0m
[2.594s] [ 12%] [32mBuilding C object CMakeFiles/turtlesim_interfaces__rosidl_generator_c.dir/rosidl_generator_c/turtlesim_interfaces/msg/detail/turtle_array__functions.c.o[0m
[2.600s] [ 14%] [32mBuilding C object CMakeFiles/turtlesim_interfaces__rosidl_generator_c.dir/rosidl_generator_c/turtlesim_interfaces/srv/detail/eliminate_turtle__functions.c.o[0m
[2.601s] [ 17%] [32mBuilding C object CMakeFiles/turtlesim_interfaces__rosidl_generator_c.dir/rosidl_generator_c/turtlesim_interfaces/msg/detail/turtle__functions.c.o[0m
[2.776s] [ 19%] [32m[1mLinking C shared library libturtlesim_interfaces__rosidl_generator_c.so[0m
[2.886s] [ 19%] Built target turtlesim_interfaces__rosidl_generator_c
[2.908s] [ 21%] [34m[1mGenerating C introspection for ROS interfaces[0m
[2.916s] [ 23%] [34m[1mGenerating C type support dispatch for ROS interfaces[0m
[3.262s] [35m[1mScanning dependencies of target turtlesim_interfaces__rosidl_typesupport_cpp[0m
[3.367s] [ 25%] [32mBuilding CXX object CMakeFiles/turtlesim_interfaces__rosidl_typesupport_cpp.dir/rosidl_typesupport_cpp/turtlesim_interfaces/msg/turtle_array__type_support.cpp.o[0m
[3.368s] [ 27%] [32mBuilding CXX object CMakeFiles/turtlesim_interfaces__rosidl_typesupport_cpp.dir/rosidl_typesupport_cpp/turtlesim_interfaces/msg/turtle__type_support.cpp.o[0m
[3.402s] [35m[1mScanning dependencies of target turtlesim_interfaces__rosidl_typesupport_introspection_cpp[0m
[3.466s] [ 29%] [32mBuilding CXX object CMakeFiles/turtlesim_interfaces__rosidl_typesupport_introspection_cpp.dir/rosidl_typesupport_introspection_cpp/turtlesim_interfaces/msg/detail/turtle__type_support.cpp.o[0m
[3.488s] [35m[1mScanning dependencies of target turtlesim_interfaces__rosidl_typesupport_fastrtps_cpp[0m
[3.547s] [ 31%] [32mBuilding CXX object CMakeFiles/turtlesim_interfaces__rosidl_typesupport_fastrtps_cpp.dir/rosidl_typesupport_fastrtps_cpp/turtlesim_interfaces/msg/detail/dds_fastrtps/turtle__type_support.cpp.o[0m
[3.669s] [35m[1mScanning dependencies of target turtlesim_interfaces__rosidl_typesupport_c[0m
[3.722s] [35m[1mScanning dependencies of target turtlesim_interfaces__rosidl_typesupport_introspection_c[0m
[3.761s] [ 34%] [32mBuilding CXX object CMakeFiles/turtlesim_interfaces__rosidl_typesupport_c.dir/rosidl_typesupport_c/turtlesim_interfaces/msg/turtle__type_support.cpp.o[0m
[3.767s] [ 36%] [32mBuilding C object CMakeFiles/turtlesim_interfaces__rosidl_typesupport_introspection_c.dir/rosidl_typesupport_introspection_c/turtlesim_interfaces/msg/detail/turtle__type_support.c.o[0m
[3.844s] [ 38%] [32mBuilding CXX object CMakeFiles/turtlesim_interfaces__rosidl_typesupport_c.dir/rosidl_typesupport_c/turtlesim_interfaces/msg/turtle_array__type_support.cpp.o[0m
[3.960s] [ 40%] [32mBuilding CXX object CMakeFiles/turtlesim_interfaces__rosidl_typesupport_c.dir/rosidl_typesupport_c/turtlesim_interfaces/srv/eliminate_turtle__type_support.cpp.o[0m
[3.962s] [ 42%] [32mBuilding C object CMakeFiles/turtlesim_interfaces__rosidl_typesupport_introspection_c.dir/rosidl_typesupport_introspection_c/turtlesim_interfaces/msg/detail/turtle_array__type_support.c.o[0m
[4.042s] [ 44%] [32mBuilding CXX object CMakeFiles/turtlesim_interfaces__rosidl_typesupport_cpp.dir/rosidl_typesupport_cpp/turtlesim_interfaces/srv/eliminate_turtle__type_support.cpp.o[0m
[4.042s] [ 46%] [32mBuilding C object CMakeFiles/turtlesim_interfaces__rosidl_typesupport_introspection_c.dir/rosidl_typesupport_introspection_c/turtlesim_interfaces/srv/detail/eliminate_turtle__type_support.c.o[0m
[4.048s] [ 48%] [32m[1mLinking CXX shared library libturtlesim_interfaces__rosidl_typesupport_c.so[0m
[4.114s] [ 51%] [32mBuilding CXX object CMakeFiles/turtlesim_interfaces__rosidl_typesupport_fastrtps_cpp.dir/rosidl_typesupport_fastrtps_cpp/turtlesim_interfaces/msg/detail/dds_fastrtps/turtle_array__type_support.cpp.o[0m
[4.135s] [ 53%] [32mBuilding CXX object CMakeFiles/turtlesim_interfaces__rosidl_typesupport_introspection_cpp.dir/rosidl_typesupport_introspection_cpp/turtlesim_interfaces/msg/detail/turtle_array__type_support.cpp.o[0m
[4.152s] [ 53%] Built target turtlesim_interfaces__rosidl_typesupport_c
[4.158s] [ 55%] [32m[1mLinking C shared library libturtlesim_interfaces__rosidl_typesupport_introspection_c.so[0m
[4.176s] [ 57%] [32mBuilding CXX object CMakeFiles/turtlesim_interfaces__rosidl_typesupport_fastrtps_cpp.dir/rosidl_typesupport_fastrtps_cpp/turtlesim_interfaces/srv/detail/dds_fastrtps/eliminate_turtle__type_support.cpp.o[0m
[4.373s] [ 57%] Built target turtlesim_interfaces__rosidl_typesupport_introspection_c
[4.473s] [ 59%] [32mBuilding CXX object CMakeFiles/turtlesim_interfaces__rosidl_typesupport_introspection_cpp.dir/rosidl_typesupport_introspection_cpp/turtlesim_interfaces/srv/detail/eliminate_turtle__type_support.cpp.o[0m
[5.171s] [ 61%] [32m[1mLinking CXX shared library libturtlesim_interfaces__rosidl_typesupport_cpp.so[0m
[5.301s] [ 61%] Built target turtlesim_interfaces__rosidl_typesupport_cpp
[5.384s] [ 63%] [32m[1mLinking CXX shared library libturtlesim_interfaces__rosidl_typesupport_introspection_cpp.so[0m
[5.471s] [ 65%] [32m[1mLinking CXX shared library libturtlesim_interfaces__rosidl_typesupport_fastrtps_cpp.so[0m
[5.536s] [ 65%] Built target turtlesim_interfaces__rosidl_typesupport_introspection_cpp
[5.643s] [ 65%] Built target turtlesim_interfaces__rosidl_typesupport_fastrtps_cpp
[5.663s] [ 68%] [34m[1mGenerating C type support for eProsima Fast-RTPS[0m
[6.613s] [35m[1mScanning dependencies of target turtlesim_interfaces__rosidl_typesupport_fastrtps_c[0m
[6.681s] [ 72%] [32mBuilding CXX object CMakeFiles/turtlesim_interfaces__rosidl_typesupport_fastrtps_c.dir/rosidl_typesupport_fastrtps_c/turtlesim_interfaces/msg/detail/turtle__type_support_c.cpp.o[0m
[6.682s] [ 72%] [32mBuilding CXX object CMakeFiles/turtlesim_interfaces__rosidl_typesupport_fastrtps_c.dir/rosidl_typesupport_fastrtps_c/turtlesim_interfaces/srv/detail/eliminate_turtle__type_support_c.cpp.o[0m
[6.696s] [ 74%] [32mBuilding CXX object CMakeFiles/turtlesim_interfaces__rosidl_typesupport_fastrtps_c.dir/rosidl_typesupport_fastrtps_c/turtlesim_interfaces/msg/detail/turtle_array__type_support_c.cpp.o[0m
[7.685s] [ 76%] [32m[1mLinking CXX shared library libturtlesim_interfaces__rosidl_typesupport_fastrtps_c.so[0m
[7.840s] [ 76%] Built target turtlesim_interfaces__rosidl_typesupport_fastrtps_c
[7.881s] [ 76%] Built target turtlesim_interfaces
[7.902s] [35m[1mScanning dependencies of target turtlesim_interfaces__py[0m
[7.930s] [ 78%] [34m[1mGenerating Python code for ROS interfaces[0m
[9.992s] [ 78%] Built target turtlesim_interfaces__py
[10.036s] [35m[1mScanning dependencies of target turtlesim_interfaces__python[0m
[10.094s] [ 85%] [32mBuilding C object CMakeFiles/turtlesim_interfaces__python.dir/rosidl_generator_py/turtlesim_interfaces/msg/_turtle_array_s.c.o[0m
[10.095s] [ 85%] [32mBuilding C object CMakeFiles/turtlesim_interfaces__python.dir/rosidl_generator_py/turtlesim_interfaces/srv/_eliminate_turtle_s.c.o[0m
[10.095s] [ 85%] [32mBuilding C object CMakeFiles/turtlesim_interfaces__python.dir/rosidl_generator_py/turtlesim_interfaces/msg/_turtle_s.c.o[0m
[10.477s] [ 87%] [32m[1mLinking C shared library rosidl_generator_py/turtlesim_interfaces/libturtlesim_interfaces__python.so[0m
[10.617s] [ 87%] Built target turtlesim_interfaces__python
[10.661s] [35m[1mScanning dependencies of target turtlesim_interfaces__rosidl_typesupport_fastrtps_c__pyext[0m
[10.664s] [35m[1mScanning dependencies of target turtlesim_interfaces__rosidl_typesupport_c__pyext[0m
[10.665s] [35m[1mScanning dependencies of target turtlesim_interfaces__rosidl_typesupport_introspection_c__pyext[0m
[10.732s] [ 89%] [32mBuilding C object CMakeFiles/turtlesim_interfaces__rosidl_typesupport_introspection_c__pyext.dir/rosidl_generator_py/turtlesim_interfaces/_turtlesim_interfaces_s.ep.rosidl_typesupport_introspection_c.c.o[0m
[10.748s] [ 91%] [32mBuilding C object CMakeFiles/turtlesim_interfaces__rosidl_typesupport_c__pyext.dir/rosidl_generator_py/turtlesim_interfaces/_turtlesim_interfaces_s.ep.rosidl_typesupport_c.c.o[0m
[10.750s] [ 93%] [32mBuilding C object CMakeFiles/turtlesim_interfaces__rosidl_typesupport_fastrtps_c__pyext.dir/rosidl_generator_py/turtlesim_interfaces/_turtlesim_interfaces_s.ep.rosidl_typesupport_fastrtps_c.c.o[0m
[10.974s] [ 95%] [32m[1mLinking C shared library rosidl_generator_py/turtlesim_interfaces/turtlesim_interfaces_s__rosidl_typesupport_c.cpython-38-x86_64-linux-gnu.so[0m
[10.998s] [ 97%] [32m[1mLinking CXX shared library rosidl_generator_py/turtlesim_interfaces/turtlesim_interfaces_s__rosidl_typesupport_fastrtps_c.cpython-38-x86_64-linux-gnu.so[0m
[11.013s] [100%] [32m[1mLinking C shared library rosidl_generator_py/turtlesim_interfaces/turtlesim_interfaces_s__rosidl_typesupport_introspection_c.cpython-38-x86_64-linux-gnu.so[0m
[11.049s] [100%] Built target turtlesim_interfaces__rosidl_typesupport_c__pyext
[11.089s] [100%] Built target turtlesim_interfaces__rosidl_typesupport_introspection_c__pyext
[11.133s] [100%] Built target turtlesim_interfaces__rosidl_typesupport_fastrtps_c__pyext
[11.161s] Invoked command in '/home/tomo/ae7785-intro-to-robo/turtlesim_ws/build/turtlesim_interfaces' returned '0': CMAKE_PREFIX_PATH=${CMAKE_PREFIX_PATH}:/home/tomo/Documents/ae7785-intro-to-robo/ros2_demo_ws/install/my_py_pkg:/home/tomo/Documents/turtlebot3_ws/install/turtlebot3_teleop:/home/tomo/Documents/turtlebot3_ws/install/turtlebot3_example:/opt/ros/foxy /usr/bin/cmake --build /home/tomo/ae7785-intro-to-robo/turtlesim_ws/build/turtlesim_interfaces -- -j6 -l6
[11.452s] Invoking command in '/home/tomo/ae7785-intro-to-robo/turtlesim_ws/build/turtlesim_interfaces': CMAKE_PREFIX_PATH=${CMAKE_PREFIX_PATH}:/home/tomo/Documents/ae7785-intro-to-robo/ros2_demo_ws/install/my_py_pkg:/home/tomo/Documents/turtlebot3_ws/install/turtlebot3_teleop:/home/tomo/Documents/turtlebot3_ws/install/turtlebot3_example:/opt/ros/foxy /usr/bin/cmake --install /home/tomo/ae7785-intro-to-robo/turtlesim_ws/build/turtlesim_interfaces
[11.472s] -- Install configuration: ""
[11.475s] -- Execute custom install script
[11.476s] -- Up-to-date symlink: /home/tomo/ae7785-intro-to-robo/turtlesim_ws/install/turtlesim_interfaces/share/ament_index/resource_index/rosidl_interfaces/turtlesim_interfaces
[11.477s] -- Up-to-date symlink: /home/tomo/ae7785-intro-to-robo/turtlesim_ws/install/turtlesim_interfaces/include/turtlesim_interfaces/msg/detail/turtle__functions.h
[11.477s] -- Up-to-date symlink: /home/tomo/ae7785-intro-to-robo/turtlesim_ws/install/turtlesim_interfaces/include/turtlesim_interfaces/msg/detail/turtle__struct.h
[11.479s] -- Up-to-date symlink: /home/tomo/ae7785-intro-to-robo/turtlesim_ws/install/turtlesim_interfaces/include/turtlesim_interfaces/msg/detail/turtle__type_support.h
[11.480s] -- Up-to-date symlink: /home/tomo/ae7785-intro-to-robo/turtlesim_ws/install/turtlesim_interfaces/include/turtlesim_interfaces/msg/detail/turtle_array__functions.h
[11.483s] -- Up-to-date symlink: /home/tomo/ae7785-intro-to-robo/turtlesim_ws/install/turtlesim_interfaces/include/turtlesim_interfaces/msg/detail/turtle_array__struct.h
[11.484s] -- Up-to-date symlink: /home/tomo/ae7785-intro-to-robo/turtlesim_ws/install/turtlesim_interfaces/include/turtlesim_interfaces/msg/detail/turtle_array__type_support.h
[11.487s] -- Up-to-date symlink: /home/tomo/ae7785-intro-to-robo/turtlesim_ws/install/turtlesim_interfaces/include/turtlesim_interfaces/msg/rosidl_generator_c__visibility_control.h
[11.487s] -- Up-to-date symlink: /home/tomo/ae7785-intro-to-robo/turtlesim_ws/install/turtlesim_interfaces/include/turtlesim_interfaces/msg/turtle.h
[11.487s] -- Up-to-date symlink: /home/tomo/ae7785-intro-to-robo/turtlesim_ws/install/turtlesim_interfaces/include/turtlesim_interfaces/msg/turtle_array.h
[11.488s] -- Symlinking: /home/tomo/ae7785-intro-to-robo/turtlesim_ws/install/turtlesim_interfaces/include/turtlesim_interfaces/srv/detail/eliminate_turtle__functions.h
[11.508s] -- Symlinking: /home/tomo/ae7785-intro-to-robo/turtlesim_ws/install/turtlesim_interfaces/include/turtlesim_interfaces/srv/detail/eliminate_turtle__struct.h
[11.533s] -- Symlinking: /home/tomo/ae7785-intro-to-robo/turtlesim_ws/install/turtlesim_interfaces/include/turtlesim_interfaces/srv/detail/eliminate_turtle__type_support.h
[11.559s] -- Symlinking: /home/tomo/ae7785-intro-to-robo/turtlesim_ws/install/turtlesim_interfaces/include/turtlesim_interfaces/srv/eliminate_turtle.h
[11.587s] -- Up-to-date symlink: /home/tomo/ae7785-intro-to-robo/turtlesim_ws/install/turtlesim_interfaces/share/turtlesim_interfaces/environment/library_path.sh
[11.588s] -- Up-to-date symlink: /home/tomo/ae7785-intro-to-robo/turtlesim_ws/install/turtlesim_interfaces/share/turtlesim_interfaces/environment/library_path.dsv
[11.590s] -- Up-to-date symlink: /home/tomo/ae7785-intro-to-robo/turtlesim_ws/install/turtlesim_interfaces/include/turtlesim_interfaces/msg/detail/turtle__rosidl_typesupport_fastrtps_c.h
[11.591s] -- Up-to-date symlink: /home/tomo/ae7785-intro-to-robo/turtlesim_ws/install/turtlesim_interfaces/include/turtlesim_interfaces/msg/detail/turtle_array__rosidl_typesupport_fastrtps_c.h
[11.592s] -- Up-to-date symlink: /home/tomo/ae7785-intro-to-robo/turtlesim_ws/install/turtlesim_interfaces/include/turtlesim_interfaces/msg/rosidl_typesupport_fastrtps_c__visibility_control.h
[11.592s] -- Symlinking: /home/tomo/ae7785-intro-to-robo/turtlesim_ws/install/turtlesim_interfaces/include/turtlesim_interfaces/srv/detail/eliminate_turtle__rosidl_typesupport_fastrtps_c.h
[11.623s] -- Up-to-date symlink: /home/tomo/ae7785-intro-to-robo/turtlesim_ws/install/turtlesim_interfaces/lib/libturtlesim_interfaces__rosidl_typesupport_fastrtps_c.so
[11.625s] -- Up-to-date symlink: /home/tomo/ae7785-intro-to-robo/turtlesim_ws/install/turtlesim_interfaces/include/turtlesim_interfaces/msg/detail/turtle__rosidl_typesupport_fastrtps_cpp.hpp
[11.626s] -- Up-to-date symlink: /home/tomo/ae7785-intro-to-robo/turtlesim_ws/install/turtlesim_interfaces/include/turtlesim_interfaces/msg/detail/turtle_array__rosidl_typesupport_fastrtps_cpp.hpp
[11.627s] -- Up-to-date symlink: /home/tomo/ae7785-intro-to-robo/turtlesim_ws/install/turtlesim_interfaces/include/turtlesim_interfaces/msg/rosidl_typesupport_fastrtps_cpp__visibility_control.h
[11.628s] -- Symlinking: /home/tomo/ae7785-intro-to-robo/turtlesim_ws/install/turtlesim_interfaces/include/turtlesim_interfaces/srv/detail/eliminate_turtle__rosidl_typesupport_fastrtps_cpp.hpp
[11.656s] -- Up-to-date symlink: /home/tomo/ae7785-intro-to-robo/turtlesim_ws/install/turtlesim_interfaces/lib/libturtlesim_interfaces__rosidl_typesupport_fastrtps_cpp.so
[11.658s] -- Up-to-date symlink: /home/tomo/ae7785-intro-to-robo/turtlesim_ws/install/turtlesim_interfaces/include/turtlesim_interfaces/msg/detail/turtle__rosidl_typesupport_introspection_c.h
[11.659s] -- Up-to-date symlink: /home/tomo/ae7785-intro-to-robo/turtlesim_ws/install/turtlesim_interfaces/include/turtlesim_interfaces/msg/detail/turtle_array__rosidl_typesupport_introspection_c.h
[11.661s] -- Up-to-date symlink: /home/tomo/ae7785-intro-to-robo/turtlesim_ws/install/turtlesim_interfaces/include/turtlesim_interfaces/msg/rosidl_typesupport_introspection_c__visibility_control.h
[11.664s] -- Symlinking: /home/tomo/ae7785-intro-to-robo/turtlesim_ws/install/turtlesim_interfaces/include/turtlesim_interfaces/srv/detail/eliminate_turtle__rosidl_typesupport_introspection_c.h
[11.704s] -- Up-to-date symlink: /home/tomo/ae7785-intro-to-robo/turtlesim_ws/install/turtlesim_interfaces/include/turtlesim_interfaces/msg/detail/turtle__builder.hpp
[11.707s] -- Up-to-date symlink: /home/tomo/ae7785-intro-to-robo/turtlesim_ws/install/turtlesim_interfaces/include/turtlesim_interfaces/msg/detail/turtle__struct.hpp
[11.707s] -- Up-to-date symlink: /home/tomo/ae7785-intro-to-robo/turtlesim_ws/install/turtlesim_interfaces/include/turtlesim_interfaces/msg/detail/turtle__traits.hpp
[11.709s] -- Up-to-date symlink: /home/tomo/ae7785-intro-to-robo/turtlesim_ws/install/turtlesim_interfaces/include/turtlesim_interfaces/msg/detail/turtle_array__builder.hpp
[11.709s] -- Up-to-date symlink: /home/tomo/ae7785-intro-to-robo/turtlesim_ws/install/turtlesim_interfaces/include/turtlesim_interfaces/msg/detail/turtle_array__struct.hpp
[11.709s] -- Up-to-date symlink: /home/tomo/ae7785-intro-to-robo/turtlesim_ws/install/turtlesim_interfaces/include/turtlesim_interfaces/msg/detail/turtle_array__traits.hpp
[11.711s] -- Up-to-date symlink: /home/tomo/ae7785-intro-to-robo/turtlesim_ws/install/turtlesim_interfaces/include/turtlesim_interfaces/msg/turtle.hpp
[11.712s] -- Up-to-date symlink: /home/tomo/ae7785-intro-to-robo/turtlesim_ws/install/turtlesim_interfaces/include/turtlesim_interfaces/msg/turtle_array.hpp
[11.712s] -- Symlinking: /home/tomo/ae7785-intro-to-robo/turtlesim_ws/install/turtlesim_interfaces/include/turtlesim_interfaces/srv/detail/eliminate_turtle__builder.hpp
[11.732s] -- Symlinking: /home/tomo/ae7785-intro-to-robo/turtlesim_ws/install/turtlesim_interfaces/include/turtlesim_interfaces/srv/detail/eliminate_turtle__struct.hpp
[11.757s] -- Symlinking: /home/tomo/ae7785-intro-to-robo/turtlesim_ws/install/turtlesim_interfaces/include/turtlesim_interfaces/srv/detail/eliminate_turtle__traits.hpp
[11.778s] -- Symlinking: /home/tomo/ae7785-intro-to-robo/turtlesim_ws/install/turtlesim_interfaces/include/turtlesim_interfaces/srv/eliminate_turtle.hpp
[11.799s] -- Up-to-date symlink: /home/tomo/ae7785-intro-to-robo/turtlesim_ws/install/turtlesim_interfaces/include/turtlesim_interfaces/msg/detail/turtle__rosidl_typesupport_introspection_cpp.hpp
[11.800s] -- Up-to-date symlink: /home/tomo/ae7785-intro-to-robo/turtlesim_ws/install/turtlesim_interfaces/include/turtlesim_interfaces/msg/detail/turtle_array__rosidl_typesupport_introspection_cpp.hpp
[11.801s] -- Symlinking: /home/tomo/ae7785-intro-to-robo/turtlesim_ws/install/turtlesim_interfaces/include/turtlesim_interfaces/srv/detail/eliminate_turtle__rosidl_typesupport_introspection_cpp.hpp
[11.825s] -- Up-to-date symlink: /home/tomo/ae7785-intro-to-robo/turtlesim_ws/install/turtlesim_interfaces/share/turtlesim_interfaces/environment/pythonpath.sh
[11.826s] -- Up-to-date symlink: /home/tomo/ae7785-intro-to-robo/turtlesim_ws/install/turtlesim_interfaces/share/turtlesim_interfaces/environment/pythonpath.dsv
[11.827s] -- Up-to-date symlink: /home/tomo/ae7785-intro-to-robo/turtlesim_ws/install/turtlesim_interfaces/lib/python3.8/site-packages/turtlesim_interfaces/__init__.py
[11.829s] -- Up-to-date symlink: /home/tomo/ae7785-intro-to-robo/turtlesim_ws/install/turtlesim_interfaces/lib/python3.8/site-packages/turtlesim_interfaces/msg/__init__.py
[11.829s] -- Up-to-date symlink: /home/tomo/ae7785-intro-to-robo/turtlesim_ws/install/turtlesim_interfaces/lib/python3.8/site-packages/turtlesim_interfaces/msg/_turtle.py
[11.830s] -- Up-to-date symlink: /home/tomo/ae7785-intro-to-robo/turtlesim_ws/install/turtlesim_interfaces/lib/python3.8/site-packages/turtlesim_interfaces/msg/_turtle_array.py
[11.832s] -- Symlinking: /home/tomo/ae7785-intro-to-robo/turtlesim_ws/install/turtlesim_interfaces/lib/python3.8/site-packages/turtlesim_interfaces/srv/__init__.py
[11.852s] -- Symlinking: /home/tomo/ae7785-intro-to-robo/turtlesim_ws/install/turtlesim_interfaces/lib/python3.8/site-packages/turtlesim_interfaces/srv/_eliminate_turtle.py
[11.879s] -- Up-to-date symlink: /home/tomo/ae7785-intro-to-robo/turtlesim_ws/install/turtlesim_interfaces/lib/python3.8/site-packages/turtlesim_interfaces/turtlesim_interfaces_s__rosidl_typesupport_fastrtps_c.cpython-38-x86_64-linux-gnu.so
[11.883s] -- Up-to-date symlink: /home/tomo/ae7785-intro-to-robo/turtlesim_ws/install/turtlesim_interfaces/lib/python3.8/site-packages/turtlesim_interfaces/turtlesim_interfaces_s__rosidl_typesupport_introspection_c.cpython-38-x86_64-linux-gnu.so
[11.885s] -- Up-to-date symlink: /home/tomo/ae7785-intro-to-robo/turtlesim_ws/install/turtlesim_interfaces/lib/python3.8/site-packages/turtlesim_interfaces/turtlesim_interfaces_s__rosidl_typesupport_c.cpython-38-x86_64-linux-gnu.so
[11.886s] -- Up-to-date symlink: /home/tomo/ae7785-intro-to-robo/turtlesim_ws/install/turtlesim_interfaces/lib/libturtlesim_interfaces__python.so
[11.888s] -- Up-to-date symlink: /home/tomo/ae7785-intro-to-robo/turtlesim_ws/install/turtlesim_interfaces/share/turtlesim_interfaces/msg/Turtle.idl
[11.888s] -- Up-to-date symlink: /home/tomo/ae7785-intro-to-robo/turtlesim_ws/install/turtlesim_interfaces/share/turtlesim_interfaces/msg/TurtleArray.idl
[11.889s] -- Symlinking: /home/tomo/ae7785-intro-to-robo/turtlesim_ws/install/turtlesim_interfaces/share/turtlesim_interfaces/srv/EliminateTurtle.idl
[11.924s] -- Up-to-date symlink: /home/tomo/ae7785-intro-to-robo/turtlesim_ws/install/turtlesim_interfaces/share/turtlesim_interfaces/msg/Turtle.msg
[11.925s] -- Up-to-date symlink: /home/tomo/ae7785-intro-to-robo/turtlesim_ws/install/turtlesim_interfaces/share/turtlesim_interfaces/msg/TurtleArray.msg
[11.926s] -- Symlinking: /home/tomo/ae7785-intro-to-robo/turtlesim_ws/install/turtlesim_interfaces/share/turtlesim_interfaces/srv/EliminateTurtle.srv
[11.968s] -- Symlinking: /home/tomo/ae7785-intro-to-robo/turtlesim_ws/install/turtlesim_interfaces/share/turtlesim_interfaces/srv/EliminateTurtle_Request.msg
[11.996s] -- Symlinking: /home/tomo/ae7785-intro-to-robo/turtlesim_ws/install/turtlesim_interfaces/share/turtlesim_interfaces/srv/EliminateTurtle_Response.msg
[12.020s] -- Up-to-date symlink: /home/tomo/ae7785-intro-to-robo/turtlesim_ws/install/turtlesim_interfaces/share/ament_index/resource_index/package_run_dependencies/turtlesim_interfaces
[12.021s] -- Up-to-date symlink: /home/tomo/ae7785-intro-to-robo/turtlesim_ws/install/turtlesim_interfaces/share/ament_index/resource_index/parent_prefix_path/turtlesim_interfaces
[12.022s] -- Up-to-date symlink: /home/tomo/ae7785-intro-to-robo/turtlesim_ws/install/turtlesim_interfaces/share/turtlesim_interfaces/environment/ament_prefix_path.sh
[12.023s] -- Up-to-date symlink: /home/tomo/ae7785-intro-to-robo/turtlesim_ws/install/turtlesim_interfaces/share/turtlesim_interfaces/environment/ament_prefix_path.dsv
[12.024s] -- Up-to-date symlink: /home/tomo/ae7785-intro-to-robo/turtlesim_ws/install/turtlesim_interfaces/share/turtlesim_interfaces/environment/path.sh
[12.024s] -- Up-to-date symlink: /home/tomo/ae7785-intro-to-robo/turtlesim_ws/install/turtlesim_interfaces/share/turtlesim_interfaces/environment/path.dsv
[12.025s] -- Up-to-date symlink: /home/tomo/ae7785-intro-to-robo/turtlesim_ws/install/turtlesim_interfaces/share/turtlesim_interfaces/local_setup.bash
[12.027s] -- Up-to-date symlink: /home/tomo/ae7785-intro-to-robo/turtlesim_ws/install/turtlesim_interfaces/share/turtlesim_interfaces/local_setup.sh
[12.027s] -- Up-to-date symlink: /home/tomo/ae7785-intro-to-robo/turtlesim_ws/install/turtlesim_interfaces/share/turtlesim_interfaces/local_setup.zsh
[12.028s] -- Up-to-date symlink: /home/tomo/ae7785-intro-to-robo/turtlesim_ws/install/turtlesim_interfaces/share/turtlesim_interfaces/local_setup.dsv
[12.029s] -- Symlinking: /home/tomo/ae7785-intro-to-robo/turtlesim_ws/install/turtlesim_interfaces/share/turtlesim_interfaces/package.dsv
[12.048s] -- Up-to-date symlink: /home/tomo/ae7785-intro-to-robo/turtlesim_ws/install/turtlesim_interfaces/share/ament_index/resource_index/packages/turtlesim_interfaces
[12.049s] -- Up-to-date symlink: /home/tomo/ae7785-intro-to-robo/turtlesim_ws/install/turtlesim_interfaces/share/turtlesim_interfaces/cmake/rosidl_cmake-extras.cmake
[12.050s] -- Up-to-date symlink: /home/tomo/ae7785-intro-to-robo/turtlesim_ws/install/turtlesim_interfaces/share/turtlesim_interfaces/cmake/ament_cmake_export_dependencies-extras.cmake
[12.051s] -- Up-to-date symlink: /home/tomo/ae7785-intro-to-robo/turtlesim_ws/install/turtlesim_interfaces/share/turtlesim_interfaces/cmake/ament_cmake_export_libraries-extras.cmake
[12.052s] -- Up-to-date symlink: /home/tomo/ae7785-intro-to-robo/turtlesim_ws/install/turtlesim_interfaces/share/turtlesim_interfaces/cmake/ament_cmake_export_targets-extras.cmake
[12.053s] -- Up-to-date symlink: /home/tomo/ae7785-intro-to-robo/turtlesim_ws/install/turtlesim_interfaces/share/turtlesim_interfaces/cmake/ament_cmake_export_include_directories-extras.cmake
[12.054s] -- Up-to-date symlink: /home/tomo/ae7785-intro-to-robo/turtlesim_ws/install/turtlesim_interfaces/share/turtlesim_interfaces/cmake/rosidl_cmake_export_typesupport_libraries-extras.cmake
[12.054s] -- Up-to-date symlink: /home/tomo/ae7785-intro-to-robo/turtlesim_ws/install/turtlesim_interfaces/share/turtlesim_interfaces/cmake/rosidl_cmake_export_typesupport_targets-extras.cmake
[12.056s] -- Up-to-date symlink: /home/tomo/ae7785-intro-to-robo/turtlesim_ws/install/turtlesim_interfaces/share/turtlesim_interfaces/cmake/turtlesim_interfacesConfig.cmake
[12.056s] -- Up-to-date symlink: /home/tomo/ae7785-intro-to-robo/turtlesim_ws/install/turtlesim_interfaces/share/turtlesim_interfaces/cmake/turtlesim_interfacesConfig-version.cmake
[12.057s] -- Up-to-date symlink: /home/tomo/ae7785-intro-to-robo/turtlesim_ws/install/turtlesim_interfaces/share/turtlesim_interfaces/package.xml
[12.058s] -- Installing: /home/tomo/ae7785-intro-to-robo/turtlesim_ws/install/turtlesim_interfaces/lib/libturtlesim_interfaces__rosidl_generator_c.so
[12.059s] -- Set runtime path of "/home/tomo/ae7785-intro-to-robo/turtlesim_ws/install/turtlesim_interfaces/lib/libturtlesim_interfaces__rosidl_generator_c.so" to ""
[12.060s] -- Installing: /home/tomo/ae7785-intro-to-robo/turtlesim_ws/install/turtlesim_interfaces/lib/libturtlesim_interfaces__rosidl_typesupport_introspection_c.so
[12.061s] -- Set runtime path of "/home/tomo/ae7785-intro-to-robo/turtlesim_ws/install/turtlesim_interfaces/lib/libturtlesim_interfaces__rosidl_typesupport_introspection_c.so" to ""
[12.061s] -- Installing: /home/tomo/ae7785-intro-to-robo/turtlesim_ws/install/turtlesim_interfaces/lib/libturtlesim_interfaces__rosidl_typesupport_c.so
[12.063s] -- Set runtime path of "/home/tomo/ae7785-intro-to-robo/turtlesim_ws/install/turtlesim_interfaces/lib/libturtlesim_interfaces__rosidl_typesupport_c.so" to ""
[12.065s] -- Installing: /home/tomo/ae7785-intro-to-robo/turtlesim_ws/install/turtlesim_interfaces/lib/libturtlesim_interfaces__rosidl_typesupport_introspection_cpp.so
[12.066s] -- Set runtime path of "/home/tomo/ae7785-intro-to-robo/turtlesim_ws/install/turtlesim_interfaces/lib/libturtlesim_interfaces__rosidl_typesupport_introspection_cpp.so" to ""
[12.067s] -- Installing: /home/tomo/ae7785-intro-to-robo/turtlesim_ws/install/turtlesim_interfaces/lib/libturtlesim_interfaces__rosidl_typesupport_cpp.so
[12.069s] -- Set runtime path of "/home/tomo/ae7785-intro-to-robo/turtlesim_ws/install/turtlesim_interfaces/lib/libturtlesim_interfaces__rosidl_typesupport_cpp.so" to ""
[12.141s] Compiling '/home/tomo/ae7785-intro-to-robo/turtlesim_ws/install/turtlesim_interfaces/lib/python3.8/site-packages/turtlesim_interfaces/__init__.py'...
[12.156s] -- Up-to-date: /home/tomo/ae7785-intro-to-robo/turtlesim_ws/install/turtlesim_interfaces/share/turtlesim_interfaces/cmake/turtlesim_interfaces__rosidl_generator_cExport.cmake
[12.164s] -- Installing: /home/tomo/ae7785-intro-to-robo/turtlesim_ws/install/turtlesim_interfaces/share/turtlesim_interfaces/cmake/turtlesim_interfaces__rosidl_generator_cExport-noconfig.cmake
[12.165s] -- Up-to-date: /home/tomo/ae7785-intro-to-robo/turtlesim_ws/install/turtlesim_interfaces/share/turtlesim_interfaces/cmake/turtlesim_interfaces__rosidl_typesupport_introspection_cExport.cmake
[12.165s] -- Installing: /home/tomo/ae7785-intro-to-robo/turtlesim_ws/install/turtlesim_interfaces/share/turtlesim_interfaces/cmake/turtlesim_interfaces__rosidl_typesupport_introspection_cExport-noconfig.cmake
[12.166s] -- Up-to-date: /home/tomo/ae7785-intro-to-robo/turtlesim_ws/install/turtlesim_interfaces/share/turtlesim_interfaces/cmake/turtlesim_interfaces__rosidl_typesupport_cExport.cmake
[12.167s] -- Installing: /home/tomo/ae7785-intro-to-robo/turtlesim_ws/install/turtlesim_interfaces/share/turtlesim_interfaces/cmake/turtlesim_interfaces__rosidl_typesupport_cExport-noconfig.cmake
[12.168s] -- Up-to-date: /home/tomo/ae7785-intro-to-robo/turtlesim_ws/install/turtlesim_interfaces/share/turtlesim_interfaces/cmake/turtlesim_interfaces__rosidl_generator_cppExport.cmake
[12.168s] -- Up-to-date: /home/tomo/ae7785-intro-to-robo/turtlesim_ws/install/turtlesim_interfaces/share/turtlesim_interfaces/cmake/turtlesim_interfaces__rosidl_typesupport_introspection_cppExport.cmake
[12.169s] -- Installing: /home/tomo/ae7785-intro-to-robo/turtlesim_ws/install/turtlesim_interfaces/share/turtlesim_interfaces/cmake/turtlesim_interfaces__rosidl_typesupport_introspection_cppExport-noconfig.cmake
[12.170s] -- Up-to-date: /home/tomo/ae7785-intro-to-robo/turtlesim_ws/install/turtlesim_interfaces/share/turtlesim_interfaces/cmake/turtlesim_interfaces__rosidl_typesupport_cppExport.cmake
[12.171s] -- Installing: /home/tomo/ae7785-intro-to-robo/turtlesim_ws/install/turtlesim_interfaces/share/turtlesim_interfaces/cmake/turtlesim_interfaces__rosidl_typesupport_cppExport-noconfig.cmake
[12.174s] Invoked command in '/home/tomo/ae7785-intro-to-robo/turtlesim_ws/build/turtlesim_interfaces' returned '0': CMAKE_PREFIX_PATH=${CMAKE_PREFIX_PATH}:/home/tomo/Documents/ae7785-intro-to-robo/ros2_demo_ws/install/my_py_pkg:/home/tomo/Documents/turtlebot3_ws/install/turtlebot3_teleop:/home/tomo/Documents/turtlebot3_ws/install/turtlebot3_example:/opt/ros/foxy /usr/bin/cmake --install /home/tomo/ae7785-intro-to-robo/turtlesim_ws/build/turtlesim_interfaces
